                                      1 ;--------------------------------------------------------
                                      2 ; File Created by SDCC : free open source ANSI-C Compiler
                                      3 ; Version 4.2.0 #13081 (MINGW64)
                                      4 ;--------------------------------------------------------
                                      5 	.module input
                                      6 	.optsdcc -mz80
                                      7 	
                                      8 ;--------------------------------------------------------
                                      9 ; Public variables in this module
                                     10 ;--------------------------------------------------------
                                     11 	.globl _Input_Detect
                                     12 	.globl _g_SLTSL
                                     13 	.globl _g_GRPACY
                                     14 	.globl _g_GRPACX
                                     15 	.globl _g_LOGOPR
                                     16 	.globl _g_CMASK
                                     17 	.globl _g_CLOC
                                     18 	.globl _g_FNKSTR
                                     19 	.globl _g_ATRBYT
                                     20 	.globl _g_BDRCLR
                                     21 	.globl _g_BAKCLR
                                     22 	.globl _g_FORCLR
                                     23 	.globl _g_CSRX
                                     24 	.globl _g_CSRY
                                     25 	.globl _g_CLIKSW
                                     26 	.globl _g_MLTPAT
                                     27 	.globl _g_MLTATR
                                     28 	.globl _g_MLTCGP
                                     29 	.globl _g_MLTCOL
                                     30 	.globl _g_MLTNAM
                                     31 	.globl _g_GRPPAT
                                     32 	.globl _g_GRPATR
                                     33 	.globl _g_GRPCGP
                                     34 	.globl _g_GRPCOL
                                     35 	.globl _g_GRPNAM
                                     36 	.globl _g_T32PAT
                                     37 	.globl _g_T32ATR
                                     38 	.globl _g_T32CGP
                                     39 	.globl _g_T32COL
                                     40 	.globl _g_T32NAM
                                     41 	.globl _g_TXTPAT
                                     42 	.globl _g_TXTATR
                                     43 	.globl _g_TXTCGP
                                     44 	.globl _g_TXTCOL
                                     45 	.globl _g_TXTNAM
                                     46 	.globl _g_CLMLST
                                     47 	.globl _g_CRTCNT
                                     48 	.globl _g_LINLEN
                                     49 	.globl _g_LINL32
                                     50 	.globl _g_LINL40
                                     51 	.globl _g_SVFFFD
                                     52 	.globl _g_RG27SAV
                                     53 	.globl _g_RG26SAV
                                     54 	.globl _g_RG25SAV
                                     55 	.globl _g_SVFFF8
                                     56 	.globl _g_MINROM
                                     57 	.globl _g_RG23SAV
                                     58 	.globl _g_RG22SAV
                                     59 	.globl _g_RG21SAV
                                     60 	.globl _g_RG20SAV
                                     61 	.globl _g_RG19SAV
                                     62 	.globl _g_RG18SAV
                                     63 	.globl _g_RG17SAV
                                     64 	.globl _g_RG16SAV
                                     65 	.globl _g_RG15SAV
                                     66 	.globl _g_RG14SAV
                                     67 	.globl _g_RG13SAV
                                     68 	.globl _g_RG12SAV
                                     69 	.globl _g_RG11SAV
                                     70 	.globl _g_RG10SAV
                                     71 	.globl _g_RG09SAV
                                     72 	.globl _g_RG08SAV
                                     73 	.globl _g_PROCNM
                                     74 	.globl _g_SLTWRK
                                     75 	.globl _g_SLTATR
                                     76 	.globl _g_SLTTBL
                                     77 	.globl _g_EXPTBL
                                     78 	.globl _g_MNROM
                                     79 	.globl _g_DRWANG
                                     80 	.globl _g_DRWSCL
                                     81 	.globl _g_DRWFLG
                                     82 	.globl _g_GYPOS
                                     83 	.globl _g_GXPOS
                                     84 	.globl _g_BRDATR
                                     85 	.globl _g_CASPRV
                                     86 	.globl _g_OLDSCR
                                     87 	.globl _g_SCRMOD
                                     88 	.globl _g_FLBMEM
                                     89 	.globl _g_KANAMD
                                     90 	.globl _g_KANAST
                                     91 	.globl _g_CAPST
                                     92 	.globl _g_CSTYLE
                                     93 	.globl _g_CSRSW
                                     94 	.globl _g_INSFLG
                                     95 	.globl _g_ESCCNT
                                     96 	.globl _g_GRPHED
                                     97 	.globl _g_WINWID
                                     98 	.globl _g_LOWLIM
                                     99 	.globl _g_INTCNT
                                    100 	.globl _g_INTVAL
                                    101 	.globl _g_JIFFY
                                    102 	.globl _g_PADX
                                    103 	.globl _g_PADY
                                    104 	.globl _g_INTFLG
                                    105 	.globl _g_RTYCNT
                                    106 	.globl _g_TRPTBL
                                    107 	.globl _g_HIMEM
                                    108 	.globl _g_BOTTOM
                                    109 	.globl _g_PATWRK
                                    110 	.globl _g_LINWRK
                                    111 	.globl _g_KEYBUF
                                    112 	.globl _g_NEWKEY
                                    113 	.globl _g_OLDKEY
                                    114 	.globl _g_CLIKFL
                                    115 	.globl _g_ONGSBF
                                    116 	.globl _g_FNKFLG
                                    117 	.globl _g_FNKSWI
                                    118 	.globl _g_CODSAV
                                    119 	.globl _g_FSTPOS
                                    120 	.globl _g_LINTTB
                                    121 	.globl _g_BASROM
                                    122 	.globl _g_ENSTOP
                                    123 	.globl _g_VCBC
                                    124 	.globl _g_VCBB
                                    125 	.globl _g_VCBA
                                    126 	.globl _g_PLYCNT
                                    127 	.globl _g_MUSICF
                                    128 	.globl _g_QUEUEN
                                    129 	.globl _g_MCLPTR
                                    130 	.globl _g_MCLLEN
                                    131 	.globl _g_SAVVOL
                                    132 	.globl _g_VOICEN
                                    133 	.globl _g_SAVSP
                                    134 	.globl _g_PRSCNT
                                    135 	.globl _g_LSTMOD
                                    136 	.globl _g_LSTCOM
                                    137 	.globl _g_COMMSK
                                    138 	.globl _g_ESTBLS
                                    139 	.globl _g_FLAGS
                                    140 	.globl _g_ERRORS
                                    141 	.globl _g_DATCNT
                                    142 	.globl _g_DEVNUM
                                    143 	.globl _g_OLDINT
                                    144 	.globl _g_OLDSTT
                                    145 	.globl _g_MEXBIh
                                    146 	.globl _g_RSIQLN
                                    147 	.globl _g_RSFCB
                                    148 	.globl _g_TOCNT
                                    149 	.globl _g_RSTMP
                                    150 	.globl _g_YSAVE
                                    151 	.globl _g_XSAVE
                                    152 	.globl _g_NORUSE
                                    153 	.globl _g_MODE
                                    154 	.globl _g_ROMA
                                    155 	.globl _g_CHRCNT
                                    156 	.globl _g_EXBRSA
                                    157 	.globl _g_AVCSAV
                                    158 	.globl _g_ACPAGE
                                    159 	.globl _g_DPPAGE
                                    160 	.globl _g_RS2IQ
                                    161 	.globl _g_VOICCQ
                                    162 	.globl _g_VOICBQ
                                    163 	.globl _g_VOICAQ
                                    164 	.globl _g_QUEBAK
                                    165 	.globl _g_QUETAB
                                    166 	.globl _g_ASPCT2
                                    167 	.globl _g_ASPCT1
                                    168 	.globl _g_HEADER
                                    169 	.globl _g_HIGH
                                    170 	.globl _g_LOW
                                    171 	.globl _g_CS240
                                    172 	.globl _g_CS120
                                    173 	.globl _g_GETPNT
                                    174 	.globl _g_PUTPNT
                                    175 	.globl _g_REPCNT
                                    176 	.globl _g_SCNCNT
                                    177 	.globl _g_FRCNEW
                                    178 	.globl _g_QUEUES
                                    179 	.globl _g_MINUPD
                                    180 	.globl _g_MAXUPD
                                    181 	.globl _g_TRGFLG
                                    182 	.globl _g_STATFL
                                    183 	.globl _g_RG7SAV
                                    184 	.globl _g_RG6SAV
                                    185 	.globl _g_RG5SAV
                                    186 	.globl _g_RG4SAV
                                    187 	.globl _g_RG3SAV
                                    188 	.globl _g_RG2SAV
                                    189 	.globl _g_RG1SAV
                                    190 	.globl _g_RG0SAV
                                    191 	.globl _g_CNSDFG
                                    192 	.globl _g_USRTAB
                                    193 	.globl _g_CLPRIM
                                    194 	.globl _g_WRPRIM
                                    195 	.globl _g_RDPRIM
                                    196 	.globl _Joystick_Read
                                    197 	.globl _Keyboard_Read
                                    198 	.globl _Keyboard_IsKeyPressed
                                    199 ;--------------------------------------------------------
                                    200 ; special function registers
                                    201 ;--------------------------------------------------------
                         000000A8   202 _g_PortPrimarySlot	=	0x00a8
                         000000A9   203 _g_PortReadKeyboard	=	0x00a9
                         000000AA   204 _g_PortAccessKeyboard	=	0x00aa
                         000000AB   205 _g_PortControl	=	0x00ab
                         00000098   206 _g_VDP_DataPort	=	0x0098
                         00000099   207 _g_VDP_RegPort	=	0x0099
                         00000099   208 _g_VDP_AddrPort	=	0x0099
                         00000099   209 _g_VDP_StatPort	=	0x0099
                         000000A0   210 _g_PSG_RegPort	=	0x00a0
                         000000A1   211 _g_PSG_DataPort	=	0x00a1
                         000000A2   212 _g_PSG_StatPort	=	0x00a2
                         00000010   213 _g_PSG_Ext_RegPort	=	0x0010
                         00000011   214 _g_PSG_Ext_DataPort	=	0x0011
                         00000012   215 _g_PSG_Ext_StatPort	=	0x0012
                         0000007C   216 _g_MSXMusic_IndexPort	=	0x007c
                         0000007D   217 _g_MSXMusic_DataPort	=	0x007d
                         000000C0   218 _g_MSXAudio_IndexPort	=	0x00c0
                         000000C1   219 _g_MSXAudio_DataPort	=	0x00c1
                         000000C2   220 _g_MSXAudio_IndexPort2	=	0x00c2
                         000000C3   221 _g_MSXAudio_DataPort2	=	0x00c3
                         000000B4   222 _g_RTC_AddrPort	=	0x00b4
                         000000B5   223 _g_RTC_DataPort	=	0x00b5
                                    224 ;--------------------------------------------------------
                                    225 ; ram data
                                    226 ;--------------------------------------------------------
                                    227 	.area _DATA
                         0000F3AE   228 _g_LINL40	=	0xf3ae
                         0000F3AF   229 _g_LINL32	=	0xf3af
                         0000F3B0   230 _g_LINLEN	=	0xf3b0
                         0000F3B1   231 _g_CRTCNT	=	0xf3b1
                         0000F3B2   232 _g_CLMLST	=	0xf3b2
                         0000F3B3   233 _g_TXTNAM	=	0xf3b3
                         0000F3B5   234 _g_TXTCOL	=	0xf3b5
                         0000F3B7   235 _g_TXTCGP	=	0xf3b7
                         0000F3B9   236 _g_TXTATR	=	0xf3b9
                         0000F3BB   237 _g_TXTPAT	=	0xf3bb
                         0000F3BD   238 _g_T32NAM	=	0xf3bd
                         0000F3BF   239 _g_T32COL	=	0xf3bf
                         0000F3C1   240 _g_T32CGP	=	0xf3c1
                         0000F3C3   241 _g_T32ATR	=	0xf3c3
                         0000F3C5   242 _g_T32PAT	=	0xf3c5
                         0000F3C7   243 _g_GRPNAM	=	0xf3c7
                         0000F3C9   244 _g_GRPCOL	=	0xf3c9
                         0000F3CB   245 _g_GRPCGP	=	0xf3cb
                         0000F3CD   246 _g_GRPATR	=	0xf3cd
                         0000F3CF   247 _g_GRPPAT	=	0xf3cf
                         0000F3D1   248 _g_MLTNAM	=	0xf3d1
                         0000F3D3   249 _g_MLTCOL	=	0xf3d3
                         0000F3D5   250 _g_MLTCGP	=	0xf3d5
                         0000F3D7   251 _g_MLTATR	=	0xf3d7
                         0000F3D9   252 _g_MLTPAT	=	0xf3d9
                         0000F3DB   253 _g_CLIKSW	=	0xf3db
                         0000F3DC   254 _g_CSRY	=	0xf3dc
                         0000F3DD   255 _g_CSRX	=	0xf3dd
                         0000F3E9   256 _g_FORCLR	=	0xf3e9
                         0000F3EA   257 _g_BAKCLR	=	0xf3ea
                         0000F3EB   258 _g_BDRCLR	=	0xf3eb
                         0000F3F2   259 _g_ATRBYT	=	0xf3f2
                         0000F87F   260 _g_FNKSTR	=	0xf87f
                         0000F92A   261 _g_CLOC	=	0xf92a
                         0000F92C   262 _g_CMASK	=	0xf92c
                         0000FB02   263 _g_LOGOPR	=	0xfb02
                         0000FCB7   264 _g_GRPACX	=	0xfcb7
                         0000FCB9   265 _g_GRPACY	=	0xfcb9
                         0000FFFF   266 _g_SLTSL	=	0xffff
                                    267 ;--------------------------------------------------------
                                    268 ; ram data
                                    269 ;--------------------------------------------------------
                                    270 	.area _INITIALIZED
                                    271 ;--------------------------------------------------------
                                    272 ; absolute external ram data
                                    273 ;--------------------------------------------------------
                                    274 	.area _DABS (ABS)
                                    275 ;--------------------------------------------------------
                                    276 ; global & static initialisations
                                    277 ;--------------------------------------------------------
                                    278 	.area _HOME
                                    279 	.area _GSINIT
                                    280 	.area _GSFINAL
                                    281 	.area _GSINIT
                                    282 ;--------------------------------------------------------
                                    283 ; Home
                                    284 ;--------------------------------------------------------
                                    285 	.area _HOME
                                    286 	.area _HOME
                                    287 ;--------------------------------------------------------
                                    288 ; code
                                    289 ;--------------------------------------------------------
                                    290 	.area _CODE
                                    291 ;E:\Dropbox\FAUSTO\SVILUPPI\MSX\CODE\C\MSXgl\engine/src/input.c:27: u8 Input_Detect(enum INPUT_PORT port) __NAKED __PRESERVES(b, c, d, e, iyl, iyh)
                                    292 ;	---------------------------------
                                    293 ; Function Input_Detect
                                    294 ; ---------------------------------
    00000000                        295 _Input_Detect::
                                    296 ;E:\Dropbox\FAUSTO\SVILUPPI\MSX\CODE\C\MSXgl\engine/src/input.c:54: __endasm;
    00000000 67               [ 4]  297 	ld	h, a
    00000001 E6 CF            [ 7]  298 	and	#0b11001111
    00000003 6F               [ 4]  299 	ld	l, a
    00000004 3E 0F            [ 7]  300 	ld	a, #15
    00000006 F3               [ 4]  301 	di
    00000007 D3 A0            [11]  302 	out	(0xA0), a
    00000009 7D               [ 4]  303 	ld	a, l
    0000000A D3 A1            [11]  304 	out	(0xA1), a
    0000000C 3E 0F            [ 7]  305 	ld	a, #15
    0000000E D3 A0            [11]  306 	out	(0xA0), a
    00000010 7C               [ 4]  307 	ld	a, h
    00000011 D3 A1            [11]  308 	out	(0xA1), a
    00000013 3E 0E            [ 7]  309 	ld	a, #14
    00000015 D3 A0            [11]  310 	out	(0xA0), a
    00000017 FB               [ 4]  311 	ei
    00000018 DB A2            [11]  312 	in	a, (0xA2)
    0000001A E6 3F            [ 7]  313 	and	#0x3F
    0000001C C9               [10]  314 	ret
                                    315 ;E:\Dropbox\FAUSTO\SVILUPPI\MSX\CODE\C\MSXgl\engine/src/input.c:55: }
                                    316 ;E:\Dropbox\FAUSTO\SVILUPPI\MSX\CODE\C\MSXgl\engine/src/input.c:74: u8 Joystick_Read(u8 port) __NAKED __FASTCALL __PRESERVES(b, c, d, e, h, iyl, iyh)
                                    317 ;	---------------------------------
                                    318 ; Function Joystick_Read
                                    319 ; ---------------------------------
    0000001D                        320 _Joystick_Read::
                                    321 ;E:\Dropbox\FAUSTO\SVILUPPI\MSX\CODE\C\MSXgl\engine/src/input.c:99: __endasm;
    0000001D 3E 0F            [ 7]  322 	ld	a, #15
    0000001F F3               [ 4]  323 	di
    00000020 D3 A0            [11]  324 	out	(0xA0), a
    00000022 DB A2            [11]  325 	in	a, (0xA2)
    00000024 CB B7            [ 8]  326 	res	6, a
    00000026 B5               [ 4]  327 	or	a, l
    00000027 D3 A1            [11]  328 	out	(0xA1), a
    00000029 3E 0E            [ 7]  329 	ld	a, #14
    0000002B D3 A0            [11]  330 	out	(0xA0), a
    0000002D FB               [ 4]  331 	ei
    0000002E DB A2            [11]  332 	in	a, (0xA2)
    00000030 6F               [ 4]  333 	ld	l, a
    00000031 C9               [10]  334 	ret
                                    335 ;E:\Dropbox\FAUSTO\SVILUPPI\MSX\CODE\C\MSXgl\engine/src/input.c:100: }
                                    336 ;E:\Dropbox\FAUSTO\SVILUPPI\MSX\CODE\C\MSXgl\engine/src/input.c:277: u8 Keyboard_Read(u8 row) __NAKED __FASTCALL __PRESERVES(b, c, d, e, h, iyl, iyh)
                                    337 ;	---------------------------------
                                    338 ; Function Keyboard_Read
                                    339 ; ---------------------------------
    00000032                        340 _Keyboard_Read::
                                    341 ;E:\Dropbox\FAUSTO\SVILUPPI\MSX\CODE\C\MSXgl\engine/src/input.c:290: __endasm;
    00000032 DB AA            [11]  342 	in	a, (0xAA)
    00000034 E6 F0            [ 7]  343 	and	#0xF0
    00000036 B5               [ 4]  344 	or	l
    00000037 D3 AA            [11]  345 	out	(0xAA), a
    00000039 DB A9            [11]  346 	in	a, (0xA9)
    0000003B 6F               [ 4]  347 	ld	l, a
    0000003C C9               [10]  348 	ret
                                    349 ;E:\Dropbox\FAUSTO\SVILUPPI\MSX\CODE\C\MSXgl\engine/src/input.c:291: }
                                    350 ;E:\Dropbox\FAUSTO\SVILUPPI\MSX\CODE\C\MSXgl\engine/src/input.c:332: u8 Keyboard_IsKeyPressed(u8 key)
                                    351 ;	---------------------------------
                                    352 ; Function Keyboard_IsKeyPressed
                                    353 ; ---------------------------------
    0000003D                        354 _Keyboard_IsKeyPressed::
                                    355 ;E:\Dropbox\FAUSTO\SVILUPPI\MSX\CODE\C\MSXgl\engine/src/input.c:334: return (Keyboard_Read(KEY_ROW(key)) & (1 << KEY_IDX(key))) == 0;
    0000003D 5F               [ 4]  356 	ld	e, a
    0000003E E6 0F            [ 7]  357 	and	a, #0x0f
    00000040 6F               [ 4]  358 	ld	l, a
                                    359 ;	spillPairReg hl
                                    360 ;	spillPairReg hl
    00000041 CDr32r00         [17]  361 	call	_Keyboard_Read
    00000044 4D               [ 4]  362 	ld	c, l
    00000045 CB 3B            [ 8]  363 	srl	e
    00000047 CB 3B            [ 8]  364 	srl	e
    00000049 CB 3B            [ 8]  365 	srl	e
    0000004B CB 3B            [ 8]  366 	srl	e
    0000004D 21 01 00         [10]  367 	ld	hl, #0x0001
    00000050 1C               [ 4]  368 	inc	e
    00000051 C3r55r00         [10]  369 	jp	00104$
    00000054                        370 00103$:
    00000054 29               [11]  371 	add	hl, hl
    00000055                        372 00104$:
    00000055 1D               [ 4]  373 	dec	e
    00000056 20 FC            [12]  374 	jr	NZ,00103$
    00000058 06 00            [ 7]  375 	ld	b, #0x00
    0000005A 7D               [ 4]  376 	ld	a, l
    0000005B A1               [ 4]  377 	and	a, c
    0000005C 4F               [ 4]  378 	ld	c, a
    0000005D 7C               [ 4]  379 	ld	a, h
    0000005E A0               [ 4]  380 	and	a, b
    0000005F 47               [ 4]  381 	ld	b, a
    00000060 79               [ 4]  382 	ld	a, c
    00000061 B7               [ 4]  383 	or	a, a
    00000062 B0               [ 4]  384 	or	a, b
    00000063 3E 01            [ 7]  385 	ld	a, #0x01
    00000065 C8               [11]  386 	ret	Z
    00000066 AF               [ 4]  387 	xor	a, a
                                    388 ;E:\Dropbox\FAUSTO\SVILUPPI\MSX\CODE\C\MSXgl\engine/src/input.c:335: }
    00000067 C9               [10]  389 	ret
                         0000F380   390 _g_RDPRIM	=	0xf380
                         0000F385   391 _g_WRPRIM	=	0xf385
                         0000F38C   392 _g_CLPRIM	=	0xf38c
                         0000F39A   393 _g_USRTAB	=	0xf39a
                         0000F3DE   394 _g_CNSDFG	=	0xf3de
                         0000F3DF   395 _g_RG0SAV	=	0xf3df
                         0000F3E0   396 _g_RG1SAV	=	0xf3e0
                         0000F3E1   397 _g_RG2SAV	=	0xf3e1
                         0000F3E2   398 _g_RG3SAV	=	0xf3e2
                         0000F3E3   399 _g_RG4SAV	=	0xf3e3
                         0000F3E4   400 _g_RG5SAV	=	0xf3e4
                         0000F3E5   401 _g_RG6SAV	=	0xf3e5
                         0000F3E6   402 _g_RG7SAV	=	0xf3e6
                         0000F3E7   403 _g_STATFL	=	0xf3e7
                         0000F3E8   404 _g_TRGFLG	=	0xf3e8
                         0000F3EC   405 _g_MAXUPD	=	0xf3ec
                         0000F3EF   406 _g_MINUPD	=	0xf3ef
                         0000F3F3   407 _g_QUEUES	=	0xf3f3
                         0000F3F5   408 _g_FRCNEW	=	0xf3f5
                         0000F3F6   409 _g_SCNCNT	=	0xf3f6
                         0000F3F7   410 _g_REPCNT	=	0xf3f7
                         0000F3F8   411 _g_PUTPNT	=	0xf3f8
                         0000F3FA   412 _g_GETPNT	=	0xf3fa
                         0000F3FC   413 _g_CS120	=	0xf3fc
                         0000F401   414 _g_CS240	=	0xf401
                         0000F406   415 _g_LOW	=	0xf406
                         0000F408   416 _g_HIGH	=	0xf408
                         0000F40A   417 _g_HEADER	=	0xf40a
                         0000F40B   418 _g_ASPCT1	=	0xf40b
                         0000F40D   419 _g_ASPCT2	=	0xf40d
                         0000F959   420 _g_QUETAB	=	0xf959
                         0000F971   421 _g_QUEBAK	=	0xf971
                         0000F975   422 _g_VOICAQ	=	0xf975
                         0000F9F5   423 _g_VOICBQ	=	0xf9f5
                         0000FA75   424 _g_VOICCQ	=	0xfa75
                         0000FAF5   425 _g_RS2IQ	=	0xfaf5
                         0000FAF5   426 _g_DPPAGE	=	0xfaf5
                         0000FAF6   427 _g_ACPAGE	=	0xfaf6
                         0000FAF7   428 _g_AVCSAV	=	0xfaf7
                         0000FAF8   429 _g_EXBRSA	=	0xfaf8
                         0000FAF9   430 _g_CHRCNT	=	0xfaf9
                         0000FAFA   431 _g_ROMA	=	0xfafa
                         0000FAFC   432 _g_MODE	=	0xfafc
                         0000FAFD   433 _g_NORUSE	=	0xfafd
                         0000FAFE   434 _g_XSAVE	=	0xfafe
                         0000FB00   435 _g_YSAVE	=	0xfb00
                         0000FB03   436 _g_RSTMP	=	0xfb03
                         0000FB03   437 _g_TOCNT	=	0xfb03
                         0000FB04   438 _g_RSFCB	=	0xfb04
                         0000FB06   439 _g_RSIQLN	=	0xfb06
                         0000FB07   440 _g_MEXBIh	=	0xfb07
                         0000FB0C   441 _g_OLDSTT	=	0xfb0c
                         0000FB0C   442 _g_OLDINT	=	0xfb0c
                         0000FB16   443 _g_DEVNUM	=	0xfb16
                         0000FB17   444 _g_DATCNT	=	0xfb17
                         0000FB1A   445 _g_ERRORS	=	0xfb1a
                         0000FB1B   446 _g_FLAGS	=	0xfb1b
                         0000FB1C   447 _g_ESTBLS	=	0xfb1c
                         0000FB1D   448 _g_COMMSK	=	0xfb1d
                         0000FB1E   449 _g_LSTCOM	=	0xfb1e
                         0000FB1F   450 _g_LSTMOD	=	0xfb1f
                         0000FB35   451 _g_PRSCNT	=	0xfb35
                         0000FB36   452 _g_SAVSP	=	0xfb36
                         0000FB38   453 _g_VOICEN	=	0xfb38
                         0000FB39   454 _g_SAVVOL	=	0xfb39
                         0000FB3B   455 _g_MCLLEN	=	0xfb3b
                         0000FB3C   456 _g_MCLPTR	=	0xfb3c
                         0000FB3E   457 _g_QUEUEN	=	0xfb3e
                         0000FB3F   458 _g_MUSICF	=	0xfb3f
                         0000FB40   459 _g_PLYCNT	=	0xfb40
                         0000FB41   460 _g_VCBA	=	0xfb41
                         0000FB66   461 _g_VCBB	=	0xfb66
                         0000FB8B   462 _g_VCBC	=	0xfb8b
                         0000FBB0   463 _g_ENSTOP	=	0xfbb0
                         0000FBB1   464 _g_BASROM	=	0xfbb1
                         0000FBB2   465 _g_LINTTB	=	0xfbb2
                         0000FBCA   466 _g_FSTPOS	=	0xfbca
                         0000FBCC   467 _g_CODSAV	=	0xfbcc
                         0000FBCD   468 _g_FNKSWI	=	0xfbcd
                         0000FBCE   469 _g_FNKFLG	=	0xfbce
                         0000FBD8   470 _g_ONGSBF	=	0xfbd8
                         0000FBD9   471 _g_CLIKFL	=	0xfbd9
                         0000FBDA   472 _g_OLDKEY	=	0xfbda
                         0000FBE5   473 _g_NEWKEY	=	0xfbe5
                         0000FBF0   474 _g_KEYBUF	=	0xfbf0
                         0000FC18   475 _g_LINWRK	=	0xfc18
                         0000FC40   476 _g_PATWRK	=	0xfc40
                         0000FC48   477 _g_BOTTOM	=	0xfc48
                         0000FC4A   478 _g_HIMEM	=	0xfc4a
                         0000FC4C   479 _g_TRPTBL	=	0xfc4c
                         0000FC9A   480 _g_RTYCNT	=	0xfc9a
                         0000FC9B   481 _g_INTFLG	=	0xfc9b
                         0000FC9C   482 _g_PADY	=	0xfc9c
                         0000FC9D   483 _g_PADX	=	0xfc9d
                         0000FC9E   484 _g_JIFFY	=	0xfc9e
                         0000FCA0   485 _g_INTVAL	=	0xfca0
                         0000FCA2   486 _g_INTCNT	=	0xfca2
                         0000FCA4   487 _g_LOWLIM	=	0xfca4
                         0000FCA5   488 _g_WINWID	=	0xfca5
                         0000FCA6   489 _g_GRPHED	=	0xfca6
                         0000FCA7   490 _g_ESCCNT	=	0xfca7
                         0000FCA8   491 _g_INSFLG	=	0xfca8
                         0000FCA9   492 _g_CSRSW	=	0xfca9
                         0000FCAA   493 _g_CSTYLE	=	0xfcaa
                         0000FCAB   494 _g_CAPST	=	0xfcab
                         0000FCAC   495 _g_KANAST	=	0xfcac
                         0000FCAD   496 _g_KANAMD	=	0xfcad
                         0000FCAE   497 _g_FLBMEM	=	0xfcae
                         0000FCAF   498 _g_SCRMOD	=	0xfcaf
                         0000FCB0   499 _g_OLDSCR	=	0xfcb0
                         0000FCB1   500 _g_CASPRV	=	0xfcb1
                         0000FCB2   501 _g_BRDATR	=	0xfcb2
                         0000FCB3   502 _g_GXPOS	=	0xfcb3
                         0000FCB5   503 _g_GYPOS	=	0xfcb5
                         0000FCBB   504 _g_DRWFLG	=	0xfcbb
                         0000FCBC   505 _g_DRWSCL	=	0xfcbc
                         0000FCBD   506 _g_DRWANG	=	0xfcbd
                         0000FCC1   507 _g_MNROM	=	0xfcc1
                         0000FCC1   508 _g_EXPTBL	=	0xfcc1
                         0000FCC5   509 _g_SLTTBL	=	0xfcc5
                         0000FCC9   510 _g_SLTATR	=	0xfcc9
                         0000FD09   511 _g_SLTWRK	=	0xfd09
                         0000FD89   512 _g_PROCNM	=	0xfd89
                         0000FFE7   513 _g_RG08SAV	=	0xffe7
                         0000FFE8   514 _g_RG09SAV	=	0xffe8
                         0000FFE9   515 _g_RG10SAV	=	0xffe9
                         0000FFEA   516 _g_RG11SAV	=	0xffea
                         0000FFEB   517 _g_RG12SAV	=	0xffeb
                         0000FFEC   518 _g_RG13SAV	=	0xffec
                         0000FFED   519 _g_RG14SAV	=	0xffed
                         0000FFEE   520 _g_RG15SAV	=	0xffee
                         0000FFEF   521 _g_RG16SAV	=	0xffef
                         0000FFF0   522 _g_RG17SAV	=	0xfff0
                         0000FFF1   523 _g_RG18SAV	=	0xfff1
                         0000FFF2   524 _g_RG19SAV	=	0xfff2
                         0000FFF3   525 _g_RG20SAV	=	0xfff3
                         0000FFF4   526 _g_RG21SAV	=	0xfff4
                         0000FFF5   527 _g_RG22SAV	=	0xfff5
                         0000FFF6   528 _g_RG23SAV	=	0xfff6
                         0000FFF7   529 _g_MINROM	=	0xfff7
                         0000FFF8   530 _g_SVFFF8	=	0xfff8
                         0000FFFA   531 _g_RG25SAV	=	0xfffa
                         0000FFFB   532 _g_RG26SAV	=	0xfffb
                         0000FFFC   533 _g_RG27SAV	=	0xfffc
                         0000FFFD   534 _g_SVFFFD	=	0xfffd
                                    535 	.area _CODE
                                    536 	.area _INITIALIZER
                                    537 	.area _CABS (ABS)
