                                      1 ;--------------------------------------------------------
                                      2 ; File Created by SDCC : free open source ANSI-C Compiler
                                      3 ; Version 4.2.0 #13081 (MINGW64)
                                      4 ;--------------------------------------------------------
                                      5 	.module lvgm_player
                                      6 	.optsdcc -mz80
                                      7 	
                                      8 ;--------------------------------------------------------
                                      9 ; Public variables in this module
                                     10 ;--------------------------------------------------------
                                     11 	.globl _LVGM_DecodePSG
                                     12 	.globl _PSG_Mute
                                     13 	.globl _PSG_SetRegister
                                     14 	.globl _g_LVGM_Callback
                                     15 	.globl _g_LVGM_Decode
                                     16 	.globl _g_LVGM_CurChip
                                     17 	.globl _g_LVGM_State
                                     18 	.globl _g_LVGM_Wait
                                     19 	.globl _g_LVGM_PSG_Default
                                     20 	.globl _g_LVGM_Devices
                                     21 	.globl _g_LVGM_LoopAddr
                                     22 	.globl _g_LVGM_Pointer
                                     23 	.globl _g_LVGM_Header
                                     24 	.globl _g_SLTSL
                                     25 	.globl _g_GRPACY
                                     26 	.globl _g_GRPACX
                                     27 	.globl _g_LOGOPR
                                     28 	.globl _g_CMASK
                                     29 	.globl _g_CLOC
                                     30 	.globl _g_FNKSTR
                                     31 	.globl _g_ATRBYT
                                     32 	.globl _g_BDRCLR
                                     33 	.globl _g_BAKCLR
                                     34 	.globl _g_FORCLR
                                     35 	.globl _g_CSRX
                                     36 	.globl _g_CSRY
                                     37 	.globl _g_CLIKSW
                                     38 	.globl _g_MLTPAT
                                     39 	.globl _g_MLTATR
                                     40 	.globl _g_MLTCGP
                                     41 	.globl _g_MLTCOL
                                     42 	.globl _g_MLTNAM
                                     43 	.globl _g_GRPPAT
                                     44 	.globl _g_GRPATR
                                     45 	.globl _g_GRPCGP
                                     46 	.globl _g_GRPCOL
                                     47 	.globl _g_GRPNAM
                                     48 	.globl _g_T32PAT
                                     49 	.globl _g_T32ATR
                                     50 	.globl _g_T32CGP
                                     51 	.globl _g_T32COL
                                     52 	.globl _g_T32NAM
                                     53 	.globl _g_TXTPAT
                                     54 	.globl _g_TXTATR
                                     55 	.globl _g_TXTCGP
                                     56 	.globl _g_TXTCOL
                                     57 	.globl _g_TXTNAM
                                     58 	.globl _g_CLMLST
                                     59 	.globl _g_CRTCNT
                                     60 	.globl _g_LINLEN
                                     61 	.globl _g_LINL32
                                     62 	.globl _g_LINL40
                                     63 	.globl _g_LVGM_Ident
                                     64 	.globl _g_LVGM_RegTable
                                     65 	.globl _g_BDOS
                                     66 	.globl _g_MASTER
                                     67 	.globl _g_RAMAD3
                                     68 	.globl _g_RAMAD2
                                     69 	.globl _g_RAMAD1
                                     70 	.globl _g_RAMAD0
                                     71 	.globl _g_BREAKV
                                     72 	.globl _g_DISKVE
                                     73 	.globl _g_KANJTABLE
                                     74 	.globl _g_STRSRC
                                     75 	.globl _g_SUBRID
                                     76 	.globl _g_CHAR_16
                                     77 	.globl _g_MSXMID
                                     78 	.globl _g_MSXVER
                                     79 	.globl _g_ROMVersion
                                     80 	.globl _g_BASRVN
                                     81 	.globl _g_VDP_DW
                                     82 	.globl _g_VDP_DR
                                     83 	.globl _g_CGTABL
                                     84 	.globl _g_SVFFFD
                                     85 	.globl _g_RG27SAV
                                     86 	.globl _g_RG26SAV
                                     87 	.globl _g_RG25SAV
                                     88 	.globl _g_SVFFF8
                                     89 	.globl _g_MINROM
                                     90 	.globl _g_RG23SAV
                                     91 	.globl _g_RG22SAV
                                     92 	.globl _g_RG21SAV
                                     93 	.globl _g_RG20SAV
                                     94 	.globl _g_RG19SAV
                                     95 	.globl _g_RG18SAV
                                     96 	.globl _g_RG17SAV
                                     97 	.globl _g_RG16SAV
                                     98 	.globl _g_RG15SAV
                                     99 	.globl _g_RG14SAV
                                    100 	.globl _g_RG13SAV
                                    101 	.globl _g_RG12SAV
                                    102 	.globl _g_RG11SAV
                                    103 	.globl _g_RG10SAV
                                    104 	.globl _g_RG09SAV
                                    105 	.globl _g_RG08SAV
                                    106 	.globl _g_PROCNM
                                    107 	.globl _g_SLTWRK
                                    108 	.globl _g_SLTATR
                                    109 	.globl _g_SLTTBL
                                    110 	.globl _g_EXPTBL
                                    111 	.globl _g_MNROM
                                    112 	.globl _g_DRWANG
                                    113 	.globl _g_DRWSCL
                                    114 	.globl _g_DRWFLG
                                    115 	.globl _g_GYPOS
                                    116 	.globl _g_GXPOS
                                    117 	.globl _g_BRDATR
                                    118 	.globl _g_CASPRV
                                    119 	.globl _g_OLDSCR
                                    120 	.globl _g_SCRMOD
                                    121 	.globl _g_FLBMEM
                                    122 	.globl _g_KANAMD
                                    123 	.globl _g_KANAST
                                    124 	.globl _g_CAPST
                                    125 	.globl _g_CSTYLE
                                    126 	.globl _g_CSRSW
                                    127 	.globl _g_INSFLG
                                    128 	.globl _g_ESCCNT
                                    129 	.globl _g_GRPHED
                                    130 	.globl _g_WINWID
                                    131 	.globl _g_LOWLIM
                                    132 	.globl _g_INTCNT
                                    133 	.globl _g_INTVAL
                                    134 	.globl _g_JIFFY
                                    135 	.globl _g_PADX
                                    136 	.globl _g_PADY
                                    137 	.globl _g_INTFLG
                                    138 	.globl _g_RTYCNT
                                    139 	.globl _g_TRPTBL
                                    140 	.globl _g_HIMEM
                                    141 	.globl _g_BOTTOM
                                    142 	.globl _g_PATWRK
                                    143 	.globl _g_LINWRK
                                    144 	.globl _g_KEYBUF
                                    145 	.globl _g_NEWKEY
                                    146 	.globl _g_OLDKEY
                                    147 	.globl _g_CLIKFL
                                    148 	.globl _g_ONGSBF
                                    149 	.globl _g_FNKFLG
                                    150 	.globl _g_FNKSWI
                                    151 	.globl _g_CODSAV
                                    152 	.globl _g_FSTPOS
                                    153 	.globl _g_LINTTB
                                    154 	.globl _g_BASROM
                                    155 	.globl _g_ENSTOP
                                    156 	.globl _g_VCBC
                                    157 	.globl _g_VCBB
                                    158 	.globl _g_VCBA
                                    159 	.globl _g_PLYCNT
                                    160 	.globl _g_MUSICF
                                    161 	.globl _g_QUEUEN
                                    162 	.globl _g_MCLPTR
                                    163 	.globl _g_MCLLEN
                                    164 	.globl _g_SAVVOL
                                    165 	.globl _g_VOICEN
                                    166 	.globl _g_SAVSP
                                    167 	.globl _g_PRSCNT
                                    168 	.globl _g_LSTMOD
                                    169 	.globl _g_LSTCOM
                                    170 	.globl _g_COMMSK
                                    171 	.globl _g_ESTBLS
                                    172 	.globl _g_FLAGS
                                    173 	.globl _g_ERRORS
                                    174 	.globl _g_DATCNT
                                    175 	.globl _g_DEVNUM
                                    176 	.globl _g_OLDINT
                                    177 	.globl _g_OLDSTT
                                    178 	.globl _g_MEXBIh
                                    179 	.globl _g_RSIQLN
                                    180 	.globl _g_RSFCB
                                    181 	.globl _g_TOCNT
                                    182 	.globl _g_RSTMP
                                    183 	.globl _g_YSAVE
                                    184 	.globl _g_XSAVE
                                    185 	.globl _g_NORUSE
                                    186 	.globl _g_MODE
                                    187 	.globl _g_ROMA
                                    188 	.globl _g_CHRCNT
                                    189 	.globl _g_EXBRSA
                                    190 	.globl _g_AVCSAV
                                    191 	.globl _g_ACPAGE
                                    192 	.globl _g_DPPAGE
                                    193 	.globl _g_RS2IQ
                                    194 	.globl _g_VOICCQ
                                    195 	.globl _g_VOICBQ
                                    196 	.globl _g_VOICAQ
                                    197 	.globl _g_QUEBAK
                                    198 	.globl _g_QUETAB
                                    199 	.globl _g_ASPCT2
                                    200 	.globl _g_ASPCT1
                                    201 	.globl _g_HEADER
                                    202 	.globl _g_HIGH
                                    203 	.globl _g_LOW
                                    204 	.globl _g_CS240
                                    205 	.globl _g_CS120
                                    206 	.globl _g_GETPNT
                                    207 	.globl _g_PUTPNT
                                    208 	.globl _g_REPCNT
                                    209 	.globl _g_SCNCNT
                                    210 	.globl _g_FRCNEW
                                    211 	.globl _g_QUEUES
                                    212 	.globl _g_MINUPD
                                    213 	.globl _g_MAXUPD
                                    214 	.globl _g_TRGFLG
                                    215 	.globl _g_STATFL
                                    216 	.globl _g_RG7SAV
                                    217 	.globl _g_RG6SAV
                                    218 	.globl _g_RG5SAV
                                    219 	.globl _g_RG4SAV
                                    220 	.globl _g_RG3SAV
                                    221 	.globl _g_RG2SAV
                                    222 	.globl _g_RG1SAV
                                    223 	.globl _g_RG0SAV
                                    224 	.globl _g_CNSDFG
                                    225 	.globl _g_USRTAB
                                    226 	.globl _g_CLPRIM
                                    227 	.globl _g_WRPRIM
                                    228 	.globl _g_RDPRIM
                                    229 	.globl _LVGM_Play
                                    230 	.globl _LVGM_Stop
                                    231 	.globl _LVGM_Pause
                                    232 	.globl _LVGM_Decode
                                    233 	.globl _LVGM_Defaultcallback
                                    234 ;--------------------------------------------------------
                                    235 ; special function registers
                                    236 ;--------------------------------------------------------
                         000000A8   237 _g_PortPrimarySlot	=	0x00a8
                         000000A9   238 _g_PortReadKeyboard	=	0x00a9
                         000000AA   239 _g_PortAccessKeyboard	=	0x00aa
                         000000AB   240 _g_PortControl	=	0x00ab
                         00000098   241 _g_VDP_DataPort	=	0x0098
                         00000099   242 _g_VDP_RegPort	=	0x0099
                         00000099   243 _g_VDP_AddrPort	=	0x0099
                         00000099   244 _g_VDP_StatPort	=	0x0099
                         000000A0   245 _g_PSG_RegPort	=	0x00a0
                         000000A1   246 _g_PSG_DataPort	=	0x00a1
                         000000A2   247 _g_PSG_StatPort	=	0x00a2
                         00000010   248 _g_PSG_Ext_RegPort	=	0x0010
                         00000011   249 _g_PSG_Ext_DataPort	=	0x0011
                         00000012   250 _g_PSG_Ext_StatPort	=	0x0012
                         0000007C   251 _g_MSXMusic_IndexPort	=	0x007c
                         0000007D   252 _g_MSXMusic_DataPort	=	0x007d
                         000000C0   253 _g_MSXAudio_IndexPort	=	0x00c0
                         000000C1   254 _g_MSXAudio_DataPort	=	0x00c1
                         000000C2   255 _g_MSXAudio_IndexPort2	=	0x00c2
                         000000C3   256 _g_MSXAudio_DataPort2	=	0x00c3
                         000000B4   257 _g_RTC_AddrPort	=	0x00b4
                         000000B5   258 _g_RTC_DataPort	=	0x00b5
                                    259 ;--------------------------------------------------------
                                    260 ; ram data
                                    261 ;--------------------------------------------------------
                                    262 	.area _DATA
                         0000F3AE   263 _g_LINL40	=	0xf3ae
                         0000F3AF   264 _g_LINL32	=	0xf3af
                         0000F3B0   265 _g_LINLEN	=	0xf3b0
                         0000F3B1   266 _g_CRTCNT	=	0xf3b1
                         0000F3B2   267 _g_CLMLST	=	0xf3b2
                         0000F3B3   268 _g_TXTNAM	=	0xf3b3
                         0000F3B5   269 _g_TXTCOL	=	0xf3b5
                         0000F3B7   270 _g_TXTCGP	=	0xf3b7
                         0000F3B9   271 _g_TXTATR	=	0xf3b9
                         0000F3BB   272 _g_TXTPAT	=	0xf3bb
                         0000F3BD   273 _g_T32NAM	=	0xf3bd
                         0000F3BF   274 _g_T32COL	=	0xf3bf
                         0000F3C1   275 _g_T32CGP	=	0xf3c1
                         0000F3C3   276 _g_T32ATR	=	0xf3c3
                         0000F3C5   277 _g_T32PAT	=	0xf3c5
                         0000F3C7   278 _g_GRPNAM	=	0xf3c7
                         0000F3C9   279 _g_GRPCOL	=	0xf3c9
                         0000F3CB   280 _g_GRPCGP	=	0xf3cb
                         0000F3CD   281 _g_GRPATR	=	0xf3cd
                         0000F3CF   282 _g_GRPPAT	=	0xf3cf
                         0000F3D1   283 _g_MLTNAM	=	0xf3d1
                         0000F3D3   284 _g_MLTCOL	=	0xf3d3
                         0000F3D5   285 _g_MLTCGP	=	0xf3d5
                         0000F3D7   286 _g_MLTATR	=	0xf3d7
                         0000F3D9   287 _g_MLTPAT	=	0xf3d9
                         0000F3DB   288 _g_CLIKSW	=	0xf3db
                         0000F3DC   289 _g_CSRY	=	0xf3dc
                         0000F3DD   290 _g_CSRX	=	0xf3dd
                         0000F3E9   291 _g_FORCLR	=	0xf3e9
                         0000F3EA   292 _g_BAKCLR	=	0xf3ea
                         0000F3EB   293 _g_BDRCLR	=	0xf3eb
                         0000F3F2   294 _g_ATRBYT	=	0xf3f2
                         0000F87F   295 _g_FNKSTR	=	0xf87f
                         0000F92A   296 _g_CLOC	=	0xf92a
                         0000F92C   297 _g_CMASK	=	0xf92c
                         0000FB02   298 _g_LOGOPR	=	0xfb02
                         0000FCB7   299 _g_GRPACX	=	0xfcb7
                         0000FCB9   300 _g_GRPACY	=	0xfcb9
                         0000FFFF   301 _g_SLTSL	=	0xffff
    00000000                        302 _g_LVGM_Header::
    00000000                        303 	.ds 2
    00000002                        304 _g_LVGM_Pointer::
    00000002                        305 	.ds 2
    00000004                        306 _g_LVGM_LoopAddr::
    00000004                        307 	.ds 2
    00000006                        308 _g_LVGM_Devices::
    00000006                        309 	.ds 1
    00000007                        310 _g_LVGM_PSG_Default::
    00000007                        311 	.ds 1
    00000008                        312 _g_LVGM_Wait::
    00000008                        313 	.ds 1
    00000009                        314 _g_LVGM_State::
    00000009                        315 	.ds 1
    0000000A                        316 _g_LVGM_CurChip::
    0000000A                        317 	.ds 1
    0000000B                        318 _g_LVGM_Decode::
    0000000B                        319 	.ds 2
                                    320 ;--------------------------------------------------------
                                    321 ; ram data
                                    322 ;--------------------------------------------------------
                                    323 	.area _INITIALIZED
    00000000                        324 _g_LVGM_Callback::
    00000000                        325 	.ds 2
                                    326 ;--------------------------------------------------------
                                    327 ; absolute external ram data
                                    328 ;--------------------------------------------------------
                                    329 	.area _DABS (ABS)
                                    330 ;--------------------------------------------------------
                                    331 ; global & static initialisations
                                    332 ;--------------------------------------------------------
                                    333 	.area _HOME
                                    334 	.area _GSINIT
                                    335 	.area _GSFINAL
                                    336 	.area _GSINIT
                                    337 ;--------------------------------------------------------
                                    338 ; Home
                                    339 ;--------------------------------------------------------
                                    340 	.area _HOME
                                    341 	.area _HOME
                                    342 ;--------------------------------------------------------
                                    343 ; code
                                    344 ;--------------------------------------------------------
                                    345 	.area _CODE
                                    346 ;E:\Dropbox\FAUSTO\SVILUPPI\MSX\CODE\C\MSXgl\engine/src/vgm/lvgm_player.c:55: void LVGM_DecodePSG()
                                    347 ;	---------------------------------
                                    348 ; Function LVGM_DecodePSG
                                    349 ; ---------------------------------
    00000000                        350 _LVGM_DecodePSG::
                                    351 ;E:\Dropbox\FAUSTO\SVILUPPI\MSX\CODE\C\MSXgl\engine/src/vgm/lvgm_player.c:57: u8 op = *g_LVGM_Pointer & 0xF0;
    00000000 2Ar02r00         [16]  352 	ld	hl, (_g_LVGM_Pointer)
    00000003 4E               [ 7]  353 	ld	c, (hl)
    00000004 79               [ 4]  354 	ld	a, c
    00000005 E6 F0            [ 7]  355 	and	a, #0xf0
                                    356 ;E:\Dropbox\FAUSTO\SVILUPPI\MSX\CODE\C\MSXgl\engine/src/vgm/lvgm_player.c:58: switch (op)
    00000007 47               [ 4]  357 	ld	b,a
    00000008 B7               [ 4]  358 	or	a,a
    00000009 28 07            [12]  359 	jr	Z, 00101$
    0000000B D6 D0            [ 7]  360 	sub	a, #0xd0
    0000000D 28 0F            [12]  361 	jr	Z, 00102$
    0000000F C3r2Ar00         [10]  362 	jp	00103$
                                    363 ;E:\Dropbox\FAUSTO\SVILUPPI\MSX\CODE\C\MSXgl\engine/src/vgm/lvgm_player.c:60: case 0x00: // R#0n = nn
    00000012                        364 00101$:
                                    365 ;E:\Dropbox\FAUSTO\SVILUPPI\MSX\CODE\C\MSXgl\engine/src/vgm/lvgm_player.c:62: u8 reg = *g_LVGM_Pointer;
                                    366 ;E:\Dropbox\FAUSTO\SVILUPPI\MSX\CODE\C\MSXgl\engine/src/vgm/lvgm_player.c:63: PSG_SetRegister(reg, *++g_LVGM_Pointer);
    00000012 2Ar02r00         [16]  367 	ld	hl, (_g_LVGM_Pointer)
    00000015 23               [ 6]  368 	inc	hl
    00000016 22r02r00         [16]  369 	ld	(_g_LVGM_Pointer), hl
    00000019 6E               [ 7]  370 	ld	l, (hl)
                                    371 ;	spillPairReg hl
                                    372 ;E:\Dropbox\FAUSTO\SVILUPPI\MSX\CODE\C\MSXgl\engine/src/vgm/lvgm_player.c:64: break;
    0000001A 79               [ 4]  373 	ld	a, c
    0000001B C3r00r00         [10]  374 	jp	_PSG_SetRegister
                                    375 ;E:\Dropbox\FAUSTO\SVILUPPI\MSX\CODE\C\MSXgl\engine/src/vgm/lvgm_player.c:67: case 0xD0: // More common byte (R#n = X)
    0000001E                        376 00102$:
                                    377 ;E:\Dropbox\FAUSTO\SVILUPPI\MSX\CODE\C\MSXgl\engine/src/vgm/lvgm_player.c:69: u8 reg = *g_LVGM_Pointer & 0x0F;
    0000001E 79               [ 4]  378 	ld	a, c
    0000001F E6 0F            [ 7]  379 	and	a, #0x0f
    00000021 4F               [ 4]  380 	ld	c, a
                                    381 ;E:\Dropbox\FAUSTO\SVILUPPI\MSX\CODE\C\MSXgl\engine/src/vgm/lvgm_player.c:70: PSG_SetRegister(reg, g_LVGM_PSG_Default);
    00000022 3Ar07r00         [13]  382 	ld	a, (_g_LVGM_PSG_Default+0)
    00000025 6F               [ 4]  383 	ld	l, a
                                    384 ;	spillPairReg hl
                                    385 ;	spillPairReg hl
                                    386 ;E:\Dropbox\FAUSTO\SVILUPPI\MSX\CODE\C\MSXgl\engine/src/vgm/lvgm_player.c:71: break;
    00000026 79               [ 4]  387 	ld	a, c
    00000027 C3r00r00         [10]  388 	jp	_PSG_SetRegister
                                    389 ;E:\Dropbox\FAUSTO\SVILUPPI\MSX\CODE\C\MSXgl\engine/src/vgm/lvgm_player.c:86: default:
    0000002A                        390 00103$:
                                    391 ;E:\Dropbox\FAUSTO\SVILUPPI\MSX\CODE\C\MSXgl\engine/src/vgm/lvgm_player.c:88: PSG_SetRegister(g_LVGM_RegTable[*g_LVGM_Pointer >> 4], *g_LVGM_Pointer);
    0000002A 11r3Er00         [10]  392 	ld	de, #_g_LVGM_RegTable+0
    0000002D 79               [ 4]  393 	ld	a, c
    0000002E 07               [ 4]  394 	rlca
    0000002F 07               [ 4]  395 	rlca
    00000030 07               [ 4]  396 	rlca
    00000031 07               [ 4]  397 	rlca
    00000032 E6 0F            [ 7]  398 	and	a, #0x0f
    00000034 6F               [ 4]  399 	ld	l, a
    00000035 26 00            [ 7]  400 	ld	h, #0x00
    00000037 19               [11]  401 	add	hl, de
    00000038 46               [ 7]  402 	ld	b, (hl)
    00000039 69               [ 4]  403 	ld	l, c
                                    404 ;	spillPairReg hl
                                    405 ;	spillPairReg hl
    0000003A 78               [ 4]  406 	ld	a, b
                                    407 ;E:\Dropbox\FAUSTO\SVILUPPI\MSX\CODE\C\MSXgl\engine/src/vgm/lvgm_player.c:91: }
                                    408 ;E:\Dropbox\FAUSTO\SVILUPPI\MSX\CODE\C\MSXgl\engine/src/vgm/lvgm_player.c:92: }
    0000003B C3r00r00         [10]  409 	jp	_PSG_SetRegister
                         0000F380   410 _g_RDPRIM	=	0xf380
                         0000F385   411 _g_WRPRIM	=	0xf385
                         0000F38C   412 _g_CLPRIM	=	0xf38c
                         0000F39A   413 _g_USRTAB	=	0xf39a
                         0000F3DE   414 _g_CNSDFG	=	0xf3de
                         0000F3DF   415 _g_RG0SAV	=	0xf3df
                         0000F3E0   416 _g_RG1SAV	=	0xf3e0
                         0000F3E1   417 _g_RG2SAV	=	0xf3e1
                         0000F3E2   418 _g_RG3SAV	=	0xf3e2
                         0000F3E3   419 _g_RG4SAV	=	0xf3e3
                         0000F3E4   420 _g_RG5SAV	=	0xf3e4
                         0000F3E5   421 _g_RG6SAV	=	0xf3e5
                         0000F3E6   422 _g_RG7SAV	=	0xf3e6
                         0000F3E7   423 _g_STATFL	=	0xf3e7
                         0000F3E8   424 _g_TRGFLG	=	0xf3e8
                         0000F3EC   425 _g_MAXUPD	=	0xf3ec
                         0000F3EF   426 _g_MINUPD	=	0xf3ef
                         0000F3F3   427 _g_QUEUES	=	0xf3f3
                         0000F3F5   428 _g_FRCNEW	=	0xf3f5
                         0000F3F6   429 _g_SCNCNT	=	0xf3f6
                         0000F3F7   430 _g_REPCNT	=	0xf3f7
                         0000F3F8   431 _g_PUTPNT	=	0xf3f8
                         0000F3FA   432 _g_GETPNT	=	0xf3fa
                         0000F3FC   433 _g_CS120	=	0xf3fc
                         0000F401   434 _g_CS240	=	0xf401
                         0000F406   435 _g_LOW	=	0xf406
                         0000F408   436 _g_HIGH	=	0xf408
                         0000F40A   437 _g_HEADER	=	0xf40a
                         0000F40B   438 _g_ASPCT1	=	0xf40b
                         0000F40D   439 _g_ASPCT2	=	0xf40d
                         0000F959   440 _g_QUETAB	=	0xf959
                         0000F971   441 _g_QUEBAK	=	0xf971
                         0000F975   442 _g_VOICAQ	=	0xf975
                         0000F9F5   443 _g_VOICBQ	=	0xf9f5
                         0000FA75   444 _g_VOICCQ	=	0xfa75
                         0000FAF5   445 _g_RS2IQ	=	0xfaf5
                         0000FAF5   446 _g_DPPAGE	=	0xfaf5
                         0000FAF6   447 _g_ACPAGE	=	0xfaf6
                         0000FAF7   448 _g_AVCSAV	=	0xfaf7
                         0000FAF8   449 _g_EXBRSA	=	0xfaf8
                         0000FAF9   450 _g_CHRCNT	=	0xfaf9
                         0000FAFA   451 _g_ROMA	=	0xfafa
                         0000FAFC   452 _g_MODE	=	0xfafc
                         0000FAFD   453 _g_NORUSE	=	0xfafd
                         0000FAFE   454 _g_XSAVE	=	0xfafe
                         0000FB00   455 _g_YSAVE	=	0xfb00
                         0000FB03   456 _g_RSTMP	=	0xfb03
                         0000FB03   457 _g_TOCNT	=	0xfb03
                         0000FB04   458 _g_RSFCB	=	0xfb04
                         0000FB06   459 _g_RSIQLN	=	0xfb06
                         0000FB07   460 _g_MEXBIh	=	0xfb07
                         0000FB0C   461 _g_OLDSTT	=	0xfb0c
                         0000FB0C   462 _g_OLDINT	=	0xfb0c
                         0000FB16   463 _g_DEVNUM	=	0xfb16
                         0000FB17   464 _g_DATCNT	=	0xfb17
                         0000FB1A   465 _g_ERRORS	=	0xfb1a
                         0000FB1B   466 _g_FLAGS	=	0xfb1b
                         0000FB1C   467 _g_ESTBLS	=	0xfb1c
                         0000FB1D   468 _g_COMMSK	=	0xfb1d
                         0000FB1E   469 _g_LSTCOM	=	0xfb1e
                         0000FB1F   470 _g_LSTMOD	=	0xfb1f
                         0000FB35   471 _g_PRSCNT	=	0xfb35
                         0000FB36   472 _g_SAVSP	=	0xfb36
                         0000FB38   473 _g_VOICEN	=	0xfb38
                         0000FB39   474 _g_SAVVOL	=	0xfb39
                         0000FB3B   475 _g_MCLLEN	=	0xfb3b
                         0000FB3C   476 _g_MCLPTR	=	0xfb3c
                         0000FB3E   477 _g_QUEUEN	=	0xfb3e
                         0000FB3F   478 _g_MUSICF	=	0xfb3f
                         0000FB40   479 _g_PLYCNT	=	0xfb40
                         0000FB41   480 _g_VCBA	=	0xfb41
                         0000FB66   481 _g_VCBB	=	0xfb66
                         0000FB8B   482 _g_VCBC	=	0xfb8b
                         0000FBB0   483 _g_ENSTOP	=	0xfbb0
                         0000FBB1   484 _g_BASROM	=	0xfbb1
                         0000FBB2   485 _g_LINTTB	=	0xfbb2
                         0000FBCA   486 _g_FSTPOS	=	0xfbca
                         0000FBCC   487 _g_CODSAV	=	0xfbcc
                         0000FBCD   488 _g_FNKSWI	=	0xfbcd
                         0000FBCE   489 _g_FNKFLG	=	0xfbce
                         0000FBD8   490 _g_ONGSBF	=	0xfbd8
                         0000FBD9   491 _g_CLIKFL	=	0xfbd9
                         0000FBDA   492 _g_OLDKEY	=	0xfbda
                         0000FBE5   493 _g_NEWKEY	=	0xfbe5
                         0000FBF0   494 _g_KEYBUF	=	0xfbf0
                         0000FC18   495 _g_LINWRK	=	0xfc18
                         0000FC40   496 _g_PATWRK	=	0xfc40
                         0000FC48   497 _g_BOTTOM	=	0xfc48
                         0000FC4A   498 _g_HIMEM	=	0xfc4a
                         0000FC4C   499 _g_TRPTBL	=	0xfc4c
                         0000FC9A   500 _g_RTYCNT	=	0xfc9a
                         0000FC9B   501 _g_INTFLG	=	0xfc9b
                         0000FC9C   502 _g_PADY	=	0xfc9c
                         0000FC9D   503 _g_PADX	=	0xfc9d
                         0000FC9E   504 _g_JIFFY	=	0xfc9e
                         0000FCA0   505 _g_INTVAL	=	0xfca0
                         0000FCA2   506 _g_INTCNT	=	0xfca2
                         0000FCA4   507 _g_LOWLIM	=	0xfca4
                         0000FCA5   508 _g_WINWID	=	0xfca5
                         0000FCA6   509 _g_GRPHED	=	0xfca6
                         0000FCA7   510 _g_ESCCNT	=	0xfca7
                         0000FCA8   511 _g_INSFLG	=	0xfca8
                         0000FCA9   512 _g_CSRSW	=	0xfca9
                         0000FCAA   513 _g_CSTYLE	=	0xfcaa
                         0000FCAB   514 _g_CAPST	=	0xfcab
                         0000FCAC   515 _g_KANAST	=	0xfcac
                         0000FCAD   516 _g_KANAMD	=	0xfcad
                         0000FCAE   517 _g_FLBMEM	=	0xfcae
                         0000FCAF   518 _g_SCRMOD	=	0xfcaf
                         0000FCB0   519 _g_OLDSCR	=	0xfcb0
                         0000FCB1   520 _g_CASPRV	=	0xfcb1
                         0000FCB2   521 _g_BRDATR	=	0xfcb2
                         0000FCB3   522 _g_GXPOS	=	0xfcb3
                         0000FCB5   523 _g_GYPOS	=	0xfcb5
                         0000FCBB   524 _g_DRWFLG	=	0xfcbb
                         0000FCBC   525 _g_DRWSCL	=	0xfcbc
                         0000FCBD   526 _g_DRWANG	=	0xfcbd
                         0000FCC1   527 _g_MNROM	=	0xfcc1
                         0000FCC1   528 _g_EXPTBL	=	0xfcc1
                         0000FCC5   529 _g_SLTTBL	=	0xfcc5
                         0000FCC9   530 _g_SLTATR	=	0xfcc9
                         0000FD09   531 _g_SLTWRK	=	0xfd09
                         0000FD89   532 _g_PROCNM	=	0xfd89
                         0000FFE7   533 _g_RG08SAV	=	0xffe7
                         0000FFE8   534 _g_RG09SAV	=	0xffe8
                         0000FFE9   535 _g_RG10SAV	=	0xffe9
                         0000FFEA   536 _g_RG11SAV	=	0xffea
                         0000FFEB   537 _g_RG12SAV	=	0xffeb
                         0000FFEC   538 _g_RG13SAV	=	0xffec
                         0000FFED   539 _g_RG14SAV	=	0xffed
                         0000FFEE   540 _g_RG15SAV	=	0xffee
                         0000FFEF   541 _g_RG16SAV	=	0xffef
                         0000FFF0   542 _g_RG17SAV	=	0xfff0
                         0000FFF1   543 _g_RG18SAV	=	0xfff1
                         0000FFF2   544 _g_RG19SAV	=	0xfff2
                         0000FFF3   545 _g_RG20SAV	=	0xfff3
                         0000FFF4   546 _g_RG21SAV	=	0xfff4
                         0000FFF5   547 _g_RG22SAV	=	0xfff5
                         0000FFF6   548 _g_RG23SAV	=	0xfff6
                         0000FFF7   549 _g_MINROM	=	0xfff7
                         0000FFF8   550 _g_SVFFF8	=	0xfff8
                         0000FFFA   551 _g_RG25SAV	=	0xfffa
                         0000FFFB   552 _g_RG26SAV	=	0xfffb
                         0000FFFC   553 _g_RG27SAV	=	0xfffc
                         0000FFFD   554 _g_SVFFFD	=	0xfffd
                         00000004   555 _g_CGTABL	=	0x0004
                         00000006   556 _g_VDP_DR	=	0x0006
                         00000007   557 _g_VDP_DW	=	0x0007
                         0000002B   558 _g_BASRVN	=	0x002b
                         0000002B   559 _g_ROMVersion	=	0x002b
                         0000002D   560 _g_MSXVER	=	0x002d
                         0000002E   561 _g_MSXMID	=	0x002e
                         00000034   562 _g_CHAR_16	=	0x0034
                         00000000   563 _g_SUBRID	=	0x0000
                         00000002   564 _g_STRSRC	=	0x0002
                         0000F30F   565 _g_KANJTABLE	=	0xf30f
                         0000F323   566 _g_DISKVE	=	0xf323
                         0000F325   567 _g_BREAKV	=	0xf325
                         0000F341   568 _g_RAMAD0	=	0xf341
                         0000F342   569 _g_RAMAD1	=	0xf342
                         0000F343   570 _g_RAMAD2	=	0xf343
                         0000F344   571 _g_RAMAD3	=	0xf344
                         0000F348   572 _g_MASTER	=	0xf348
                         0000F37D   573 _g_BDOS	=	0xf37d
    0000003E                        574 _g_LVGM_RegTable:
    0000003E 00                     575 	.db #0x00	; 0
    0000003F 01                     576 	.db #0x01	; 1
    00000040 03                     577 	.db #0x03	; 3
    00000041 05                     578 	.db #0x05	; 5
    00000042 06                     579 	.db #0x06	; 6
    00000043 06                     580 	.db #0x06	; 6
    00000044 08                     581 	.db #0x08	; 8
    00000045 08                     582 	.db #0x08	; 8
    00000046 09                     583 	.db #0x09	; 9
    00000047 09                     584 	.db #0x09	; 9
    00000048 0A                     585 	.db #0x0a	; 10
    00000049 0A                     586 	.db #0x0a	; 10
    0000004A 0D                     587 	.db #0x0d	; 13
    0000004B                        588 _g_LVGM_Ident:
    0000004B 6C                     589 	.db #0x6c	; 108	'l'
    0000004C 56                     590 	.db #0x56	; 86	'V'
    0000004D 47                     591 	.db #0x47	; 71	'G'
    0000004E 4D                     592 	.db #0x4d	; 77	'M'
                                    593 ;E:\Dropbox\FAUSTO\SVILUPPI\MSX\CODE\C\MSXgl\engine/src/vgm/lvgm_player.c:255: bool LVGM_Play(const void* addr, bool loop)
                                    594 ;	---------------------------------
                                    595 ; Function LVGM_Play
                                    596 ; ---------------------------------
    0000004F                        597 _LVGM_Play::
    0000004F DD E5            [15]  598 	push	ix
    00000051 DD 21 00 00      [14]  599 	ld	ix,#0
    00000055 DD 39            [15]  600 	add	ix,sp
    00000057 F5               [11]  601 	push	af
    00000058 F5               [11]  602 	push	af
    00000059 3B               [ 6]  603 	dec	sp
                                    604 ;E:\Dropbox\FAUSTO\SVILUPPI\MSX\CODE\C\MSXgl\engine/src/vgm/lvgm_player.c:258: g_LVGM_Header = (const LVGM_Header*)(addr);
    0000005A DD 75 FD         [19]  605 	ld	-3 (ix), l
    0000005D DD 74 FE         [19]  606 	ld	-2 (ix), h
                                    607 ;E:\Dropbox\FAUSTO\SVILUPPI\MSX\CODE\C\MSXgl\engine/src/vgm/lvgm_player.c:259: for (u8 i = 0; i < 4; i++)
    00000060 22r00r00         [16]  608 	ld	(_g_LVGM_Header), hl
    00000063 E3               [19]  609 	ex	(sp), hl
    00000064 DD 36 FF 00      [19]  610 	ld	-1 (ix), #0x00
    00000068                        611 00115$:
    00000068 DD 7E FF         [19]  612 	ld	a, -1 (ix)
    0000006B D6 04            [ 7]  613 	sub	a, #0x04
    0000006D 30 27            [12]  614 	jr	NC, 00103$
                                    615 ;E:\Dropbox\FAUSTO\SVILUPPI\MSX\CODE\C\MSXgl\engine/src/vgm/lvgm_player.c:260: if (g_LVGM_Header->Ident[i] != g_LVGM_Ident[i])
    0000006F DD 7E FB         [19]  616 	ld	a, -5 (ix)
    00000072 DD 86 FF         [19]  617 	add	a, -1 (ix)
    00000075 6F               [ 4]  618 	ld	l, a
                                    619 ;	spillPairReg hl
                                    620 ;	spillPairReg hl
    00000076 DD 7E FC         [19]  621 	ld	a, -4 (ix)
    00000079 CE 00            [ 7]  622 	adc	a, #0x00
    0000007B 67               [ 4]  623 	ld	h, a
                                    624 ;	spillPairReg hl
                                    625 ;	spillPairReg hl
    0000007C 3Er4B            [ 7]  626 	ld	a, #<(_g_LVGM_Ident)
    0000007E DD 86 FF         [19]  627 	add	a, -1 (ix)
    00000081 4F               [ 4]  628 	ld	c, a
    00000082 3Es00            [ 7]  629 	ld	a, #>(_g_LVGM_Ident)
    00000084 CE 00            [ 7]  630 	adc	a, #0x00
    00000086 47               [ 4]  631 	ld	b, a
    00000087 0A               [ 7]  632 	ld	a, (bc)
    00000088 4E               [ 7]  633 	ld	c, (hl)
    00000089 91               [ 4]  634 	sub	a, c
    0000008A 28 04            [12]  635 	jr	Z, 00116$
                                    636 ;E:\Dropbox\FAUSTO\SVILUPPI\MSX\CODE\C\MSXgl\engine/src/vgm/lvgm_player.c:261: return FALSE;
    0000008C AF               [ 4]  637 	xor	a, a
    0000008D C3r24r01         [10]  638 	jp	00117$
    00000090                        639 00116$:
                                    640 ;E:\Dropbox\FAUSTO\SVILUPPI\MSX\CODE\C\MSXgl\engine/src/vgm/lvgm_player.c:259: for (u8 i = 0; i < 4; i++)
    00000090 DD 34 FF         [23]  641 	inc	-1 (ix)
    00000093 C3r68r00         [10]  642 	jp	00115$
    00000096                        643 00103$:
                                    644 ;E:\Dropbox\FAUSTO\SVILUPPI\MSX\CODE\C\MSXgl\engine/src/vgm/lvgm_player.c:264: g_LVGM_State = 0;
    00000096 21r09r00         [10]  645 	ld	hl, #_g_LVGM_State
    00000099 36 00            [10]  646 	ld	(hl), #0x00
                                    647 ;E:\Dropbox\FAUSTO\SVILUPPI\MSX\CODE\C\MSXgl\engine/src/vgm/lvgm_player.c:265: if (g_LVGM_Header->Option & LVGM_OPTION_50HZ)
    0000009B ED 4Br00r00      [20]  648 	ld	bc, (_g_LVGM_Header)
    0000009F 03               [ 6]  649 	inc	bc
    000000A0 03               [ 6]  650 	inc	bc
    000000A1 03               [ 6]  651 	inc	bc
    000000A2 03               [ 6]  652 	inc	bc
    000000A3 0A               [ 7]  653 	ld	a, (bc)
    000000A4 0F               [ 4]  654 	rrca
    000000A5 30 05            [12]  655 	jr	NC, 00105$
                                    656 ;E:\Dropbox\FAUSTO\SVILUPPI\MSX\CODE\C\MSXgl\engine/src/vgm/lvgm_player.c:266: g_LVGM_State |= LVGM_STATE_50HZ;
    000000A7 21r09r00         [10]  657 	ld	hl, #_g_LVGM_State
    000000AA 36 01            [10]  658 	ld	(hl), #0x01
    000000AC                        659 00105$:
                                    660 ;E:\Dropbox\FAUSTO\SVILUPPI\MSX\CODE\C\MSXgl\engine/src/vgm/lvgm_player.c:267: if (loop)
    000000AC DD 7E 04         [19]  661 	ld	a, 4 (ix)
    000000AF B7               [ 4]  662 	or	a, a
    000000B0 28 08            [12]  663 	jr	Z, 00107$
                                    664 ;E:\Dropbox\FAUSTO\SVILUPPI\MSX\CODE\C\MSXgl\engine/src/vgm/lvgm_player.c:268: g_LVGM_State |= LVGM_STATE_LOOP;
    000000B2 3Ar09r00         [13]  665 	ld	a, (_g_LVGM_State+0)
    000000B5 F6 02            [ 7]  666 	or	a, #0x02
    000000B7 32r09r00         [13]  667 	ld	(_g_LVGM_State+0), a
    000000BA                        668 00107$:
                                    669 ;E:\Dropbox\FAUSTO\SVILUPPI\MSX\CODE\C\MSXgl\engine/src/vgm/lvgm_player.c:271: g_LVGM_Pointer = (const u8*)(addr) + 5;
    000000BA DD 5E FD         [19]  670 	ld	e, -3 (ix)
    000000BD DD 56 FE         [19]  671 	ld	d, -2 (ix)
    000000C0 21 05 00         [10]  672 	ld	hl, #0x0005
    000000C3 19               [11]  673 	add	hl, de
    000000C4 22r02r00         [16]  674 	ld	(_g_LVGM_Pointer), hl
                                    675 ;E:\Dropbox\FAUSTO\SVILUPPI\MSX\CODE\C\MSXgl\engine/src/vgm/lvgm_player.c:272: if (g_LVGM_Header->Option & LVGM_OPTION_DEVICE)
    000000C7 0A               [ 7]  676 	ld	a, (bc)
    000000C8 CB 57            [ 8]  677 	bit	2, a
    000000CA 28 11            [12]  678 	jr	Z, 00109$
                                    679 ;E:\Dropbox\FAUSTO\SVILUPPI\MSX\CODE\C\MSXgl\engine/src/vgm/lvgm_player.c:273: g_LVGM_Devices = *g_LVGM_Pointer++;
    000000CC 2Ar02r00         [16]  680 	ld	hl, (_g_LVGM_Pointer)
    000000CF 7E               [ 7]  681 	ld	a, (hl)
    000000D0 32r06r00         [13]  682 	ld	(_g_LVGM_Devices+0), a
    000000D3 2Ar02r00         [16]  683 	ld	hl, (_g_LVGM_Pointer)
    000000D6 23               [ 6]  684 	inc	hl
    000000D7 22r02r00         [16]  685 	ld	(_g_LVGM_Pointer), hl
    000000DA C3rE2r00         [10]  686 	jp	00110$
    000000DD                        687 00109$:
                                    688 ;E:\Dropbox\FAUSTO\SVILUPPI\MSX\CODE\C\MSXgl\engine/src/vgm/lvgm_player.c:275: g_LVGM_Devices = LVGM_CHIP_PSG;
    000000DD 21r06r00         [10]  689 	ld	hl, #_g_LVGM_Devices
    000000E0 36 01            [10]  690 	ld	(hl), #0x01
    000000E2                        691 00110$:
                                    692 ;E:\Dropbox\FAUSTO\SVILUPPI\MSX\CODE\C\MSXgl\engine/src/vgm/lvgm_player.c:278: g_LVGM_PSG_Default = 0;
    000000E2 21r07r00         [10]  693 	ld	hl, #_g_LVGM_PSG_Default
    000000E5 36 00            [10]  694 	ld	(hl), #0x00
                                    695 ;E:\Dropbox\FAUSTO\SVILUPPI\MSX\CODE\C\MSXgl\engine/src/vgm/lvgm_player.c:279: if (g_LVGM_Devices & LVGM_CHIP_PSG)
    000000E7 3Ar06r00         [13]  696 	ld	a, (_g_LVGM_Devices+0)
    000000EA 0F               [ 4]  697 	rrca
    000000EB 30 0E            [12]  698 	jr	NC, 00112$
                                    699 ;E:\Dropbox\FAUSTO\SVILUPPI\MSX\CODE\C\MSXgl\engine/src/vgm/lvgm_player.c:280: g_LVGM_PSG_Default = *g_LVGM_Pointer++;
    000000ED 2Ar02r00         [16]  700 	ld	hl, (_g_LVGM_Pointer)
    000000F0 7E               [ 7]  701 	ld	a, (hl)
    000000F1 32r07r00         [13]  702 	ld	(_g_LVGM_PSG_Default+0), a
    000000F4 2Ar02r00         [16]  703 	ld	hl, (_g_LVGM_Pointer)
    000000F7 23               [ 6]  704 	inc	hl
    000000F8 22r02r00         [16]  705 	ld	(_g_LVGM_Pointer), hl
    000000FB                        706 00112$:
                                    707 ;E:\Dropbox\FAUSTO\SVILUPPI\MSX\CODE\C\MSXgl\engine/src/vgm/lvgm_player.c:283: g_LVGM_LoopAddr = g_LVGM_Pointer;
    000000FB 2Ar02r00         [16]  708 	ld	hl, (_g_LVGM_Pointer)
    000000FE 22r04r00         [16]  709 	ld	(_g_LVGM_LoopAddr), hl
                                    710 ;E:\Dropbox\FAUSTO\SVILUPPI\MSX\CODE\C\MSXgl\engine/src/vgm/lvgm_player.c:284: g_LVGM_Wait = 0;
    00000101 21r08r00         [10]  711 	ld	hl, #_g_LVGM_Wait
    00000104 36 00            [10]  712 	ld	(hl), #0x00
                                    713 ;E:\Dropbox\FAUSTO\SVILUPPI\MSX\CODE\C\MSXgl\engine/src/vgm/lvgm_player.c:285: g_LVGM_CurChip = LVGM_CHIP_PSG;
    00000106 21r0Ar00         [10]  714 	ld	hl, #_g_LVGM_CurChip
    00000109 36 01            [10]  715 	ld	(hl), #0x01
                                    716 ;E:\Dropbox\FAUSTO\SVILUPPI\MSX\CODE\C\MSXgl\engine/src/vgm/lvgm_player.c:286: g_LVGM_Decode = LVGM_DecodePSG;
    0000010B FD 21r0Br00      [14]  717 	ld	iy, #_g_LVGM_Decode
    0000010F FD 36 00r00      [19]  718 	ld	0 (iy), #<(_LVGM_DecodePSG)
    00000113 FD 36 01s00      [19]  719 	ld	1 (iy), #>(_LVGM_DecodePSG)
                                    720 ;E:\Dropbox\FAUSTO\SVILUPPI\MSX\CODE\C\MSXgl\engine/src/vgm/lvgm_player.c:288: LVGM_Pause();
    00000117 CDr50r01         [17]  721 	call	_LVGM_Pause
                                    722 ;E:\Dropbox\FAUSTO\SVILUPPI\MSX\CODE\C\MSXgl\engine/src/vgm/lvgm_player.h:235: inline void LVGM_Resume() { g_LVGM_State |= LVGM_STATE_PLAY; }
    0000011A 3Ar09r00         [13]  723 	ld	a, (_g_LVGM_State+0)
    0000011D F6 80            [ 7]  724 	or	a, #0x80
    0000011F 32r09r00         [13]  725 	ld	(_g_LVGM_State+0), a
                                    726 ;E:\Dropbox\FAUSTO\SVILUPPI\MSX\CODE\C\MSXgl\engine/src/vgm/lvgm_player.c:290: return TRUE;
    00000122 3E 01            [ 7]  727 	ld	a, #0x01
    00000124                        728 00117$:
                                    729 ;E:\Dropbox\FAUSTO\SVILUPPI\MSX\CODE\C\MSXgl\engine/src/vgm/lvgm_player.c:291: }
    00000124 DD F9            [10]  730 	ld	sp, ix
    00000126 DD E1            [14]  731 	pop	ix
    00000128 E1               [10]  732 	pop	hl
    00000129 33               [ 6]  733 	inc	sp
    0000012A E9               [ 4]  734 	jp	(hl)
                                    735 ;E:\Dropbox\FAUSTO\SVILUPPI\MSX\CODE\C\MSXgl\engine/src/vgm/lvgm_player.c:295: void LVGM_Stop()
                                    736 ;	---------------------------------
                                    737 ; Function LVGM_Stop
                                    738 ; ---------------------------------
    0000012B                        739 _LVGM_Stop::
                                    740 ;E:\Dropbox\FAUSTO\SVILUPPI\MSX\CODE\C\MSXgl\engine/src/vgm/lvgm_player.c:297: LVGM_Pause();
    0000012B CDr50r01         [17]  741 	call	_LVGM_Pause
                                    742 ;E:\Dropbox\FAUSTO\SVILUPPI\MSX\CODE\C\MSXgl\engine/src/vgm/lvgm_player.c:299: g_LVGM_Pointer = (const u8*)(g_LVGM_Header) + 2;
    0000012E ED 4Br00r00      [20]  743 	ld	bc, (_g_LVGM_Header)
    00000132 03               [ 6]  744 	inc	bc
    00000133 03               [ 6]  745 	inc	bc
    00000134 ED 43r02r00      [20]  746 	ld	(_g_LVGM_Pointer), bc
                                    747 ;E:\Dropbox\FAUSTO\SVILUPPI\MSX\CODE\C\MSXgl\engine/src/vgm/lvgm_player.c:300: if (g_LVGM_Header->Option & LVGM_OPTION_DEVICE)
    00000138 2Ar00r00         [16]  748 	ld	hl, (_g_LVGM_Header)
    0000013B 11 04 00         [10]  749 	ld	de, #0x0004
    0000013E 19               [11]  750 	add	hl, de
    0000013F CB 56            [12]  751 	bit	2, (hl)
    00000141 28 07            [12]  752 	jr	Z, 00102$
                                    753 ;E:\Dropbox\FAUSTO\SVILUPPI\MSX\CODE\C\MSXgl\engine/src/vgm/lvgm_player.c:301: g_LVGM_Pointer++;
    00000143 2Ar02r00         [16]  754 	ld	hl, (_g_LVGM_Pointer)
    00000146 23               [ 6]  755 	inc	hl
    00000147 22r02r00         [16]  756 	ld	(_g_LVGM_Pointer), hl
    0000014A                        757 00102$:
                                    758 ;E:\Dropbox\FAUSTO\SVILUPPI\MSX\CODE\C\MSXgl\engine/src/vgm/lvgm_player.c:302: g_LVGM_Wait = 0;
    0000014A 21r08r00         [10]  759 	ld	hl, #_g_LVGM_Wait
    0000014D 36 00            [10]  760 	ld	(hl), #0x00
                                    761 ;E:\Dropbox\FAUSTO\SVILUPPI\MSX\CODE\C\MSXgl\engine/src/vgm/lvgm_player.c:303: }
    0000014F C9               [10]  762 	ret
                                    763 ;E:\Dropbox\FAUSTO\SVILUPPI\MSX\CODE\C\MSXgl\engine/src/vgm/lvgm_player.c:307: void LVGM_Pause()
                                    764 ;	---------------------------------
                                    765 ; Function LVGM_Pause
                                    766 ; ---------------------------------
    00000150                        767 _LVGM_Pause::
                                    768 ;E:\Dropbox\FAUSTO\SVILUPPI\MSX\CODE\C\MSXgl\engine/src/vgm/lvgm_player.c:309: g_LVGM_State &= ~LVGM_STATE_PLAY;
    00000150 3Ar09r00         [13]  769 	ld	a, (_g_LVGM_State+0)
    00000153 E6 7F            [ 7]  770 	and	a, #0x7f
    00000155 32r09r00         [13]  771 	ld	(_g_LVGM_State+0), a
                                    772 ;E:\Dropbox\FAUSTO\SVILUPPI\MSX\CODE\C\MSXgl\engine/src/vgm/lvgm_player.c:312: PSG_Mute();
                                    773 ;E:\Dropbox\FAUSTO\SVILUPPI\MSX\CODE\C\MSXgl\engine/src/vgm/lvgm_player.c:326: }
    00000158 C3r00r00         [10]  774 	jp	_PSG_Mute
                                    775 ;E:\Dropbox\FAUSTO\SVILUPPI\MSX\CODE\C\MSXgl\engine/src/vgm/lvgm_player.c:330: void LVGM_Decode()
                                    776 ;	---------------------------------
                                    777 ; Function LVGM_Decode
                                    778 ; ---------------------------------
    0000015B                        779 _LVGM_Decode::
                                    780 ;E:\Dropbox\FAUSTO\SVILUPPI\MSX\CODE\C\MSXgl\engine/src/vgm/lvgm_player.c:333: if (!(g_LVGM_State & LVGM_STATE_PLAY))
    0000015B 3Ar09r00         [13]  781 	ld	a, (_g_LVGM_State+0)
    0000015E 07               [ 4]  782 	rlca
    0000015F D0               [11]  783 	ret	NC
                                    784 ;E:\Dropbox\FAUSTO\SVILUPPI\MSX\CODE\C\MSXgl\engine/src/vgm/lvgm_player.c:334: return;
    00000160 C3r63r01         [10]  785 	jp	00102$
    00000163                        786 00102$:
                                    787 ;E:\Dropbox\FAUSTO\SVILUPPI\MSX\CODE\C\MSXgl\engine/src/vgm/lvgm_player.c:337: if (g_LVGM_Wait != 0)
    00000163 3Ar08r00         [13]  788 	ld	a, (_g_LVGM_Wait+0)
    00000166 B7               [ 4]  789 	or	a, a
    00000167 28 05            [12]  790 	jr	Z, 00121$
                                    791 ;E:\Dropbox\FAUSTO\SVILUPPI\MSX\CODE\C\MSXgl\engine/src/vgm/lvgm_player.c:339: g_LVGM_Wait--;
    00000169 21r08r00         [10]  792 	ld	hl, #_g_LVGM_Wait
    0000016C 35               [11]  793 	dec	(hl)
                                    794 ;E:\Dropbox\FAUSTO\SVILUPPI\MSX\CODE\C\MSXgl\engine/src/vgm/lvgm_player.c:340: return;
    0000016D C9               [10]  795 	ret
                                    796 ;E:\Dropbox\FAUSTO\SVILUPPI\MSX\CODE\C\MSXgl\engine/src/vgm/lvgm_player.c:344: while (1)
    0000016E                        797 00121$:
                                    798 ;E:\Dropbox\FAUSTO\SVILUPPI\MSX\CODE\C\MSXgl\engine/src/vgm/lvgm_player.c:346: u8 op = *g_LVGM_Pointer & 0xF0;
    0000016E 2Ar02r00         [16]  799 	ld	hl, (_g_LVGM_Pointer)
    00000171 4E               [ 7]  800 	ld	c, (hl)
    00000172 79               [ 4]  801 	ld	a, c
    00000173 E6 F0            [ 7]  802 	and	a, #0xf0
                                    803 ;E:\Dropbox\FAUSTO\SVILUPPI\MSX\CODE\C\MSXgl\engine/src/vgm/lvgm_player.c:348: if (op == 0xE0) // Wait n+1 cycles (1~16)
    00000175 FE E0            [ 7]  804 	cp	a, #0xe0
    00000177 20 13            [12]  805 	jr	NZ, 00118$
                                    806 ;E:\Dropbox\FAUSTO\SVILUPPI\MSX\CODE\C\MSXgl\engine/src/vgm/lvgm_player.c:350: g_LVGM_Wait += (*g_LVGM_Pointer & 0x0F);
    00000179 79               [ 4]  807 	ld	a, c
    0000017A E6 0F            [ 7]  808 	and	a, #0x0f
    0000017C 4F               [ 4]  809 	ld	c, a
    0000017D 3Ar08r00         [13]  810 	ld	a, (_g_LVGM_Wait+0)
    00000180 81               [ 4]  811 	add	a, c
    00000181 32r08r00         [13]  812 	ld	(_g_LVGM_Wait+0), a
                                    813 ;E:\Dropbox\FAUSTO\SVILUPPI\MSX\CODE\C\MSXgl\engine/src/vgm/lvgm_player.c:351: g_LVGM_Pointer++;
    00000184 2Ar02r00         [16]  814 	ld	hl, (_g_LVGM_Pointer)
    00000187 23               [ 6]  815 	inc	hl
    00000188 22r02r00         [16]  816 	ld	(_g_LVGM_Pointer), hl
                                    817 ;E:\Dropbox\FAUSTO\SVILUPPI\MSX\CODE\C\MSXgl\engine/src/vgm/lvgm_player.c:352: return;
    0000018B C9               [10]  818 	ret
    0000018C                        819 00118$:
                                    820 ;E:\Dropbox\FAUSTO\SVILUPPI\MSX\CODE\C\MSXgl\engine/src/vgm/lvgm_player.c:354: else if (op == 0xF0) // Special markers
    0000018C D6 F0            [ 7]  821 	sub	a, #0xf0
    0000018E 20 66            [12]  822 	jr	NZ, 00115$
                                    823 ;E:\Dropbox\FAUSTO\SVILUPPI\MSX\CODE\C\MSXgl\engine/src/vgm/lvgm_player.c:356: switch (*g_LVGM_Pointer)
    00000190 79               [ 4]  824 	ld	a,c
    00000191 FE F0            [ 7]  825 	cp	a,#0xf0
    00000193 28 0E            [12]  826 	jr	Z, 00105$
    00000195 FE FD            [ 7]  827 	cp	a,#0xfd
    00000197 28 1E            [12]  828 	jr	Z, 00106$
    00000199 D6 FE            [ 7]  829 	sub	a, #0xfe
    0000019B 28 2E            [12]  830 	jr	Z, 00109$
    0000019D 0C               [ 4]  831 	inc	c
    0000019E 28 3D            [12]  832 	jr	Z, 00110$
    000001A0 C3rFCr01         [10]  833 	jp	00119$
                                    834 ;E:\Dropbox\FAUSTO\SVILUPPI\MSX\CODE\C\MSXgl\engine/src/vgm/lvgm_player.c:359: case LVGM_OP_PSG: // PSG / AY-3-8910
    000001A3                        835 00105$:
                                    836 ;E:\Dropbox\FAUSTO\SVILUPPI\MSX\CODE\C\MSXgl\engine/src/vgm/lvgm_player.c:360: g_LVGM_CurChip = LVGM_CHIP_PSG;
    000001A3 21r0Ar00         [10]  837 	ld	hl, #_g_LVGM_CurChip
    000001A6 36 01            [10]  838 	ld	(hl), #0x01
                                    839 ;E:\Dropbox\FAUSTO\SVILUPPI\MSX\CODE\C\MSXgl\engine/src/vgm/lvgm_player.c:361: g_LVGM_Decode = LVGM_DecodePSG;
    000001A8 FD 21r0Br00      [14]  840 	ld	iy, #_g_LVGM_Decode
    000001AC FD 36 00r00      [19]  841 	ld	0 (iy), #<(_LVGM_DecodePSG)
    000001B0 FD 36 01s00      [19]  842 	ld	1 (iy), #>(_LVGM_DecodePSG)
                                    843 ;E:\Dropbox\FAUSTO\SVILUPPI\MSX\CODE\C\MSXgl\engine/src/vgm/lvgm_player.c:362: break;
    000001B4 C3rFCr01         [10]  844 	jp	00119$
                                    845 ;E:\Dropbox\FAUSTO\SVILUPPI\MSX\CODE\C\MSXgl\engine/src/vgm/lvgm_player.c:407: case LVGM_OP_NOTIFY:
    000001B7                        846 00106$:
                                    847 ;E:\Dropbox\FAUSTO\SVILUPPI\MSX\CODE\C\MSXgl\engine/src/vgm/lvgm_player.c:409: if (g_LVGM_Callback(*++g_LVGM_Pointer))
    000001B7 2Ar02r00         [16]  848 	ld	hl, (_g_LVGM_Pointer)
    000001BA 23               [ 6]  849 	inc	hl
    000001BB 22r02r00         [16]  850 	ld	(_g_LVGM_Pointer), hl
    000001BE 7E               [ 7]  851 	ld	a, (hl)
    000001BF 2Ar00r00         [16]  852 	ld	hl, (_g_LVGM_Callback)
    000001C2 CDr00r00         [17]  853 	call	___sdcc_call_hl
    000001C5 B7               [ 4]  854 	or	a, a
    000001C6 28 34            [12]  855 	jr	Z, 00119$
                                    856 ;E:\Dropbox\FAUSTO\SVILUPPI\MSX\CODE\C\MSXgl\engine/src/vgm/lvgm_player.c:410: continue;
    000001C8 C3r6Er01         [10]  857 	jp	00121$
                                    858 ;E:\Dropbox\FAUSTO\SVILUPPI\MSX\CODE\C\MSXgl\engine/src/vgm/lvgm_player.c:416: case LVGM_OP_LOOP: // Loop position
    000001CB                        859 00109$:
                                    860 ;E:\Dropbox\FAUSTO\SVILUPPI\MSX\CODE\C\MSXgl\engine/src/vgm/lvgm_player.c:418: g_LVGM_Callback(0xFE);
    000001CB 3E FE            [ 7]  861 	ld	a, #0xfe
    000001CD 2Ar00r00         [16]  862 	ld	hl, (_g_LVGM_Callback)
    000001D0 CDr00r00         [17]  863 	call	___sdcc_call_hl
                                    864 ;E:\Dropbox\FAUSTO\SVILUPPI\MSX\CODE\C\MSXgl\engine/src/vgm/lvgm_player.c:420: g_LVGM_LoopAddr = g_LVGM_Pointer + 1;
    000001D3 2Ar02r00         [16]  865 	ld	hl, (_g_LVGM_Pointer)
    000001D6 23               [ 6]  866 	inc	hl
    000001D7 22r04r00         [16]  867 	ld	(_g_LVGM_LoopAddr), hl
                                    868 ;E:\Dropbox\FAUSTO\SVILUPPI\MSX\CODE\C\MSXgl\engine/src/vgm/lvgm_player.c:421: break;
    000001DA C3rFCr01         [10]  869 	jp	00119$
                                    870 ;E:\Dropbox\FAUSTO\SVILUPPI\MSX\CODE\C\MSXgl\engine/src/vgm/lvgm_player.c:423: case LVGM_OP_END: // End of song
    000001DD                        871 00110$:
                                    872 ;E:\Dropbox\FAUSTO\SVILUPPI\MSX\CODE\C\MSXgl\engine/src/vgm/lvgm_player.c:424: if (g_LVGM_State & LVGM_STATE_LOOP) // handle loop
    000001DD 3Ar09r00         [13]  873 	ld	a, (_g_LVGM_State+0)
    000001E0 CB 4F            [ 8]  874 	bit	1, a
    000001E2 CAr2Br01         [10]  875 	jp	Z,_LVGM_Stop
                                    876 ;E:\Dropbox\FAUSTO\SVILUPPI\MSX\CODE\C\MSXgl\engine/src/vgm/lvgm_player.c:427: g_LVGM_Callback(0xFF);
    000001E5 3E FF            [ 7]  877 	ld	a, #0xff
    000001E7 2Ar00r00         [16]  878 	ld	hl, (_g_LVGM_Callback)
    000001EA CDr00r00         [17]  879 	call	___sdcc_call_hl
                                    880 ;E:\Dropbox\FAUSTO\SVILUPPI\MSX\CODE\C\MSXgl\engine/src/vgm/lvgm_player.c:429: g_LVGM_Pointer = g_LVGM_LoopAddr;
    000001ED 2Ar04r00         [16]  881 	ld	hl, (_g_LVGM_LoopAddr)
                                    882 ;E:\Dropbox\FAUSTO\SVILUPPI\MSX\CODE\C\MSXgl\engine/src/vgm/lvgm_player.c:430: break;
                                    883 ;E:\Dropbox\FAUSTO\SVILUPPI\MSX\CODE\C\MSXgl\engine/src/vgm/lvgm_player.c:432: LVGM_Stop();
                                    884 ;E:\Dropbox\FAUSTO\SVILUPPI\MSX\CODE\C\MSXgl\engine/src/vgm/lvgm_player.c:433: return;
    000001F0 22r02r00         [16]  885 	ld	(_g_LVGM_Pointer), hl
    000001F3 C3rFCr01         [10]  886 	jp	00119$
                                    887 ;E:\Dropbox\FAUSTO\SVILUPPI\MSX\CODE\C\MSXgl\engine/src/vgm/lvgm_player.c:434: }
    000001F6                        888 00115$:
                                    889 ;E:\Dropbox\FAUSTO\SVILUPPI\MSX\CODE\C\MSXgl\engine/src/vgm/lvgm_player.c:437: g_LVGM_Decode();
    000001F6 2Ar0Br00         [16]  890 	ld	hl, (_g_LVGM_Decode)
    000001F9 CDr00r00         [17]  891 	call	___sdcc_call_hl
    000001FC                        892 00119$:
                                    893 ;E:\Dropbox\FAUSTO\SVILUPPI\MSX\CODE\C\MSXgl\engine/src/vgm/lvgm_player.c:439: g_LVGM_Pointer++;
    000001FC 2Ar02r00         [16]  894 	ld	hl, (_g_LVGM_Pointer)
    000001FF 23               [ 6]  895 	inc	hl
    00000200 22r02r00         [16]  896 	ld	(_g_LVGM_Pointer), hl
                                    897 ;E:\Dropbox\FAUSTO\SVILUPPI\MSX\CODE\C\MSXgl\engine/src/vgm/lvgm_player.c:441: }
    00000203 C3r6Er01         [10]  898 	jp	00121$
                                    899 ;E:\Dropbox\FAUSTO\SVILUPPI\MSX\CODE\C\MSXgl\engine/src/vgm/lvgm_player.c:445: bool LVGM_Defaultcallback(u8 id) { id; return TRUE; }
                                    900 ;	---------------------------------
                                    901 ; Function LVGM_Defaultcallback
                                    902 ; ---------------------------------
    00000206                        903 _LVGM_Defaultcallback::
    00000206 3E 01            [ 7]  904 	ld	a, #0x01
    00000208 C9               [10]  905 	ret
                                    906 	.area _CODE
                                    907 	.area _INITIALIZER
    00000000                        908 __xinit__g_LVGM_Callback:
    00000000r06r02                  909 	.dw _LVGM_Defaultcallback
                                    910 	.area _CABS (ABS)
