                                      1 ;--------------------------------------------------------
                                      2 ; File Created by SDCC : free open source ANSI-C Compiler
                                      3 ; Version 4.2.0 #13081 (MINGW64)
                                      4 ;--------------------------------------------------------
                                      5 	.module memory
                                      6 	.optsdcc -mz80
                                      7 	
                                      8 ;--------------------------------------------------------
                                      9 ; Public variables in this module
                                     10 ;--------------------------------------------------------
                                     11 	.globl _g_StackAddress
                                     12 	.globl _Mem_GetStackAddress
                                     13 	.globl _Mem_HeapAlloc
                                     14 	.globl _Mem_HeapFree
                                     15 	.globl _Mem_Copy
                                     16 	.globl _Mem_Set
                                     17 	.globl _Mem_Set_16b
                                     18 	.globl _Mem_FastSet
                                     19 ;--------------------------------------------------------
                                     20 ; special function registers
                                     21 ;--------------------------------------------------------
                                     22 ;--------------------------------------------------------
                                     23 ; ram data
                                     24 ;--------------------------------------------------------
                                     25 	.area _DATA
    00000000                         26 _g_StackAddress::
    00000000                         27 	.ds 2
                                     28 ;--------------------------------------------------------
                                     29 ; ram data
                                     30 ;--------------------------------------------------------
                                     31 	.area _INITIALIZED
                                     32 ;--------------------------------------------------------
                                     33 ; absolute external ram data
                                     34 ;--------------------------------------------------------
                                     35 	.area _DABS (ABS)
                                     36 ;--------------------------------------------------------
                                     37 ; global & static initialisations
                                     38 ;--------------------------------------------------------
                                     39 	.area _HOME
                                     40 	.area _GSINIT
                                     41 	.area _GSFINAL
                                     42 	.area _GSINIT
                                     43 ;--------------------------------------------------------
                                     44 ; Home
                                     45 ;--------------------------------------------------------
                                     46 	.area _HOME
                                     47 	.area _HOME
                                     48 ;--------------------------------------------------------
                                     49 ; code
                                     50 ;--------------------------------------------------------
                                     51 	.area _CODE
                                     52 ;E:\Dropbox\FAUSTO\SVILUPPI\MSX\CODE\C\MSXgl\engine/src/memory.c:24: u16 Mem_GetStackAddress() __NAKED
                                     53 ;	---------------------------------
                                     54 ; Function Mem_GetStackAddress
                                     55 ; ---------------------------------
    00000000                         56 _Mem_GetStackAddress::
                                     57 ;E:\Dropbox\FAUSTO\SVILUPPI\MSX\CODE\C\MSXgl\engine/src/memory.c:30: __endasm;
    00000000 ED 73r00r00      [20]   58 	ld	(_g_StackAddress), sp
    00000004 ED 5Br00r00      [20]   59 	ld	de, (_g_StackAddress)
    00000008 C9               [10]   60 	ret
                                     61 ;E:\Dropbox\FAUSTO\SVILUPPI\MSX\CODE\C\MSXgl\engine/src/memory.c:31: }
                                     62 ;E:\Dropbox\FAUSTO\SVILUPPI\MSX\CODE\C\MSXgl\engine/src/memory.c:35: void* Mem_HeapAlloc(u16 size)
                                     63 ;	---------------------------------
                                     64 ; Function Mem_HeapAlloc
                                     65 ; ---------------------------------
    00000009                         66 _Mem_HeapAlloc::
    00000009 4D               [ 4]   67 	ld	c, l
    0000000A 44               [ 4]   68 	ld	b, h
                                     69 ;E:\Dropbox\FAUSTO\SVILUPPI\MSX\CODE\C\MSXgl\engine/src/memory.c:37: u16 addr = g_HeapStartAddress;
    0000000B ED 5Br00r00      [20]   70 	ld	de, (_g_HeapStartAddress)
                                     71 ;E:\Dropbox\FAUSTO\SVILUPPI\MSX\CODE\C\MSXgl\engine/src/memory.c:38: g_HeapStartAddress += size;
    0000000F 21r00r00         [10]   72 	ld	hl, #_g_HeapStartAddress
    00000012 7E               [ 7]   73 	ld	a, (hl)
    00000013 81               [ 4]   74 	add	a, c
    00000014 77               [ 7]   75 	ld	(hl), a
    00000015 23               [ 6]   76 	inc	hl
    00000016 7E               [ 7]   77 	ld	a, (hl)
    00000017 88               [ 4]   78 	adc	a, b
    00000018 77               [ 7]   79 	ld	(hl), a
                                     80 ;E:\Dropbox\FAUSTO\SVILUPPI\MSX\CODE\C\MSXgl\engine/src/memory.c:39: return (void*)addr;
                                     81 ;E:\Dropbox\FAUSTO\SVILUPPI\MSX\CODE\C\MSXgl\engine/src/memory.c:40: }
    00000019 C9               [10]   82 	ret
                                     83 ;E:\Dropbox\FAUSTO\SVILUPPI\MSX\CODE\C\MSXgl\engine/src/memory.c:44: void Mem_HeapFree(u16 size)
                                     84 ;	---------------------------------
                                     85 ; Function Mem_HeapFree
                                     86 ; ---------------------------------
    0000001A                         87 _Mem_HeapFree::
    0000001A EB               [ 4]   88 	ex	de, hl
                                     89 ;E:\Dropbox\FAUSTO\SVILUPPI\MSX\CODE\C\MSXgl\engine/src/memory.c:46: g_HeapStartAddress -= size;	
    0000001B 21r00r00         [10]   90 	ld	hl, #_g_HeapStartAddress
    0000001E 7E               [ 7]   91 	ld	a, (hl)
    0000001F 93               [ 4]   92 	sub	a, e
    00000020 77               [ 7]   93 	ld	(hl), a
    00000021 23               [ 6]   94 	inc	hl
    00000022 7E               [ 7]   95 	ld	a, (hl)
    00000023 9A               [ 4]   96 	sbc	a, d
    00000024 77               [ 7]   97 	ld	(hl), a
                                     98 ;E:\Dropbox\FAUSTO\SVILUPPI\MSX\CODE\C\MSXgl\engine/src/memory.c:47: }
    00000025 C9               [10]   99 	ret
                                    100 ;E:\Dropbox\FAUSTO\SVILUPPI\MSX\CODE\C\MSXgl\engine/src/memory.c:52: void Mem_Copy(const void* src, void* dest, u16 size) __NAKED // Stack: 4 bytes
                                    101 ;	---------------------------------
                                    102 ; Function Mem_Copy
                                    103 ; ---------------------------------
    00000026                        104 _Mem_Copy::
                                    105 ;E:\Dropbox\FAUSTO\SVILUPPI\MSX\CODE\C\MSXgl\engine/src/memory.c:72: __endasm;
    00000026 FD E1            [14]  106 	pop	iy
    00000028 C1               [10]  107 	pop	bc
    00000029 ED B0            [21]  108 	ldir
    0000002B                        109 	mem_copy_end:
    0000002B FD E9            [ 8]  110 	jp	(iy)
                                    111 ;E:\Dropbox\FAUSTO\SVILUPPI\MSX\CODE\C\MSXgl\engine/src/memory.c:73: }
                                    112 ;E:\Dropbox\FAUSTO\SVILUPPI\MSX\CODE\C\MSXgl\engine/src/memory.c:127: void Mem_Set(u8 val, void* dest, u16 size) __NAKED // Stack: 4 bytes
                                    113 ;	---------------------------------
                                    114 ; Function Mem_Set
                                    115 ; ---------------------------------
    0000002D                        116 _Mem_Set::
                                    117 ;E:\Dropbox\FAUSTO\SVILUPPI\MSX\CODE\C\MSXgl\engine/src/memory.c:155: __endasm;
    0000002D D5               [11]  118 	push	de
    0000002E E1               [10]  119 	pop	hl
    0000002F 77               [ 7]  120 	ld	(hl), a
    00000030 13               [ 6]  121 	inc	de
    00000031 FD E1            [14]  122 	pop	iy
    00000033 C1               [10]  123 	pop	bc
    00000034 0B               [ 6]  124 	dec	bc
    00000035 ED B0            [21]  125 	ldir
    00000037                        126 	mem_fill_end:
    00000037 FD E9            [ 8]  127 	jp	(iy)
                                    128 ;E:\Dropbox\FAUSTO\SVILUPPI\MSX\CODE\C\MSXgl\engine/src/memory.c:156: }
                                    129 ;E:\Dropbox\FAUSTO\SVILUPPI\MSX\CODE\C\MSXgl\engine/src/memory.c:161: void Mem_Set_16b(u16 val, void* dest, u16 size)
                                    130 ;	---------------------------------
                                    131 ; Function Mem_Set_16b
                                    132 ; ---------------------------------
    00000039                        133 _Mem_Set_16b::
                                    134 ;E:\Dropbox\FAUSTO\SVILUPPI\MSX\CODE\C\MSXgl\engine/src/memory.c:196: __endasm;
    00000039 D5               [11]  135 	push	de
    0000003A EB               [ 4]  136 	ex	de, hl
    0000003B 72               [ 7]  137 	ld	(hl), d
    0000003C 23               [ 6]  138 	inc	hl
    0000003D 73               [ 7]  139 	ld	(hl), e
    0000003E 23               [ 6]  140 	inc	hl
    0000003F EB               [ 4]  141 	ex	de, hl
    00000040 E1               [10]  142 	pop	hl
    00000041 FD E1            [14]  143 	pop	iy
    00000043 C1               [10]  144 	pop	bc
    00000044 0B               [ 6]  145 	dec	bc
    00000045 0B               [ 6]  146 	dec	bc
    00000046 ED B0            [21]  147 	ldir
    00000048                        148 	mem_fill16_end:
    00000048 FD E9            [ 8]  149 	jp	(iy)
                                    150 ;E:\Dropbox\FAUSTO\SVILUPPI\MSX\CODE\C\MSXgl\engine/src/memory.c:197: }
    0000004A E1               [10]  151 	pop	hl
    0000004B F1               [10]  152 	pop	af
    0000004C E9               [ 4]  153 	jp	(hl)
                                    154 ;E:\Dropbox\FAUSTO\SVILUPPI\MSX\CODE\C\MSXgl\engine/src/memory.c:202: void Mem_FastSet(u8 val, void* dest, u16 size) __NAKED // Stack: 4 bytes
                                    155 ;	---------------------------------
                                    156 ; Function Mem_FastSet
                                    157 ; ---------------------------------
    0000004D                        158 _Mem_FastSet::
                                    159 ;E:\Dropbox\FAUSTO\SVILUPPI\MSX\CODE\C\MSXgl\engine/src/memory.c:251: __endasm;
    0000004D D5               [11]  160 	push	de
    0000004E E1               [10]  161 	pop	hl
    0000004F 77               [ 7]  162 	ld	(hl), a
    00000050 13               [ 6]  163 	inc	de
    00000051 FD E1            [14]  164 	pop	iy
    00000053 C1               [10]  165 	pop	bc
    00000054 0B               [ 6]  166 	dec	bc
    00000055                        167 	mem_fastfill_setup:
    00000055 AF               [ 4]  168 	xor	a
    00000056 91               [ 4]  169 	sub	c
    00000057 E6 0F            [ 7]  170 	and	#15
    00000059 CAr69r00         [10]  171 	jp	z, mem_fastfill_loop
    0000005C 87               [ 4]  172 	add	a
    0000005D D9               [ 4]  173 	exx
    0000005E C6r69            [ 7]  174 	add	a, #mem_fastfill_loop
    00000060 6F               [ 4]  175 	ld	l, a
    00000061 3E 00            [ 7]  176 	ld	a, #0
    00000063 CEs00            [ 7]  177 	adc	a, #mem_fastfill_loop >> 8
    00000065 67               [ 4]  178 	ld	h, a
    00000066 E5               [11]  179 	push	hl
    00000067 D9               [ 4]  180 	exx
    00000068 C9               [10]  181 	ret
    00000069                        182 	mem_fastfill_loop:
                                    183 	.rept	16
                                    184 	ldi
                                    185 	.endm
    00000069 ED A0            [16]    1 	ldi
    0000006B ED A0            [16]    1 	ldi
    0000006D ED A0            [16]    1 	ldi
    0000006F ED A0            [16]    1 	ldi
    00000071 ED A0            [16]    1 	ldi
    00000073 ED A0            [16]    1 	ldi
    00000075 ED A0            [16]    1 	ldi
    00000077 ED A0            [16]    1 	ldi
    00000079 ED A0            [16]    1 	ldi
    0000007B ED A0            [16]    1 	ldi
    0000007D ED A0            [16]    1 	ldi
    0000007F ED A0            [16]    1 	ldi
    00000081 ED A0            [16]    1 	ldi
    00000083 ED A0            [16]    1 	ldi
    00000085 ED A0            [16]    1 	ldi
    00000087 ED A0            [16]    1 	ldi
    00000089 EAr69r00         [10]  186 	jp	pe, mem_fastfill_loop
    0000008C                        187 	mem_fastfill_end:
    0000008C FD E9            [ 8]  188 	jp	(iy)
                                    189 ;E:\Dropbox\FAUSTO\SVILUPPI\MSX\CODE\C\MSXgl\engine/src/memory.c:252: }
                                    190 	.area _CODE
                                    191 	.area _INITIALIZER
                                    192 	.area _CABS (ABS)
