                                      1 ;--------------------------------------------------------
                                      2 ; File Created by SDCC : free open source ANSI-C Compiler
                                      3 ; Version 4.2.0 #13081 (MINGW64)
                                      4 ;--------------------------------------------------------
                                      5 	.module soccerlg_s13_b3
                                      6 	.optsdcc -mz80
                                      7 	
                                      8 ;--------------------------------------------------------
                                      9 ; Public variables in this module
                                     10 ;--------------------------------------------------------
                                     11 	.globl _YSCC_Play
                                     12 	.globl _ShowMenu
                                     13 	.globl _UpdateSpritesPositions
                                     14 	.globl _Math_Abs32
                                     15 	.globl _CallFnc_VOID
                                     16 	.globl _V9990_WaitSynch
                                     17 	.globl _g_SLTSL
                                     18 	.globl _g_GRPACY
                                     19 	.globl _g_GRPACX
                                     20 	.globl _g_LOGOPR
                                     21 	.globl _g_CMASK
                                     22 	.globl _g_CLOC
                                     23 	.globl _g_FNKSTR
                                     24 	.globl _g_ATRBYT
                                     25 	.globl _g_BDRCLR
                                     26 	.globl _g_BAKCLR
                                     27 	.globl _g_FORCLR
                                     28 	.globl _g_CSRX
                                     29 	.globl _g_CSRY
                                     30 	.globl _g_CLIKSW
                                     31 	.globl _g_MLTPAT
                                     32 	.globl _g_MLTATR
                                     33 	.globl _g_MLTCGP
                                     34 	.globl _g_MLTCOL
                                     35 	.globl _g_MLTNAM
                                     36 	.globl _g_GRPPAT
                                     37 	.globl _g_GRPATR
                                     38 	.globl _g_GRPCGP
                                     39 	.globl _g_GRPCOL
                                     40 	.globl _g_GRPNAM
                                     41 	.globl _g_T32PAT
                                     42 	.globl _g_T32ATR
                                     43 	.globl _g_T32CGP
                                     44 	.globl _g_T32COL
                                     45 	.globl _g_T32NAM
                                     46 	.globl _g_TXTPAT
                                     47 	.globl _g_TXTATR
                                     48 	.globl _g_TXTCGP
                                     49 	.globl _g_TXTCOL
                                     50 	.globl _g_TXTNAM
                                     51 	.globl _g_CLMLST
                                     52 	.globl _g_CRTCNT
                                     53 	.globl _g_LINLEN
                                     54 	.globl _g_LINL32
                                     55 	.globl _g_LINL40
                                     56 	.globl _g_BDOS
                                     57 	.globl _g_MASTER
                                     58 	.globl _g_RAMAD3
                                     59 	.globl _g_RAMAD2
                                     60 	.globl _g_RAMAD1
                                     61 	.globl _g_RAMAD0
                                     62 	.globl _g_BREAKV
                                     63 	.globl _g_DISKVE
                                     64 	.globl _g_KANJTABLE
                                     65 	.globl _g_STRSRC
                                     66 	.globl _g_SUBRID
                                     67 	.globl _g_CHAR_16
                                     68 	.globl _g_MSXMID
                                     69 	.globl _g_MSXVER
                                     70 	.globl _g_ROMVersion
                                     71 	.globl _g_BASRVN
                                     72 	.globl _g_VDP_DW
                                     73 	.globl _g_VDP_DR
                                     74 	.globl _g_CGTABL
                                     75 	.globl _g_SVFFFD
                                     76 	.globl _g_RG27SAV
                                     77 	.globl _g_RG26SAV
                                     78 	.globl _g_RG25SAV
                                     79 	.globl _g_SVFFF8
                                     80 	.globl _g_MINROM
                                     81 	.globl _g_RG23SAV
                                     82 	.globl _g_RG22SAV
                                     83 	.globl _g_RG21SAV
                                     84 	.globl _g_RG20SAV
                                     85 	.globl _g_RG19SAV
                                     86 	.globl _g_RG18SAV
                                     87 	.globl _g_RG17SAV
                                     88 	.globl _g_RG16SAV
                                     89 	.globl _g_RG15SAV
                                     90 	.globl _g_RG14SAV
                                     91 	.globl _g_RG13SAV
                                     92 	.globl _g_RG12SAV
                                     93 	.globl _g_RG11SAV
                                     94 	.globl _g_RG10SAV
                                     95 	.globl _g_RG09SAV
                                     96 	.globl _g_RG08SAV
                                     97 	.globl _g_PROCNM
                                     98 	.globl _g_SLTWRK
                                     99 	.globl _g_SLTATR
                                    100 	.globl _g_SLTTBL
                                    101 	.globl _g_EXPTBL
                                    102 	.globl _g_MNROM
                                    103 	.globl _g_DRWANG
                                    104 	.globl _g_DRWSCL
                                    105 	.globl _g_DRWFLG
                                    106 	.globl _g_GYPOS
                                    107 	.globl _g_GXPOS
                                    108 	.globl _g_BRDATR
                                    109 	.globl _g_CASPRV
                                    110 	.globl _g_OLDSCR
                                    111 	.globl _g_SCRMOD
                                    112 	.globl _g_FLBMEM
                                    113 	.globl _g_KANAMD
                                    114 	.globl _g_KANAST
                                    115 	.globl _g_CAPST
                                    116 	.globl _g_CSTYLE
                                    117 	.globl _g_CSRSW
                                    118 	.globl _g_INSFLG
                                    119 	.globl _g_ESCCNT
                                    120 	.globl _g_GRPHED
                                    121 	.globl _g_WINWID
                                    122 	.globl _g_LOWLIM
                                    123 	.globl _g_INTCNT
                                    124 	.globl _g_INTVAL
                                    125 	.globl _g_JIFFY
                                    126 	.globl _g_PADX
                                    127 	.globl _g_PADY
                                    128 	.globl _g_INTFLG
                                    129 	.globl _g_RTYCNT
                                    130 	.globl _g_TRPTBL
                                    131 	.globl _g_HIMEM
                                    132 	.globl _g_BOTTOM
                                    133 	.globl _g_PATWRK
                                    134 	.globl _g_LINWRK
                                    135 	.globl _g_KEYBUF
                                    136 	.globl _g_NEWKEY
                                    137 	.globl _g_OLDKEY
                                    138 	.globl _g_CLIKFL
                                    139 	.globl _g_ONGSBF
                                    140 	.globl _g_FNKFLG
                                    141 	.globl _g_FNKSWI
                                    142 	.globl _g_CODSAV
                                    143 	.globl _g_FSTPOS
                                    144 	.globl _g_LINTTB
                                    145 	.globl _g_BASROM
                                    146 	.globl _g_ENSTOP
                                    147 	.globl _g_VCBC
                                    148 	.globl _g_VCBB
                                    149 	.globl _g_VCBA
                                    150 	.globl _g_PLYCNT
                                    151 	.globl _g_MUSICF
                                    152 	.globl _g_QUEUEN
                                    153 	.globl _g_MCLPTR
                                    154 	.globl _g_MCLLEN
                                    155 	.globl _g_SAVVOL
                                    156 	.globl _g_VOICEN
                                    157 	.globl _g_SAVSP
                                    158 	.globl _g_PRSCNT
                                    159 	.globl _g_LSTMOD
                                    160 	.globl _g_LSTCOM
                                    161 	.globl _g_COMMSK
                                    162 	.globl _g_ESTBLS
                                    163 	.globl _g_FLAGS
                                    164 	.globl _g_ERRORS
                                    165 	.globl _g_DATCNT
                                    166 	.globl _g_DEVNUM
                                    167 	.globl _g_OLDINT
                                    168 	.globl _g_OLDSTT
                                    169 	.globl _g_MEXBIh
                                    170 	.globl _g_RSIQLN
                                    171 	.globl _g_RSFCB
                                    172 	.globl _g_TOCNT
                                    173 	.globl _g_RSTMP
                                    174 	.globl _g_YSAVE
                                    175 	.globl _g_XSAVE
                                    176 	.globl _g_NORUSE
                                    177 	.globl _g_MODE
                                    178 	.globl _g_ROMA
                                    179 	.globl _g_CHRCNT
                                    180 	.globl _g_EXBRSA
                                    181 	.globl _g_AVCSAV
                                    182 	.globl _g_ACPAGE
                                    183 	.globl _g_DPPAGE
                                    184 	.globl _g_RS2IQ
                                    185 	.globl _g_VOICCQ
                                    186 	.globl _g_VOICBQ
                                    187 	.globl _g_VOICAQ
                                    188 	.globl _g_QUEBAK
                                    189 	.globl _g_QUETAB
                                    190 	.globl _g_ASPCT2
                                    191 	.globl _g_ASPCT1
                                    192 	.globl _g_HEADER
                                    193 	.globl _g_HIGH
                                    194 	.globl _g_LOW
                                    195 	.globl _g_CS240
                                    196 	.globl _g_CS120
                                    197 	.globl _g_GETPNT
                                    198 	.globl _g_PUTPNT
                                    199 	.globl _g_REPCNT
                                    200 	.globl _g_SCNCNT
                                    201 	.globl _g_FRCNEW
                                    202 	.globl _g_QUEUES
                                    203 	.globl _g_MINUPD
                                    204 	.globl _g_MAXUPD
                                    205 	.globl _g_TRGFLG
                                    206 	.globl _g_STATFL
                                    207 	.globl _g_RG7SAV
                                    208 	.globl _g_RG6SAV
                                    209 	.globl _g_RG5SAV
                                    210 	.globl _g_RG4SAV
                                    211 	.globl _g_RG3SAV
                                    212 	.globl _g_RG2SAV
                                    213 	.globl _g_RG1SAV
                                    214 	.globl _g_RG0SAV
                                    215 	.globl _g_CNSDFG
                                    216 	.globl _g_USRTAB
                                    217 	.globl _g_CLPRIM
                                    218 	.globl _g_WRPRIM
                                    219 	.globl _g_RDPRIM
                                    220 	.globl _TeamVictory
                                    221 ;--------------------------------------------------------
                                    222 ; special function registers
                                    223 ;--------------------------------------------------------
                         000000A8   224 _g_PortPrimarySlot	=	0x00a8
                         000000A9   225 _g_PortReadKeyboard	=	0x00a9
                         000000AA   226 _g_PortAccessKeyboard	=	0x00aa
                         000000AB   227 _g_PortControl	=	0x00ab
                         00000098   228 _g_VDP_DataPort	=	0x0098
                         00000099   229 _g_VDP_RegPort	=	0x0099
                         00000099   230 _g_VDP_AddrPort	=	0x0099
                         00000099   231 _g_VDP_StatPort	=	0x0099
                         000000A0   232 _g_PSG_RegPort	=	0x00a0
                         000000A1   233 _g_PSG_DataPort	=	0x00a1
                         000000A2   234 _g_PSG_StatPort	=	0x00a2
                         00000010   235 _g_PSG_Ext_RegPort	=	0x0010
                         00000011   236 _g_PSG_Ext_DataPort	=	0x0011
                         00000012   237 _g_PSG_Ext_StatPort	=	0x0012
                         0000007C   238 _g_MSXMusic_IndexPort	=	0x007c
                         0000007D   239 _g_MSXMusic_DataPort	=	0x007d
                         000000C0   240 _g_MSXAudio_IndexPort	=	0x00c0
                         000000C1   241 _g_MSXAudio_DataPort	=	0x00c1
                         000000C2   242 _g_MSXAudio_IndexPort2	=	0x00c2
                         000000C3   243 _g_MSXAudio_DataPort2	=	0x00c3
                         000000B4   244 _g_RTC_AddrPort	=	0x00b4
                         000000B5   245 _g_RTC_DataPort	=	0x00b5
                         00000060   246 _g_V9_VRAMPort	=	0x0060
                         00000061   247 _g_V9_PalettePort	=	0x0061
                         00000062   248 _g_V9_CmdDataPort	=	0x0062
                         00000063   249 _g_V9_RegDataPort	=	0x0063
                         00000064   250 _g_V9_RegSelectPort	=	0x0064
                         00000065   251 _g_V9_SatusPort	=	0x0065
                         00000066   252 _g_V9_IntFlagPort	=	0x0066
                         00000067   253 _g_V9_SysCtrlPort	=	0x0067
                         00000068   254 _g_V9_KanjiAddrLPort	=	0x0068
                         00000069   255 _g_V9_KanjiAddrHPort	=	0x0069
                         00000069   256 _g_V9_KanjiDataPort	=	0x0069
                         0000006A   257 _g_V9_Kanji2AddrLPort	=	0x006a
                         0000006B   258 _g_V9_Kanji2AddrHPort	=	0x006b
                         0000006B   259 _g_V9_Kanji2DataPort	=	0x006b
                         0000006F   260 _g_V9_OutputCtrPort	=	0x006f
                                    261 ;--------------------------------------------------------
                                    262 ; ram data
                                    263 ;--------------------------------------------------------
                                    264 	.area _DATA
                         0000F3AE   265 _g_LINL40	=	0xf3ae
                         0000F3AF   266 _g_LINL32	=	0xf3af
                         0000F3B0   267 _g_LINLEN	=	0xf3b0
                         0000F3B1   268 _g_CRTCNT	=	0xf3b1
                         0000F3B2   269 _g_CLMLST	=	0xf3b2
                         0000F3B3   270 _g_TXTNAM	=	0xf3b3
                         0000F3B5   271 _g_TXTCOL	=	0xf3b5
                         0000F3B7   272 _g_TXTCGP	=	0xf3b7
                         0000F3B9   273 _g_TXTATR	=	0xf3b9
                         0000F3BB   274 _g_TXTPAT	=	0xf3bb
                         0000F3BD   275 _g_T32NAM	=	0xf3bd
                         0000F3BF   276 _g_T32COL	=	0xf3bf
                         0000F3C1   277 _g_T32CGP	=	0xf3c1
                         0000F3C3   278 _g_T32ATR	=	0xf3c3
                         0000F3C5   279 _g_T32PAT	=	0xf3c5
                         0000F3C7   280 _g_GRPNAM	=	0xf3c7
                         0000F3C9   281 _g_GRPCOL	=	0xf3c9
                         0000F3CB   282 _g_GRPCGP	=	0xf3cb
                         0000F3CD   283 _g_GRPATR	=	0xf3cd
                         0000F3CF   284 _g_GRPPAT	=	0xf3cf
                         0000F3D1   285 _g_MLTNAM	=	0xf3d1
                         0000F3D3   286 _g_MLTCOL	=	0xf3d3
                         0000F3D5   287 _g_MLTCGP	=	0xf3d5
                         0000F3D7   288 _g_MLTATR	=	0xf3d7
                         0000F3D9   289 _g_MLTPAT	=	0xf3d9
                         0000F3DB   290 _g_CLIKSW	=	0xf3db
                         0000F3DC   291 _g_CSRY	=	0xf3dc
                         0000F3DD   292 _g_CSRX	=	0xf3dd
                         0000F3E9   293 _g_FORCLR	=	0xf3e9
                         0000F3EA   294 _g_BAKCLR	=	0xf3ea
                         0000F3EB   295 _g_BDRCLR	=	0xf3eb
                         0000F3F2   296 _g_ATRBYT	=	0xf3f2
                         0000F87F   297 _g_FNKSTR	=	0xf87f
                         0000F92A   298 _g_CLOC	=	0xf92a
                         0000F92C   299 _g_CMASK	=	0xf92c
                         0000FB02   300 _g_LOGOPR	=	0xfb02
                         0000FCB7   301 _g_GRPACX	=	0xfcb7
                         0000FCB9   302 _g_GRPACY	=	0xfcb9
                         0000FFFF   303 _g_SLTSL	=	0xffff
                                    304 ;--------------------------------------------------------
                                    305 ; ram data
                                    306 ;--------------------------------------------------------
                                    307 	.area _INITIALIZED
                                    308 ;--------------------------------------------------------
                                    309 ; absolute external ram data
                                    310 ;--------------------------------------------------------
                                    311 	.area _DABS (ABS)
                                    312 ;--------------------------------------------------------
                                    313 ; global & static initialisations
                                    314 ;--------------------------------------------------------
                                    315 	.area _HOME
                                    316 	.area _GSINIT
                                    317 	.area _GSFINAL
                                    318 	.area _GSINIT
                                    319 ;--------------------------------------------------------
                                    320 ; Home
                                    321 ;--------------------------------------------------------
                                    322 	.area _HOME
                                    323 	.area _HOME
                                    324 ;--------------------------------------------------------
                                    325 ; code
                                    326 ;--------------------------------------------------------
                                    327 	.area _SEG13
                                    328 ;E:\Dropbox\FAUSTO\SVILUPPI\MSX\CODE\C\MSXgl\projects\soccerlgSCC/soccerlg_s13_b3.c:25: void TeamVictory(u8 teamId) {
                                    329 ;	---------------------------------
                                    330 ; Function TeamVictory
                                    331 ; ---------------------------------
    00000000                        332 _TeamVictory::
    00000000 DD E5            [15]  333 	push	ix
    00000002 DD 21 00 00      [14]  334 	ld	ix,#0
    00000006 DD 39            [15]  335 	add	ix,sp
    00000008 21 D8 FF         [10]  336 	ld	hl, #-40
    0000000B 39               [11]  337 	add	hl, sp
    0000000C F9               [ 6]  338 	ld	sp, hl
    0000000D DD 77 F9         [19]  339 	ld	-7 (ix), a
                                    340 ;E:\Dropbox\FAUSTO\SVILUPPI\MSX\CODE\C\MSXgl\projects\soccerlgSCC/soccerlg_s13_b3.c:26: g_MatchStatus = MATCH_VICTORY_LAP;
    00000010 21r00r00         [10]  341 	ld	hl, #_g_MatchStatus
    00000013 36 10            [10]  342 	ld	(hl), #0x10
                                    343 ;E:\Dropbox\FAUSTO\SVILUPPI\MSX\CODE\C\MSXgl\projects\soccerlgSCC/soccerlg_s13_b3.c:27: g_FieldScrollingActionInProgress = NO_VALUE; // Disable ISR scrolling
    00000015 21r00r00         [10]  344 	ld	hl, #_g_FieldScrollingActionInProgress
    00000018 36 FF            [10]  345 	ld	(hl), #0xff
                                    346 ;E:\Dropbox\FAUSTO\SVILUPPI\MSX\CODE\C\MSXgl\projects\soccerlgSCC/soccerlg_s13_b3.c:30: u16 targetX = g_Ball.X;
    0000001A 21r02r00         [10]  347 	ld	hl, #_g_Ball + 2
    0000001D 7E               [ 7]  348 	ld	a, (hl)
    0000001E DD 77 DC         [19]  349 	ld	-36 (ix), a
    00000021 23               [ 6]  350 	inc	hl
    00000022 7E               [ 7]  351 	ld	a, (hl)
    00000023 DD 77 DD         [19]  352 	ld	-35 (ix), a
                                    353 ;E:\Dropbox\FAUSTO\SVILUPPI\MSX\CODE\C\MSXgl\projects\soccerlgSCC/soccerlg_s13_b3.c:31: u16 targetY = g_Ball.Y;
    00000026 21r00r00         [10]  354 	ld	hl, #_g_Ball
    00000029 7E               [ 7]  355 	ld	a, (hl)
    0000002A DD 77 DE         [19]  356 	ld	-34 (ix), a
    0000002D 23               [ 6]  357 	inc	hl
    0000002E 7E               [ 7]  358 	ld	a, (hl)
    0000002F DD 77 DF         [19]  359 	ld	-33 (ix), a
                                    360 ;E:\Dropbox\FAUSTO\SVILUPPI\MSX\CODE\C\MSXgl\projects\soccerlgSCC/soccerlg_s13_b3.c:34: g_Ball.Y = g_FieldCurrentYPosition + 240; 
    00000032 2Ar00r00         [16]  361 	ld	hl, (_g_FieldCurrentYPosition)
    00000035 11 F0 00         [10]  362 	ld	de, #0x00f0
    00000038 19               [11]  363 	add	hl, de
    00000039 EB               [ 4]  364 	ex	de, hl
    0000003A ED 53r00r00      [20]  365 	ld	(_g_Ball), de
                                    366 ;E:\Dropbox\FAUSTO\SVILUPPI\MSX\CODE\C\MSXgl\projects\soccerlgSCC/soccerlg_s13_b3.c:37: if (targetY < g_FieldCurrentYPosition || targetY > g_FieldCurrentYPosition + 212) {
    0000003E DD 4E DE         [19]  367 	ld	c, -34 (ix)
    00000041 DD 46 DF         [19]  368 	ld	b, -33 (ix)
    00000044 2Ar00r00         [16]  369 	ld	hl, (_g_FieldCurrentYPosition)
    00000047 79               [ 4]  370 	ld	a, c
    00000048 95               [ 4]  371 	sub	a, l
    00000049 78               [ 4]  372 	ld	a, b
    0000004A 9C               [ 4]  373 	sbc	a, h
    0000004B 38 0C            [12]  374 	jr	C, 00101$
    0000004D 2Ar00r00         [16]  375 	ld	hl, (_g_FieldCurrentYPosition)
    00000050 11 D4 00         [10]  376 	ld	de, #0x00d4
    00000053 19               [11]  377 	add	hl, de
    00000054 AF               [ 4]  378 	xor	a, a
    00000055 ED 42            [15]  379 	sbc	hl, bc
    00000057 30 15            [12]  380 	jr	NC, 00200$
    00000059                        381 00101$:
                                    382 ;E:\Dropbox\FAUSTO\SVILUPPI\MSX\CODE\C\MSXgl\projects\soccerlgSCC/soccerlg_s13_b3.c:38: targetY = g_FieldCurrentYPosition + 106;
    00000059 2Ar00r00         [16]  383 	ld	hl, (_g_FieldCurrentYPosition)
    0000005C 11 6A 00         [10]  384 	ld	de, #0x006a
    0000005F 19               [11]  385 	add	hl, de
    00000060 DD 75 DE         [19]  386 	ld	-34 (ix), l
    00000063 DD 74 DF         [19]  387 	ld	-33 (ix), h
                                    388 ;E:\Dropbox\FAUSTO\SVILUPPI\MSX\CODE\C\MSXgl\projects\soccerlgSCC/soccerlg_s13_b3.c:39: targetX = 128;
    00000066 DD 36 DC 80      [19]  389 	ld	-36 (ix), #0x80
    0000006A DD 36 DD 00      [19]  390 	ld	-35 (ix), #0
                                    391 ;E:\Dropbox\FAUSTO\SVILUPPI\MSX\CODE\C\MSXgl\projects\soccerlgSCC/soccerlg_s13_b3.c:43: for(u8 i=0; i<15; i++) {
    0000006E                        392 00200$:
    0000006E 11r00r00         [10]  393 	ld	de, #_g_Players+0
    00000071 0E 00            [ 7]  394 	ld	c, #0x00
    00000073                        395 00178$:
    00000073 79               [ 4]  396 	ld	a, c
    00000074 D6 0F            [ 7]  397 	sub	a, #0x0f
    00000076 30 19            [12]  398 	jr	NC, 00104$
                                    399 ;E:\Dropbox\FAUSTO\SVILUPPI\MSX\CODE\C\MSXgl\projects\soccerlgSCC/soccerlg_s13_b3.c:45: g_Players[i].Status = PLAYER_STATUS_NONE; // Active for movement
    00000078 06 00            [ 7]  400 	ld	b, #0x00
    0000007A 69               [ 4]  401 	ld	l, c
    0000007B 60               [ 4]  402 	ld	h, b
    0000007C 29               [11]  403 	add	hl, hl
    0000007D 29               [11]  404 	add	hl, hl
    0000007E 09               [11]  405 	add	hl, bc
    0000007F 29               [11]  406 	add	hl, hl
    00000080 29               [11]  407 	add	hl, hl
    00000081 09               [11]  408 	add	hl, bc
    00000082 19               [11]  409 	add	hl, de
    00000083 D5               [11]  410 	push	de
    00000084 11 12 00         [10]  411 	ld	de, #0x0012
    00000087 19               [11]  412 	add	hl, de
    00000088 D1               [10]  413 	pop	de
    00000089 AF               [ 4]  414 	xor	a, a
    0000008A 77               [ 7]  415 	ld	(hl), a
    0000008B 23               [ 6]  416 	inc	hl
    0000008C 77               [ 7]  417 	ld	(hl), a
                                    418 ;E:\Dropbox\FAUSTO\SVILUPPI\MSX\CODE\C\MSXgl\projects\soccerlgSCC/soccerlg_s13_b3.c:43: for(u8 i=0; i<15; i++) {
    0000008D 0C               [ 4]  419 	inc	c
    0000008E C3r73r00         [10]  420 	jp	00178$
    00000091                        421 00104$:
                                    422 ;E:\Dropbox\FAUSTO\SVILUPPI\MSX\CODE\C\MSXgl\projects\soccerlgSCC/soccerlg_s13_b3.c:50: YSCC_Play(SCC_VICTORY_BIN_SEG,SCC_VICTORY_BIN_SIZE);
    00000091 D5               [11]  423 	push	de
    00000092 21 04 00         [10]  424 	ld	hl, #0x0004
    00000095 E5               [11]  425 	push	hl
    00000096 21 00 43         [10]  426 	ld	hl, #0x4300
    00000099 E5               [11]  427 	push	hl
    0000009A 3E FC            [ 7]  428 	ld	a, #0xfc
    0000009C CDr00r00         [17]  429 	call	_YSCC_Play
    0000009F D1               [10]  430 	pop	de
                                    431 ;E:\Dropbox\FAUSTO\SVILUPPI\MSX\CODE\C\MSXgl\projects\soccerlgSCC/soccerlg_s13_b3.c:51: while (true) { 
    000000A0 AF               [ 4]  432 	xor	a, a
    000000A1 DD 77 FA         [19]  433 	ld	-6 (ix), a
    000000A4 DD 77 FB         [19]  434 	ld	-5 (ix), a
    000000A7 AF               [ 4]  435 	xor	a, a
    000000A8 DD 77 FC         [19]  436 	ld	-4 (ix), a
    000000AB DD 77 FD         [19]  437 	ld	-3 (ix), a
    000000AE                        438 00175$:
                                    439 ;E:\Dropbox\FAUSTO\SVILUPPI\MSX\CODE\C\MSXgl\projects\soccerlgSCC/soccerlg_s13_b3.c:52: V9990_WaitSynch();
    000000AE CDr00r00         [17]  440 	call	_V9990_WaitSynch
                                    441 ;E:\Dropbox\FAUSTO\SVILUPPI\MSX\CODE\C\MSXgl\projects\soccerlgSCC/soccerlg_s13_b3.c:53: timer++;
    000000B1 DD 34 FC         [23]  442 	inc	-4 (ix)
    000000B4 20 03            [12]  443 	jr	NZ, 00391$
    000000B6 DD 34 FD         [23]  444 	inc	-3 (ix)
    000000B9                        445 00391$:
                                    446 ;E:\Dropbox\FAUSTO\SVILUPPI\MSX\CODE\C\MSXgl\projects\soccerlgSCC/soccerlg_s13_b3.c:57: for(u8 i=0; i<15; i++) { // Loop 0 to 14 (Includes Referee)
    000000B9 DD 7E FC         [19]  447 	ld	a, -4 (ix)
    000000BC E6 01            [ 7]  448 	and	a, #0x01
    000000BE DD 77 E0         [19]  449 	ld	-32 (ix), a
    000000C1 DD 36 E1 00      [19]  450 	ld	-31 (ix), #0x00
    000000C5 DD 36 FE 00      [19]  451 	ld	-2 (ix), #0x00
    000000C9 DD 36 FF 00      [19]  452 	ld	-1 (ix), #0x00
    000000CD                        453 00181$:
    000000CD DD 7E FF         [19]  454 	ld	a, -1 (ix)
    000000D0 D6 0F            [ 7]  455 	sub	a, #0x0f
    000000D2 D2r9Br07         [10]  456 	jp	NC, 00167$
                                    457 ;E:\Dropbox\FAUSTO\SVILUPPI\MSX\CODE\C\MSXgl\projects\soccerlgSCC/soccerlg_s13_b3.c:59: bool isWinner = (g_Players[i].TeamId == teamId);
    000000D5 DD 4E FF         [19]  458 	ld	c, -1 (ix)
    000000D8 06 00            [ 7]  459 	ld	b, #0x00
    000000DA 69               [ 4]  460 	ld	l, c
    000000DB 60               [ 4]  461 	ld	h, b
    000000DC 29               [11]  462 	add	hl, hl
    000000DD 29               [11]  463 	add	hl, hl
    000000DE 09               [11]  464 	add	hl, bc
    000000DF 29               [11]  465 	add	hl, hl
    000000E0 29               [11]  466 	add	hl, hl
    000000E1 09               [11]  467 	add	hl, bc
    000000E2 DD 75 F7         [19]  468 	ld	-9 (ix), l
    000000E5 DD 74 F8         [19]  469 	ld	-8 (ix), h
    000000E8 DD 7E F7         [19]  470 	ld	a, -9 (ix)
    000000EB C6r00            [ 7]  471 	add	a, #<(_g_Players)
    000000ED DD 77 E2         [19]  472 	ld	-30 (ix), a
    000000F0 DD 7E F8         [19]  473 	ld	a, -8 (ix)
    000000F3 CEs00            [ 7]  474 	adc	a, #>(_g_Players)
    000000F5 DD 77 E3         [19]  475 	ld	-29 (ix), a
    000000F8 DD 7E E2         [19]  476 	ld	a, -30 (ix)
    000000FB DD 77 F7         [19]  477 	ld	-9 (ix), a
    000000FE DD 7E E3         [19]  478 	ld	a, -29 (ix)
    00000101 DD 77 F8         [19]  479 	ld	-8 (ix), a
    00000104 DD 6E F7         [19]  480 	ld	l, -9 (ix)
    00000107 DD 66 F8         [19]  481 	ld	h, -8 (ix)
    0000010A 11 09 00         [10]  482 	ld	de, #0x0009
    0000010D 19               [11]  483 	add	hl, de
    0000010E 7E               [ 7]  484 	ld	a, (hl)
    0000010F DD 77 F8         [19]  485 	ld	-8 (ix), a
    00000112 DD 7E F9         [19]  486 	ld	a, -7 (ix)
    00000115 DD 96 F8         [19]  487 	sub	a, -8 (ix)
    00000118 3E 01            [ 7]  488 	ld	a, #0x01
    0000011A 28 01            [12]  489 	jr	Z, 00393$
    0000011C AF               [ 4]  490 	xor	a, a
    0000011D                        491 00393$:
    0000011D DD 77 F8         [19]  492 	ld	-8 (ix), a
    00000120 DD 77 F6         [19]  493 	ld	-10 (ix), a
                                    494 ;E:\Dropbox\FAUSTO\SVILUPPI\MSX\CODE\C\MSXgl\projects\soccerlgSCC/soccerlg_s13_b3.c:60: if (i == REFEREE) isWinner = false; // Force Referee to be "loser" (exit field)
    00000123 DD 7E FF         [19]  495 	ld	a, -1 (ix)
    00000126 D6 0E            [ 7]  496 	sub	a, #0x0e
    00000128 20 04            [12]  497 	jr	NZ, 00106$
    0000012A DD 36 F6 00      [19]  498 	ld	-10 (ix), #0x00
    0000012E                        499 00106$:
                                    500 ;E:\Dropbox\FAUSTO\SVILUPPI\MSX\CODE\C\MSXgl\projects\soccerlgSCC/soccerlg_s13_b3.c:66: i16 dx = (i16)targetX - (i16)g_Players[i].X;
    0000012E DD 7E E2         [19]  501 	ld	a, -30 (ix)
    00000131 C6 02            [ 7]  502 	add	a, #0x02
    00000133 DD 77 E4         [19]  503 	ld	-28 (ix), a
    00000136 DD 7E E3         [19]  504 	ld	a, -29 (ix)
    00000139 CE 00            [ 7]  505 	adc	a, #0x00
    0000013B DD 77 E5         [19]  506 	ld	-27 (ix), a
    0000013E DD 6E E4         [19]  507 	ld	l, -28 (ix)
    00000141 DD 66 E5         [19]  508 	ld	h, -27 (ix)
    00000144 7E               [ 7]  509 	ld	a, (hl)
    00000145 DD 77 F7         [19]  510 	ld	-9 (ix), a
    00000148 23               [ 6]  511 	inc	hl
    00000149 7E               [ 7]  512 	ld	a, (hl)
    0000014A DD 77 F8         [19]  513 	ld	-8 (ix), a
                                    514 ;E:\Dropbox\FAUSTO\SVILUPPI\MSX\CODE\C\MSXgl\projects\soccerlgSCC/soccerlg_s13_b3.c:62: if (isWinner) {
    0000014D DD 7E F6         [19]  515 	ld	a, -10 (ix)
    00000150 B7               [ 4]  516 	or	a, a
    00000151 CAr10r06         [10]  517 	jp	Z, 00164$
                                    518 ;E:\Dropbox\FAUSTO\SVILUPPI\MSX\CODE\C\MSXgl\projects\soccerlgSCC/soccerlg_s13_b3.c:66: i16 dx = (i16)targetX - (i16)g_Players[i].X;
    00000154 DD 7E DC         [19]  519 	ld	a, -36 (ix)
    00000157 DD 77 F3         [19]  520 	ld	-13 (ix), a
    0000015A DD 7E DD         [19]  521 	ld	a, -35 (ix)
    0000015D DD 77 F4         [19]  522 	ld	-12 (ix), a
    00000160 DD 7E F7         [19]  523 	ld	a, -9 (ix)
    00000163 DD 77 F5         [19]  524 	ld	-11 (ix), a
    00000166 DD 7E F8         [19]  525 	ld	a, -8 (ix)
    00000169 DD 77 F6         [19]  526 	ld	-10 (ix), a
    0000016C DD 7E F3         [19]  527 	ld	a, -13 (ix)
    0000016F DD 96 F5         [19]  528 	sub	a, -11 (ix)
    00000172 DD 77 F7         [19]  529 	ld	-9 (ix), a
    00000175 DD 7E F4         [19]  530 	ld	a, -12 (ix)
    00000178 DD 9E F6         [19]  531 	sbc	a, -10 (ix)
    0000017B DD 77 F8         [19]  532 	ld	-8 (ix), a
    0000017E DD 7E F7         [19]  533 	ld	a, -9 (ix)
    00000181 DD 77 E6         [19]  534 	ld	-26 (ix), a
    00000184 DD 7E F8         [19]  535 	ld	a, -8 (ix)
    00000187 DD 77 E7         [19]  536 	ld	-25 (ix), a
                                    537 ;E:\Dropbox\FAUSTO\SVILUPPI\MSX\CODE\C\MSXgl\projects\soccerlgSCC/soccerlg_s13_b3.c:67: i16 dy = (i16)targetY - (i16)g_Players[i].Y;
    0000018A DD 7E DE         [19]  538 	ld	a, -34 (ix)
    0000018D DD 77 F3         [19]  539 	ld	-13 (ix), a
    00000190 DD 7E DF         [19]  540 	ld	a, -33 (ix)
    00000193 DD 77 F4         [19]  541 	ld	-12 (ix), a
    00000196 DD 6E E2         [19]  542 	ld	l, -30 (ix)
    00000199 DD 66 E3         [19]  543 	ld	h, -29 (ix)
    0000019C 7E               [ 7]  544 	ld	a, (hl)
    0000019D DD 77 F7         [19]  545 	ld	-9 (ix), a
    000001A0 23               [ 6]  546 	inc	hl
    000001A1 7E               [ 7]  547 	ld	a, (hl)
    000001A2 DD 77 F8         [19]  548 	ld	-8 (ix), a
    000001A5 DD 7E F7         [19]  549 	ld	a, -9 (ix)
    000001A8 DD 77 F5         [19]  550 	ld	-11 (ix), a
    000001AB DD 7E F8         [19]  551 	ld	a, -8 (ix)
    000001AE DD 77 F6         [19]  552 	ld	-10 (ix), a
    000001B1 DD 7E F3         [19]  553 	ld	a, -13 (ix)
    000001B4 DD 96 F5         [19]  554 	sub	a, -11 (ix)
    000001B7 DD 77 F7         [19]  555 	ld	-9 (ix), a
    000001BA DD 7E F4         [19]  556 	ld	a, -12 (ix)
    000001BD DD 9E F6         [19]  557 	sbc	a, -10 (ix)
    000001C0 DD 77 F8         [19]  558 	ld	-8 (ix), a
                                    559 ;E:\Dropbox\FAUSTO\SVILUPPI\MSX\CODE\C\MSXgl\projects\soccerlgSCC/soccerlg_s13_b3.c:70: u16 dist = (u16)(Math_Abs32(dx) + Math_Abs32(dy));
    000001C3 DD 7E E6         [19]  560 	ld	a, -26 (ix)
    000001C6 DD 77 E8         [19]  561 	ld	-24 (ix), a
    000001C9 DD 7E E7         [19]  562 	ld	a, -25 (ix)
    000001CC DD 77 E9         [19]  563 	ld	-23 (ix), a
    000001CF 07               [ 4]  564 	rlca
    000001D0 9F               [ 4]  565 	sbc	a, a
    000001D1 DD 77 EA         [19]  566 	ld	-22 (ix), a
    000001D4 DD 77 EB         [19]  567 	ld	-21 (ix), a
    000001D7 DD 5E E8         [19]  568 	ld	e, -24 (ix)
    000001DA DD 56 E9         [19]  569 	ld	d, -23 (ix)
    000001DD DD 6E EA         [19]  570 	ld	l, -22 (ix)
                                    571 ;	spillPairReg hl
                                    572 ;	spillPairReg hl
    000001E0 DD 66 EB         [19]  573 	ld	h, -21 (ix)
                                    574 ;	spillPairReg hl
                                    575 ;	spillPairReg hl
    000001E3 CDr00r00         [17]  576 	call	_Math_Abs32
    000001E6 DD 73 F3         [19]  577 	ld	-13 (ix), e
    000001E9 DD 72 F4         [19]  578 	ld	-12 (ix), d
    000001EC DD 75 F5         [19]  579 	ld	-11 (ix), l
    000001EF DD 74 F6         [19]  580 	ld	-10 (ix), h
    000001F2 DD 7E F7         [19]  581 	ld	a, -9 (ix)
    000001F5 DD 77 EC         [19]  582 	ld	-20 (ix), a
    000001F8 DD 7E F8         [19]  583 	ld	a, -8 (ix)
    000001FB DD 77 ED         [19]  584 	ld	-19 (ix), a
    000001FE 07               [ 4]  585 	rlca
    000001FF 9F               [ 4]  586 	sbc	a, a
    00000200 DD 77 EE         [19]  587 	ld	-18 (ix), a
    00000203 DD 77 EF         [19]  588 	ld	-17 (ix), a
    00000206 DD 5E EC         [19]  589 	ld	e, -20 (ix)
    00000209 DD 56 ED         [19]  590 	ld	d, -19 (ix)
    0000020C DD 6E EE         [19]  591 	ld	l, -18 (ix)
                                    592 ;	spillPairReg hl
                                    593 ;	spillPairReg hl
    0000020F DD 66 EF         [19]  594 	ld	h, -17 (ix)
                                    595 ;	spillPairReg hl
                                    596 ;	spillPairReg hl
    00000212 CDr00r00         [17]  597 	call	_Math_Abs32
    00000215 33               [ 6]  598 	inc	sp
    00000216 33               [ 6]  599 	inc	sp
    00000217 D5               [11]  600 	push	de
    00000218 DD 75 DA         [19]  601 	ld	-38 (ix), l
    0000021B DD 74 DB         [19]  602 	ld	-37 (ix), h
    0000021E DD 7E F3         [19]  603 	ld	a, -13 (ix)
    00000221 DD 77 F1         [19]  604 	ld	-15 (ix), a
    00000224 DD 7E F4         [19]  605 	ld	a, -12 (ix)
    00000227 DD 77 F2         [19]  606 	ld	-14 (ix), a
    0000022A DD 7E D8         [19]  607 	ld	a, -40 (ix)
    0000022D DD 77 F3         [19]  608 	ld	-13 (ix), a
    00000230 DD 7E D9         [19]  609 	ld	a, -39 (ix)
    00000233 DD 77 F4         [19]  610 	ld	-12 (ix), a
    00000236 DD 7E F3         [19]  611 	ld	a, -13 (ix)
    00000239 DD 86 F1         [19]  612 	add	a, -15 (ix)
    0000023C DD 77 F5         [19]  613 	ld	-11 (ix), a
    0000023F DD 7E F4         [19]  614 	ld	a, -12 (ix)
    00000242 DD 8E F2         [19]  615 	adc	a, -14 (ix)
    00000245 DD 77 F6         [19]  616 	ld	-10 (ix), a
    00000248 DD 7E F5         [19]  617 	ld	a, -11 (ix)
    0000024B DD 77 DA         [19]  618 	ld	-38 (ix), a
    0000024E DD 7E F6         [19]  619 	ld	a, -10 (ix)
    00000251 DD 77 DB         [19]  620 	ld	-37 (ix), a
                                    621 ;E:\Dropbox\FAUSTO\SVILUPPI\MSX\CODE\C\MSXgl\projects\soccerlgSCC/soccerlg_s13_b3.c:73: u8 stopDist = 35 + (i % 7) * 10; 
    00000254 DD 7E FF         [19]  622 	ld	a, -1 (ix)
    00000257 DD 77 F0         [19]  623 	ld	-16 (ix), a
    0000025A DD 36 F1 00      [19]  624 	ld	-15 (ix), #0x00
    0000025E 11 07 00         [10]  625 	ld	de, #0x0007
    00000261 DD 6E F0         [19]  626 	ld	l, -16 (ix)
                                    627 ;	spillPairReg hl
                                    628 ;	spillPairReg hl
    00000264 DD 66 F1         [19]  629 	ld	h, -15 (ix)
                                    630 ;	spillPairReg hl
                                    631 ;	spillPairReg hl
    00000267 CDr00r00         [17]  632 	call	__modsint
    0000026A DD 73 F5         [19]  633 	ld	-11 (ix), e
    0000026D DD 72 F6         [19]  634 	ld	-10 (ix), d
    00000270 DD 7E F5         [19]  635 	ld	a, -11 (ix)
    00000273 DD 77 F6         [19]  636 	ld	-10 (ix), a
    00000276 4F               [ 4]  637 	ld	c, a
    00000277 87               [ 4]  638 	add	a, a
    00000278 87               [ 4]  639 	add	a, a
    00000279 81               [ 4]  640 	add	a, c
    0000027A 87               [ 4]  641 	add	a, a
    0000027B DD 77 F6         [19]  642 	ld	-10 (ix), a
    0000027E C6 23            [ 7]  643 	add	a, #0x23
                                    644 ;E:\Dropbox\FAUSTO\SVILUPPI\MSX\CODE\C\MSXgl\projects\soccerlgSCC/soccerlg_s13_b3.c:75: if (dist > stopDist) {
    00000280 DD 77 F2         [19]  645 	ld	-14 (ix), a
    00000283 DD 77 F3         [19]  646 	ld	-13 (ix), a
    00000286 DD 36 F4 00      [19]  647 	ld	-12 (ix), #0x00
                                    648 ;E:\Dropbox\FAUSTO\SVILUPPI\MSX\CODE\C\MSXgl\projects\soccerlgSCC/soccerlg_s13_b3.c:87: g_Players[i].Status = PLAYER_STATUS_NONE; // Running animation
    0000028A DD 7E E2         [19]  649 	ld	a, -30 (ix)
    0000028D C6 12            [ 7]  650 	add	a, #0x12
    0000028F DD 77 F5         [19]  651 	ld	-11 (ix), a
    00000292 DD 7E E3         [19]  652 	ld	a, -29 (ix)
    00000295 CE 00            [ 7]  653 	adc	a, #0x00
    00000297 DD 77 F6         [19]  654 	ld	-10 (ix), a
                                    655 ;E:\Dropbox\FAUSTO\SVILUPPI\MSX\CODE\C\MSXgl\projects\soccerlgSCC/soccerlg_s13_b3.c:75: if (dist > stopDist) {
    0000029A DD 7E F3         [19]  656 	ld	a, -13 (ix)
    0000029D DD 96 DA         [19]  657 	sub	a, -38 (ix)
    000002A0 DD 7E F4         [19]  658 	ld	a, -12 (ix)
    000002A3 DD 9E DB         [19]  659 	sbc	a, -37 (ix)
    000002A6 D2r1Br04         [10]  660 	jp	NC, 00144$
                                    661 ;E:\Dropbox\FAUSTO\SVILUPPI\MSX\CODE\C\MSXgl\projects\soccerlgSCC/soccerlg_s13_b3.c:77: if (dx > 0) g_Players[i].X++; else if (dx < 0) g_Players[i].X--;
    000002A9 DD 7E E6         [19]  662 	ld	a, -26 (ix)
    000002AC DD 77 F3         [19]  663 	ld	-13 (ix), a
    000002AF DD 7E E7         [19]  664 	ld	a, -25 (ix)
    000002B2 DD 77 F4         [19]  665 	ld	-12 (ix), a
    000002B5 AF               [ 4]  666 	xor	a, a
    000002B6 DD BE F3         [19]  667 	cp	a, -13 (ix)
    000002B9 DD 9E F4         [19]  668 	sbc	a, -12 (ix)
    000002BC E2rC1r02         [10]  669 	jp	PO, 00396$
    000002BF EE 80            [ 7]  670 	xor	a, #0x80
    000002C1                        671 00396$:
    000002C1 07               [ 4]  672 	rlca
    000002C2 E6 01            [ 7]  673 	and	a,#0x01
    000002C4 DD 77 F0         [19]  674 	ld	-16 (ix), a
    000002C7 B7               [ 4]  675 	or	a, a
    000002C8 28 31            [12]  676 	jr	Z, 00110$
    000002CA DD 6E E4         [19]  677 	ld	l, -28 (ix)
    000002CD DD 66 E5         [19]  678 	ld	h, -27 (ix)
    000002D0 7E               [ 7]  679 	ld	a, (hl)
    000002D1 DD 77 F1         [19]  680 	ld	-15 (ix), a
    000002D4 23               [ 6]  681 	inc	hl
    000002D5 7E               [ 7]  682 	ld	a, (hl)
    000002D6 DD 77 F2         [19]  683 	ld	-14 (ix), a
    000002D9 DD 7E F1         [19]  684 	ld	a, -15 (ix)
    000002DC C6 01            [ 7]  685 	add	a, #0x01
    000002DE DD 77 F3         [19]  686 	ld	-13 (ix), a
    000002E1 DD 7E F2         [19]  687 	ld	a, -14 (ix)
    000002E4 CE 00            [ 7]  688 	adc	a, #0x00
    000002E6 DD 77 F4         [19]  689 	ld	-12 (ix), a
    000002E9 DD 6E E4         [19]  690 	ld	l, -28 (ix)
    000002EC DD 66 E5         [19]  691 	ld	h, -27 (ix)
    000002EF DD 7E F3         [19]  692 	ld	a, -13 (ix)
    000002F2 77               [ 7]  693 	ld	(hl), a
    000002F3 23               [ 6]  694 	inc	hl
    000002F4 DD 7E F4         [19]  695 	ld	a, -12 (ix)
    000002F7 77               [ 7]  696 	ld	(hl), a
    000002F8 C3r14r03         [10]  697 	jp	00111$
    000002FB                        698 00110$:
    000002FB DD CB F4 7E      [20]  699 	bit	7, -12 (ix)
    000002FF 28 13            [12]  700 	jr	Z, 00111$
    00000301 DD 6E E4         [19]  701 	ld	l, -28 (ix)
    00000304 DD 66 E5         [19]  702 	ld	h, -27 (ix)
    00000307 4E               [ 7]  703 	ld	c, (hl)
    00000308 23               [ 6]  704 	inc	hl
    00000309 46               [ 7]  705 	ld	b, (hl)
    0000030A 0B               [ 6]  706 	dec	bc
    0000030B DD 6E E4         [19]  707 	ld	l, -28 (ix)
    0000030E DD 66 E5         [19]  708 	ld	h, -27 (ix)
    00000311 71               [ 7]  709 	ld	(hl), c
    00000312 23               [ 6]  710 	inc	hl
    00000313 70               [ 7]  711 	ld	(hl), b
    00000314                        712 00111$:
                                    713 ;E:\Dropbox\FAUSTO\SVILUPPI\MSX\CODE\C\MSXgl\projects\soccerlgSCC/soccerlg_s13_b3.c:78: if (dy > 0) g_Players[i].Y++; else if (dy < 0) g_Players[i].Y--;
    00000314 AF               [ 4]  714 	xor	a, a
    00000315 DD BE F7         [19]  715 	cp	a, -9 (ix)
    00000318 DD 9E F8         [19]  716 	sbc	a, -8 (ix)
    0000031B E2r20r03         [10]  717 	jp	PO, 00397$
    0000031E EE 80            [ 7]  718 	xor	a, #0x80
    00000320                        719 00397$:
    00000320 07               [ 4]  720 	rlca
    00000321 E6 01            [ 7]  721 	and	a,#0x01
    00000323 DD 77 F2         [19]  722 	ld	-14 (ix), a
    00000326 B7               [ 4]  723 	or	a, a
    00000327 28 31            [12]  724 	jr	Z, 00115$
    00000329 DD 6E E2         [19]  725 	ld	l, -30 (ix)
    0000032C DD 66 E3         [19]  726 	ld	h, -29 (ix)
    0000032F 7E               [ 7]  727 	ld	a, (hl)
    00000330 DD 77 F3         [19]  728 	ld	-13 (ix), a
    00000333 23               [ 6]  729 	inc	hl
    00000334 7E               [ 7]  730 	ld	a, (hl)
    00000335 DD 77 F4         [19]  731 	ld	-12 (ix), a
    00000338 DD 7E F3         [19]  732 	ld	a, -13 (ix)
    0000033B C6 01            [ 7]  733 	add	a, #0x01
    0000033D DD 77 F7         [19]  734 	ld	-9 (ix), a
    00000340 DD 7E F4         [19]  735 	ld	a, -12 (ix)
    00000343 CE 00            [ 7]  736 	adc	a, #0x00
    00000345 DD 77 F8         [19]  737 	ld	-8 (ix), a
    00000348 DD 6E E2         [19]  738 	ld	l, -30 (ix)
    0000034B DD 66 E3         [19]  739 	ld	h, -29 (ix)
    0000034E DD 7E F7         [19]  740 	ld	a, -9 (ix)
    00000351 77               [ 7]  741 	ld	(hl), a
    00000352 23               [ 6]  742 	inc	hl
    00000353 DD 7E F8         [19]  743 	ld	a, -8 (ix)
    00000356 77               [ 7]  744 	ld	(hl), a
    00000357 C3r73r03         [10]  745 	jp	00116$
    0000035A                        746 00115$:
    0000035A DD CB F8 7E      [20]  747 	bit	7, -8 (ix)
    0000035E 28 13            [12]  748 	jr	Z, 00116$
    00000360 DD 6E E2         [19]  749 	ld	l, -30 (ix)
    00000363 DD 66 E3         [19]  750 	ld	h, -29 (ix)
    00000366 4E               [ 7]  751 	ld	c, (hl)
    00000367 23               [ 6]  752 	inc	hl
    00000368 46               [ 7]  753 	ld	b, (hl)
    00000369 0B               [ 6]  754 	dec	bc
    0000036A DD 6E E2         [19]  755 	ld	l, -30 (ix)
    0000036D DD 66 E3         [19]  756 	ld	h, -29 (ix)
    00000370 71               [ 7]  757 	ld	(hl), c
    00000371 23               [ 6]  758 	inc	hl
    00000372 70               [ 7]  759 	ld	(hl), b
    00000373                        760 00116$:
                                    761 ;E:\Dropbox\FAUSTO\SVILUPPI\MSX\CODE\C\MSXgl\projects\soccerlgSCC/soccerlg_s13_b3.c:81: if (Math_Abs32(dx) > Math_Abs32(dy)) {
    00000373 DD 5E E8         [19]  762 	ld	e, -24 (ix)
    00000376 DD 56 E9         [19]  763 	ld	d, -23 (ix)
    00000379 DD 6E EA         [19]  764 	ld	l, -22 (ix)
                                    765 ;	spillPairReg hl
                                    766 ;	spillPairReg hl
    0000037C DD 66 EB         [19]  767 	ld	h, -21 (ix)
                                    768 ;	spillPairReg hl
                                    769 ;	spillPairReg hl
    0000037F CDr00r00         [17]  770 	call	_Math_Abs32
    00000382 DD 73 E8         [19]  771 	ld	-24 (ix), e
    00000385 DD 72 E9         [19]  772 	ld	-23 (ix), d
    00000388 DD 75 EA         [19]  773 	ld	-22 (ix), l
    0000038B DD 74 EB         [19]  774 	ld	-21 (ix), h
    0000038E DD 5E EC         [19]  775 	ld	e, -20 (ix)
    00000391 DD 56 ED         [19]  776 	ld	d, -19 (ix)
    00000394 DD 6E EE         [19]  777 	ld	l, -18 (ix)
                                    778 ;	spillPairReg hl
                                    779 ;	spillPairReg hl
    00000397 DD 66 EF         [19]  780 	ld	h, -17 (ix)
                                    781 ;	spillPairReg hl
                                    782 ;	spillPairReg hl
    0000039A CDr00r00         [17]  783 	call	_Math_Abs32
                                    784 ;E:\Dropbox\FAUSTO\SVILUPPI\MSX\CODE\C\MSXgl\projects\soccerlgSCC/soccerlg_s13_b3.c:82: g_Players[i].Direction = (dx > 0) ? DIRECTION_RIGHT : DIRECTION_LEFT;
    0000039D DD 7E E2         [19]  785 	ld	a, -30 (ix)
    000003A0 C6 0A            [ 7]  786 	add	a, #0x0a
    000003A2 DD 77 F7         [19]  787 	ld	-9 (ix), a
    000003A5 DD 7E E3         [19]  788 	ld	a, -29 (ix)
    000003A8 CE 00            [ 7]  789 	adc	a, #0x00
    000003AA DD 77 F8         [19]  790 	ld	-8 (ix), a
                                    791 ;E:\Dropbox\FAUSTO\SVILUPPI\MSX\CODE\C\MSXgl\projects\soccerlgSCC/soccerlg_s13_b3.c:81: if (Math_Abs32(dx) > Math_Abs32(dy)) {
    000003AD 7B               [ 4]  792 	ld	a, e
    000003AE DD 96 E8         [19]  793 	sub	a, -24 (ix)
    000003B1 7A               [ 4]  794 	ld	a, d
    000003B2 DD 9E E9         [19]  795 	sbc	a, -23 (ix)
    000003B5 7D               [ 4]  796 	ld	a, l
    000003B6 DD 9E EA         [19]  797 	sbc	a, -22 (ix)
    000003B9 7C               [ 4]  798 	ld	a, h
    000003BA DD 9E EB         [19]  799 	sbc	a, -21 (ix)
    000003BD E2rC2r03         [10]  800 	jp	PO, 00398$
    000003C0 EE 80            [ 7]  801 	xor	a, #0x80
    000003C2                        802 00398$:
    000003C2 F2rEBr03         [10]  803 	jp	P, 00118$
                                    804 ;E:\Dropbox\FAUSTO\SVILUPPI\MSX\CODE\C\MSXgl\projects\soccerlgSCC/soccerlg_s13_b3.c:82: g_Players[i].Direction = (dx > 0) ? DIRECTION_RIGHT : DIRECTION_LEFT;
    000003C5 DD 7E F0         [19]  805 	ld	a, -16 (ix)
    000003C8 B7               [ 4]  806 	or	a, a
    000003C9 28 0B            [12]  807 	jr	Z, 00184$
    000003CB DD 36 F3 03      [19]  808 	ld	-13 (ix), #0x03
    000003CF DD 36 F4 00      [19]  809 	ld	-12 (ix), #0
    000003D3 C3rDEr03         [10]  810 	jp	00185$
    000003D6                        811 00184$:
    000003D6 DD 36 F3 07      [19]  812 	ld	-13 (ix), #0x07
    000003DA DD 36 F4 00      [19]  813 	ld	-12 (ix), #0
    000003DE                        814 00185$:
    000003DE DD 7E F3         [19]  815 	ld	a, -13 (ix)
    000003E1 DD 6E F7         [19]  816 	ld	l, -9 (ix)
    000003E4 DD 66 F8         [19]  817 	ld	h, -8 (ix)
    000003E7 77               [ 7]  818 	ld	(hl), a
    000003E8 C3r0Er04         [10]  819 	jp	00119$
    000003EB                        820 00118$:
                                    821 ;E:\Dropbox\FAUSTO\SVILUPPI\MSX\CODE\C\MSXgl\projects\soccerlgSCC/soccerlg_s13_b3.c:84: g_Players[i].Direction = (dy > 0) ? DIRECTION_DOWN : DIRECTION_UP;
    000003EB DD 7E F2         [19]  822 	ld	a, -14 (ix)
    000003EE B7               [ 4]  823 	or	a, a
    000003EF 28 0B            [12]  824 	jr	Z, 00186$
    000003F1 DD 36 F3 05      [19]  825 	ld	-13 (ix), #0x05
    000003F5 DD 36 F4 00      [19]  826 	ld	-12 (ix), #0
    000003F9 C3r04r04         [10]  827 	jp	00187$
    000003FC                        828 00186$:
    000003FC DD 36 F3 01      [19]  829 	ld	-13 (ix), #0x01
    00000400 DD 36 F4 00      [19]  830 	ld	-12 (ix), #0
    00000404                        831 00187$:
    00000404 DD 7E F3         [19]  832 	ld	a, -13 (ix)
    00000407 DD 6E F7         [19]  833 	ld	l, -9 (ix)
    0000040A DD 66 F8         [19]  834 	ld	h, -8 (ix)
    0000040D 77               [ 7]  835 	ld	(hl), a
    0000040E                        836 00119$:
                                    837 ;E:\Dropbox\FAUSTO\SVILUPPI\MSX\CODE\C\MSXgl\projects\soccerlgSCC/soccerlg_s13_b3.c:87: g_Players[i].Status = PLAYER_STATUS_NONE; // Running animation
    0000040E DD 6E F5         [19]  838 	ld	l, -11 (ix)
    00000411 DD 66 F6         [19]  839 	ld	h, -10 (ix)
    00000414 AF               [ 4]  840 	xor	a, a
    00000415 77               [ 7]  841 	ld	(hl), a
    00000416 23               [ 6]  842 	inc	hl
    00000417 77               [ 7]  843 	ld	(hl), a
    00000418 C3r95r07         [10]  844 	jp	00166$
    0000041B                        845 00144$:
                                    846 ;E:\Dropbox\FAUSTO\SVILUPPI\MSX\CODE\C\MSXgl\projects\soccerlgSCC/soccerlg_s13_b3.c:91: g_Players[i].Status = PLAYER_STATUS_POSITIONED; // Lock pose
    0000041B DD 6E F5         [19]  847 	ld	l, -11 (ix)
    0000041E DD 66 F6         [19]  848 	ld	h, -10 (ix)
    00000421 36 04            [10]  849 	ld	(hl), #0x04
    00000423 23               [ 6]  850 	inc	hl
    00000424 36 00            [10]  851 	ld	(hl), #0x00
                                    852 ;E:\Dropbox\FAUSTO\SVILUPPI\MSX\CODE\C\MSXgl\projects\soccerlgSCC/soccerlg_s13_b3.c:94: bool animFrame = (timer / 8) % 2 == 0;
    00000426 DD 4E FC         [19]  853 	ld	c, -4 (ix)
    00000429 DD 46 FD         [19]  854 	ld	b, -3 (ix)
    0000042C 59               [ 4]  855 	ld	e, c
    0000042D 50               [ 4]  856 	ld	d, b
    0000042E CB 3A            [ 8]  857 	srl	d
    00000430 CB 1B            [ 8]  858 	rr	e
    00000432 CB 3A            [ 8]  859 	srl	d
    00000434 CB 1B            [ 8]  860 	rr	e
    00000436 CB 3A            [ 8]  861 	srl	d
    00000438 CB 1B            [ 8]  862 	rr	e
    0000043A 7B               [ 4]  863 	ld	a, e
    0000043B E6 01            [ 7]  864 	and	a, #0x01
    0000043D 5F               [ 4]  865 	ld	e, a
    0000043E 16 00            [ 7]  866 	ld	d, #0x00
    00000440 7B               [ 4]  867 	ld	a, e
    00000441 B7               [ 4]  868 	or	a, a
    00000442 B2               [ 4]  869 	or	a, d
    00000443 3E 01            [ 7]  870 	ld	a, #0x01
    00000445 28 01            [12]  871 	jr	Z, 00400$
    00000447 AF               [ 4]  872 	xor	a, a
    00000448                        873 00400$:
    00000448 DD 77 F3         [19]  874 	ld	-13 (ix), a
                                    875 ;E:\Dropbox\FAUSTO\SVILUPPI\MSX\CODE\C\MSXgl\projects\soccerlgSCC/soccerlg_s13_b3.c:97: if ((timer % 3) == 0) { // Slow speed
    0000044B C5               [11]  876 	push	bc
    0000044C 11 03 00         [10]  877 	ld	de, #0x0003
    0000044F 69               [ 4]  878 	ld	l, c
                                    879 ;	spillPairReg hl
                                    880 ;	spillPairReg hl
    00000450 60               [ 4]  881 	ld	h, b
                                    882 ;	spillPairReg hl
                                    883 ;	spillPairReg hl
    00000451 CDr00r00         [17]  884 	call	__moduint
    00000454 C1               [10]  885 	pop	bc
    00000455 7A               [ 4]  886 	ld	a, d
                                    887 ;E:\Dropbox\FAUSTO\SVILUPPI\MSX\CODE\C\MSXgl\projects\soccerlgSCC/soccerlg_s13_b3.c:98: i8 moveX = 0;
    00000456 B3               [ 4]  888 	or	a,e
    00000457 C2rB6r05         [10]  889 	jp	NZ,00139$
    0000045A 5F               [ 4]  890 	ld	e,a
                                    891 ;E:\Dropbox\FAUSTO\SVILUPPI\MSX\CODE\C\MSXgl\projects\soccerlgSCC/soccerlg_s13_b3.c:99: i8 moveY = 0;
    0000045B DD 36 F4 00      [19]  892 	ld	-12 (ix), #0x00
                                    893 ;E:\Dropbox\FAUSTO\SVILUPPI\MSX\CODE\C\MSXgl\projects\soccerlgSCC/soccerlg_s13_b3.c:101: if (dy > 10) moveX = 1; else if (dy < -10) moveX = -1;
    0000045F DD 7E F7         [19]  894 	ld	a, -9 (ix)
    00000462 DD 77 F5         [19]  895 	ld	-11 (ix), a
    00000465 DD 7E F8         [19]  896 	ld	a, -8 (ix)
    00000468 DD 77 F6         [19]  897 	ld	-10 (ix), a
    0000046B 3E 0A            [ 7]  898 	ld	a, #0x0a
    0000046D DD BE F5         [19]  899 	cp	a, -11 (ix)
    00000470 3E 00            [ 7]  900 	ld	a, #0x00
    00000472 DD 9E F6         [19]  901 	sbc	a, -10 (ix)
    00000475 E2r7Ar04         [10]  902 	jp	PO, 00401$
    00000478 EE 80            [ 7]  903 	xor	a, #0x80
    0000047A                        904 00401$:
    0000047A F2r82r04         [10]  905 	jp	P, 00123$
    0000047D 1E 01            [ 7]  906 	ld	e, #0x01
    0000047F C3r93r04         [10]  907 	jp	00124$
    00000482                        908 00123$:
    00000482 DD 7E F7         [19]  909 	ld	a, -9 (ix)
    00000485 D6 F6            [ 7]  910 	sub	a, #0xf6
    00000487 DD 7E F8         [19]  911 	ld	a, -8 (ix)
    0000048A 17               [ 4]  912 	rla
    0000048B 3F               [ 4]  913 	ccf
    0000048C 1F               [ 4]  914 	rra
    0000048D DE 7F            [ 7]  915 	sbc	a, #0x7f
    0000048F 30 02            [12]  916 	jr	NC, 00124$
    00000491 1E FF            [ 7]  917 	ld	e, #0xff
    00000493                        918 00124$:
                                    919 ;E:\Dropbox\FAUSTO\SVILUPPI\MSX\CODE\C\MSXgl\projects\soccerlgSCC/soccerlg_s13_b3.c:102: if (dx > 10) moveY = -1; else if (dx < -10) moveY = 1;
    00000493 DD 7E E6         [19]  920 	ld	a, -26 (ix)
    00000496 DD 77 F7         [19]  921 	ld	-9 (ix), a
    00000499 DD 7E E7         [19]  922 	ld	a, -25 (ix)
    0000049C DD 77 F8         [19]  923 	ld	-8 (ix), a
    0000049F 3E 0A            [ 7]  924 	ld	a, #0x0a
    000004A1 DD BE F7         [19]  925 	cp	a, -9 (ix)
    000004A4 3E 00            [ 7]  926 	ld	a, #0x00
    000004A6 DD 9E F8         [19]  927 	sbc	a, -8 (ix)
    000004A9 E2rAEr04         [10]  928 	jp	PO, 00402$
    000004AC EE 80            [ 7]  929 	xor	a, #0x80
    000004AE                        930 00402$:
    000004AE F2rB8r04         [10]  931 	jp	P, 00128$
    000004B1 DD 36 F4 FF      [19]  932 	ld	-12 (ix), #0xff
    000004B5 C3rCBr04         [10]  933 	jp	00129$
    000004B8                        934 00128$:
    000004B8 DD 7E E6         [19]  935 	ld	a, -26 (ix)
    000004BB D6 F6            [ 7]  936 	sub	a, #0xf6
    000004BD DD 7E E7         [19]  937 	ld	a, -25 (ix)
    000004C0 17               [ 4]  938 	rla
    000004C1 3F               [ 4]  939 	ccf
    000004C2 1F               [ 4]  940 	rra
    000004C3 DE 7F            [ 7]  941 	sbc	a, #0x7f
    000004C5 30 04            [12]  942 	jr	NC, 00129$
    000004C7 DD 36 F4 01      [19]  943 	ld	-12 (ix), #0x01
    000004CB                        944 00129$:
                                    945 ;E:\Dropbox\FAUSTO\SVILUPPI\MSX\CODE\C\MSXgl\projects\soccerlgSCC/soccerlg_s13_b3.c:104: g_Players[i].X += moveX;
    000004CB DD 6E E4         [19]  946 	ld	l, -28 (ix)
    000004CE DD 66 E5         [19]  947 	ld	h, -27 (ix)
    000004D1 7E               [ 7]  948 	ld	a, (hl)
    000004D2 23               [ 6]  949 	inc	hl
    000004D3 66               [ 7]  950 	ld	h, (hl)
                                    951 ;	spillPairReg hl
    000004D4 6F               [ 4]  952 	ld	l, a
                                    953 ;	spillPairReg hl
                                    954 ;	spillPairReg hl
    000004D5 7B               [ 4]  955 	ld	a, e
    000004D6 07               [ 4]  956 	rlca
    000004D7 9F               [ 4]  957 	sbc	a, a
    000004D8 57               [ 4]  958 	ld	d, a
    000004D9 19               [11]  959 	add	hl, de
    000004DA EB               [ 4]  960 	ex	de, hl
    000004DB DD 6E E4         [19]  961 	ld	l, -28 (ix)
    000004DE DD 66 E5         [19]  962 	ld	h, -27 (ix)
    000004E1 73               [ 7]  963 	ld	(hl), e
    000004E2 23               [ 6]  964 	inc	hl
    000004E3 72               [ 7]  965 	ld	(hl), d
                                    966 ;E:\Dropbox\FAUSTO\SVILUPPI\MSX\CODE\C\MSXgl\projects\soccerlgSCC/soccerlg_s13_b3.c:105: g_Players[i].Y += moveY;
    000004E4 DD 6E E2         [19]  967 	ld	l, -30 (ix)
    000004E7 DD 66 E3         [19]  968 	ld	h, -29 (ix)
    000004EA 5E               [ 7]  969 	ld	e, (hl)
    000004EB 23               [ 6]  970 	inc	hl
    000004EC 56               [ 7]  971 	ld	d, (hl)
    000004ED DD 7E F4         [19]  972 	ld	a, -12 (ix)
    000004F0 6F               [ 4]  973 	ld	l, a
                                    974 ;	spillPairReg hl
                                    975 ;	spillPairReg hl
    000004F1 07               [ 4]  976 	rlca
    000004F2 9F               [ 4]  977 	sbc	a, a
    000004F3 67               [ 4]  978 	ld	h, a
                                    979 ;	spillPairReg hl
                                    980 ;	spillPairReg hl
    000004F4 19               [11]  981 	add	hl, de
    000004F5 EB               [ 4]  982 	ex	de, hl
    000004F6 DD 6E E2         [19]  983 	ld	l, -30 (ix)
    000004F9 DD 66 E3         [19]  984 	ld	h, -29 (ix)
    000004FC 73               [ 7]  985 	ld	(hl), e
    000004FD 23               [ 6]  986 	inc	hl
    000004FE 72               [ 7]  987 	ld	(hl), d
                                    988 ;E:\Dropbox\FAUSTO\SVILUPPI\MSX\CODE\C\MSXgl\projects\soccerlgSCC/soccerlg_s13_b3.c:108: u16 currentDist = (u16)(Math_Abs32(dx) + Math_Abs32(dy));
    000004FF C5               [11]  989 	push	bc
    00000500 DD 5E E8         [19]  990 	ld	e, -24 (ix)
    00000503 DD 56 E9         [19]  991 	ld	d, -23 (ix)
    00000506 DD 6E EA         [19]  992 	ld	l, -22 (ix)
                                    993 ;	spillPairReg hl
                                    994 ;	spillPairReg hl
    00000509 DD 66 EB         [19]  995 	ld	h, -21 (ix)
                                    996 ;	spillPairReg hl
                                    997 ;	spillPairReg hl
    0000050C CDr00r00         [17]  998 	call	_Math_Abs32
    0000050F DD 73 E8         [19]  999 	ld	-24 (ix), e
    00000512 DD 72 E9         [19] 1000 	ld	-23 (ix), d
    00000515 DD 75 EA         [19] 1001 	ld	-22 (ix), l
    00000518 DD 74 EB         [19] 1002 	ld	-21 (ix), h
    0000051B DD 5E EC         [19] 1003 	ld	e, -20 (ix)
    0000051E DD 56 ED         [19] 1004 	ld	d, -19 (ix)
    00000521 DD 6E EE         [19] 1005 	ld	l, -18 (ix)
                                   1006 ;	spillPairReg hl
                                   1007 ;	spillPairReg hl
    00000524 DD 66 EF         [19] 1008 	ld	h, -17 (ix)
                                   1009 ;	spillPairReg hl
                                   1010 ;	spillPairReg hl
    00000527 CDr00r00         [17] 1011 	call	_Math_Abs32
    0000052A E5               [11] 1012 	push	hl
    0000052B FD E1            [14] 1013 	pop	iy
    0000052D C1               [10] 1014 	pop	bc
    0000052E DD 6E E8         [19] 1015 	ld	l, -24 (ix)
                                   1016 ;	spillPairReg hl
                                   1017 ;	spillPairReg hl
    00000531 DD 66 E9         [19] 1018 	ld	h, -23 (ix)
                                   1019 ;	spillPairReg hl
                                   1020 ;	spillPairReg hl
    00000534 19               [11] 1021 	add	hl, de
    00000535 EB               [ 4] 1022 	ex	de, hl
                                   1023 ;E:\Dropbox\FAUSTO\SVILUPPI\MSX\CODE\C\MSXgl\projects\soccerlgSCC/soccerlg_s13_b3.c:109: if (currentDist > stopDist + 15) {
    00000536 DD 7E F2         [19] 1024 	ld	a, -14 (ix)
    00000539 26 00            [ 7] 1025 	ld	h, #0x00
                                   1026 ;	spillPairReg hl
                                   1027 ;	spillPairReg hl
    0000053B C6 0F            [ 7] 1028 	add	a, #0x0f
    0000053D 6F               [ 4] 1029 	ld	l, a
                                   1030 ;	spillPairReg hl
                                   1031 ;	spillPairReg hl
    0000053E 30 01            [12] 1032 	jr	NC, 00403$
    00000540 24               [ 4] 1033 	inc	h
    00000541                       1034 00403$:
    00000541 AF               [ 4] 1035 	xor	a, a
    00000542 ED 52            [15] 1036 	sbc	hl, de
    00000544 30 70            [12] 1037 	jr	NC, 00139$
                                   1038 ;E:\Dropbox\FAUSTO\SVILUPPI\MSX\CODE\C\MSXgl\projects\soccerlgSCC/soccerlg_s13_b3.c:66: i16 dx = (i16)targetX - (i16)g_Players[i].X;
    00000546 DD 6E E4         [19] 1039 	ld	l, -28 (ix)
    00000549 DD 66 E5         [19] 1040 	ld	h, -27 (ix)
    0000054C 7E               [ 7] 1041 	ld	a, (hl)
    0000054D DD 77 EE         [19] 1042 	ld	-18 (ix), a
    00000550 23               [ 6] 1043 	inc	hl
    00000551 7E               [ 7] 1044 	ld	a, (hl)
    00000552 DD 77 EF         [19] 1045 	ld	-17 (ix), a
                                   1046 ;E:\Dropbox\FAUSTO\SVILUPPI\MSX\CODE\C\MSXgl\projects\soccerlgSCC/soccerlg_s13_b3.c:110: if (dx > 0) g_Players[i].X++; else g_Players[i].X--;
    00000555 AF               [ 4] 1047 	xor	a, a
    00000556 DD BE F7         [19] 1048 	cp	a, -9 (ix)
    00000559 DD 9E F8         [19] 1049 	sbc	a, -8 (ix)
    0000055C E2r61r05         [10] 1050 	jp	PO, 00404$
    0000055F EE 80            [ 7] 1051 	xor	a, #0x80
    00000561                       1052 00404$:
    00000561 F2r77r05         [10] 1053 	jp	P, 00131$
    00000564 DD 5E EE         [19] 1054 	ld	e, -18 (ix)
    00000567 DD 56 EF         [19] 1055 	ld	d, -17 (ix)
    0000056A 13               [ 6] 1056 	inc	de
    0000056B DD 6E E4         [19] 1057 	ld	l, -28 (ix)
    0000056E DD 66 E5         [19] 1058 	ld	h, -27 (ix)
    00000571 73               [ 7] 1059 	ld	(hl), e
    00000572 23               [ 6] 1060 	inc	hl
    00000573 72               [ 7] 1061 	ld	(hl), d
    00000574 C3r87r05         [10] 1062 	jp	00132$
    00000577                       1063 00131$:
    00000577 DD 5E EE         [19] 1064 	ld	e, -18 (ix)
    0000057A DD 56 EF         [19] 1065 	ld	d, -17 (ix)
    0000057D 1B               [ 6] 1066 	dec	de
    0000057E DD 6E E4         [19] 1067 	ld	l, -28 (ix)
    00000581 DD 66 E5         [19] 1068 	ld	h, -27 (ix)
    00000584 73               [ 7] 1069 	ld	(hl), e
    00000585 23               [ 6] 1070 	inc	hl
    00000586 72               [ 7] 1071 	ld	(hl), d
    00000587                       1072 00132$:
                                   1073 ;E:\Dropbox\FAUSTO\SVILUPPI\MSX\CODE\C\MSXgl\projects\soccerlgSCC/soccerlg_s13_b3.c:67: i16 dy = (i16)targetY - (i16)g_Players[i].Y;
    00000587 DD 6E E2         [19] 1074 	ld	l, -30 (ix)
    0000058A DD 66 E3         [19] 1075 	ld	h, -29 (ix)
    0000058D 5E               [ 7] 1076 	ld	e, (hl)
    0000058E 23               [ 6] 1077 	inc	hl
    0000058F 56               [ 7] 1078 	ld	d, (hl)
                                   1079 ;E:\Dropbox\FAUSTO\SVILUPPI\MSX\CODE\C\MSXgl\projects\soccerlgSCC/soccerlg_s13_b3.c:111: if (dy > 0) g_Players[i].Y++; else g_Players[i].Y--;
    00000590 AF               [ 4] 1080 	xor	a, a
    00000591 DD BE F5         [19] 1081 	cp	a, -11 (ix)
    00000594 DD 9E F6         [19] 1082 	sbc	a, -10 (ix)
    00000597 E2r9Cr05         [10] 1083 	jp	PO, 00405$
    0000059A EE 80            [ 7] 1084 	xor	a, #0x80
    0000059C                       1085 00405$:
    0000059C F2rACr05         [10] 1086 	jp	P, 00134$
    0000059F 13               [ 6] 1087 	inc	de
    000005A0 DD 6E E2         [19] 1088 	ld	l, -30 (ix)
    000005A3 DD 66 E3         [19] 1089 	ld	h, -29 (ix)
    000005A6 73               [ 7] 1090 	ld	(hl), e
    000005A7 23               [ 6] 1091 	inc	hl
    000005A8 72               [ 7] 1092 	ld	(hl), d
    000005A9 C3rB6r05         [10] 1093 	jp	00139$
    000005AC                       1094 00134$:
    000005AC 1B               [ 6] 1095 	dec	de
    000005AD DD 6E E2         [19] 1096 	ld	l, -30 (ix)
    000005B0 DD 66 E3         [19] 1097 	ld	h, -29 (ix)
    000005B3 73               [ 7] 1098 	ld	(hl), e
    000005B4 23               [ 6] 1099 	inc	hl
    000005B5 72               [ 7] 1100 	ld	(hl), d
    000005B6                       1101 00139$:
                                   1102 ;E:\Dropbox\FAUSTO\SVILUPPI\MSX\CODE\C\MSXgl\projects\soccerlgSCC/soccerlg_s13_b3.c:116: bool showBack = ((timer + i * 17) / 60) & 1;
    000005B6 DD 5E F0         [19] 1103 	ld	e, -16 (ix)
    000005B9 DD 56 F1         [19] 1104 	ld	d, -15 (ix)
    000005BC 6B               [ 4] 1105 	ld	l, e
    000005BD 62               [ 4] 1106 	ld	h, d
    000005BE 29               [11] 1107 	add	hl, hl
    000005BF 29               [11] 1108 	add	hl, hl
    000005C0 29               [11] 1109 	add	hl, hl
    000005C1 29               [11] 1110 	add	hl, hl
    000005C2 19               [11] 1111 	add	hl, de
    000005C3 09               [11] 1112 	add	hl, bc
    000005C4 11 3C 00         [10] 1113 	ld	de, #0x003c
    000005C7 CDr00r00         [17] 1114 	call	__divuint
                                   1115 ;E:\Dropbox\FAUSTO\SVILUPPI\MSX\CODE\C\MSXgl\projects\soccerlgSCC/soccerlg_s13_b3.c:119: g_Players[i].PatternId = animFrame ? PLAYER_POSE_CELEBRATION_BACK_1 : PLAYER_POSE_CELEBRATION_BACK_2;
    000005CA DD 7E E2         [19] 1116 	ld	a, -30 (ix)
    000005CD C6 08            [ 7] 1117 	add	a, #0x08
    000005CF DD 77 F7         [19] 1118 	ld	-9 (ix), a
    000005D2 DD 7E E3         [19] 1119 	ld	a, -29 (ix)
    000005D5 CE 00            [ 7] 1120 	adc	a, #0x00
    000005D7 DD 77 F8         [19] 1121 	ld	-8 (ix), a
                                   1122 ;E:\Dropbox\FAUSTO\SVILUPPI\MSX\CODE\C\MSXgl\projects\soccerlgSCC/soccerlg_s13_b3.c:116: bool showBack = ((timer + i * 17) / 60) & 1;
    000005DA CB 43            [ 8] 1123 	bit	0, e
    000005DC 28 19            [12] 1124 	jr	Z, 00141$
                                   1125 ;E:\Dropbox\FAUSTO\SVILUPPI\MSX\CODE\C\MSXgl\projects\soccerlgSCC/soccerlg_s13_b3.c:118: if (showBack) {
                                   1126 ;E:\Dropbox\FAUSTO\SVILUPPI\MSX\CODE\C\MSXgl\projects\soccerlgSCC/soccerlg_s13_b3.c:119: g_Players[i].PatternId = animFrame ? PLAYER_POSE_CELEBRATION_BACK_1 : PLAYER_POSE_CELEBRATION_BACK_2;
    000005DE DD 7E F3         [19] 1127 	ld	a, -13 (ix)
    000005E1 B7               [ 4] 1128 	or	a, a
    000005E2 28 06            [12] 1129 	jr	Z, 00188$
    000005E4 01 32 00         [10] 1130 	ld	bc, #0x0032
    000005E7 C3rEDr05         [10] 1131 	jp	00189$
    000005EA                       1132 00188$:
    000005EA 01 33 00         [10] 1133 	ld	bc, #0x0033
    000005ED                       1134 00189$:
    000005ED DD 6E F7         [19] 1135 	ld	l, -9 (ix)
    000005F0 DD 66 F8         [19] 1136 	ld	h, -8 (ix)
    000005F3 71               [ 7] 1137 	ld	(hl), c
    000005F4 C3r95r07         [10] 1138 	jp	00166$
    000005F7                       1139 00141$:
                                   1140 ;E:\Dropbox\FAUSTO\SVILUPPI\MSX\CODE\C\MSXgl\projects\soccerlgSCC/soccerlg_s13_b3.c:121: g_Players[i].PatternId = animFrame ? PLAYER_POSE_CELEBRATION_FRONT_1 : PLAYER_POSE_CELEBRATION_FRONT_2;
    000005F7 DD 7E F3         [19] 1141 	ld	a, -13 (ix)
    000005FA B7               [ 4] 1142 	or	a, a
    000005FB 28 06            [12] 1143 	jr	Z, 00190$
    000005FD 11 30 00         [10] 1144 	ld	de, #0x0030
    00000600 C3r06r06         [10] 1145 	jp	00191$
    00000603                       1146 00190$:
    00000603 11 31 00         [10] 1147 	ld	de, #0x0031
    00000606                       1148 00191$:
    00000606 DD 6E F7         [19] 1149 	ld	l, -9 (ix)
    00000609 DD 66 F8         [19] 1150 	ld	h, -8 (ix)
    0000060C 73               [ 7] 1151 	ld	(hl), e
    0000060D C3r95r07         [10] 1152 	jp	00166$
    00000610                       1153 00164$:
                                   1154 ;E:\Dropbox\FAUSTO\SVILUPPI\MSX\CODE\C\MSXgl\projects\soccerlgSCC/soccerlg_s13_b3.c:128: if (g_Players[i].X < 8) {
    00000610 DD 7E F7         [19] 1155 	ld	a, -9 (ix)
    00000613 DD 46 F8         [19] 1156 	ld	b, -8 (ix)
    00000616 D6 08            [ 7] 1157 	sub	a, #0x08
    00000618 78               [ 4] 1158 	ld	a, b
    00000619 DE 00            [ 7] 1159 	sbc	a, #0x00
    0000061B 30 36            [12] 1160 	jr	NC, 00147$
                                   1161 ;E:\Dropbox\FAUSTO\SVILUPPI\MSX\CODE\C\MSXgl\projects\soccerlgSCC/soccerlg_s13_b3.c:130: g_Players[i].Y = (g_FieldCurrentYPosition > 32) ? g_FieldCurrentYPosition - 32 : 0;
    0000061D DD 4E E2         [19] 1162 	ld	c, -30 (ix)
    00000620 DD 46 E3         [19] 1163 	ld	b, -29 (ix)
    00000623 3E 20            [ 7] 1164 	ld	a, #0x20
    00000625 FD 21r00r00      [14] 1165 	ld	iy, #_g_FieldCurrentYPosition
    00000629 FD BE 00         [19] 1166 	cp	a, 0 (iy)
    0000062C 3E 00            [ 7] 1167 	ld	a, #0x00
    0000062E FD 9E 01         [19] 1168 	sbc	a, 1 (iy)
    00000631 E2r36r06         [10] 1169 	jp	PO, 00407$
    00000634 EE 80            [ 7] 1170 	xor	a, #0x80
    00000636                       1171 00407$:
    00000636 F2r48r06         [10] 1172 	jp	P, 00192$
    00000639 3Ar00r00         [13] 1173 	ld	a, (_g_FieldCurrentYPosition+0)
    0000063C C6 E0            [ 7] 1174 	add	a, #0xe0
    0000063E 5F               [ 4] 1175 	ld	e, a
    0000063F 3Ar01r00         [13] 1176 	ld	a, (_g_FieldCurrentYPosition+1)
    00000642 CE FF            [ 7] 1177 	adc	a, #0xff
    00000644 57               [ 4] 1178 	ld	d, a
    00000645 C3r4Br06         [10] 1179 	jp	00193$
    00000648                       1180 00192$:
    00000648 11 00 00         [10] 1181 	ld	de, #0x0000
    0000064B                       1182 00193$:
    0000064B 7B               [ 4] 1183 	ld	a, e
    0000064C 02               [ 7] 1184 	ld	(bc), a
    0000064D 03               [ 6] 1185 	inc	bc
    0000064E 7A               [ 4] 1186 	ld	a, d
    0000064F 02               [ 7] 1187 	ld	(bc), a
                                   1188 ;E:\Dropbox\FAUSTO\SVILUPPI\MSX\CODE\C\MSXgl\projects\soccerlgSCC/soccerlg_s13_b3.c:131: continue; // Skip movement, count as exited
    00000650 C3r95r07         [10] 1189 	jp	00166$
    00000653                       1190 00147$:
                                   1191 ;E:\Dropbox\FAUSTO\SVILUPPI\MSX\CODE\C\MSXgl\projects\soccerlgSCC/soccerlg_s13_b3.c:134: losersOnField++;
    00000653 DD 34 FE         [23] 1192 	inc	-2 (ix)
                                   1193 ;E:\Dropbox\FAUSTO\SVILUPPI\MSX\CODE\C\MSXgl\projects\soccerlgSCC/soccerlg_s13_b3.c:137: i16 dx = (i16)0 - (i16)g_Players[i].X;
    00000656 DD 7E F7         [19] 1194 	ld	a, -9 (ix)
    00000659 DD 4E F8         [19] 1195 	ld	c, -8 (ix)
    0000065C ED 44            [ 8] 1196 	neg
    0000065E 5F               [ 4] 1197 	ld	e, a
    0000065F 9F               [ 4] 1198 	sbc	a, a
    00000660 91               [ 4] 1199 	sub	a, c
    00000661 57               [ 4] 1200 	ld	d, a
                                   1201 ;E:\Dropbox\FAUSTO\SVILUPPI\MSX\CODE\C\MSXgl\projects\soccerlgSCC/soccerlg_s13_b3.c:138: i16 dy = (i16)FIELD_POS_Y_CENTER - (i16)g_Players[i].Y;
    00000662 DD 6E E2         [19] 1202 	ld	l, -30 (ix)
    00000665 DD 66 E3         [19] 1203 	ld	h, -29 (ix)
    00000668 4E               [ 7] 1204 	ld	c, (hl)
    00000669 23               [ 6] 1205 	inc	hl
    0000066A 46               [ 7] 1206 	ld	b, (hl)
    0000066B 3E F3            [ 7] 1207 	ld	a, #0xf3
    0000066D 91               [ 4] 1208 	sub	a, c
    0000066E DD 77 F5         [19] 1209 	ld	-11 (ix), a
    00000671 9F               [ 4] 1210 	sbc	a, a
    00000672 90               [ 4] 1211 	sub	a, b
    00000673 DD 77 F6         [19] 1212 	ld	-10 (ix), a
                                   1213 ;E:\Dropbox\FAUSTO\SVILUPPI\MSX\CODE\C\MSXgl\projects\soccerlgSCC/soccerlg_s13_b3.c:141: if ((timer & 1) == 0) {
    00000676 DD 7E E1         [19] 1214 	ld	a, -31 (ix)
    00000679 DD B6 E0         [19] 1215 	or	a, -32 (ix)
    0000067C 20 72            [12] 1216 	jr	NZ, 00159$
                                   1217 ;E:\Dropbox\FAUSTO\SVILUPPI\MSX\CODE\C\MSXgl\projects\soccerlgSCC/soccerlg_s13_b3.c:142: if (dx > 0) g_Players[i].X++; else if (dx < 0) g_Players[i].X--;
    0000067E 4B               [ 4] 1218 	ld	c, e
    0000067F 42               [ 4] 1219 	ld	b, d
    00000680 AF               [ 4] 1220 	xor	a, a
    00000681 B9               [ 4] 1221 	cp	a, c
    00000682 98               [ 4] 1222 	sbc	a, b
    00000683 E2r88r06         [10] 1223 	jp	PO, 00408$
    00000686 EE 80            [ 7] 1224 	xor	a, #0x80
    00000688                       1225 00408$:
    00000688 F2r9Er06         [10] 1226 	jp	P, 00151$
    0000068B DD 4E F7         [19] 1227 	ld	c, -9 (ix)
    0000068E DD 46 F8         [19] 1228 	ld	b, -8 (ix)
    00000691 03               [ 6] 1229 	inc	bc
    00000692 DD 6E E4         [19] 1230 	ld	l, -28 (ix)
    00000695 DD 66 E5         [19] 1231 	ld	h, -27 (ix)
    00000698 71               [ 7] 1232 	ld	(hl), c
    00000699 23               [ 6] 1233 	inc	hl
    0000069A 70               [ 7] 1234 	ld	(hl), b
    0000069B C3rB2r06         [10] 1235 	jp	00152$
    0000069E                       1236 00151$:
    0000069E CB 78            [ 8] 1237 	bit	7, b
    000006A0 28 10            [12] 1238 	jr	Z, 00152$
    000006A2 DD 4E F7         [19] 1239 	ld	c, -9 (ix)
    000006A5 DD 46 F8         [19] 1240 	ld	b, -8 (ix)
    000006A8 0B               [ 6] 1241 	dec	bc
    000006A9 DD 6E E4         [19] 1242 	ld	l, -28 (ix)
    000006AC DD 66 E5         [19] 1243 	ld	h, -27 (ix)
    000006AF 71               [ 7] 1244 	ld	(hl), c
    000006B0 23               [ 6] 1245 	inc	hl
    000006B1 70               [ 7] 1246 	ld	(hl), b
    000006B2                       1247 00152$:
                                   1248 ;E:\Dropbox\FAUSTO\SVILUPPI\MSX\CODE\C\MSXgl\projects\soccerlgSCC/soccerlg_s13_b3.c:143: if (dy > 0) g_Players[i].Y++; else if (dy < 0) g_Players[i].Y--;
    000006B2 DD 4E F5         [19] 1249 	ld	c, -11 (ix)
    000006B5 DD 46 F6         [19] 1250 	ld	b, -10 (ix)
    000006B8 AF               [ 4] 1251 	xor	a, a
    000006B9 B9               [ 4] 1252 	cp	a, c
    000006BA 98               [ 4] 1253 	sbc	a, b
    000006BB E2rC0r06         [10] 1254 	jp	PO, 00409$
    000006BE EE 80            [ 7] 1255 	xor	a, #0x80
    000006C0                       1256 00409$:
    000006C0 F2rD9r06         [10] 1257 	jp	P, 00156$
    000006C3 DD 6E E2         [19] 1258 	ld	l, -30 (ix)
    000006C6 DD 66 E3         [19] 1259 	ld	h, -29 (ix)
    000006C9 4E               [ 7] 1260 	ld	c, (hl)
    000006CA 23               [ 6] 1261 	inc	hl
    000006CB 46               [ 7] 1262 	ld	b, (hl)
    000006CC 03               [ 6] 1263 	inc	bc
    000006CD DD 6E E2         [19] 1264 	ld	l, -30 (ix)
    000006D0 DD 66 E3         [19] 1265 	ld	h, -29 (ix)
    000006D3 71               [ 7] 1266 	ld	(hl), c
    000006D4 23               [ 6] 1267 	inc	hl
    000006D5 70               [ 7] 1268 	ld	(hl), b
    000006D6 C3rF0r06         [10] 1269 	jp	00159$
    000006D9                       1270 00156$:
    000006D9 CB 78            [ 8] 1271 	bit	7, b
    000006DB 28 13            [12] 1272 	jr	Z, 00159$
    000006DD DD 6E E2         [19] 1273 	ld	l, -30 (ix)
    000006E0 DD 66 E3         [19] 1274 	ld	h, -29 (ix)
    000006E3 4E               [ 7] 1275 	ld	c, (hl)
    000006E4 23               [ 6] 1276 	inc	hl
    000006E5 46               [ 7] 1277 	ld	b, (hl)
    000006E6 0B               [ 6] 1278 	dec	bc
    000006E7 DD 6E E2         [19] 1279 	ld	l, -30 (ix)
    000006EA DD 66 E3         [19] 1280 	ld	h, -29 (ix)
    000006ED 71               [ 7] 1281 	ld	(hl), c
    000006EE 23               [ 6] 1282 	inc	hl
    000006EF 70               [ 7] 1283 	ld	(hl), b
    000006F0                       1284 00159$:
                                   1285 ;E:\Dropbox\FAUSTO\SVILUPPI\MSX\CODE\C\MSXgl\projects\soccerlgSCC/soccerlg_s13_b3.c:147: if (Math_Abs32(dx) > Math_Abs32(dy)) {
    000006F0 4B               [ 4] 1286 	ld	c, e
    000006F1 7A               [ 4] 1287 	ld	a, d
    000006F2 47               [ 4] 1288 	ld	b, a
    000006F3 07               [ 4] 1289 	rlca
    000006F4 ED 62            [15] 1290 	sbc	hl, hl
    000006F6 D5               [11] 1291 	push	de
    000006F7 59               [ 4] 1292 	ld	e, c
    000006F8 50               [ 4] 1293 	ld	d, b
    000006F9 CDr00r00         [17] 1294 	call	_Math_Abs32
    000006FC DD 73 ED         [19] 1295 	ld	-19 (ix), e
    000006FF DD 72 EE         [19] 1296 	ld	-18 (ix), d
    00000702 DD 75 EF         [19] 1297 	ld	-17 (ix), l
    00000705 DD 74 F0         [19] 1298 	ld	-16 (ix), h
    00000708 D1               [10] 1299 	pop	de
    00000709 DD 4E F5         [19] 1300 	ld	c, -11 (ix)
    0000070C DD 7E F6         [19] 1301 	ld	a, -10 (ix)
    0000070F 47               [ 4] 1302 	ld	b, a
    00000710 07               [ 4] 1303 	rlca
    00000711 ED 62            [15] 1304 	sbc	hl, hl
    00000713 D5               [11] 1305 	push	de
    00000714 59               [ 4] 1306 	ld	e, c
    00000715 50               [ 4] 1307 	ld	d, b
    00000716 CDr00r00         [17] 1308 	call	_Math_Abs32
    00000719 DD 73 F1         [19] 1309 	ld	-15 (ix), e
    0000071C DD 72 F2         [19] 1310 	ld	-14 (ix), d
    0000071F DD 75 F3         [19] 1311 	ld	-13 (ix), l
    00000722 DD 74 F4         [19] 1312 	ld	-12 (ix), h
    00000725 D1               [10] 1313 	pop	de
                                   1314 ;E:\Dropbox\FAUSTO\SVILUPPI\MSX\CODE\C\MSXgl\projects\soccerlgSCC/soccerlg_s13_b3.c:148: g_Players[i].Direction = (dx > 0) ? DIRECTION_RIGHT : DIRECTION_LEFT;
    00000726 DD 7E E2         [19] 1315 	ld	a, -30 (ix)
    00000729 C6 0A            [ 7] 1316 	add	a, #0x0a
    0000072B 4F               [ 4] 1317 	ld	c, a
    0000072C DD 7E E3         [19] 1318 	ld	a, -29 (ix)
    0000072F CE 00            [ 7] 1319 	adc	a, #0x00
    00000731 47               [ 4] 1320 	ld	b, a
                                   1321 ;E:\Dropbox\FAUSTO\SVILUPPI\MSX\CODE\C\MSXgl\projects\soccerlgSCC/soccerlg_s13_b3.c:147: if (Math_Abs32(dx) > Math_Abs32(dy)) {
    00000732 DD 7E F1         [19] 1322 	ld	a, -15 (ix)
    00000735 DD 96 ED         [19] 1323 	sub	a, -19 (ix)
    00000738 DD 7E F2         [19] 1324 	ld	a, -14 (ix)
    0000073B DD 9E EE         [19] 1325 	sbc	a, -18 (ix)
    0000073E DD 7E F3         [19] 1326 	ld	a, -13 (ix)
    00000741 DD 9E EF         [19] 1327 	sbc	a, -17 (ix)
    00000744 DD 7E F4         [19] 1328 	ld	a, -12 (ix)
    00000747 DD 9E F0         [19] 1329 	sbc	a, -16 (ix)
    0000074A E2r4Fr07         [10] 1330 	jp	PO, 00410$
    0000074D EE 80            [ 7] 1331 	xor	a, #0x80
    0000074F                       1332 00410$:
    0000074F F2r6Br07         [10] 1333 	jp	P, 00161$
                                   1334 ;E:\Dropbox\FAUSTO\SVILUPPI\MSX\CODE\C\MSXgl\projects\soccerlgSCC/soccerlg_s13_b3.c:148: g_Players[i].Direction = (dx > 0) ? DIRECTION_RIGHT : DIRECTION_LEFT;
    00000752 AF               [ 4] 1335 	xor	a, a
    00000753 BB               [ 4] 1336 	cp	a, e
    00000754 9A               [ 4] 1337 	sbc	a, d
    00000755 E2r5Ar07         [10] 1338 	jp	PO, 00411$
    00000758 EE 80            [ 7] 1339 	xor	a, #0x80
    0000075A                       1340 00411$:
    0000075A F2r63r07         [10] 1341 	jp	P, 00194$
    0000075D 11 03 00         [10] 1342 	ld	de, #0x0003
    00000760 C3r66r07         [10] 1343 	jp	00195$
    00000763                       1344 00194$:
    00000763 11 07 00         [10] 1345 	ld	de, #0x0007
    00000766                       1346 00195$:
    00000766 7B               [ 4] 1347 	ld	a, e
    00000767 02               [ 7] 1348 	ld	(bc), a
    00000768 C3r87r07         [10] 1349 	jp	00162$
    0000076B                       1350 00161$:
                                   1351 ;E:\Dropbox\FAUSTO\SVILUPPI\MSX\CODE\C\MSXgl\projects\soccerlgSCC/soccerlg_s13_b3.c:150: g_Players[i].Direction = (dy > 0) ? DIRECTION_DOWN : DIRECTION_UP;
    0000076B DD 5E F5         [19] 1352 	ld	e, -11 (ix)
    0000076E DD 56 F6         [19] 1353 	ld	d, -10 (ix)
    00000771 AF               [ 4] 1354 	xor	a, a
    00000772 BB               [ 4] 1355 	cp	a, e
    00000773 9A               [ 4] 1356 	sbc	a, d
    00000774 E2r79r07         [10] 1357 	jp	PO, 00412$
    00000777 EE 80            [ 7] 1358 	xor	a, #0x80
    00000779                       1359 00412$:
    00000779 F2r82r07         [10] 1360 	jp	P, 00196$
    0000077C 11 05 00         [10] 1361 	ld	de, #0x0005
    0000077F C3r85r07         [10] 1362 	jp	00197$
    00000782                       1363 00196$:
    00000782 11 01 00         [10] 1364 	ld	de, #0x0001
    00000785                       1365 00197$:
    00000785 7B               [ 4] 1366 	ld	a, e
    00000786 02               [ 7] 1367 	ld	(bc), a
    00000787                       1368 00162$:
                                   1369 ;E:\Dropbox\FAUSTO\SVILUPPI\MSX\CODE\C\MSXgl\projects\soccerlgSCC/soccerlg_s13_b3.c:153: g_Players[i].Status = PLAYER_STATUS_NONE; // Walking animation
    00000787 DD 6E E2         [19] 1370 	ld	l, -30 (ix)
    0000078A DD 66 E3         [19] 1371 	ld	h, -29 (ix)
    0000078D 11 12 00         [10] 1372 	ld	de, #0x0012
    00000790 19               [11] 1373 	add	hl, de
    00000791 AF               [ 4] 1374 	xor	a, a
    00000792 77               [ 7] 1375 	ld	(hl), a
    00000793 23               [ 6] 1376 	inc	hl
    00000794 77               [ 7] 1377 	ld	(hl), a
    00000795                       1378 00166$:
                                   1379 ;E:\Dropbox\FAUSTO\SVILUPPI\MSX\CODE\C\MSXgl\projects\soccerlgSCC/soccerlg_s13_b3.c:57: for(u8 i=0; i<15; i++) { // Loop 0 to 14 (Includes Referee)
    00000795 DD 34 FF         [23] 1380 	inc	-1 (ix)
    00000798 C3rCDr00         [10] 1381 	jp	00181$
    0000079B                       1382 00167$:
                                   1383 ;E:\Dropbox\FAUSTO\SVILUPPI\MSX\CODE\C\MSXgl\projects\soccerlgSCC/soccerlg_s13_b3.c:157: CallFnc_VOID(6,UpdateSpritesPositions);
    0000079B 11r00r00         [10] 1384 	ld	de, #_UpdateSpritesPositions
    0000079E 3E 06            [ 7] 1385 	ld	a, #0x06
    000007A0 CDr00r00         [17] 1386 	call	_CallFnc_VOID
                                   1387 ;E:\Dropbox\FAUSTO\SVILUPPI\MSX\CODE\C\MSXgl\projects\soccerlgSCC/soccerlg_s13_b3.c:159: if (losersOnField == 0) {
    000007A3 DD 7E FE         [19] 1388 	ld	a, -2 (ix)
    000007A6 B7               [ 4] 1389 	or	a, a
    000007A7 20 20            [12] 1390 	jr	NZ, 00171$
                                   1391 ;E:\Dropbox\FAUSTO\SVILUPPI\MSX\CODE\C\MSXgl\projects\soccerlgSCC/soccerlg_s13_b3.c:160: extraTime++;
    000007A9 DD 34 FA         [23] 1392 	inc	-6 (ix)
    000007AC 20 03            [12] 1393 	jr	NZ, 00413$
    000007AE DD 34 FB         [23] 1394 	inc	-5 (ix)
    000007B1                       1395 00413$:
                                   1396 ;E:\Dropbox\FAUSTO\SVILUPPI\MSX\CODE\C\MSXgl\projects\soccerlgSCC/soccerlg_s13_b3.c:161: if (extraTime > 120) break; // 2 seconds after last exit
    000007B1 DD 7E FA         [19] 1397 	ld	a, -6 (ix)
    000007B4 DD 77 FE         [19] 1398 	ld	-2 (ix), a
    000007B7 DD 7E FB         [19] 1399 	ld	a, -5 (ix)
    000007BA DD 77 FF         [19] 1400 	ld	-1 (ix), a
    000007BD 3E 78            [ 7] 1401 	ld	a, #0x78
    000007BF DD BE FE         [19] 1402 	cp	a, -2 (ix)
    000007C2 3E 00            [ 7] 1403 	ld	a, #0x00
    000007C4 DD 9E FF         [19] 1404 	sbc	a, -1 (ix)
    000007C7 38 19            [12] 1405 	jr	C, 00176$
    000007C9                       1406 00171$:
                                   1407 ;E:\Dropbox\FAUSTO\SVILUPPI\MSX\CODE\C\MSXgl\projects\soccerlgSCC/soccerlg_s13_b3.c:165: if (timer > 1200) break;
    000007C9 DD 7E FC         [19] 1408 	ld	a, -4 (ix)
    000007CC DD 77 FE         [19] 1409 	ld	-2 (ix), a
    000007CF DD 7E FD         [19] 1410 	ld	a, -3 (ix)
    000007D2 DD 77 FF         [19] 1411 	ld	-1 (ix), a
    000007D5 3E B0            [ 7] 1412 	ld	a, #0xb0
    000007D7 DD BE FE         [19] 1413 	cp	a, -2 (ix)
    000007DA 3E 04            [ 7] 1414 	ld	a, #0x04
    000007DC DD 9E FF         [19] 1415 	sbc	a, -1 (ix)
    000007DF D2rAEr00         [10] 1416 	jp	NC, 00175$
    000007E2                       1417 00176$:
                                   1418 ;E:\Dropbox\FAUSTO\SVILUPPI\MSX\CODE\C\MSXgl\projects\soccerlgSCC/soccerlg_s13_b3.c:168: CallFnc_VOID(8,ShowMenu);
    000007E2 11r00r00         [10] 1419 	ld	de, #_ShowMenu
    000007E5 3E 08            [ 7] 1420 	ld	a, #0x08
    000007E7 CDr00r00         [17] 1421 	call	_CallFnc_VOID
                                   1422 ;E:\Dropbox\FAUSTO\SVILUPPI\MSX\CODE\C\MSXgl\projects\soccerlgSCC/soccerlg_s13_b3.c:169: }
    000007EA DD F9            [10] 1423 	ld	sp, ix
    000007EC DD E1            [14] 1424 	pop	ix
    000007EE C9               [10] 1425 	ret
                         0000F380  1426 _g_RDPRIM	=	0xf380
                         0000F385  1427 _g_WRPRIM	=	0xf385
                         0000F38C  1428 _g_CLPRIM	=	0xf38c
                         0000F39A  1429 _g_USRTAB	=	0xf39a
                         0000F3DE  1430 _g_CNSDFG	=	0xf3de
                         0000F3DF  1431 _g_RG0SAV	=	0xf3df
                         0000F3E0  1432 _g_RG1SAV	=	0xf3e0
                         0000F3E1  1433 _g_RG2SAV	=	0xf3e1
                         0000F3E2  1434 _g_RG3SAV	=	0xf3e2
                         0000F3E3  1435 _g_RG4SAV	=	0xf3e3
                         0000F3E4  1436 _g_RG5SAV	=	0xf3e4
                         0000F3E5  1437 _g_RG6SAV	=	0xf3e5
                         0000F3E6  1438 _g_RG7SAV	=	0xf3e6
                         0000F3E7  1439 _g_STATFL	=	0xf3e7
                         0000F3E8  1440 _g_TRGFLG	=	0xf3e8
                         0000F3EC  1441 _g_MAXUPD	=	0xf3ec
                         0000F3EF  1442 _g_MINUPD	=	0xf3ef
                         0000F3F3  1443 _g_QUEUES	=	0xf3f3
                         0000F3F5  1444 _g_FRCNEW	=	0xf3f5
                         0000F3F6  1445 _g_SCNCNT	=	0xf3f6
                         0000F3F7  1446 _g_REPCNT	=	0xf3f7
                         0000F3F8  1447 _g_PUTPNT	=	0xf3f8
                         0000F3FA  1448 _g_GETPNT	=	0xf3fa
                         0000F3FC  1449 _g_CS120	=	0xf3fc
                         0000F401  1450 _g_CS240	=	0xf401
                         0000F406  1451 _g_LOW	=	0xf406
                         0000F408  1452 _g_HIGH	=	0xf408
                         0000F40A  1453 _g_HEADER	=	0xf40a
                         0000F40B  1454 _g_ASPCT1	=	0xf40b
                         0000F40D  1455 _g_ASPCT2	=	0xf40d
                         0000F959  1456 _g_QUETAB	=	0xf959
                         0000F971  1457 _g_QUEBAK	=	0xf971
                         0000F975  1458 _g_VOICAQ	=	0xf975
                         0000F9F5  1459 _g_VOICBQ	=	0xf9f5
                         0000FA75  1460 _g_VOICCQ	=	0xfa75
                         0000FAF5  1461 _g_RS2IQ	=	0xfaf5
                         0000FAF5  1462 _g_DPPAGE	=	0xfaf5
                         0000FAF6  1463 _g_ACPAGE	=	0xfaf6
                         0000FAF7  1464 _g_AVCSAV	=	0xfaf7
                         0000FAF8  1465 _g_EXBRSA	=	0xfaf8
                         0000FAF9  1466 _g_CHRCNT	=	0xfaf9
                         0000FAFA  1467 _g_ROMA	=	0xfafa
                         0000FAFC  1468 _g_MODE	=	0xfafc
                         0000FAFD  1469 _g_NORUSE	=	0xfafd
                         0000FAFE  1470 _g_XSAVE	=	0xfafe
                         0000FB00  1471 _g_YSAVE	=	0xfb00
                         0000FB03  1472 _g_RSTMP	=	0xfb03
                         0000FB03  1473 _g_TOCNT	=	0xfb03
                         0000FB04  1474 _g_RSFCB	=	0xfb04
                         0000FB06  1475 _g_RSIQLN	=	0xfb06
                         0000FB07  1476 _g_MEXBIh	=	0xfb07
                         0000FB0C  1477 _g_OLDSTT	=	0xfb0c
                         0000FB0C  1478 _g_OLDINT	=	0xfb0c
                         0000FB16  1479 _g_DEVNUM	=	0xfb16
                         0000FB17  1480 _g_DATCNT	=	0xfb17
                         0000FB1A  1481 _g_ERRORS	=	0xfb1a
                         0000FB1B  1482 _g_FLAGS	=	0xfb1b
                         0000FB1C  1483 _g_ESTBLS	=	0xfb1c
                         0000FB1D  1484 _g_COMMSK	=	0xfb1d
                         0000FB1E  1485 _g_LSTCOM	=	0xfb1e
                         0000FB1F  1486 _g_LSTMOD	=	0xfb1f
                         0000FB35  1487 _g_PRSCNT	=	0xfb35
                         0000FB36  1488 _g_SAVSP	=	0xfb36
                         0000FB38  1489 _g_VOICEN	=	0xfb38
                         0000FB39  1490 _g_SAVVOL	=	0xfb39
                         0000FB3B  1491 _g_MCLLEN	=	0xfb3b
                         0000FB3C  1492 _g_MCLPTR	=	0xfb3c
                         0000FB3E  1493 _g_QUEUEN	=	0xfb3e
                         0000FB3F  1494 _g_MUSICF	=	0xfb3f
                         0000FB40  1495 _g_PLYCNT	=	0xfb40
                         0000FB41  1496 _g_VCBA	=	0xfb41
                         0000FB66  1497 _g_VCBB	=	0xfb66
                         0000FB8B  1498 _g_VCBC	=	0xfb8b
                         0000FBB0  1499 _g_ENSTOP	=	0xfbb0
                         0000FBB1  1500 _g_BASROM	=	0xfbb1
                         0000FBB2  1501 _g_LINTTB	=	0xfbb2
                         0000FBCA  1502 _g_FSTPOS	=	0xfbca
                         0000FBCC  1503 _g_CODSAV	=	0xfbcc
                         0000FBCD  1504 _g_FNKSWI	=	0xfbcd
                         0000FBCE  1505 _g_FNKFLG	=	0xfbce
                         0000FBD8  1506 _g_ONGSBF	=	0xfbd8
                         0000FBD9  1507 _g_CLIKFL	=	0xfbd9
                         0000FBDA  1508 _g_OLDKEY	=	0xfbda
                         0000FBE5  1509 _g_NEWKEY	=	0xfbe5
                         0000FBF0  1510 _g_KEYBUF	=	0xfbf0
                         0000FC18  1511 _g_LINWRK	=	0xfc18
                         0000FC40  1512 _g_PATWRK	=	0xfc40
                         0000FC48  1513 _g_BOTTOM	=	0xfc48
                         0000FC4A  1514 _g_HIMEM	=	0xfc4a
                         0000FC4C  1515 _g_TRPTBL	=	0xfc4c
                         0000FC9A  1516 _g_RTYCNT	=	0xfc9a
                         0000FC9B  1517 _g_INTFLG	=	0xfc9b
                         0000FC9C  1518 _g_PADY	=	0xfc9c
                         0000FC9D  1519 _g_PADX	=	0xfc9d
                         0000FC9E  1520 _g_JIFFY	=	0xfc9e
                         0000FCA0  1521 _g_INTVAL	=	0xfca0
                         0000FCA2  1522 _g_INTCNT	=	0xfca2
                         0000FCA4  1523 _g_LOWLIM	=	0xfca4
                         0000FCA5  1524 _g_WINWID	=	0xfca5
                         0000FCA6  1525 _g_GRPHED	=	0xfca6
                         0000FCA7  1526 _g_ESCCNT	=	0xfca7
                         0000FCA8  1527 _g_INSFLG	=	0xfca8
                         0000FCA9  1528 _g_CSRSW	=	0xfca9
                         0000FCAA  1529 _g_CSTYLE	=	0xfcaa
                         0000FCAB  1530 _g_CAPST	=	0xfcab
                         0000FCAC  1531 _g_KANAST	=	0xfcac
                         0000FCAD  1532 _g_KANAMD	=	0xfcad
                         0000FCAE  1533 _g_FLBMEM	=	0xfcae
                         0000FCAF  1534 _g_SCRMOD	=	0xfcaf
                         0000FCB0  1535 _g_OLDSCR	=	0xfcb0
                         0000FCB1  1536 _g_CASPRV	=	0xfcb1
                         0000FCB2  1537 _g_BRDATR	=	0xfcb2
                         0000FCB3  1538 _g_GXPOS	=	0xfcb3
                         0000FCB5  1539 _g_GYPOS	=	0xfcb5
                         0000FCBB  1540 _g_DRWFLG	=	0xfcbb
                         0000FCBC  1541 _g_DRWSCL	=	0xfcbc
                         0000FCBD  1542 _g_DRWANG	=	0xfcbd
                         0000FCC1  1543 _g_MNROM	=	0xfcc1
                         0000FCC1  1544 _g_EXPTBL	=	0xfcc1
                         0000FCC5  1545 _g_SLTTBL	=	0xfcc5
                         0000FCC9  1546 _g_SLTATR	=	0xfcc9
                         0000FD09  1547 _g_SLTWRK	=	0xfd09
                         0000FD89  1548 _g_PROCNM	=	0xfd89
                         0000FFE7  1549 _g_RG08SAV	=	0xffe7
                         0000FFE8  1550 _g_RG09SAV	=	0xffe8
                         0000FFE9  1551 _g_RG10SAV	=	0xffe9
                         0000FFEA  1552 _g_RG11SAV	=	0xffea
                         0000FFEB  1553 _g_RG12SAV	=	0xffeb
                         0000FFEC  1554 _g_RG13SAV	=	0xffec
                         0000FFED  1555 _g_RG14SAV	=	0xffed
                         0000FFEE  1556 _g_RG15SAV	=	0xffee
                         0000FFEF  1557 _g_RG16SAV	=	0xffef
                         0000FFF0  1558 _g_RG17SAV	=	0xfff0
                         0000FFF1  1559 _g_RG18SAV	=	0xfff1
                         0000FFF2  1560 _g_RG19SAV	=	0xfff2
                         0000FFF3  1561 _g_RG20SAV	=	0xfff3
                         0000FFF4  1562 _g_RG21SAV	=	0xfff4
                         0000FFF5  1563 _g_RG22SAV	=	0xfff5
                         0000FFF6  1564 _g_RG23SAV	=	0xfff6
                         0000FFF7  1565 _g_MINROM	=	0xfff7
                         0000FFF8  1566 _g_SVFFF8	=	0xfff8
                         0000FFFA  1567 _g_RG25SAV	=	0xfffa
                         0000FFFB  1568 _g_RG26SAV	=	0xfffb
                         0000FFFC  1569 _g_RG27SAV	=	0xfffc
                         0000FFFD  1570 _g_SVFFFD	=	0xfffd
                         00000004  1571 _g_CGTABL	=	0x0004
                         00000006  1572 _g_VDP_DR	=	0x0006
                         00000007  1573 _g_VDP_DW	=	0x0007
                         0000002B  1574 _g_BASRVN	=	0x002b
                         0000002B  1575 _g_ROMVersion	=	0x002b
                         0000002D  1576 _g_MSXVER	=	0x002d
                         0000002E  1577 _g_MSXMID	=	0x002e
                         00000034  1578 _g_CHAR_16	=	0x0034
                         00000000  1579 _g_SUBRID	=	0x0000
                         00000002  1580 _g_STRSRC	=	0x0002
                         0000F30F  1581 _g_KANJTABLE	=	0xf30f
                         0000F323  1582 _g_DISKVE	=	0xf323
                         0000F325  1583 _g_BREAKV	=	0xf325
                         0000F341  1584 _g_RAMAD0	=	0xf341
                         0000F342  1585 _g_RAMAD1	=	0xf342
                         0000F343  1586 _g_RAMAD2	=	0xf343
                         0000F344  1587 _g_RAMAD3	=	0xf344
                         0000F348  1588 _g_MASTER	=	0xf348
                         0000F37D  1589 _g_BDOS	=	0xf37d
                                   1590 	.area _SEG13
                                   1591 	.area _INITIALIZER
                                   1592 	.area _CABS (ABS)
