                                      1 ;--------------------------------------------------------
                                      2 ; File Created by SDCC : free open source ANSI-C Compiler
                                      3 ; Version 4.2.0 #13081 (MINGW64)
                                      4 ;--------------------------------------------------------
                                      5 	.module soccerlg_s69_b3
                                      6 	.optsdcc -mz80
                                      7 	
                                      8 ;--------------------------------------------------------
                                      9 ; Public variables in this module
                                     10 ;--------------------------------------------------------
                                     11 	.globl _g_Data_AYFX_Bank
                                     12 ;--------------------------------------------------------
                                     13 ; special function registers
                                     14 ;--------------------------------------------------------
                                     15 ;--------------------------------------------------------
                                     16 ; ram data
                                     17 ;--------------------------------------------------------
                                     18 	.area _DATA
                                     19 ;--------------------------------------------------------
                                     20 ; ram data
                                     21 ;--------------------------------------------------------
                                     22 	.area _INITIALIZED
                                     23 ;--------------------------------------------------------
                                     24 ; absolute external ram data
                                     25 ;--------------------------------------------------------
                                     26 	.area _DABS (ABS)
                                     27 ;--------------------------------------------------------
                                     28 ; global & static initialisations
                                     29 ;--------------------------------------------------------
                                     30 	.area _HOME
                                     31 	.area _GSINIT
                                     32 	.area _GSFINAL
                                     33 	.area _GSINIT
                                     34 ;--------------------------------------------------------
                                     35 ; Home
                                     36 ;--------------------------------------------------------
                                     37 	.area _HOME
                                     38 	.area _HOME
                                     39 ;--------------------------------------------------------
                                     40 ; code
                                     41 ;--------------------------------------------------------
                                     42 	.area _SEG69
                                     43 	.area _SEG69
    00000000                         44 _g_Data_AYFX_Bank:
    00000000 08                      45 	.db #0x08	; 8
    00000001 0F                      46 	.db #0x0f	; 15
    00000002 00                      47 	.db #0x00	; 0
    00000003 4B                      48 	.db #0x4b	; 75	'K'
    00000004 00                      49 	.db #0x00	; 0
    00000005 72                      50 	.db #0x72	; 114	'r'
    00000006 00                      51 	.db #0x00	; 0
    00000007 96                      52 	.db #0x96	; 150
    00000008 00                      53 	.db #0x00	; 0
    00000009 B0                      54 	.db #0xb0	; 176
    0000000A 00                      55 	.db #0x00	; 0
    0000000B D8                      56 	.db #0xd8	; 216
    0000000C 00                      57 	.db #0x00	; 0
    0000000D 0F                      58 	.db #0x0f	; 15
    0000000E 01                      59 	.db #0x01	; 1
    0000000F 40                      60 	.db #0x40	; 64
    00000010 01                      61 	.db #0x01	; 1
    00000011 6F                      62 	.db #0x6f	; 111	'o'
    00000012 E9                      63 	.db #0xe9	; 233
    00000013 02                      64 	.db #0x02	; 2
    00000014 10                      65 	.db #0x10	; 16
    00000015 2F                      66 	.db #0x2f	; 47
    00000016 5C                      67 	.db #0x5c	; 92
    00000017 03                      68 	.db #0x03	; 3
    00000018 6E                      69 	.db #0x6e	; 110	'n'
    00000019 F8                      70 	.db #0xf8	; 248
    0000001A 03                      71 	.db #0x03	; 3
    0000001B 12                      72 	.db #0x12	; 18
    0000001C 2D                      73 	.db #0x2d	; 45
    0000001D 99                      74 	.db #0x99	; 153
    0000001E 04                      75 	.db #0x04	; 4
    0000001F 6D                      76 	.db #0x6d	; 109	'm'
    00000020 76                      77 	.db #0x76	; 118	'v'
    00000021 05                      78 	.db #0x05	; 5
    00000022 14                      79 	.db #0x14	; 20
    00000023 2C                      80 	.db #0x2c	; 44
    00000024 3E                      81 	.db #0x3e	; 62
    00000025 06                      82 	.db #0x06	; 6
    00000026 6B                      83 	.db #0x6b	; 107	'k'
    00000027 48                      84 	.db #0x48	; 72	'H'
    00000028 07                      85 	.db #0x07	; 7
    00000029 16                      86 	.db #0x16	; 22
    0000002A 6A                      87 	.db #0x6a	; 106	'j'
    0000002B F1                      88 	.db #0xf1	; 241
    0000002C 07                      89 	.db #0x07	; 7
    0000002D 18                      90 	.db #0x18	; 24
    0000002E E9                      91 	.db #0xe9	; 233
    0000002F BD                      92 	.db #0xbd	; 189
    00000030 08                      93 	.db #0x08	; 8
    00000031 00                      94 	.db #0x00	; 0
    00000032 A8                      95 	.db #0xa8	; 168
    00000033 4C                      96 	.db #0x4c	; 76	'L'
    00000034 09                      97 	.db #0x09	; 9
    00000035 A7                      98 	.db #0xa7	; 167
    00000036 EE                      99 	.db #0xee	; 238
    00000037 09                     100 	.db #0x09	; 9
    00000038 A6                     101 	.db #0xa6	; 166
    00000039 A8                     102 	.db #0xa8	; 168
    0000003A 0A                     103 	.db #0x0a	; 10
    0000003B A5                     104 	.db #0xa5	; 165
    0000003C 7F                     105 	.db #0x7f	; 127
    0000003D 0B                     106 	.db #0x0b	; 11
    0000003E A4                     107 	.db #0xa4	; 164
    0000003F 7C                     108 	.db #0x7c	; 124
    00000040 0C                     109 	.db #0x0c	; 12
    00000041 A3                     110 	.db #0xa3	; 163
    00000042 3D                     111 	.db #0x3d	; 61
    00000043 0D                     112 	.db #0x0d	; 13
    00000044 A2                     113 	.db #0xa2	; 162
    00000045 90                     114 	.db #0x90	; 144
    00000046 0E                     115 	.db #0x0e	; 14
    00000047 A1                     116 	.db #0xa1	; 161
    00000048 9B                     117 	.db #0x9b	; 155
    00000049 0F                     118 	.db #0x0f	; 15
    0000004A A1                     119 	.db #0xa1	; 161
    0000004B 7A                     120 	.db #0x7a	; 122	'z'
    0000004C 11                     121 	.db #0x11	; 17
    0000004D 40                     122 	.db #0x40	; 64
    0000004E 20                     123 	.db #0x20	; 32
    0000004F 55                     124 	.db #0x55	; 85	'U'
    00000050 11                     125 	.db #0x11	; 17
    00000051 57                     126 	.db #0x57	; 87	'W'
    00000052 10                     127 	.db #0x10	; 16
    00000053 19                     128 	.db #0x19	; 25
    00000054 5A                     129 	.db #0x5a	; 90	'Z'
    00000055 0F                     130 	.db #0x0f	; 15
    00000056 5B                     131 	.db #0x5b	; 91
    00000057 0E                     132 	.db #0x0e	; 14
    00000058 1C                     133 	.db #0x1c	; 28
    00000059 5C                     134 	.db #0x5c	; 92
    0000005A 0D                     135 	.db #0x0d	; 13
    0000005B 1D                     136 	.db #0x1d	; 29
    0000005C 5D                     137 	.db #0x5d	; 93
    0000005D 0C                     138 	.db #0x0c	; 12
    0000005E 1E                     139 	.db #0x1e	; 30
    0000005F 5E                     140 	.db #0x5e	; 94
    00000060 0B                     141 	.db #0x0b	; 11
    00000061 1E                     142 	.db #0x1e	; 30
    00000062 6F                     143 	.db #0x6f	; 111	'o'
    00000063 76                     144 	.db #0x76	; 118	'v'
    00000064 05                     145 	.db #0x05	; 5
    00000065 05                     146 	.db #0x05	; 5
    00000066 6F                     147 	.db #0x6f	; 111	'o'
    00000067 3E                     148 	.db #0x3e	; 62
    00000068 06                     149 	.db #0x06	; 6
    00000069 06                     150 	.db #0x06	; 6
    0000006A 6E                     151 	.db #0x6e	; 110	'n'
    0000006B 48                     152 	.db #0x48	; 72	'H'
    0000006C 07                     153 	.db #0x07	; 7
    0000006D 07                     154 	.db #0x07	; 7
    0000006E 6D                     155 	.db #0x6d	; 109	'm'
    0000006F F1                     156 	.db #0xf1	; 241
    00000070 07                     157 	.db #0x07	; 7
    00000071 08                     158 	.db #0x08	; 8
    00000072 58                     159 	.db #0x58	; 88	'X'
    00000073 0B                     160 	.db #0x0b	; 11
    00000074 54                     161 	.db #0x54	; 84	'T'
    00000075 0E                     162 	.db #0x0e	; 14
    00000076 40                     163 	.db #0x40	; 64
    00000077 20                     164 	.db #0x20	; 32
    00000078 6F                     165 	.db #0x6f	; 111	'o'
    00000079 2F                     166 	.db #0x2f	; 47
    0000007A 02                     167 	.db #0x02	; 2
    0000007B 0E                     168 	.db #0x0e	; 14
    0000007C 6E                     169 	.db #0x6e	; 110	'n'
    0000007D 92                     170 	.db #0x92	; 146
    0000007E 02                     171 	.db #0x02	; 2
    0000007F 0F                     172 	.db #0x0f	; 15
    00000080 6D                     173 	.db #0x6d	; 109	'm'
    00000081 1F                     174 	.db #0x1f	; 31
    00000082 03                     175 	.db #0x03	; 3
    00000083 10                     176 	.db #0x10	; 16
    00000084 6B                     177 	.db #0x6b	; 107	'k'
    00000085 CC                     178 	.db #0xcc	; 204
    00000086 03                     179 	.db #0x03	; 3
    00000087 11                     180 	.db #0x11	; 17
    00000088 69                     181 	.db #0x69	; 105	'i'
    00000089 99                     182 	.db #0x99	; 153
    0000008A 04                     183 	.db #0x04	; 4
    0000008B 0F                     184 	.db #0x0f	; 15
    0000008C 6A                     185 	.db #0x6a	; 106	'j'
    0000008D 76                     186 	.db #0x76	; 118	'v'
    0000008E 05                     187 	.db #0x05	; 5
    0000008F 0E                     188 	.db #0x0e	; 14
    00000090 69                     189 	.db #0x69	; 105	'i'
    00000091 B8                     190 	.db #0xb8	; 184
    00000092 06                     191 	.db #0x06	; 6
    00000093 0F                     192 	.db #0x0f	; 15
    00000094 57                     193 	.db #0x57	; 87	'W'
    00000095 0E                     194 	.db #0x0e	; 14
    00000096 55                     195 	.db #0x55	; 85	'U'
    00000097 0F                     196 	.db #0x0f	; 15
    00000098 53                     197 	.db #0x53	; 83	'S'
    00000099 10                     198 	.db #0x10	; 16
    0000009A 51                     199 	.db #0x51	; 81	'Q'
    0000009B 11                     200 	.db #0x11	; 17
    0000009C 40                     201 	.db #0x40	; 64
    0000009D 20                     202 	.db #0x20	; 32
    0000009E 6F                     203 	.db #0x6f	; 111	'o'
    0000009F 8F                     204 	.db #0x8f	; 143
    000000A0 01                     205 	.db #0x01	; 1
    000000A1 0A                     206 	.db #0x0a	; 10
    000000A2 EF                     207 	.db #0xef	; 239
    000000A3 2F                     208 	.db #0x2f	; 47
    000000A4 02                     209 	.db #0x02	; 2
    000000A5 00                     210 	.db #0x00	; 0
    000000A6 AD                     211 	.db #0xad	; 173
    000000A7 E9                     212 	.db #0xe9	; 233
    000000A8 02                     213 	.db #0x02	; 2
    000000A9 AA                     214 	.db #0xaa	; 170
    000000AA F8                     215 	.db #0xf8	; 248
    000000AB 03                     216 	.db #0x03	; 3
    000000AC A7                     217 	.db #0xa7	; 167
    000000AD 76                     218 	.db #0x76	; 118	'v'
    000000AE 05                     219 	.db #0x05	; 5
    000000AF A4                     220 	.db #0xa4	; 164
    000000B0 48                     221 	.db #0x48	; 72	'H'
    000000B1 07                     222 	.db #0x07	; 7
    000000B2 A2                     223 	.db #0xa2	; 162
    000000B3 B5                     224 	.db #0xb5	; 181
    000000B4 09                     225 	.db #0x09	; 9
    000000B5 A1                     226 	.db #0xa1	; 161
    000000B6 7C                     227 	.db #0x7c	; 124
    000000B7 0C                     228 	.db #0x0c	; 12
    000000B8 40                     229 	.db #0x40	; 64
    000000B9 20                     230 	.db #0x20	; 32
    000000BA E9                     231 	.db #0xe9	; 233
    000000BB 28                     232 	.db #0x28	; 40
    000000BC 00                     233 	.db #0x00	; 0
    000000BD 00                     234 	.db #0x00	; 0
    000000BE AD                     235 	.db #0xad	; 173
    000000BF 25                     236 	.db #0x25	; 37
    000000C0 00                     237 	.db #0x00	; 0
    000000C1 AF                     238 	.db #0xaf	; 175
    000000C2 22                     239 	.db #0x22	; 34
    000000C3 00                     240 	.db #0x00	; 0
    000000C4 AF                     241 	.db #0xaf	; 175
    000000C5 21                     242 	.db #0x21	; 33
    000000C6 00                     243 	.db #0x00	; 0
    000000C7 AF                     244 	.db #0xaf	; 175
    000000C8 20                     245 	.db #0x20	; 32
    000000C9 00                     246 	.db #0x00	; 0
    000000CA 8F                     247 	.db #0x8f	; 143
    000000CB 8F                     248 	.db #0x8f	; 143
    000000CC AF                     249 	.db #0xaf	; 175
    000000CD 1F                     250 	.db #0x1f	; 31
    000000CE 00                     251 	.db #0x00	; 0
    000000CF 8F                     252 	.db #0x8f	; 143
    000000D0 8F                     253 	.db #0x8f	; 143
    000000D1 AF                     254 	.db #0xaf	; 175
    000000D2 20                     255 	.db #0x20	; 32
    000000D3 00                     256 	.db #0x00	; 0
    000000D4 8F                     257 	.db #0x8f	; 143
    000000D5 8F                     258 	.db #0x8f	; 143
    000000D6 AF                     259 	.db #0xaf	; 175
    000000D7 1F                     260 	.db #0x1f	; 31
    000000D8 00                     261 	.db #0x00	; 0
    000000D9 8F                     262 	.db #0x8f	; 143
    000000DA AC                     263 	.db #0xac	; 172
    000000DB 20                     264 	.db #0x20	; 32
    000000DC 00                     265 	.db #0x00	; 0
    000000DD A9                     266 	.db #0xa9	; 169
    000000DE 01                     267 	.db #0x01	; 1
    000000DF 00                     268 	.db #0x00	; 0
    000000E0 85                     269 	.db #0x85	; 133
    000000E1 82                     270 	.db #0x82	; 130
    000000E2 40                     271 	.db #0x40	; 64
    000000E3 20                     272 	.db #0x20	; 32
    000000E4 6F                     273 	.db #0x6f	; 111	'o'
    000000E5 94                     274 	.db #0x94	; 148
    000000E6 01                     275 	.db #0x01	; 1
    000000E7 1A                     276 	.db #0x1a	; 26
    000000E8 6E                     277 	.db #0x6e	; 110	'n'
    000000E9 1A                     278 	.db #0x1a	; 26
    000000EA 02                     279 	.db #0x02	; 2
    000000EB 18                     280 	.db #0x18	; 24
    000000EC EC                     281 	.db #0xec	; 236
    000000ED 0F                     282 	.db #0x0f	; 15
    000000EE 03                     283 	.db #0x03	; 3
    000000EF 17                     284 	.db #0x17	; 23
    000000F0 EB                     285 	.db #0xeb	; 235
    000000F1 C6                     286 	.db #0xc6	; 198
    000000F2 03                     287 	.db #0x03	; 3
    000000F3 10                     288 	.db #0x10	; 16
    000000F4 EA                     289 	.db #0xea	; 234
    000000F5 40                     290 	.db #0x40	; 64
    000000F6 04                     291 	.db #0x04	; 4
    000000F7 0E                     292 	.db #0x0e	; 14
    000000F8 E9                     293 	.db #0xe9	; 233
    000000F9 35                     294 	.db #0x35	; 53	'5'
    000000FA 05                     295 	.db #0x05	; 5
    000000FB 10                     296 	.db #0x10	; 16
    000000FC E8                     297 	.db #0xe8	; 232
    000000FD EC                     298 	.db #0xec	; 236
    000000FE 05                     299 	.db #0x05	; 5
    000000FF 13                     300 	.db #0x13	; 19
    00000100 E7                     301 	.db #0xe7	; 231
    00000101 E1                     302 	.db #0xe1	; 225
    00000102 06                     303 	.db #0x06	; 6
    00000103 11                     304 	.db #0x11	; 17
    00000104 E5                     305 	.db #0xe5	; 229
    00000105 67                     306 	.db #0x67	; 103	'g'
    00000106 07                     307 	.db #0x07	; 7
    00000107 0C                     308 	.db #0x0c	; 12
    00000108 E4                     309 	.db #0xe4	; 228
    00000109 1F                     310 	.db #0x1f	; 31
    0000010A 08                     311 	.db #0x08	; 8
    0000010B 09                     312 	.db #0x09	; 9
    0000010C E3                     313 	.db #0xe3	; 227
    0000010D 80                     314 	.db #0x80	; 128
    0000010E 08                     315 	.db #0x08	; 8
    0000010F 07                     316 	.db #0x07	; 7
    00000110 E2                     317 	.db #0xe2	; 226
    00000111 07                     318 	.db #0x07	; 7
    00000112 09                     319 	.db #0x09	; 9
    00000113 02                     320 	.db #0x02	; 2
    00000114 E2                     321 	.db #0xe2	; 226
    00000115 38                     322 	.db #0x38	; 56	'8'
    00000116 09                     323 	.db #0x09	; 9
    00000117 00                     324 	.db #0x00	; 0
    00000118 A1                     325 	.db #0xa1	; 161
    00000119 69                     326 	.db #0x69	; 105	'i'
    0000011A 09                     327 	.db #0x09	; 9
    0000011B D0                     328 	.db #0xd0	; 208
    0000011C 20                     329 	.db #0x20	; 32
    0000011D EF                     330 	.db #0xef	; 239
    0000011E D0                     331 	.db #0xd0	; 208
    0000011F 02                     332 	.db #0x02	; 2
    00000120 00                     333 	.db #0x00	; 0
    00000121 8F                     334 	.db #0x8f	; 143
    00000122 AF                     335 	.db #0xaf	; 175
    00000123 E0                     336 	.db #0xe0	; 224
    00000124 01                     337 	.db #0x01	; 1
    00000125 8F                     338 	.db #0x8f	; 143
    00000126 AD                     339 	.db #0xad	; 173
    00000127 68                     340 	.db #0x68	; 104	'h'
    00000128 01                     341 	.db #0x01	; 1
    00000129 8D                     342 	.db #0x8d	; 141
    0000012A AD                     343 	.db #0xad	; 173
    0000012B F0                     344 	.db #0xf0	; 240
    0000012C 00                     345 	.db #0x00	; 0
    0000012D 8D                     346 	.db #0x8d	; 141
    0000012E AC                     347 	.db #0xac	; 172
    0000012F B4                     348 	.db #0xb4	; 180
    00000130 00                     349 	.db #0x00	; 0
    00000131 8C                     350 	.db #0x8c	; 140
    00000132 AC                     351 	.db #0xac	; 172
    00000133 78                     352 	.db #0x78	; 120	'x'
    00000134 00                     353 	.db #0x00	; 0
    00000135 8C                     354 	.db #0x8c	; 140
    00000136 A7                     355 	.db #0xa7	; 167
    00000137 D0                     356 	.db #0xd0	; 208
    00000138 02                     357 	.db #0x02	; 2
    00000139 87                     358 	.db #0x87	; 135
    0000013A A7                     359 	.db #0xa7	; 167
    0000013B E0                     360 	.db #0xe0	; 224
    0000013C 01                     361 	.db #0x01	; 1
    0000013D 87                     362 	.db #0x87	; 135
    0000013E A7                     363 	.db #0xa7	; 167
    0000013F 68                     364 	.db #0x68	; 104	'h'
    00000140 01                     365 	.db #0x01	; 1
    00000141 87                     366 	.db #0x87	; 135
    00000142 A7                     367 	.db #0xa7	; 167
    00000143 F0                     368 	.db #0xf0	; 240
    00000144 00                     369 	.db #0x00	; 0
    00000145 87                     370 	.db #0x87	; 135
    00000146 A7                     371 	.db #0xa7	; 167
    00000147 B4                     372 	.db #0xb4	; 180
    00000148 00                     373 	.db #0x00	; 0
    00000149 87                     374 	.db #0x87	; 135
    0000014A A7                     375 	.db #0xa7	; 167
    0000014B 78                     376 	.db #0x78	; 120	'x'
    0000014C 00                     377 	.db #0x00	; 0
    0000014D 87                     378 	.db #0x87	; 135
    0000014E D0                     379 	.db #0xd0	; 208
    0000014F 20                     380 	.db #0x20	; 32
    00000150 EB                     381 	.db #0xeb	; 235
    00000151 01                     382 	.db #0x01	; 1
    00000152 0A                     383 	.db #0x0a	; 10
    00000153 07                     384 	.db #0x07	; 7
    00000154 EC                     385 	.db #0xec	; 236
    00000155 00                     386 	.db #0x00	; 0
    00000156 00                     387 	.db #0x00	; 0
    00000157 00                     388 	.db #0x00	; 0
    00000158 D0                     389 	.db #0xd0	; 208
    00000159 20                     390 	.db #0x20	; 32
                                    391 	.area _INITIALIZER
                                    392 	.area _CABS (ABS)
