                                      1 ;--------------------------------------------------------
                                      2 ; File Created by SDCC : free open source ANSI-C Compiler
                                      3 ; Version 4.2.0 #13081 (MINGW64)
                                      4 ;--------------------------------------------------------
                                      5 	.module soccerlg_s57_b1
                                      6 	.optsdcc -mz80
                                      7 	
                                      8 ;--------------------------------------------------------
                                      9 ; Public variables in this module
                                     10 ;--------------------------------------------------------
                                     11 	.globl _g_Data_AYFX_Bank
                                     12 ;--------------------------------------------------------
                                     13 ; special function registers
                                     14 ;--------------------------------------------------------
                                     15 ;--------------------------------------------------------
                                     16 ; ram data
                                     17 ;--------------------------------------------------------
                                     18 	.area _DATA
                                     19 ;--------------------------------------------------------
                                     20 ; ram data
                                     21 ;--------------------------------------------------------
                                     22 	.area _INITIALIZED
                                     23 ;--------------------------------------------------------
                                     24 ; absolute external ram data
                                     25 ;--------------------------------------------------------
                                     26 	.area _DABS (ABS)
                                     27 ;--------------------------------------------------------
                                     28 ; global & static initialisations
                                     29 ;--------------------------------------------------------
                                     30 	.area _HOME
                                     31 	.area _GSINIT
                                     32 	.area _GSFINAL
                                     33 	.area _GSINIT
                                     34 ;--------------------------------------------------------
                                     35 ; Home
                                     36 ;--------------------------------------------------------
                                     37 	.area _HOME
                                     38 	.area _HOME
                                     39 ;--------------------------------------------------------
                                     40 ; code
                                     41 ;--------------------------------------------------------
                                     42 	.area _SEG57
                                     43 	.area _SEG57
    00000000                         44 _g_Data_AYFX_Bank:
    00000000 07                      45 	.db #0x07	; 7
    00000001 0D                      46 	.db #0x0d	; 13
    00000002 00                      47 	.db #0x00	; 0
    00000003 49                      48 	.db #0x49	; 73	'I'
    00000004 00                      49 	.db #0x00	; 0
    00000005 70                      50 	.db #0x70	; 112	'p'
    00000006 00                      51 	.db #0x00	; 0
    00000007 94                      52 	.db #0x94	; 148
    00000008 00                      53 	.db #0x00	; 0
    00000009 AE                      54 	.db #0xae	; 174
    0000000A 00                      55 	.db #0x00	; 0
    0000000B D6                      56 	.db #0xd6	; 214
    0000000C 00                      57 	.db #0x00	; 0
    0000000D 0D                      58 	.db #0x0d	; 13
    0000000E 01                      59 	.db #0x01	; 1
    0000000F 6F                      60 	.db #0x6f	; 111	'o'
    00000010 E9                      61 	.db #0xe9	; 233
    00000011 02                      62 	.db #0x02	; 2
    00000012 10                      63 	.db #0x10	; 16
    00000013 2F                      64 	.db #0x2f	; 47
    00000014 5C                      65 	.db #0x5c	; 92
    00000015 03                      66 	.db #0x03	; 3
    00000016 6E                      67 	.db #0x6e	; 110	'n'
    00000017 F8                      68 	.db #0xf8	; 248
    00000018 03                      69 	.db #0x03	; 3
    00000019 12                      70 	.db #0x12	; 18
    0000001A 2D                      71 	.db #0x2d	; 45
    0000001B 99                      72 	.db #0x99	; 153
    0000001C 04                      73 	.db #0x04	; 4
    0000001D 6D                      74 	.db #0x6d	; 109	'm'
    0000001E 76                      75 	.db #0x76	; 118	'v'
    0000001F 05                      76 	.db #0x05	; 5
    00000020 14                      77 	.db #0x14	; 20
    00000021 2C                      78 	.db #0x2c	; 44
    00000022 3E                      79 	.db #0x3e	; 62
    00000023 06                      80 	.db #0x06	; 6
    00000024 6B                      81 	.db #0x6b	; 107	'k'
    00000025 48                      82 	.db #0x48	; 72	'H'
    00000026 07                      83 	.db #0x07	; 7
    00000027 16                      84 	.db #0x16	; 22
    00000028 6A                      85 	.db #0x6a	; 106	'j'
    00000029 F1                      86 	.db #0xf1	; 241
    0000002A 07                      87 	.db #0x07	; 7
    0000002B 18                      88 	.db #0x18	; 24
    0000002C E9                      89 	.db #0xe9	; 233
    0000002D BD                      90 	.db #0xbd	; 189
    0000002E 08                      91 	.db #0x08	; 8
    0000002F 00                      92 	.db #0x00	; 0
    00000030 A8                      93 	.db #0xa8	; 168
    00000031 4C                      94 	.db #0x4c	; 76	'L'
    00000032 09                      95 	.db #0x09	; 9
    00000033 A7                      96 	.db #0xa7	; 167
    00000034 EE                      97 	.db #0xee	; 238
    00000035 09                      98 	.db #0x09	; 9
    00000036 A6                      99 	.db #0xa6	; 166
    00000037 A8                     100 	.db #0xa8	; 168
    00000038 0A                     101 	.db #0x0a	; 10
    00000039 A5                     102 	.db #0xa5	; 165
    0000003A 7F                     103 	.db #0x7f	; 127
    0000003B 0B                     104 	.db #0x0b	; 11
    0000003C A4                     105 	.db #0xa4	; 164
    0000003D 7C                     106 	.db #0x7c	; 124
    0000003E 0C                     107 	.db #0x0c	; 12
    0000003F A3                     108 	.db #0xa3	; 163
    00000040 3D                     109 	.db #0x3d	; 61
    00000041 0D                     110 	.db #0x0d	; 13
    00000042 A2                     111 	.db #0xa2	; 162
    00000043 90                     112 	.db #0x90	; 144
    00000044 0E                     113 	.db #0x0e	; 14
    00000045 A1                     114 	.db #0xa1	; 161
    00000046 9B                     115 	.db #0x9b	; 155
    00000047 0F                     116 	.db #0x0f	; 15
    00000048 A1                     117 	.db #0xa1	; 161
    00000049 7A                     118 	.db #0x7a	; 122	'z'
    0000004A 11                     119 	.db #0x11	; 17
    0000004B 40                     120 	.db #0x40	; 64
    0000004C 20                     121 	.db #0x20	; 32
    0000004D 55                     122 	.db #0x55	; 85	'U'
    0000004E 11                     123 	.db #0x11	; 17
    0000004F 57                     124 	.db #0x57	; 87	'W'
    00000050 10                     125 	.db #0x10	; 16
    00000051 19                     126 	.db #0x19	; 25
    00000052 5A                     127 	.db #0x5a	; 90	'Z'
    00000053 0F                     128 	.db #0x0f	; 15
    00000054 5B                     129 	.db #0x5b	; 91
    00000055 0E                     130 	.db #0x0e	; 14
    00000056 1C                     131 	.db #0x1c	; 28
    00000057 5C                     132 	.db #0x5c	; 92
    00000058 0D                     133 	.db #0x0d	; 13
    00000059 1D                     134 	.db #0x1d	; 29
    0000005A 5D                     135 	.db #0x5d	; 93
    0000005B 0C                     136 	.db #0x0c	; 12
    0000005C 1E                     137 	.db #0x1e	; 30
    0000005D 5E                     138 	.db #0x5e	; 94
    0000005E 0B                     139 	.db #0x0b	; 11
    0000005F 1E                     140 	.db #0x1e	; 30
    00000060 6F                     141 	.db #0x6f	; 111	'o'
    00000061 76                     142 	.db #0x76	; 118	'v'
    00000062 05                     143 	.db #0x05	; 5
    00000063 05                     144 	.db #0x05	; 5
    00000064 6F                     145 	.db #0x6f	; 111	'o'
    00000065 3E                     146 	.db #0x3e	; 62
    00000066 06                     147 	.db #0x06	; 6
    00000067 06                     148 	.db #0x06	; 6
    00000068 6E                     149 	.db #0x6e	; 110	'n'
    00000069 48                     150 	.db #0x48	; 72	'H'
    0000006A 07                     151 	.db #0x07	; 7
    0000006B 07                     152 	.db #0x07	; 7
    0000006C 6D                     153 	.db #0x6d	; 109	'm'
    0000006D F1                     154 	.db #0xf1	; 241
    0000006E 07                     155 	.db #0x07	; 7
    0000006F 08                     156 	.db #0x08	; 8
    00000070 58                     157 	.db #0x58	; 88	'X'
    00000071 0B                     158 	.db #0x0b	; 11
    00000072 54                     159 	.db #0x54	; 84	'T'
    00000073 0E                     160 	.db #0x0e	; 14
    00000074 40                     161 	.db #0x40	; 64
    00000075 20                     162 	.db #0x20	; 32
    00000076 6F                     163 	.db #0x6f	; 111	'o'
    00000077 2F                     164 	.db #0x2f	; 47
    00000078 02                     165 	.db #0x02	; 2
    00000079 0E                     166 	.db #0x0e	; 14
    0000007A 6E                     167 	.db #0x6e	; 110	'n'
    0000007B 92                     168 	.db #0x92	; 146
    0000007C 02                     169 	.db #0x02	; 2
    0000007D 0F                     170 	.db #0x0f	; 15
    0000007E 6D                     171 	.db #0x6d	; 109	'm'
    0000007F 1F                     172 	.db #0x1f	; 31
    00000080 03                     173 	.db #0x03	; 3
    00000081 10                     174 	.db #0x10	; 16
    00000082 6B                     175 	.db #0x6b	; 107	'k'
    00000083 CC                     176 	.db #0xcc	; 204
    00000084 03                     177 	.db #0x03	; 3
    00000085 11                     178 	.db #0x11	; 17
    00000086 69                     179 	.db #0x69	; 105	'i'
    00000087 99                     180 	.db #0x99	; 153
    00000088 04                     181 	.db #0x04	; 4
    00000089 0F                     182 	.db #0x0f	; 15
    0000008A 6A                     183 	.db #0x6a	; 106	'j'
    0000008B 76                     184 	.db #0x76	; 118	'v'
    0000008C 05                     185 	.db #0x05	; 5
    0000008D 0E                     186 	.db #0x0e	; 14
    0000008E 69                     187 	.db #0x69	; 105	'i'
    0000008F B8                     188 	.db #0xb8	; 184
    00000090 06                     189 	.db #0x06	; 6
    00000091 0F                     190 	.db #0x0f	; 15
    00000092 57                     191 	.db #0x57	; 87	'W'
    00000093 0E                     192 	.db #0x0e	; 14
    00000094 55                     193 	.db #0x55	; 85	'U'
    00000095 0F                     194 	.db #0x0f	; 15
    00000096 53                     195 	.db #0x53	; 83	'S'
    00000097 10                     196 	.db #0x10	; 16
    00000098 51                     197 	.db #0x51	; 81	'Q'
    00000099 11                     198 	.db #0x11	; 17
    0000009A 40                     199 	.db #0x40	; 64
    0000009B 20                     200 	.db #0x20	; 32
    0000009C 6F                     201 	.db #0x6f	; 111	'o'
    0000009D 8F                     202 	.db #0x8f	; 143
    0000009E 01                     203 	.db #0x01	; 1
    0000009F 0A                     204 	.db #0x0a	; 10
    000000A0 EF                     205 	.db #0xef	; 239
    000000A1 2F                     206 	.db #0x2f	; 47
    000000A2 02                     207 	.db #0x02	; 2
    000000A3 00                     208 	.db #0x00	; 0
    000000A4 AD                     209 	.db #0xad	; 173
    000000A5 E9                     210 	.db #0xe9	; 233
    000000A6 02                     211 	.db #0x02	; 2
    000000A7 AA                     212 	.db #0xaa	; 170
    000000A8 F8                     213 	.db #0xf8	; 248
    000000A9 03                     214 	.db #0x03	; 3
    000000AA A7                     215 	.db #0xa7	; 167
    000000AB 76                     216 	.db #0x76	; 118	'v'
    000000AC 05                     217 	.db #0x05	; 5
    000000AD A4                     218 	.db #0xa4	; 164
    000000AE 48                     219 	.db #0x48	; 72	'H'
    000000AF 07                     220 	.db #0x07	; 7
    000000B0 A2                     221 	.db #0xa2	; 162
    000000B1 B5                     222 	.db #0xb5	; 181
    000000B2 09                     223 	.db #0x09	; 9
    000000B3 A1                     224 	.db #0xa1	; 161
    000000B4 7C                     225 	.db #0x7c	; 124
    000000B5 0C                     226 	.db #0x0c	; 12
    000000B6 40                     227 	.db #0x40	; 64
    000000B7 20                     228 	.db #0x20	; 32
    000000B8 E9                     229 	.db #0xe9	; 233
    000000B9 28                     230 	.db #0x28	; 40
    000000BA 00                     231 	.db #0x00	; 0
    000000BB 00                     232 	.db #0x00	; 0
    000000BC AD                     233 	.db #0xad	; 173
    000000BD 25                     234 	.db #0x25	; 37
    000000BE 00                     235 	.db #0x00	; 0
    000000BF AF                     236 	.db #0xaf	; 175
    000000C0 22                     237 	.db #0x22	; 34
    000000C1 00                     238 	.db #0x00	; 0
    000000C2 AF                     239 	.db #0xaf	; 175
    000000C3 21                     240 	.db #0x21	; 33
    000000C4 00                     241 	.db #0x00	; 0
    000000C5 AF                     242 	.db #0xaf	; 175
    000000C6 20                     243 	.db #0x20	; 32
    000000C7 00                     244 	.db #0x00	; 0
    000000C8 8F                     245 	.db #0x8f	; 143
    000000C9 8F                     246 	.db #0x8f	; 143
    000000CA AF                     247 	.db #0xaf	; 175
    000000CB 1F                     248 	.db #0x1f	; 31
    000000CC 00                     249 	.db #0x00	; 0
    000000CD 8F                     250 	.db #0x8f	; 143
    000000CE 8F                     251 	.db #0x8f	; 143
    000000CF AF                     252 	.db #0xaf	; 175
    000000D0 20                     253 	.db #0x20	; 32
    000000D1 00                     254 	.db #0x00	; 0
    000000D2 8F                     255 	.db #0x8f	; 143
    000000D3 8F                     256 	.db #0x8f	; 143
    000000D4 AF                     257 	.db #0xaf	; 175
    000000D5 1F                     258 	.db #0x1f	; 31
    000000D6 00                     259 	.db #0x00	; 0
    000000D7 8F                     260 	.db #0x8f	; 143
    000000D8 AC                     261 	.db #0xac	; 172
    000000D9 20                     262 	.db #0x20	; 32
    000000DA 00                     263 	.db #0x00	; 0
    000000DB A9                     264 	.db #0xa9	; 169
    000000DC 01                     265 	.db #0x01	; 1
    000000DD 00                     266 	.db #0x00	; 0
    000000DE 85                     267 	.db #0x85	; 133
    000000DF 82                     268 	.db #0x82	; 130
    000000E0 40                     269 	.db #0x40	; 64
    000000E1 20                     270 	.db #0x20	; 32
    000000E2 6F                     271 	.db #0x6f	; 111	'o'
    000000E3 94                     272 	.db #0x94	; 148
    000000E4 01                     273 	.db #0x01	; 1
    000000E5 1A                     274 	.db #0x1a	; 26
    000000E6 6E                     275 	.db #0x6e	; 110	'n'
    000000E7 1A                     276 	.db #0x1a	; 26
    000000E8 02                     277 	.db #0x02	; 2
    000000E9 18                     278 	.db #0x18	; 24
    000000EA EC                     279 	.db #0xec	; 236
    000000EB 0F                     280 	.db #0x0f	; 15
    000000EC 03                     281 	.db #0x03	; 3
    000000ED 17                     282 	.db #0x17	; 23
    000000EE EB                     283 	.db #0xeb	; 235
    000000EF C6                     284 	.db #0xc6	; 198
    000000F0 03                     285 	.db #0x03	; 3
    000000F1 10                     286 	.db #0x10	; 16
    000000F2 EA                     287 	.db #0xea	; 234
    000000F3 40                     288 	.db #0x40	; 64
    000000F4 04                     289 	.db #0x04	; 4
    000000F5 0E                     290 	.db #0x0e	; 14
    000000F6 E9                     291 	.db #0xe9	; 233
    000000F7 35                     292 	.db #0x35	; 53	'5'
    000000F8 05                     293 	.db #0x05	; 5
    000000F9 10                     294 	.db #0x10	; 16
    000000FA E8                     295 	.db #0xe8	; 232
    000000FB EC                     296 	.db #0xec	; 236
    000000FC 05                     297 	.db #0x05	; 5
    000000FD 13                     298 	.db #0x13	; 19
    000000FE E7                     299 	.db #0xe7	; 231
    000000FF E1                     300 	.db #0xe1	; 225
    00000100 06                     301 	.db #0x06	; 6
    00000101 11                     302 	.db #0x11	; 17
    00000102 E5                     303 	.db #0xe5	; 229
    00000103 67                     304 	.db #0x67	; 103	'g'
    00000104 07                     305 	.db #0x07	; 7
    00000105 0C                     306 	.db #0x0c	; 12
    00000106 E4                     307 	.db #0xe4	; 228
    00000107 1F                     308 	.db #0x1f	; 31
    00000108 08                     309 	.db #0x08	; 8
    00000109 09                     310 	.db #0x09	; 9
    0000010A E3                     311 	.db #0xe3	; 227
    0000010B 80                     312 	.db #0x80	; 128
    0000010C 08                     313 	.db #0x08	; 8
    0000010D 07                     314 	.db #0x07	; 7
    0000010E E2                     315 	.db #0xe2	; 226
    0000010F 07                     316 	.db #0x07	; 7
    00000110 09                     317 	.db #0x09	; 9
    00000111 02                     318 	.db #0x02	; 2
    00000112 E2                     319 	.db #0xe2	; 226
    00000113 38                     320 	.db #0x38	; 56	'8'
    00000114 09                     321 	.db #0x09	; 9
    00000115 00                     322 	.db #0x00	; 0
    00000116 A1                     323 	.db #0xa1	; 161
    00000117 69                     324 	.db #0x69	; 105	'i'
    00000118 09                     325 	.db #0x09	; 9
    00000119 D0                     326 	.db #0xd0	; 208
    0000011A 20                     327 	.db #0x20	; 32
    0000011B EF                     328 	.db #0xef	; 239
    0000011C D0                     329 	.db #0xd0	; 208
    0000011D 02                     330 	.db #0x02	; 2
    0000011E 00                     331 	.db #0x00	; 0
    0000011F 8F                     332 	.db #0x8f	; 143
    00000120 AF                     333 	.db #0xaf	; 175
    00000121 E0                     334 	.db #0xe0	; 224
    00000122 01                     335 	.db #0x01	; 1
    00000123 8F                     336 	.db #0x8f	; 143
    00000124 AD                     337 	.db #0xad	; 173
    00000125 68                     338 	.db #0x68	; 104	'h'
    00000126 01                     339 	.db #0x01	; 1
    00000127 8D                     340 	.db #0x8d	; 141
    00000128 AD                     341 	.db #0xad	; 173
    00000129 F0                     342 	.db #0xf0	; 240
    0000012A 00                     343 	.db #0x00	; 0
    0000012B 8D                     344 	.db #0x8d	; 141
    0000012C AC                     345 	.db #0xac	; 172
    0000012D B4                     346 	.db #0xb4	; 180
    0000012E 00                     347 	.db #0x00	; 0
    0000012F 8C                     348 	.db #0x8c	; 140
    00000130 AC                     349 	.db #0xac	; 172
    00000131 78                     350 	.db #0x78	; 120	'x'
    00000132 00                     351 	.db #0x00	; 0
    00000133 8C                     352 	.db #0x8c	; 140
    00000134 A7                     353 	.db #0xa7	; 167
    00000135 D0                     354 	.db #0xd0	; 208
    00000136 02                     355 	.db #0x02	; 2
    00000137 87                     356 	.db #0x87	; 135
    00000138 A7                     357 	.db #0xa7	; 167
    00000139 E0                     358 	.db #0xe0	; 224
    0000013A 01                     359 	.db #0x01	; 1
    0000013B 87                     360 	.db #0x87	; 135
    0000013C A7                     361 	.db #0xa7	; 167
    0000013D 68                     362 	.db #0x68	; 104	'h'
    0000013E 01                     363 	.db #0x01	; 1
    0000013F 87                     364 	.db #0x87	; 135
    00000140 A7                     365 	.db #0xa7	; 167
    00000141 F0                     366 	.db #0xf0	; 240
    00000142 00                     367 	.db #0x00	; 0
    00000143 87                     368 	.db #0x87	; 135
    00000144 A7                     369 	.db #0xa7	; 167
    00000145 B4                     370 	.db #0xb4	; 180
    00000146 00                     371 	.db #0x00	; 0
    00000147 87                     372 	.db #0x87	; 135
    00000148 A7                     373 	.db #0xa7	; 167
    00000149 78                     374 	.db #0x78	; 120	'x'
    0000014A 00                     375 	.db #0x00	; 0
    0000014B 87                     376 	.db #0x87	; 135
    0000014C D0                     377 	.db #0xd0	; 208
    0000014D 20                     378 	.db #0x20	; 32
                                    379 	.area _INITIALIZER
                                    380 	.area _CABS (ABS)
