                                      1 ;--------------------------------------------------------
                                      2 ; File Created by SDCC : free open source ANSI-C Compiler
                                      3 ; Version 4.2.0 #13081 (MINGW64)
                                      4 ;--------------------------------------------------------
                                      5 	.module soccerlg_s30_b1
                                      6 	.optsdcc -mz80
                                      7 	
                                      8 ;--------------------------------------------------------
                                      9 ; Public variables in this module
                                     10 ;--------------------------------------------------------
                                     11 	.globl _g_Data_Fonts
                                     12 ;--------------------------------------------------------
                                     13 ; special function registers
                                     14 ;--------------------------------------------------------
                                     15 ;--------------------------------------------------------
                                     16 ; ram data
                                     17 ;--------------------------------------------------------
                                     18 	.area _DATA
                                     19 ;--------------------------------------------------------
                                     20 ; ram data
                                     21 ;--------------------------------------------------------
                                     22 	.area _INITIALIZED
                                     23 ;--------------------------------------------------------
                                     24 ; absolute external ram data
                                     25 ;--------------------------------------------------------
                                     26 	.area _DABS (ABS)
                                     27 ;--------------------------------------------------------
                                     28 ; global & static initialisations
                                     29 ;--------------------------------------------------------
                                     30 	.area _HOME
                                     31 	.area _GSINIT
                                     32 	.area _GSFINAL
                                     33 	.area _GSINIT
                                     34 ;--------------------------------------------------------
                                     35 ; Home
                                     36 ;--------------------------------------------------------
                                     37 	.area _HOME
                                     38 	.area _HOME
                                     39 ;--------------------------------------------------------
                                     40 ; code
                                     41 ;--------------------------------------------------------
                                     42 	.area _SEG30
                                     43 	.area _SEG30
    00000000                         44 _g_Data_Fonts:
    00000000 88                      45 	.db #0x88	; 136
    00000001 68                      46 	.db #0x68	; 104	'h'
    00000002 00                      47 	.db #0x00	; 0
    00000003 BF                      48 	.db #0xbf	; 191
    00000004 00                      49 	.db #0x00	; 0
    00000005 00                      50 	.db #0x00	; 0
    00000006 00                      51 	.db #0x00	; 0
    00000007 00                      52 	.db #0x00	; 0
    00000008 00                      53 	.db #0x00	; 0
    00000009 00                      54 	.db #0x00	; 0
    0000000A 00                      55 	.db #0x00	; 0
    0000000B 00                      56 	.db #0x00	; 0
    0000000C FC                      57 	.db #0xfc	; 252
    0000000D C8                      58 	.db #0xc8	; 200
    0000000E C8                      59 	.db #0xc8	; 200
    0000000F C0                      60 	.db #0xc0	; 192
    00000010 80                      61 	.db #0x80	; 128
    00000011 94                      62 	.db #0x94	; 148
    00000012 94                      63 	.db #0x94	; 148
    00000013 FC                      64 	.db #0xfc	; 252
    00000014 FC                      65 	.db #0xfc	; 252
    00000015 70                      66 	.db #0x70	; 112	'p'
    00000016 60                      67 	.db #0x60	; 96
    00000017 60                      68 	.db #0x60	; 96
    00000018 38                      69 	.db #0x38	; 56	'8'
    00000019 00                      70 	.db #0x00	; 0
    0000001A 00                      71 	.db #0x00	; 0
    0000001B FC                      72 	.db #0xfc	; 252
    0000001C FC                      73 	.db #0xfc	; 252
    0000001D 04                      74 	.db #0x04	; 4
    0000001E 00                      75 	.db #0x00	; 0
    0000001F F0                      76 	.db #0xf0	; 240
    00000020 30                      77 	.db #0x30	; 48	'0'
    00000021 20                      78 	.db #0x20	; 32
    00000022 64                      79 	.db #0x64	; 100	'd'
    00000023 FC                      80 	.db #0xfc	; 252
    00000024 FC                      81 	.db #0xfc	; 252
    00000025 C8                      82 	.db #0xc8	; 200
    00000026 88                      83 	.db #0x88	; 136
    00000027 18                      84 	.db #0x18	; 24
    00000028 18                      85 	.db #0x18	; 24
    00000029 88                      86 	.db #0x88	; 136
    0000002A C8                      87 	.db #0xc8	; 200
    0000002B FC                      88 	.db #0xfc	; 252
    0000002C FC                      89 	.db #0xfc	; 252
    0000002D 00                      90 	.db #0x00	; 0
    0000002E 68                      91 	.db #0x68	; 104	'h'
    0000002F 88                      92 	.db #0x88	; 136
    00000030 A8                      93 	.db #0xa8	; 168
    00000031 6C                      94 	.db #0x6c	; 108	'l'
    00000032 00                      95 	.db #0x00	; 0
    00000033 FC                      96 	.db #0xfc	; 252
    00000034 C0                      97 	.db #0xc0	; 192
    00000035 40                      98 	.db #0x40	; 64
    00000036 40                      99 	.db #0x40	; 64
    00000037 40                     100 	.db #0x40	; 64
    00000038 40                     101 	.db #0x40	; 64
    00000039 40                     102 	.db #0x40	; 64
    0000003A 40                     103 	.db #0x40	; 64
    0000003B C0                     104 	.db #0xc0	; 192
    0000003C 00                     105 	.db #0x00	; 0
    0000003D 00                     106 	.db #0x00	; 0
    0000003E 00                     107 	.db #0x00	; 0
    0000003F 30                     108 	.db #0x30	; 48	'0'
    00000040 30                     109 	.db #0x30	; 48	'0'
    00000041 00                     110 	.db #0x00	; 0
    00000042 00                     111 	.db #0x00	; 0
    00000043 00                     112 	.db #0x00	; 0
    00000044 00                     113 	.db #0x00	; 0
    00000045 00                     114 	.db #0x00	; 0
    00000046 30                     115 	.db #0x30	; 48	'0'
    00000047 48                     116 	.db #0x48	; 72	'H'
    00000048 48                     117 	.db #0x48	; 72	'H'
    00000049 30                     118 	.db #0x30	; 48	'0'
    0000004A 00                     119 	.db #0x00	; 0
    0000004B 00                     120 	.db #0x00	; 0
    0000004C 00                     121 	.db #0x00	; 0
    0000004D 30                     122 	.db #0x30	; 48	'0'
    0000004E 48                     123 	.db #0x48	; 72	'H'
    0000004F 84                     124 	.db #0x84	; 132
    00000050 84                     125 	.db #0x84	; 132
    00000051 48                     126 	.db #0x48	; 72	'H'
    00000052 30                     127 	.db #0x30	; 48	'0'
    00000053 00                     128 	.db #0x00	; 0
    00000054 00                     129 	.db #0x00	; 0
    00000055 30                     130 	.db #0x30	; 48	'0'
    00000056 78                     131 	.db #0x78	; 120	'x'
    00000057 FC                     132 	.db #0xfc	; 252
    00000058 FC                     133 	.db #0xfc	; 252
    00000059 78                     134 	.db #0x78	; 120	'x'
    0000005A 30                     135 	.db #0x30	; 48	'0'
    0000005B 00                     136 	.db #0x00	; 0
    0000005C 00                     137 	.db #0x00	; 0
    0000005D FC                     138 	.db #0xfc	; 252
    0000005E 84                     139 	.db #0x84	; 132
    0000005F 84                     140 	.db #0x84	; 132
    00000060 84                     141 	.db #0x84	; 132
    00000061 84                     142 	.db #0x84	; 132
    00000062 FC                     143 	.db #0xfc	; 252
    00000063 00                     144 	.db #0x00	; 0
    00000064 00                     145 	.db #0x00	; 0
    00000065 FC                     146 	.db #0xfc	; 252
    00000066 84                     147 	.db #0x84	; 132
    00000067 B4                     148 	.db #0xb4	; 180
    00000068 B4                     149 	.db #0xb4	; 180
    00000069 84                     150 	.db #0x84	; 132
    0000006A FC                     151 	.db #0xfc	; 252
    0000006B 00                     152 	.db #0x00	; 0
    0000006C 78                     153 	.db #0x78	; 120	'x'
    0000006D 84                     154 	.db #0x84	; 132
    0000006E B4                     155 	.db #0xb4	; 180
    0000006F A4                     156 	.db #0xa4	; 164
    00000070 B4                     157 	.db #0xb4	; 180
    00000071 84                     158 	.db #0x84	; 132
    00000072 78                     159 	.db #0x78	; 120	'x'
    00000073 00                     160 	.db #0x00	; 0
    00000074 08                     161 	.db #0x08	; 8
    00000075 44                     162 	.db #0x44	; 68	'D'
    00000076 D4                     163 	.db #0xd4	; 212
    00000077 D4                     164 	.db #0xd4	; 212
    00000078 D4                     165 	.db #0xd4	; 212
    00000079 44                     166 	.db #0x44	; 68	'D'
    0000007A 08                     167 	.db #0x08	; 8
    0000007B 00                     168 	.db #0x00	; 0
    0000007C 00                     169 	.db #0x00	; 0
    0000007D 40                     170 	.db #0x40	; 64
    0000007E D4                     171 	.db #0xd4	; 212
    0000007F C8                     172 	.db #0xc8	; 200
    00000080 D4                     173 	.db #0xd4	; 212
    00000081 40                     174 	.db #0x40	; 64
    00000082 00                     175 	.db #0x00	; 0
    00000083 00                     176 	.db #0x00	; 0
    00000084 81                     177 	.db #0x81	; 129
    00000085 42                     178 	.db #0x42	; 66	'B'
    00000086 24                     179 	.db #0x24	; 36
    00000087 18                     180 	.db #0x18	; 24
    00000088 18                     181 	.db #0x18	; 24
    00000089 24                     182 	.db #0x24	; 36
    0000008A 42                     183 	.db #0x42	; 66	'B'
    0000008B 81                     184 	.db #0x81	; 129
    0000008C 10                     185 	.db #0x10	; 16
    0000008D 10                     186 	.db #0x10	; 16
    0000008E 10                     187 	.db #0x10	; 16
    0000008F FF                     188 	.db #0xff	; 255
    00000090 00                     189 	.db #0x00	; 0
    00000091 00                     190 	.db #0x00	; 0
    00000092 00                     191 	.db #0x00	; 0
    00000093 00                     192 	.db #0x00	; 0
    00000094 00                     193 	.db #0x00	; 0
    00000095 00                     194 	.db #0x00	; 0
    00000096 00                     195 	.db #0x00	; 0
    00000097 FF                     196 	.db #0xff	; 255
    00000098 10                     197 	.db #0x10	; 16
    00000099 10                     198 	.db #0x10	; 16
    0000009A 10                     199 	.db #0x10	; 16
    0000009B 10                     200 	.db #0x10	; 16
    0000009C 10                     201 	.db #0x10	; 16
    0000009D 10                     202 	.db #0x10	; 16
    0000009E 10                     203 	.db #0x10	; 16
    0000009F F0                     204 	.db #0xf0	; 240
    000000A0 10                     205 	.db #0x10	; 16
    000000A1 10                     206 	.db #0x10	; 16
    000000A2 10                     207 	.db #0x10	; 16
    000000A3 10                     208 	.db #0x10	; 16
    000000A4 20                     209 	.db #0x20	; 32
    000000A5 20                     210 	.db #0x20	; 32
    000000A6 20                     211 	.db #0x20	; 32
    000000A7 3F                     212 	.db #0x3f	; 63
    000000A8 20                     213 	.db #0x20	; 32
    000000A9 20                     214 	.db #0x20	; 32
    000000AA 20                     215 	.db #0x20	; 32
    000000AB 20                     216 	.db #0x20	; 32
    000000AC 10                     217 	.db #0x10	; 16
    000000AD 10                     218 	.db #0x10	; 16
    000000AE 10                     219 	.db #0x10	; 16
    000000AF FF                     220 	.db #0xff	; 255
    000000B0 10                     221 	.db #0x10	; 16
    000000B1 10                     222 	.db #0x10	; 16
    000000B2 10                     223 	.db #0x10	; 16
    000000B3 10                     224 	.db #0x10	; 16
    000000B4 10                     225 	.db #0x10	; 16
    000000B5 10                     226 	.db #0x10	; 16
    000000B6 10                     227 	.db #0x10	; 16
    000000B7 10                     228 	.db #0x10	; 16
    000000B8 10                     229 	.db #0x10	; 16
    000000B9 10                     230 	.db #0x10	; 16
    000000BA 10                     231 	.db #0x10	; 16
    000000BB 10                     232 	.db #0x10	; 16
    000000BC 00                     233 	.db #0x00	; 0
    000000BD 00                     234 	.db #0x00	; 0
    000000BE 00                     235 	.db #0x00	; 0
    000000BF FF                     236 	.db #0xff	; 255
    000000C0 00                     237 	.db #0x00	; 0
    000000C1 00                     238 	.db #0x00	; 0
    000000C2 00                     239 	.db #0x00	; 0
    000000C3 00                     240 	.db #0x00	; 0
    000000C4 00                     241 	.db #0x00	; 0
    000000C5 00                     242 	.db #0x00	; 0
    000000C6 00                     243 	.db #0x00	; 0
    000000C7 1F                     244 	.db #0x1f	; 31
    000000C8 10                     245 	.db #0x10	; 16
    000000C9 10                     246 	.db #0x10	; 16
    000000CA 10                     247 	.db #0x10	; 16
    000000CB 10                     248 	.db #0x10	; 16
    000000CC 00                     249 	.db #0x00	; 0
    000000CD 00                     250 	.db #0x00	; 0
    000000CE 00                     251 	.db #0x00	; 0
    000000CF F0                     252 	.db #0xf0	; 240
    000000D0 10                     253 	.db #0x10	; 16
    000000D1 10                     254 	.db #0x10	; 16
    000000D2 10                     255 	.db #0x10	; 16
    000000D3 10                     256 	.db #0x10	; 16
    000000D4 10                     257 	.db #0x10	; 16
    000000D5 10                     258 	.db #0x10	; 16
    000000D6 10                     259 	.db #0x10	; 16
    000000D7 1F                     260 	.db #0x1f	; 31
    000000D8 00                     261 	.db #0x00	; 0
    000000D9 00                     262 	.db #0x00	; 0
    000000DA 00                     263 	.db #0x00	; 0
    000000DB 00                     264 	.db #0x00	; 0
    000000DC 10                     265 	.db #0x10	; 16
    000000DD 10                     266 	.db #0x10	; 16
    000000DE 10                     267 	.db #0x10	; 16
    000000DF F0                     268 	.db #0xf0	; 240
    000000E0 00                     269 	.db #0x00	; 0
    000000E1 00                     270 	.db #0x00	; 0
    000000E2 00                     271 	.db #0x00	; 0
    000000E3 00                     272 	.db #0x00	; 0
    000000E4 00                     273 	.db #0x00	; 0
    000000E5 00                     274 	.db #0x00	; 0
    000000E6 00                     275 	.db #0x00	; 0
    000000E7 AA                     276 	.db #0xaa	; 170
    000000E8 00                     277 	.db #0x00	; 0
    000000E9 00                     278 	.db #0x00	; 0
    000000EA 00                     279 	.db #0x00	; 0
    000000EB 00                     280 	.db #0x00	; 0
    000000EC 10                     281 	.db #0x10	; 16
    000000ED 00                     282 	.db #0x00	; 0
    000000EE 10                     283 	.db #0x10	; 16
    000000EF 00                     284 	.db #0x00	; 0
    000000F0 10                     285 	.db #0x10	; 16
    000000F1 00                     286 	.db #0x00	; 0
    000000F2 10                     287 	.db #0x10	; 16
    000000F3 00                     288 	.db #0x00	; 0
    000000F4 04                     289 	.db #0x04	; 4
    000000F5 08                     290 	.db #0x08	; 8
    000000F6 08                     291 	.db #0x08	; 8
    000000F7 10                     292 	.db #0x10	; 16
    000000F8 20                     293 	.db #0x20	; 32
    000000F9 40                     294 	.db #0x40	; 64
    000000FA 40                     295 	.db #0x40	; 64
    000000FB 80                     296 	.db #0x80	; 128
    000000FC 80                     297 	.db #0x80	; 128
    000000FD 40                     298 	.db #0x40	; 64
    000000FE 40                     299 	.db #0x40	; 64
    000000FF 20                     300 	.db #0x20	; 32
    00000100 10                     301 	.db #0x10	; 16
    00000101 08                     302 	.db #0x08	; 8
    00000102 08                     303 	.db #0x08	; 8
    00000103 04                     304 	.db #0x04	; 4
    00000104 00                     305 	.db #0x00	; 0
    00000105 00                     306 	.db #0x00	; 0
    00000106 00                     307 	.db #0x00	; 0
    00000107 00                     308 	.db #0x00	; 0
    00000108 00                     309 	.db #0x00	; 0
    00000109 00                     310 	.db #0x00	; 0
    0000010A 00                     311 	.db #0x00	; 0
    0000010B 00                     312 	.db #0x00	; 0
    0000010C 20                     313 	.db #0x20	; 32
    0000010D 20                     314 	.db #0x20	; 32
    0000010E 20                     315 	.db #0x20	; 32
    0000010F 20                     316 	.db #0x20	; 32
    00000110 20                     317 	.db #0x20	; 32
    00000111 00                     318 	.db #0x00	; 0
    00000112 20                     319 	.db #0x20	; 32
    00000113 00                     320 	.db #0x00	; 0
    00000114 24                     321 	.db #0x24	; 36
    00000115 24                     322 	.db #0x24	; 36
    00000116 48                     323 	.db #0x48	; 72	'H'
    00000117 00                     324 	.db #0x00	; 0
    00000118 00                     325 	.db #0x00	; 0
    00000119 00                     326 	.db #0x00	; 0
    0000011A 00                     327 	.db #0x00	; 0
    0000011B 00                     328 	.db #0x00	; 0
    0000011C 28                     329 	.db #0x28	; 40
    0000011D 7C                     330 	.db #0x7c	; 124
    0000011E 28                     331 	.db #0x28	; 40
    0000011F 28                     332 	.db #0x28	; 40
    00000120 28                     333 	.db #0x28	; 40
    00000121 7C                     334 	.db #0x7c	; 124
    00000122 28                     335 	.db #0x28	; 40
    00000123 00                     336 	.db #0x00	; 0
    00000124 10                     337 	.db #0x10	; 16
    00000125 38                     338 	.db #0x38	; 56	'8'
    00000126 50                     339 	.db #0x50	; 80	'P'
    00000127 38                     340 	.db #0x38	; 56	'8'
    00000128 14                     341 	.db #0x14	; 20
    00000129 54                     342 	.db #0x54	; 84	'T'
    0000012A 38                     343 	.db #0x38	; 56	'8'
    0000012B 10                     344 	.db #0x10	; 16
    0000012C 64                     345 	.db #0x64	; 100	'd'
    0000012D 68                     346 	.db #0x68	; 104	'h'
    0000012E 08                     347 	.db #0x08	; 8
    0000012F 10                     348 	.db #0x10	; 16
    00000130 20                     349 	.db #0x20	; 32
    00000131 2C                     350 	.db #0x2c	; 44
    00000132 4C                     351 	.db #0x4c	; 76	'L'
    00000133 00                     352 	.db #0x00	; 0
    00000134 30                     353 	.db #0x30	; 48	'0'
    00000135 48                     354 	.db #0x48	; 72	'H'
    00000136 48                     355 	.db #0x48	; 72	'H'
    00000137 30                     356 	.db #0x30	; 48	'0'
    00000138 54                     357 	.db #0x54	; 84	'T'
    00000139 48                     358 	.db #0x48	; 72	'H'
    0000013A 34                     359 	.db #0x34	; 52	'4'
    0000013B 00                     360 	.db #0x00	; 0
    0000013C 10                     361 	.db #0x10	; 16
    0000013D 10                     362 	.db #0x10	; 16
    0000013E 20                     363 	.db #0x20	; 32
    0000013F 00                     364 	.db #0x00	; 0
    00000140 00                     365 	.db #0x00	; 0
    00000141 00                     366 	.db #0x00	; 0
    00000142 00                     367 	.db #0x00	; 0
    00000143 00                     368 	.db #0x00	; 0
    00000144 08                     369 	.db #0x08	; 8
    00000145 10                     370 	.db #0x10	; 16
    00000146 10                     371 	.db #0x10	; 16
    00000147 10                     372 	.db #0x10	; 16
    00000148 10                     373 	.db #0x10	; 16
    00000149 10                     374 	.db #0x10	; 16
    0000014A 08                     375 	.db #0x08	; 8
    0000014B 00                     376 	.db #0x00	; 0
    0000014C 10                     377 	.db #0x10	; 16
    0000014D 08                     378 	.db #0x08	; 8
    0000014E 08                     379 	.db #0x08	; 8
    0000014F 08                     380 	.db #0x08	; 8
    00000150 08                     381 	.db #0x08	; 8
    00000151 08                     382 	.db #0x08	; 8
    00000152 10                     383 	.db #0x10	; 16
    00000153 00                     384 	.db #0x00	; 0
    00000154 00                     385 	.db #0x00	; 0
    00000155 00                     386 	.db #0x00	; 0
    00000156 28                     387 	.db #0x28	; 40
    00000157 10                     388 	.db #0x10	; 16
    00000158 28                     389 	.db #0x28	; 40
    00000159 00                     390 	.db #0x00	; 0
    0000015A 00                     391 	.db #0x00	; 0
    0000015B 00                     392 	.db #0x00	; 0
    0000015C 00                     393 	.db #0x00	; 0
    0000015D 10                     394 	.db #0x10	; 16
    0000015E 10                     395 	.db #0x10	; 16
    0000015F 7C                     396 	.db #0x7c	; 124
    00000160 10                     397 	.db #0x10	; 16
    00000161 10                     398 	.db #0x10	; 16
    00000162 00                     399 	.db #0x00	; 0
    00000163 00                     400 	.db #0x00	; 0
    00000164 00                     401 	.db #0x00	; 0
    00000165 00                     402 	.db #0x00	; 0
    00000166 00                     403 	.db #0x00	; 0
    00000167 00                     404 	.db #0x00	; 0
    00000168 00                     405 	.db #0x00	; 0
    00000169 10                     406 	.db #0x10	; 16
    0000016A 10                     407 	.db #0x10	; 16
    0000016B 20                     408 	.db #0x20	; 32
    0000016C 00                     409 	.db #0x00	; 0
    0000016D 00                     410 	.db #0x00	; 0
    0000016E 00                     411 	.db #0x00	; 0
    0000016F 7C                     412 	.db #0x7c	; 124
    00000170 00                     413 	.db #0x00	; 0
    00000171 00                     414 	.db #0x00	; 0
    00000172 00                     415 	.db #0x00	; 0
    00000173 00                     416 	.db #0x00	; 0
    00000174 00                     417 	.db #0x00	; 0
    00000175 00                     418 	.db #0x00	; 0
    00000176 00                     419 	.db #0x00	; 0
    00000177 00                     420 	.db #0x00	; 0
    00000178 00                     421 	.db #0x00	; 0
    00000179 00                     422 	.db #0x00	; 0
    0000017A 20                     423 	.db #0x20	; 32
    0000017B 00                     424 	.db #0x00	; 0
    0000017C 04                     425 	.db #0x04	; 4
    0000017D 08                     426 	.db #0x08	; 8
    0000017E 08                     427 	.db #0x08	; 8
    0000017F 10                     428 	.db #0x10	; 16
    00000180 20                     429 	.db #0x20	; 32
    00000181 20                     430 	.db #0x20	; 32
    00000182 40                     431 	.db #0x40	; 64
    00000183 00                     432 	.db #0x00	; 0
    00000184 38                     433 	.db #0x38	; 56	'8'
    00000185 44                     434 	.db #0x44	; 68	'D'
    00000186 4C                     435 	.db #0x4c	; 76	'L'
    00000187 54                     436 	.db #0x54	; 84	'T'
    00000188 64                     437 	.db #0x64	; 100	'd'
    00000189 44                     438 	.db #0x44	; 68	'D'
    0000018A 38                     439 	.db #0x38	; 56	'8'
    0000018B 00                     440 	.db #0x00	; 0
    0000018C 10                     441 	.db #0x10	; 16
    0000018D 30                     442 	.db #0x30	; 48	'0'
    0000018E 50                     443 	.db #0x50	; 80	'P'
    0000018F 10                     444 	.db #0x10	; 16
    00000190 10                     445 	.db #0x10	; 16
    00000191 10                     446 	.db #0x10	; 16
    00000192 7C                     447 	.db #0x7c	; 124
    00000193 00                     448 	.db #0x00	; 0
    00000194 38                     449 	.db #0x38	; 56	'8'
    00000195 44                     450 	.db #0x44	; 68	'D'
    00000196 04                     451 	.db #0x04	; 4
    00000197 18                     452 	.db #0x18	; 24
    00000198 20                     453 	.db #0x20	; 32
    00000199 40                     454 	.db #0x40	; 64
    0000019A 7C                     455 	.db #0x7c	; 124
    0000019B 00                     456 	.db #0x00	; 0
    0000019C 38                     457 	.db #0x38	; 56	'8'
    0000019D 44                     458 	.db #0x44	; 68	'D'
    0000019E 04                     459 	.db #0x04	; 4
    0000019F 18                     460 	.db #0x18	; 24
    000001A0 04                     461 	.db #0x04	; 4
    000001A1 44                     462 	.db #0x44	; 68	'D'
    000001A2 38                     463 	.db #0x38	; 56	'8'
    000001A3 00                     464 	.db #0x00	; 0
    000001A4 10                     465 	.db #0x10	; 16
    000001A5 20                     466 	.db #0x20	; 32
    000001A6 48                     467 	.db #0x48	; 72	'H'
    000001A7 7C                     468 	.db #0x7c	; 124
    000001A8 08                     469 	.db #0x08	; 8
    000001A9 08                     470 	.db #0x08	; 8
    000001AA 08                     471 	.db #0x08	; 8
    000001AB 00                     472 	.db #0x00	; 0
    000001AC 7C                     473 	.db #0x7c	; 124
    000001AD 40                     474 	.db #0x40	; 64
    000001AE 78                     475 	.db #0x78	; 120	'x'
    000001AF 04                     476 	.db #0x04	; 4
    000001B0 04                     477 	.db #0x04	; 4
    000001B1 44                     478 	.db #0x44	; 68	'D'
    000001B2 38                     479 	.db #0x38	; 56	'8'
    000001B3 00                     480 	.db #0x00	; 0
    000001B4 38                     481 	.db #0x38	; 56	'8'
    000001B5 44                     482 	.db #0x44	; 68	'D'
    000001B6 40                     483 	.db #0x40	; 64
    000001B7 78                     484 	.db #0x78	; 120	'x'
    000001B8 44                     485 	.db #0x44	; 68	'D'
    000001B9 44                     486 	.db #0x44	; 68	'D'
    000001BA 38                     487 	.db #0x38	; 56	'8'
    000001BB 00                     488 	.db #0x00	; 0
    000001BC 7C                     489 	.db #0x7c	; 124
    000001BD 04                     490 	.db #0x04	; 4
    000001BE 08                     491 	.db #0x08	; 8
    000001BF 08                     492 	.db #0x08	; 8
    000001C0 10                     493 	.db #0x10	; 16
    000001C1 10                     494 	.db #0x10	; 16
    000001C2 10                     495 	.db #0x10	; 16
    000001C3 00                     496 	.db #0x00	; 0
    000001C4 38                     497 	.db #0x38	; 56	'8'
    000001C5 44                     498 	.db #0x44	; 68	'D'
    000001C6 44                     499 	.db #0x44	; 68	'D'
    000001C7 38                     500 	.db #0x38	; 56	'8'
    000001C8 44                     501 	.db #0x44	; 68	'D'
    000001C9 44                     502 	.db #0x44	; 68	'D'
    000001CA 38                     503 	.db #0x38	; 56	'8'
    000001CB 00                     504 	.db #0x00	; 0
    000001CC 38                     505 	.db #0x38	; 56	'8'
    000001CD 44                     506 	.db #0x44	; 68	'D'
    000001CE 44                     507 	.db #0x44	; 68	'D'
    000001CF 3C                     508 	.db #0x3c	; 60
    000001D0 04                     509 	.db #0x04	; 4
    000001D1 44                     510 	.db #0x44	; 68	'D'
    000001D2 38                     511 	.db #0x38	; 56	'8'
    000001D3 00                     512 	.db #0x00	; 0
    000001D4 00                     513 	.db #0x00	; 0
    000001D5 00                     514 	.db #0x00	; 0
    000001D6 20                     515 	.db #0x20	; 32
    000001D7 00                     516 	.db #0x00	; 0
    000001D8 00                     517 	.db #0x00	; 0
    000001D9 20                     518 	.db #0x20	; 32
    000001DA 00                     519 	.db #0x00	; 0
    000001DB 00                     520 	.db #0x00	; 0
    000001DC 00                     521 	.db #0x00	; 0
    000001DD 00                     522 	.db #0x00	; 0
    000001DE 10                     523 	.db #0x10	; 16
    000001DF 00                     524 	.db #0x00	; 0
    000001E0 00                     525 	.db #0x00	; 0
    000001E1 10                     526 	.db #0x10	; 16
    000001E2 10                     527 	.db #0x10	; 16
    000001E3 20                     528 	.db #0x20	; 32
    000001E4 04                     529 	.db #0x04	; 4
    000001E5 08                     530 	.db #0x08	; 8
    000001E6 10                     531 	.db #0x10	; 16
    000001E7 20                     532 	.db #0x20	; 32
    000001E8 10                     533 	.db #0x10	; 16
    000001E9 08                     534 	.db #0x08	; 8
    000001EA 04                     535 	.db #0x04	; 4
    000001EB 00                     536 	.db #0x00	; 0
    000001EC 00                     537 	.db #0x00	; 0
    000001ED 00                     538 	.db #0x00	; 0
    000001EE 7C                     539 	.db #0x7c	; 124
    000001EF 00                     540 	.db #0x00	; 0
    000001F0 7C                     541 	.db #0x7c	; 124
    000001F1 00                     542 	.db #0x00	; 0
    000001F2 00                     543 	.db #0x00	; 0
    000001F3 00                     544 	.db #0x00	; 0
    000001F4 20                     545 	.db #0x20	; 32
    000001F5 10                     546 	.db #0x10	; 16
    000001F6 08                     547 	.db #0x08	; 8
    000001F7 04                     548 	.db #0x04	; 4
    000001F8 08                     549 	.db #0x08	; 8
    000001F9 10                     550 	.db #0x10	; 16
    000001FA 20                     551 	.db #0x20	; 32
    000001FB 00                     552 	.db #0x00	; 0
    000001FC 38                     553 	.db #0x38	; 56	'8'
    000001FD 44                     554 	.db #0x44	; 68	'D'
    000001FE 04                     555 	.db #0x04	; 4
    000001FF 08                     556 	.db #0x08	; 8
    00000200 10                     557 	.db #0x10	; 16
    00000201 00                     558 	.db #0x00	; 0
    00000202 10                     559 	.db #0x10	; 16
    00000203 00                     560 	.db #0x00	; 0
    00000204 38                     561 	.db #0x38	; 56	'8'
    00000205 44                     562 	.db #0x44	; 68	'D'
    00000206 04                     563 	.db #0x04	; 4
    00000207 34                     564 	.db #0x34	; 52	'4'
    00000208 54                     565 	.db #0x54	; 84	'T'
    00000209 54                     566 	.db #0x54	; 84	'T'
    0000020A 38                     567 	.db #0x38	; 56	'8'
    0000020B 00                     568 	.db #0x00	; 0
    0000020C 38                     569 	.db #0x38	; 56	'8'
    0000020D 44                     570 	.db #0x44	; 68	'D'
    0000020E 44                     571 	.db #0x44	; 68	'D'
    0000020F 7C                     572 	.db #0x7c	; 124
    00000210 44                     573 	.db #0x44	; 68	'D'
    00000211 44                     574 	.db #0x44	; 68	'D'
    00000212 44                     575 	.db #0x44	; 68	'D'
    00000213 00                     576 	.db #0x00	; 0
    00000214 78                     577 	.db #0x78	; 120	'x'
    00000215 44                     578 	.db #0x44	; 68	'D'
    00000216 44                     579 	.db #0x44	; 68	'D'
    00000217 78                     580 	.db #0x78	; 120	'x'
    00000218 44                     581 	.db #0x44	; 68	'D'
    00000219 44                     582 	.db #0x44	; 68	'D'
    0000021A 78                     583 	.db #0x78	; 120	'x'
    0000021B 00                     584 	.db #0x00	; 0
    0000021C 38                     585 	.db #0x38	; 56	'8'
    0000021D 44                     586 	.db #0x44	; 68	'D'
    0000021E 40                     587 	.db #0x40	; 64
    0000021F 40                     588 	.db #0x40	; 64
    00000220 40                     589 	.db #0x40	; 64
    00000221 44                     590 	.db #0x44	; 68	'D'
    00000222 38                     591 	.db #0x38	; 56	'8'
    00000223 00                     592 	.db #0x00	; 0
    00000224 70                     593 	.db #0x70	; 112	'p'
    00000225 48                     594 	.db #0x48	; 72	'H'
    00000226 44                     595 	.db #0x44	; 68	'D'
    00000227 44                     596 	.db #0x44	; 68	'D'
    00000228 44                     597 	.db #0x44	; 68	'D'
    00000229 48                     598 	.db #0x48	; 72	'H'
    0000022A 70                     599 	.db #0x70	; 112	'p'
    0000022B 00                     600 	.db #0x00	; 0
    0000022C 7C                     601 	.db #0x7c	; 124
    0000022D 40                     602 	.db #0x40	; 64
    0000022E 40                     603 	.db #0x40	; 64
    0000022F 70                     604 	.db #0x70	; 112	'p'
    00000230 40                     605 	.db #0x40	; 64
    00000231 40                     606 	.db #0x40	; 64
    00000232 7C                     607 	.db #0x7c	; 124
    00000233 00                     608 	.db #0x00	; 0
    00000234 7C                     609 	.db #0x7c	; 124
    00000235 40                     610 	.db #0x40	; 64
    00000236 40                     611 	.db #0x40	; 64
    00000237 70                     612 	.db #0x70	; 112	'p'
    00000238 40                     613 	.db #0x40	; 64
    00000239 40                     614 	.db #0x40	; 64
    0000023A 40                     615 	.db #0x40	; 64
    0000023B 00                     616 	.db #0x00	; 0
    0000023C 38                     617 	.db #0x38	; 56	'8'
    0000023D 40                     618 	.db #0x40	; 64
    0000023E 40                     619 	.db #0x40	; 64
    0000023F 4C                     620 	.db #0x4c	; 76	'L'
    00000240 44                     621 	.db #0x44	; 68	'D'
    00000241 44                     622 	.db #0x44	; 68	'D'
    00000242 38                     623 	.db #0x38	; 56	'8'
    00000243 00                     624 	.db #0x00	; 0
    00000244 44                     625 	.db #0x44	; 68	'D'
    00000245 44                     626 	.db #0x44	; 68	'D'
    00000246 44                     627 	.db #0x44	; 68	'D'
    00000247 7C                     628 	.db #0x7c	; 124
    00000248 44                     629 	.db #0x44	; 68	'D'
    00000249 44                     630 	.db #0x44	; 68	'D'
    0000024A 44                     631 	.db #0x44	; 68	'D'
    0000024B 00                     632 	.db #0x00	; 0
    0000024C 38                     633 	.db #0x38	; 56	'8'
    0000024D 10                     634 	.db #0x10	; 16
    0000024E 10                     635 	.db #0x10	; 16
    0000024F 10                     636 	.db #0x10	; 16
    00000250 10                     637 	.db #0x10	; 16
    00000251 10                     638 	.db #0x10	; 16
    00000252 38                     639 	.db #0x38	; 56	'8'
    00000253 00                     640 	.db #0x00	; 0
    00000254 3C                     641 	.db #0x3c	; 60
    00000255 08                     642 	.db #0x08	; 8
    00000256 08                     643 	.db #0x08	; 8
    00000257 08                     644 	.db #0x08	; 8
    00000258 08                     645 	.db #0x08	; 8
    00000259 48                     646 	.db #0x48	; 72	'H'
    0000025A 30                     647 	.db #0x30	; 48	'0'
    0000025B 00                     648 	.db #0x00	; 0
    0000025C 44                     649 	.db #0x44	; 68	'D'
    0000025D 48                     650 	.db #0x48	; 72	'H'
    0000025E 50                     651 	.db #0x50	; 80	'P'
    0000025F 60                     652 	.db #0x60	; 96
    00000260 50                     653 	.db #0x50	; 80	'P'
    00000261 48                     654 	.db #0x48	; 72	'H'
    00000262 44                     655 	.db #0x44	; 68	'D'
    00000263 00                     656 	.db #0x00	; 0
    00000264 40                     657 	.db #0x40	; 64
    00000265 40                     658 	.db #0x40	; 64
    00000266 40                     659 	.db #0x40	; 64
    00000267 40                     660 	.db #0x40	; 64
    00000268 40                     661 	.db #0x40	; 64
    00000269 40                     662 	.db #0x40	; 64
    0000026A 7C                     663 	.db #0x7c	; 124
    0000026B 00                     664 	.db #0x00	; 0
    0000026C 44                     665 	.db #0x44	; 68	'D'
    0000026D 6C                     666 	.db #0x6c	; 108	'l'
    0000026E 54                     667 	.db #0x54	; 84	'T'
    0000026F 44                     668 	.db #0x44	; 68	'D'
    00000270 44                     669 	.db #0x44	; 68	'D'
    00000271 44                     670 	.db #0x44	; 68	'D'
    00000272 44                     671 	.db #0x44	; 68	'D'
    00000273 00                     672 	.db #0x00	; 0
    00000274 44                     673 	.db #0x44	; 68	'D'
    00000275 64                     674 	.db #0x64	; 100	'd'
    00000276 64                     675 	.db #0x64	; 100	'd'
    00000277 54                     676 	.db #0x54	; 84	'T'
    00000278 4C                     677 	.db #0x4c	; 76	'L'
    00000279 4C                     678 	.db #0x4c	; 76	'L'
    0000027A 44                     679 	.db #0x44	; 68	'D'
    0000027B 00                     680 	.db #0x00	; 0
    0000027C 38                     681 	.db #0x38	; 56	'8'
    0000027D 44                     682 	.db #0x44	; 68	'D'
    0000027E 44                     683 	.db #0x44	; 68	'D'
    0000027F 44                     684 	.db #0x44	; 68	'D'
    00000280 44                     685 	.db #0x44	; 68	'D'
    00000281 44                     686 	.db #0x44	; 68	'D'
    00000282 38                     687 	.db #0x38	; 56	'8'
    00000283 00                     688 	.db #0x00	; 0
    00000284 78                     689 	.db #0x78	; 120	'x'
    00000285 44                     690 	.db #0x44	; 68	'D'
    00000286 44                     691 	.db #0x44	; 68	'D'
    00000287 78                     692 	.db #0x78	; 120	'x'
    00000288 40                     693 	.db #0x40	; 64
    00000289 40                     694 	.db #0x40	; 64
    0000028A 40                     695 	.db #0x40	; 64
    0000028B 00                     696 	.db #0x00	; 0
    0000028C 38                     697 	.db #0x38	; 56	'8'
    0000028D 44                     698 	.db #0x44	; 68	'D'
    0000028E 44                     699 	.db #0x44	; 68	'D'
    0000028F 44                     700 	.db #0x44	; 68	'D'
    00000290 54                     701 	.db #0x54	; 84	'T'
    00000291 48                     702 	.db #0x48	; 72	'H'
    00000292 34                     703 	.db #0x34	; 52	'4'
    00000293 00                     704 	.db #0x00	; 0
    00000294 78                     705 	.db #0x78	; 120	'x'
    00000295 44                     706 	.db #0x44	; 68	'D'
    00000296 44                     707 	.db #0x44	; 68	'D'
    00000297 78                     708 	.db #0x78	; 120	'x'
    00000298 44                     709 	.db #0x44	; 68	'D'
    00000299 44                     710 	.db #0x44	; 68	'D'
    0000029A 44                     711 	.db #0x44	; 68	'D'
    0000029B 00                     712 	.db #0x00	; 0
    0000029C 38                     713 	.db #0x38	; 56	'8'
    0000029D 44                     714 	.db #0x44	; 68	'D'
    0000029E 40                     715 	.db #0x40	; 64
    0000029F 38                     716 	.db #0x38	; 56	'8'
    000002A0 04                     717 	.db #0x04	; 4
    000002A1 44                     718 	.db #0x44	; 68	'D'
    000002A2 38                     719 	.db #0x38	; 56	'8'
    000002A3 00                     720 	.db #0x00	; 0
    000002A4 7C                     721 	.db #0x7c	; 124
    000002A5 10                     722 	.db #0x10	; 16
    000002A6 10                     723 	.db #0x10	; 16
    000002A7 10                     724 	.db #0x10	; 16
    000002A8 10                     725 	.db #0x10	; 16
    000002A9 10                     726 	.db #0x10	; 16
    000002AA 10                     727 	.db #0x10	; 16
    000002AB 00                     728 	.db #0x00	; 0
    000002AC 44                     729 	.db #0x44	; 68	'D'
    000002AD 44                     730 	.db #0x44	; 68	'D'
    000002AE 44                     731 	.db #0x44	; 68	'D'
    000002AF 44                     732 	.db #0x44	; 68	'D'
    000002B0 44                     733 	.db #0x44	; 68	'D'
    000002B1 44                     734 	.db #0x44	; 68	'D'
    000002B2 38                     735 	.db #0x38	; 56	'8'
    000002B3 00                     736 	.db #0x00	; 0
    000002B4 44                     737 	.db #0x44	; 68	'D'
    000002B5 44                     738 	.db #0x44	; 68	'D'
    000002B6 44                     739 	.db #0x44	; 68	'D'
    000002B7 44                     740 	.db #0x44	; 68	'D'
    000002B8 28                     741 	.db #0x28	; 40
    000002B9 28                     742 	.db #0x28	; 40
    000002BA 10                     743 	.db #0x10	; 16
    000002BB 00                     744 	.db #0x00	; 0
    000002BC 44                     745 	.db #0x44	; 68	'D'
    000002BD 44                     746 	.db #0x44	; 68	'D'
    000002BE 44                     747 	.db #0x44	; 68	'D'
    000002BF 44                     748 	.db #0x44	; 68	'D'
    000002C0 54                     749 	.db #0x54	; 84	'T'
    000002C1 54                     750 	.db #0x54	; 84	'T'
    000002C2 28                     751 	.db #0x28	; 40
    000002C3 00                     752 	.db #0x00	; 0
    000002C4 44                     753 	.db #0x44	; 68	'D'
    000002C5 44                     754 	.db #0x44	; 68	'D'
    000002C6 28                     755 	.db #0x28	; 40
    000002C7 10                     756 	.db #0x10	; 16
    000002C8 28                     757 	.db #0x28	; 40
    000002C9 44                     758 	.db #0x44	; 68	'D'
    000002CA 44                     759 	.db #0x44	; 68	'D'
    000002CB 00                     760 	.db #0x00	; 0
    000002CC 44                     761 	.db #0x44	; 68	'D'
    000002CD 44                     762 	.db #0x44	; 68	'D'
    000002CE 28                     763 	.db #0x28	; 40
    000002CF 10                     764 	.db #0x10	; 16
    000002D0 10                     765 	.db #0x10	; 16
    000002D1 10                     766 	.db #0x10	; 16
    000002D2 10                     767 	.db #0x10	; 16
    000002D3 00                     768 	.db #0x00	; 0
    000002D4 7C                     769 	.db #0x7c	; 124
    000002D5 04                     770 	.db #0x04	; 4
    000002D6 08                     771 	.db #0x08	; 8
    000002D7 10                     772 	.db #0x10	; 16
    000002D8 20                     773 	.db #0x20	; 32
    000002D9 40                     774 	.db #0x40	; 64
    000002DA 7C                     775 	.db #0x7c	; 124
    000002DB 00                     776 	.db #0x00	; 0
    000002DC 38                     777 	.db #0x38	; 56	'8'
    000002DD 20                     778 	.db #0x20	; 32
    000002DE 20                     779 	.db #0x20	; 32
    000002DF 20                     780 	.db #0x20	; 32
    000002E0 20                     781 	.db #0x20	; 32
    000002E1 20                     782 	.db #0x20	; 32
    000002E2 38                     783 	.db #0x38	; 56	'8'
    000002E3 00                     784 	.db #0x00	; 0
    000002E4 40                     785 	.db #0x40	; 64
    000002E5 20                     786 	.db #0x20	; 32
    000002E6 20                     787 	.db #0x20	; 32
    000002E7 10                     788 	.db #0x10	; 16
    000002E8 08                     789 	.db #0x08	; 8
    000002E9 08                     790 	.db #0x08	; 8
    000002EA 04                     791 	.db #0x04	; 4
    000002EB 00                     792 	.db #0x00	; 0
    000002EC 38                     793 	.db #0x38	; 56	'8'
    000002ED 08                     794 	.db #0x08	; 8
    000002EE 08                     795 	.db #0x08	; 8
    000002EF 08                     796 	.db #0x08	; 8
    000002F0 08                     797 	.db #0x08	; 8
    000002F1 08                     798 	.db #0x08	; 8
    000002F2 38                     799 	.db #0x38	; 56	'8'
    000002F3 00                     800 	.db #0x00	; 0
    000002F4 10                     801 	.db #0x10	; 16
    000002F5 28                     802 	.db #0x28	; 40
    000002F6 44                     803 	.db #0x44	; 68	'D'
    000002F7 00                     804 	.db #0x00	; 0
    000002F8 00                     805 	.db #0x00	; 0
    000002F9 00                     806 	.db #0x00	; 0
    000002FA 00                     807 	.db #0x00	; 0
    000002FB 00                     808 	.db #0x00	; 0
    000002FC 00                     809 	.db #0x00	; 0
    000002FD 00                     810 	.db #0x00	; 0
    000002FE 00                     811 	.db #0x00	; 0
    000002FF 00                     812 	.db #0x00	; 0
    00000300 00                     813 	.db #0x00	; 0
    00000301 00                     814 	.db #0x00	; 0
    00000302 7C                     815 	.db #0x7c	; 124
    00000303 00                     816 	.db #0x00	; 0
    00000304 20                     817 	.db #0x20	; 32
    00000305 20                     818 	.db #0x20	; 32
    00000306 10                     819 	.db #0x10	; 16
    00000307 00                     820 	.db #0x00	; 0
    00000308 00                     821 	.db #0x00	; 0
    00000309 00                     822 	.db #0x00	; 0
    0000030A 00                     823 	.db #0x00	; 0
    0000030B 00                     824 	.db #0x00	; 0
    0000030C 00                     825 	.db #0x00	; 0
    0000030D 00                     826 	.db #0x00	; 0
    0000030E 38                     827 	.db #0x38	; 56	'8'
    0000030F 04                     828 	.db #0x04	; 4
    00000310 3C                     829 	.db #0x3c	; 60
    00000311 44                     830 	.db #0x44	; 68	'D'
    00000312 3C                     831 	.db #0x3c	; 60
    00000313 00                     832 	.db #0x00	; 0
    00000314 40                     833 	.db #0x40	; 64
    00000315 40                     834 	.db #0x40	; 64
    00000316 40                     835 	.db #0x40	; 64
    00000317 78                     836 	.db #0x78	; 120	'x'
    00000318 44                     837 	.db #0x44	; 68	'D'
    00000319 44                     838 	.db #0x44	; 68	'D'
    0000031A 78                     839 	.db #0x78	; 120	'x'
    0000031B 00                     840 	.db #0x00	; 0
    0000031C 00                     841 	.db #0x00	; 0
    0000031D 00                     842 	.db #0x00	; 0
    0000031E 38                     843 	.db #0x38	; 56	'8'
    0000031F 44                     844 	.db #0x44	; 68	'D'
    00000320 40                     845 	.db #0x40	; 64
    00000321 44                     846 	.db #0x44	; 68	'D'
    00000322 38                     847 	.db #0x38	; 56	'8'
    00000323 00                     848 	.db #0x00	; 0
    00000324 04                     849 	.db #0x04	; 4
    00000325 04                     850 	.db #0x04	; 4
    00000326 04                     851 	.db #0x04	; 4
    00000327 3C                     852 	.db #0x3c	; 60
    00000328 44                     853 	.db #0x44	; 68	'D'
    00000329 44                     854 	.db #0x44	; 68	'D'
    0000032A 3C                     855 	.db #0x3c	; 60
    0000032B 00                     856 	.db #0x00	; 0
    0000032C 00                     857 	.db #0x00	; 0
    0000032D 00                     858 	.db #0x00	; 0
    0000032E 38                     859 	.db #0x38	; 56	'8'
    0000032F 44                     860 	.db #0x44	; 68	'D'
    00000330 7C                     861 	.db #0x7c	; 124
    00000331 40                     862 	.db #0x40	; 64
    00000332 3C                     863 	.db #0x3c	; 60
    00000333 00                     864 	.db #0x00	; 0
    00000334 18                     865 	.db #0x18	; 24
    00000335 24                     866 	.db #0x24	; 36
    00000336 20                     867 	.db #0x20	; 32
    00000337 70                     868 	.db #0x70	; 112	'p'
    00000338 20                     869 	.db #0x20	; 32
    00000339 20                     870 	.db #0x20	; 32
    0000033A 20                     871 	.db #0x20	; 32
    0000033B 00                     872 	.db #0x00	; 0
    0000033C 00                     873 	.db #0x00	; 0
    0000033D 00                     874 	.db #0x00	; 0
    0000033E 3C                     875 	.db #0x3c	; 60
    0000033F 44                     876 	.db #0x44	; 68	'D'
    00000340 44                     877 	.db #0x44	; 68	'D'
    00000341 3C                     878 	.db #0x3c	; 60
    00000342 04                     879 	.db #0x04	; 4
    00000343 78                     880 	.db #0x78	; 120	'x'
    00000344 40                     881 	.db #0x40	; 64
    00000345 40                     882 	.db #0x40	; 64
    00000346 40                     883 	.db #0x40	; 64
    00000347 78                     884 	.db #0x78	; 120	'x'
    00000348 44                     885 	.db #0x44	; 68	'D'
    00000349 44                     886 	.db #0x44	; 68	'D'
    0000034A 44                     887 	.db #0x44	; 68	'D'
    0000034B 00                     888 	.db #0x00	; 0
    0000034C 10                     889 	.db #0x10	; 16
    0000034D 00                     890 	.db #0x00	; 0
    0000034E 10                     891 	.db #0x10	; 16
    0000034F 10                     892 	.db #0x10	; 16
    00000350 10                     893 	.db #0x10	; 16
    00000351 10                     894 	.db #0x10	; 16
    00000352 18                     895 	.db #0x18	; 24
    00000353 00                     896 	.db #0x00	; 0
    00000354 08                     897 	.db #0x08	; 8
    00000355 00                     898 	.db #0x00	; 0
    00000356 08                     899 	.db #0x08	; 8
    00000357 08                     900 	.db #0x08	; 8
    00000358 08                     901 	.db #0x08	; 8
    00000359 08                     902 	.db #0x08	; 8
    0000035A 48                     903 	.db #0x48	; 72	'H'
    0000035B 30                     904 	.db #0x30	; 48	'0'
    0000035C 20                     905 	.db #0x20	; 32
    0000035D 20                     906 	.db #0x20	; 32
    0000035E 24                     907 	.db #0x24	; 36
    0000035F 28                     908 	.db #0x28	; 40
    00000360 30                     909 	.db #0x30	; 48	'0'
    00000361 28                     910 	.db #0x28	; 40
    00000362 24                     911 	.db #0x24	; 36
    00000363 00                     912 	.db #0x00	; 0
    00000364 10                     913 	.db #0x10	; 16
    00000365 10                     914 	.db #0x10	; 16
    00000366 10                     915 	.db #0x10	; 16
    00000367 10                     916 	.db #0x10	; 16
    00000368 10                     917 	.db #0x10	; 16
    00000369 10                     918 	.db #0x10	; 16
    0000036A 18                     919 	.db #0x18	; 24
    0000036B 00                     920 	.db #0x00	; 0
    0000036C 00                     921 	.db #0x00	; 0
    0000036D 00                     922 	.db #0x00	; 0
    0000036E 68                     923 	.db #0x68	; 104	'h'
    0000036F 54                     924 	.db #0x54	; 84	'T'
    00000370 54                     925 	.db #0x54	; 84	'T'
    00000371 54                     926 	.db #0x54	; 84	'T'
    00000372 54                     927 	.db #0x54	; 84	'T'
    00000373 00                     928 	.db #0x00	; 0
    00000374 00                     929 	.db #0x00	; 0
    00000375 00                     930 	.db #0x00	; 0
    00000376 58                     931 	.db #0x58	; 88	'X'
    00000377 64                     932 	.db #0x64	; 100	'd'
    00000378 44                     933 	.db #0x44	; 68	'D'
    00000379 44                     934 	.db #0x44	; 68	'D'
    0000037A 44                     935 	.db #0x44	; 68	'D'
    0000037B 00                     936 	.db #0x00	; 0
    0000037C 00                     937 	.db #0x00	; 0
    0000037D 00                     938 	.db #0x00	; 0
    0000037E 38                     939 	.db #0x38	; 56	'8'
    0000037F 44                     940 	.db #0x44	; 68	'D'
    00000380 44                     941 	.db #0x44	; 68	'D'
    00000381 44                     942 	.db #0x44	; 68	'D'
    00000382 38                     943 	.db #0x38	; 56	'8'
    00000383 00                     944 	.db #0x00	; 0
    00000384 00                     945 	.db #0x00	; 0
    00000385 00                     946 	.db #0x00	; 0
    00000386 78                     947 	.db #0x78	; 120	'x'
    00000387 44                     948 	.db #0x44	; 68	'D'
    00000388 44                     949 	.db #0x44	; 68	'D'
    00000389 78                     950 	.db #0x78	; 120	'x'
    0000038A 40                     951 	.db #0x40	; 64
    0000038B 40                     952 	.db #0x40	; 64
    0000038C 00                     953 	.db #0x00	; 0
    0000038D 00                     954 	.db #0x00	; 0
    0000038E 3C                     955 	.db #0x3c	; 60
    0000038F 44                     956 	.db #0x44	; 68	'D'
    00000390 44                     957 	.db #0x44	; 68	'D'
    00000391 3C                     958 	.db #0x3c	; 60
    00000392 04                     959 	.db #0x04	; 4
    00000393 04                     960 	.db #0x04	; 4
    00000394 00                     961 	.db #0x00	; 0
    00000395 00                     962 	.db #0x00	; 0
    00000396 58                     963 	.db #0x58	; 88	'X'
    00000397 64                     964 	.db #0x64	; 100	'd'
    00000398 40                     965 	.db #0x40	; 64
    00000399 40                     966 	.db #0x40	; 64
    0000039A 40                     967 	.db #0x40	; 64
    0000039B 00                     968 	.db #0x00	; 0
    0000039C 00                     969 	.db #0x00	; 0
    0000039D 00                     970 	.db #0x00	; 0
    0000039E 3C                     971 	.db #0x3c	; 60
    0000039F 40                     972 	.db #0x40	; 64
    000003A0 38                     973 	.db #0x38	; 56	'8'
    000003A1 04                     974 	.db #0x04	; 4
    000003A2 78                     975 	.db #0x78	; 120	'x'
    000003A3 00                     976 	.db #0x00	; 0
    000003A4 20                     977 	.db #0x20	; 32
    000003A5 20                     978 	.db #0x20	; 32
    000003A6 78                     979 	.db #0x78	; 120	'x'
    000003A7 20                     980 	.db #0x20	; 32
    000003A8 20                     981 	.db #0x20	; 32
    000003A9 24                     982 	.db #0x24	; 36
    000003AA 18                     983 	.db #0x18	; 24
    000003AB 00                     984 	.db #0x00	; 0
    000003AC 00                     985 	.db #0x00	; 0
    000003AD 00                     986 	.db #0x00	; 0
    000003AE 44                     987 	.db #0x44	; 68	'D'
    000003AF 44                     988 	.db #0x44	; 68	'D'
    000003B0 44                     989 	.db #0x44	; 68	'D'
    000003B1 4C                     990 	.db #0x4c	; 76	'L'
    000003B2 34                     991 	.db #0x34	; 52	'4'
    000003B3 00                     992 	.db #0x00	; 0
    000003B4 00                     993 	.db #0x00	; 0
    000003B5 00                     994 	.db #0x00	; 0
    000003B6 44                     995 	.db #0x44	; 68	'D'
    000003B7 44                     996 	.db #0x44	; 68	'D'
    000003B8 44                     997 	.db #0x44	; 68	'D'
    000003B9 28                     998 	.db #0x28	; 40
    000003BA 10                     999 	.db #0x10	; 16
    000003BB 00                    1000 	.db #0x00	; 0
    000003BC 00                    1001 	.db #0x00	; 0
    000003BD 00                    1002 	.db #0x00	; 0
    000003BE 44                    1003 	.db #0x44	; 68	'D'
    000003BF 44                    1004 	.db #0x44	; 68	'D'
    000003C0 44                    1005 	.db #0x44	; 68	'D'
    000003C1 54                    1006 	.db #0x54	; 84	'T'
    000003C2 28                    1007 	.db #0x28	; 40
    000003C3 00                    1008 	.db #0x00	; 0
    000003C4 00                    1009 	.db #0x00	; 0
    000003C5 00                    1010 	.db #0x00	; 0
    000003C6 44                    1011 	.db #0x44	; 68	'D'
    000003C7 28                    1012 	.db #0x28	; 40
    000003C8 10                    1013 	.db #0x10	; 16
    000003C9 28                    1014 	.db #0x28	; 40
    000003CA 44                    1015 	.db #0x44	; 68	'D'
    000003CB 00                    1016 	.db #0x00	; 0
    000003CC 00                    1017 	.db #0x00	; 0
    000003CD 00                    1018 	.db #0x00	; 0
    000003CE 44                    1019 	.db #0x44	; 68	'D'
    000003CF 44                    1020 	.db #0x44	; 68	'D'
    000003D0 44                    1021 	.db #0x44	; 68	'D'
    000003D1 3C                    1022 	.db #0x3c	; 60
    000003D2 04                    1023 	.db #0x04	; 4
    000003D3 78                    1024 	.db #0x78	; 120	'x'
    000003D4 00                    1025 	.db #0x00	; 0
    000003D5 00                    1026 	.db #0x00	; 0
    000003D6 7C                    1027 	.db #0x7c	; 124
    000003D7 08                    1028 	.db #0x08	; 8
    000003D8 10                    1029 	.db #0x10	; 16
    000003D9 20                    1030 	.db #0x20	; 32
    000003DA 7C                    1031 	.db #0x7c	; 124
    000003DB 00                    1032 	.db #0x00	; 0
    000003DC 18                    1033 	.db #0x18	; 24
    000003DD 10                    1034 	.db #0x10	; 16
    000003DE 10                    1035 	.db #0x10	; 16
    000003DF 20                    1036 	.db #0x20	; 32
    000003E0 10                    1037 	.db #0x10	; 16
    000003E1 10                    1038 	.db #0x10	; 16
    000003E2 18                    1039 	.db #0x18	; 24
    000003E3 00                    1040 	.db #0x00	; 0
    000003E4 10                    1041 	.db #0x10	; 16
    000003E5 10                    1042 	.db #0x10	; 16
    000003E6 10                    1043 	.db #0x10	; 16
    000003E7 10                    1044 	.db #0x10	; 16
    000003E8 10                    1045 	.db #0x10	; 16
    000003E9 10                    1046 	.db #0x10	; 16
    000003EA 10                    1047 	.db #0x10	; 16
    000003EB 00                    1048 	.db #0x00	; 0
    000003EC 30                    1049 	.db #0x30	; 48	'0'
    000003ED 10                    1050 	.db #0x10	; 16
    000003EE 10                    1051 	.db #0x10	; 16
    000003EF 08                    1052 	.db #0x08	; 8
    000003F0 10                    1053 	.db #0x10	; 16
    000003F1 10                    1054 	.db #0x10	; 16
    000003F2 30                    1055 	.db #0x30	; 48	'0'
    000003F3 00                    1056 	.db #0x00	; 0
    000003F4 00                    1057 	.db #0x00	; 0
    000003F5 00                    1058 	.db #0x00	; 0
    000003F6 14                    1059 	.db #0x14	; 20
    000003F7 28                    1060 	.db #0x28	; 40
    000003F8 00                    1061 	.db #0x00	; 0
    000003F9 00                    1062 	.db #0x00	; 0
    000003FA 00                    1063 	.db #0x00	; 0
    000003FB 00                    1064 	.db #0x00	; 0
    000003FC 81                    1065 	.db #0x81	; 129
    000003FD 42                    1066 	.db #0x42	; 66	'B'
    000003FE 24                    1067 	.db #0x24	; 36
    000003FF 18                    1068 	.db #0x18	; 24
    00000400 18                    1069 	.db #0x18	; 24
    00000401 24                    1070 	.db #0x24	; 36
    00000402 42                    1071 	.db #0x42	; 66	'B'
    00000403 81                    1072 	.db #0x81	; 129
    00000404 00                    1073 	.db #0x00	; 0
    00000405 20                    1074 	.db #0x20	; 32
    00000406 30                    1075 	.db #0x30	; 48	'0'
    00000407 38                    1076 	.db #0x38	; 56	'8'
    00000408 30                    1077 	.db #0x30	; 48	'0'
    00000409 20                    1078 	.db #0x20	; 32
    0000040A 00                    1079 	.db #0x00	; 0
    0000040B 00                    1080 	.db #0x00	; 0
    0000040C 00                    1081 	.db #0x00	; 0
    0000040D 08                    1082 	.db #0x08	; 8
    0000040E 18                    1083 	.db #0x18	; 24
    0000040F 38                    1084 	.db #0x38	; 56	'8'
    00000410 18                    1085 	.db #0x18	; 24
    00000411 08                    1086 	.db #0x08	; 8
    00000412 00                    1087 	.db #0x00	; 0
    00000413 00                    1088 	.db #0x00	; 0
    00000414 10                    1089 	.db #0x10	; 16
    00000415 38                    1090 	.db #0x38	; 56	'8'
    00000416 7C                    1091 	.db #0x7c	; 124
    00000417 00                    1092 	.db #0x00	; 0
    00000418 7C                    1093 	.db #0x7c	; 124
    00000419 38                    1094 	.db #0x38	; 56	'8'
    0000041A 10                    1095 	.db #0x10	; 16
    0000041B 00                    1096 	.db #0x00	; 0
    0000041C 00                    1097 	.db #0x00	; 0
    0000041D 00                    1098 	.db #0x00	; 0
    0000041E 00                    1099 	.db #0x00	; 0
    0000041F 00                    1100 	.db #0x00	; 0
    00000420 00                    1101 	.db #0x00	; 0
    00000421 44                    1102 	.db #0x44	; 68	'D'
    00000422 7C                    1103 	.db #0x7c	; 124
    00000423 00                    1104 	.db #0x00	; 0
    00000424 04                    1105 	.db #0x04	; 4
    00000425 24                    1106 	.db #0x24	; 36
    00000426 64                    1107 	.db #0x64	; 100	'd'
    00000427 FC                    1108 	.db #0xfc	; 252
    00000428 60                    1109 	.db #0x60	; 96
    00000429 20                    1110 	.db #0x20	; 32
    0000042A 00                    1111 	.db #0x00	; 0
    0000042B 00                    1112 	.db #0x00	; 0
    0000042C 00                    1113 	.db #0x00	; 0
    0000042D 24                    1114 	.db #0x24	; 36
    0000042E 64                    1115 	.db #0x64	; 100	'd'
    0000042F FC                    1116 	.db #0xfc	; 252
    00000430 64                    1117 	.db #0x64	; 100	'd'
    00000431 24                    1118 	.db #0x24	; 36
    00000432 00                    1119 	.db #0x00	; 0
    00000433 00                    1120 	.db #0x00	; 0
    00000434 10                    1121 	.db #0x10	; 16
    00000435 38                    1122 	.db #0x38	; 56	'8'
    00000436 7C                    1123 	.db #0x7c	; 124
    00000437 10                    1124 	.db #0x10	; 16
    00000438 10                    1125 	.db #0x10	; 16
    00000439 7C                    1126 	.db #0x7c	; 124
    0000043A 10                    1127 	.db #0x10	; 16
    0000043B 7C                    1128 	.db #0x7c	; 124
    0000043C 7C                    1129 	.db #0x7c	; 124
    0000043D 10                    1130 	.db #0x10	; 16
    0000043E 7C                    1131 	.db #0x7c	; 124
    0000043F 10                    1132 	.db #0x10	; 16
    00000440 10                    1133 	.db #0x10	; 16
    00000441 7C                    1134 	.db #0x7c	; 124
    00000442 38                    1135 	.db #0x38	; 56	'8'
    00000443 10                    1136 	.db #0x10	; 16
    00000444 00                    1137 	.db #0x00	; 0
    00000445 30                    1138 	.db #0x30	; 48	'0'
    00000446 78                    1139 	.db #0x78	; 120	'x'
    00000447 FC                    1140 	.db #0xfc	; 252
    00000448 30                    1141 	.db #0x30	; 48	'0'
    00000449 30                    1142 	.db #0x30	; 48	'0'
    0000044A 30                    1143 	.db #0x30	; 48	'0'
    0000044B 00                    1144 	.db #0x00	; 0
    0000044C 00                    1145 	.db #0x00	; 0
    0000044D 30                    1146 	.db #0x30	; 48	'0'
    0000044E 30                    1147 	.db #0x30	; 48	'0'
    0000044F 30                    1148 	.db #0x30	; 48	'0'
    00000450 FC                    1149 	.db #0xfc	; 252
    00000451 78                    1150 	.db #0x78	; 120	'x'
    00000452 30                    1151 	.db #0x30	; 48	'0'
    00000453 00                    1152 	.db #0x00	; 0
    00000454 00                    1153 	.db #0x00	; 0
    00000455 10                    1154 	.db #0x10	; 16
    00000456 18                    1155 	.db #0x18	; 24
    00000457 FC                    1156 	.db #0xfc	; 252
    00000458 FC                    1157 	.db #0xfc	; 252
    00000459 18                    1158 	.db #0x18	; 24
    0000045A 10                    1159 	.db #0x10	; 16
    0000045B 00                    1160 	.db #0x00	; 0
    0000045C 00                    1161 	.db #0x00	; 0
    0000045D 20                    1162 	.db #0x20	; 32
    0000045E 60                    1163 	.db #0x60	; 96
    0000045F FC                    1164 	.db #0xfc	; 252
    00000460 FC                    1165 	.db #0xfc	; 252
    00000461 60                    1166 	.db #0x60	; 96
    00000462 20                    1167 	.db #0x20	; 32
    00000463 00                    1168 	.db #0x00	; 0
    00000464 81                    1169 	.db #0x81	; 129
    00000465 42                    1170 	.db #0x42	; 66	'B'
    00000466 24                    1171 	.db #0x24	; 36
    00000467 18                    1172 	.db #0x18	; 24
    00000468 18                    1173 	.db #0x18	; 24
    00000469 24                    1174 	.db #0x24	; 36
    0000046A 42                    1175 	.db #0x42	; 66	'B'
    0000046B 81                    1176 	.db #0x81	; 129
    0000046C 00                    1177 	.db #0x00	; 0
    0000046D 00                    1178 	.db #0x00	; 0
    0000046E 28                    1179 	.db #0x28	; 40
    0000046F 6C                    1180 	.db #0x6c	; 108	'l'
    00000470 6C                    1181 	.db #0x6c	; 108	'l'
    00000471 28                    1182 	.db #0x28	; 40
    00000472 00                    1183 	.db #0x00	; 0
    00000473 00                    1184 	.db #0x00	; 0
    00000474 00                    1185 	.db #0x00	; 0
    00000475 00                    1186 	.db #0x00	; 0
    00000476 10                    1187 	.db #0x10	; 16
    00000477 38                    1188 	.db #0x38	; 56	'8'
    00000478 7C                    1189 	.db #0x7c	; 124
    00000479 00                    1190 	.db #0x00	; 0
    0000047A 00                    1191 	.db #0x00	; 0
    0000047B 00                    1192 	.db #0x00	; 0
    0000047C 00                    1193 	.db #0x00	; 0
    0000047D 00                    1194 	.db #0x00	; 0
    0000047E 7C                    1195 	.db #0x7c	; 124
    0000047F 38                    1196 	.db #0x38	; 56	'8'
    00000480 10                    1197 	.db #0x10	; 16
    00000481 00                    1198 	.db #0x00	; 0
    00000482 00                    1199 	.db #0x00	; 0
    00000483 00                    1200 	.db #0x00	; 0
    00000484 81                    1201 	.db #0x81	; 129
    00000485 42                    1202 	.db #0x42	; 66	'B'
    00000486 24                    1203 	.db #0x24	; 36
    00000487 18                    1204 	.db #0x18	; 24
    00000488 18                    1205 	.db #0x18	; 24
    00000489 24                    1206 	.db #0x24	; 36
    0000048A 42                    1207 	.db #0x42	; 66	'B'
    0000048B 81                    1208 	.db #0x81	; 129
    0000048C 28                    1209 	.db #0x28	; 40
    0000048D 28                    1210 	.db #0x28	; 40
    0000048E EF                    1211 	.db #0xef	; 239
    0000048F 00                    1212 	.db #0x00	; 0
    00000490 FF                    1213 	.db #0xff	; 255
    00000491 00                    1214 	.db #0x00	; 0
    00000492 00                    1215 	.db #0x00	; 0
    00000493 00                    1216 	.db #0x00	; 0
    00000494 00                    1217 	.db #0x00	; 0
    00000495 00                    1218 	.db #0x00	; 0
    00000496 FF                    1219 	.db #0xff	; 255
    00000497 00                    1220 	.db #0x00	; 0
    00000498 EF                    1221 	.db #0xef	; 239
    00000499 28                    1222 	.db #0x28	; 40
    0000049A 28                    1223 	.db #0x28	; 40
    0000049B 28                    1224 	.db #0x28	; 40
    0000049C 28                    1225 	.db #0x28	; 40
    0000049D 28                    1226 	.db #0x28	; 40
    0000049E E8                    1227 	.db #0xe8	; 232
    0000049F 08                    1228 	.db #0x08	; 8
    000004A0 E8                    1229 	.db #0xe8	; 232
    000004A1 28                    1230 	.db #0x28	; 40
    000004A2 28                    1231 	.db #0x28	; 40
    000004A3 28                    1232 	.db #0x28	; 40
    000004A4 50                    1233 	.db #0x50	; 80	'P'
    000004A5 50                    1234 	.db #0x50	; 80	'P'
    000004A6 5F                    1235 	.db #0x5f	; 95
    000004A7 40                    1236 	.db #0x40	; 64
    000004A8 5F                    1237 	.db #0x5f	; 95
    000004A9 50                    1238 	.db #0x50	; 80	'P'
    000004AA 50                    1239 	.db #0x50	; 80	'P'
    000004AB 50                    1240 	.db #0x50	; 80	'P'
    000004AC 28                    1241 	.db #0x28	; 40
    000004AD 28                    1242 	.db #0x28	; 40
    000004AE EF                    1243 	.db #0xef	; 239
    000004AF 00                    1244 	.db #0x00	; 0
    000004B0 EF                    1245 	.db #0xef	; 239
    000004B1 28                    1246 	.db #0x28	; 40
    000004B2 28                    1247 	.db #0x28	; 40
    000004B3 28                    1248 	.db #0x28	; 40
    000004B4 28                    1249 	.db #0x28	; 40
    000004B5 28                    1250 	.db #0x28	; 40
    000004B6 28                    1251 	.db #0x28	; 40
    000004B7 28                    1252 	.db #0x28	; 40
    000004B8 28                    1253 	.db #0x28	; 40
    000004B9 28                    1254 	.db #0x28	; 40
    000004BA 28                    1255 	.db #0x28	; 40
    000004BB 28                    1256 	.db #0x28	; 40
    000004BC 00                    1257 	.db #0x00	; 0
    000004BD 00                    1258 	.db #0x00	; 0
    000004BE FF                    1259 	.db #0xff	; 255
    000004BF 00                    1260 	.db #0x00	; 0
    000004C0 FF                    1261 	.db #0xff	; 255
    000004C1 00                    1262 	.db #0x00	; 0
    000004C2 00                    1263 	.db #0x00	; 0
    000004C3 00                    1264 	.db #0x00	; 0
    000004C4 00                    1265 	.db #0x00	; 0
    000004C5 00                    1266 	.db #0x00	; 0
    000004C6 3F                    1267 	.db #0x3f	; 63
    000004C7 20                    1268 	.db #0x20	; 32
    000004C8 2F                    1269 	.db #0x2f	; 47
    000004C9 28                    1270 	.db #0x28	; 40
    000004CA 28                    1271 	.db #0x28	; 40
    000004CB 28                    1272 	.db #0x28	; 40
    000004CC 00                    1273 	.db #0x00	; 0
    000004CD 00                    1274 	.db #0x00	; 0
    000004CE F8                    1275 	.db #0xf8	; 248
    000004CF 08                    1276 	.db #0x08	; 8
    000004D0 E8                    1277 	.db #0xe8	; 232
    000004D1 28                    1278 	.db #0x28	; 40
    000004D2 28                    1279 	.db #0x28	; 40
    000004D3 28                    1280 	.db #0x28	; 40
    000004D4 28                    1281 	.db #0x28	; 40
    000004D5 28                    1282 	.db #0x28	; 40
    000004D6 2F                    1283 	.db #0x2f	; 47
    000004D7 20                    1284 	.db #0x20	; 32
    000004D8 3F                    1285 	.db #0x3f	; 63
    000004D9 00                    1286 	.db #0x00	; 0
    000004DA 00                    1287 	.db #0x00	; 0
    000004DB 00                    1288 	.db #0x00	; 0
    000004DC 28                    1289 	.db #0x28	; 40
    000004DD 28                    1290 	.db #0x28	; 40
    000004DE E8                    1291 	.db #0xe8	; 232
    000004DF 08                    1292 	.db #0x08	; 8
    000004E0 F8                    1293 	.db #0xf8	; 248
    000004E1 00                    1294 	.db #0x00	; 0
    000004E2 00                    1295 	.db #0x00	; 0
    000004E3 00                    1296 	.db #0x00	; 0
    000004E4 22                    1297 	.db #0x22	; 34
    000004E5 88                    1298 	.db #0x88	; 136
    000004E6 22                    1299 	.db #0x22	; 34
    000004E7 88                    1300 	.db #0x88	; 136
    000004E8 22                    1301 	.db #0x22	; 34
    000004E9 88                    1302 	.db #0x88	; 136
    000004EA 22                    1303 	.db #0x22	; 34
    000004EB 88                    1304 	.db #0x88	; 136
    000004EC AA                    1305 	.db #0xaa	; 170
    000004ED 55                    1306 	.db #0x55	; 85	'U'
    000004EE AA                    1307 	.db #0xaa	; 170
    000004EF 55                    1308 	.db #0x55	; 85	'U'
    000004F0 AA                    1309 	.db #0xaa	; 170
    000004F1 55                    1310 	.db #0x55	; 85	'U'
    000004F2 AA                    1311 	.db #0xaa	; 170
    000004F3 55                    1312 	.db #0x55	; 85	'U'
    000004F4 EE                    1313 	.db #0xee	; 238
    000004F5 BB                    1314 	.db #0xbb	; 187
    000004F6 EE                    1315 	.db #0xee	; 238
    000004F7 BB                    1316 	.db #0xbb	; 187
    000004F8 EE                    1317 	.db #0xee	; 238
    000004F9 BB                    1318 	.db #0xbb	; 187
    000004FA EE                    1319 	.db #0xee	; 238
    000004FB BB                    1320 	.db #0xbb	; 187
    000004FC FF                    1321 	.db #0xff	; 255
    000004FD FF                    1322 	.db #0xff	; 255
    000004FE FF                    1323 	.db #0xff	; 255
    000004FF FF                    1324 	.db #0xff	; 255
    00000500 FF                    1325 	.db #0xff	; 255
    00000501 FF                    1326 	.db #0xff	; 255
    00000502 FF                    1327 	.db #0xff	; 255
    00000503 FF                    1328 	.db #0xff	; 255
    00000504 00                    1329 	.db #0x00	; 0
    00000505 FF                    1330 	.db #0xff	; 255
    00000506 FF                    1331 	.db #0xff	; 255
    00000507 FF                    1332 	.db #0xff	; 255
    00000508 FF                    1333 	.db #0xff	; 255
    00000509 FF                    1334 	.db #0xff	; 255
    0000050A 00                    1335 	.db #0x00	; 0
    0000050B 00                    1336 	.db #0x00	; 0
    0000050C 00                    1337 	.db #0x00	; 0
    0000050D 80                    1338 	.db #0x80	; 128
    0000050E 80                    1339 	.db #0x80	; 128
    0000050F 80                    1340 	.db #0x80	; 128
    00000510 80                    1341 	.db #0x80	; 128
    00000511 80                    1342 	.db #0x80	; 128
    00000512 00                    1343 	.db #0x00	; 0
    00000513 00                    1344 	.db #0x00	; 0
    00000514 00                    1345 	.db #0x00	; 0
    00000515 C0                    1346 	.db #0xc0	; 192
    00000516 C0                    1347 	.db #0xc0	; 192
    00000517 C0                    1348 	.db #0xc0	; 192
    00000518 C0                    1349 	.db #0xc0	; 192
    00000519 C0                    1350 	.db #0xc0	; 192
    0000051A 00                    1351 	.db #0x00	; 0
    0000051B 00                    1352 	.db #0x00	; 0
    0000051C 00                    1353 	.db #0x00	; 0
    0000051D E0                    1354 	.db #0xe0	; 224
    0000051E E0                    1355 	.db #0xe0	; 224
    0000051F E0                    1356 	.db #0xe0	; 224
    00000520 E0                    1357 	.db #0xe0	; 224
    00000521 E0                    1358 	.db #0xe0	; 224
    00000522 00                    1359 	.db #0x00	; 0
    00000523 00                    1360 	.db #0x00	; 0
    00000524 00                    1361 	.db #0x00	; 0
    00000525 F0                    1362 	.db #0xf0	; 240
    00000526 F0                    1363 	.db #0xf0	; 240
    00000527 F0                    1364 	.db #0xf0	; 240
    00000528 F0                    1365 	.db #0xf0	; 240
    00000529 F0                    1366 	.db #0xf0	; 240
    0000052A 00                    1367 	.db #0x00	; 0
    0000052B 00                    1368 	.db #0x00	; 0
    0000052C 00                    1369 	.db #0x00	; 0
    0000052D F8                    1370 	.db #0xf8	; 248
    0000052E F8                    1371 	.db #0xf8	; 248
    0000052F F8                    1372 	.db #0xf8	; 248
    00000530 F8                    1373 	.db #0xf8	; 248
    00000531 F8                    1374 	.db #0xf8	; 248
    00000532 00                    1375 	.db #0x00	; 0
    00000533 00                    1376 	.db #0x00	; 0
    00000534 00                    1377 	.db #0x00	; 0
    00000535 FC                    1378 	.db #0xfc	; 252
    00000536 FC                    1379 	.db #0xfc	; 252
    00000537 FC                    1380 	.db #0xfc	; 252
    00000538 FC                    1381 	.db #0xfc	; 252
    00000539 FC                    1382 	.db #0xfc	; 252
    0000053A 00                    1383 	.db #0x00	; 0
    0000053B 00                    1384 	.db #0x00	; 0
    0000053C 00                    1385 	.db #0x00	; 0
    0000053D FE                    1386 	.db #0xfe	; 254
    0000053E FE                    1387 	.db #0xfe	; 254
    0000053F FE                    1388 	.db #0xfe	; 254
    00000540 FE                    1389 	.db #0xfe	; 254
    00000541 FE                    1390 	.db #0xfe	; 254
    00000542 00                    1391 	.db #0x00	; 0
    00000543 00                    1392 	.db #0x00	; 0
    00000544 81                    1393 	.db #0x81	; 129
    00000545 42                    1394 	.db #0x42	; 66	'B'
    00000546 24                    1395 	.db #0x24	; 36
    00000547 18                    1396 	.db #0x18	; 24
    00000548 18                    1397 	.db #0x18	; 24
    00000549 24                    1398 	.db #0x24	; 36
    0000054A 42                    1399 	.db #0x42	; 66	'B'
    0000054B 81                    1400 	.db #0x81	; 129
    0000054C 81                    1401 	.db #0x81	; 129
    0000054D 42                    1402 	.db #0x42	; 66	'B'
    0000054E 24                    1403 	.db #0x24	; 36
    0000054F 18                    1404 	.db #0x18	; 24
    00000550 18                    1405 	.db #0x18	; 24
    00000551 24                    1406 	.db #0x24	; 36
    00000552 42                    1407 	.db #0x42	; 66	'B'
    00000553 81                    1408 	.db #0x81	; 129
    00000554 04                    1409 	.db #0x04	; 4
    00000555 0C                    1410 	.db #0x0c	; 12
    00000556 0C                    1411 	.db #0x0c	; 12
    00000557 14                    1412 	.db #0x14	; 20
    00000558 24                    1413 	.db #0x24	; 36
    00000559 24                    1414 	.db #0x24	; 36
    0000055A 44                    1415 	.db #0x44	; 68	'D'
    0000055B 87                    1416 	.db #0x87	; 135
    0000055C 87                    1417 	.db #0x87	; 135
    0000055D 44                    1418 	.db #0x44	; 68	'D'
    0000055E 24                    1419 	.db #0x24	; 36
    0000055F 24                    1420 	.db #0x24	; 36
    00000560 14                    1421 	.db #0x14	; 20
    00000561 0C                    1422 	.db #0x0c	; 12
    00000562 0C                    1423 	.db #0x0c	; 12
    00000563 04                    1424 	.db #0x04	; 4
    00000564 00                    1425 	.db #0x00	; 0
    00000565 00                    1426 	.db #0x00	; 0
    00000566 00                    1427 	.db #0x00	; 0
    00000567 00                    1428 	.db #0x00	; 0
    00000568 00                    1429 	.db #0x00	; 0
    00000569 00                    1430 	.db #0x00	; 0
    0000056A 00                    1431 	.db #0x00	; 0
    0000056B FF                    1432 	.db #0xff	; 255
    0000056C FF                    1433 	.db #0xff	; 255
    0000056D 00                    1434 	.db #0x00	; 0
    0000056E 00                    1435 	.db #0x00	; 0
    0000056F 00                    1436 	.db #0x00	; 0
    00000570 00                    1437 	.db #0x00	; 0
    00000571 00                    1438 	.db #0x00	; 0
    00000572 00                    1439 	.db #0x00	; 0
    00000573 00                    1440 	.db #0x00	; 0
    00000574 80                    1441 	.db #0x80	; 128
    00000575 80                    1442 	.db #0x80	; 128
    00000576 80                    1443 	.db #0x80	; 128
    00000577 80                    1444 	.db #0x80	; 128
    00000578 80                    1445 	.db #0x80	; 128
    00000579 80                    1446 	.db #0x80	; 128
    0000057A 80                    1447 	.db #0x80	; 128
    0000057B 80                    1448 	.db #0x80	; 128
    0000057C 07                    1449 	.db #0x07	; 7
    0000057D 07                    1450 	.db #0x07	; 7
    0000057E 07                    1451 	.db #0x07	; 7
    0000057F 07                    1452 	.db #0x07	; 7
    00000580 07                    1453 	.db #0x07	; 7
    00000581 07                    1454 	.db #0x07	; 7
    00000582 07                    1455 	.db #0x07	; 7
    00000583 07                    1456 	.db #0x07	; 7
    00000584 00                    1457 	.db #0x00	; 0
    00000585 70                    1458 	.db #0x70	; 112	'p'
    00000586 D8                    1459 	.db #0xd8	; 216
    00000587 88                    1460 	.db #0x88	; 136
    00000588 D8                    1461 	.db #0xd8	; 216
    00000589 50                    1462 	.db #0x50	; 80	'P'
    0000058A 00                    1463 	.db #0x00	; 0
    0000058B 00                    1464 	.db #0x00	; 0
    0000058C 00                    1465 	.db #0x00	; 0
    0000058D 70                    1466 	.db #0x70	; 112	'p'
    0000058E D8                    1467 	.db #0xd8	; 216
    0000058F 88                    1468 	.db #0x88	; 136
    00000590 98                    1469 	.db #0x98	; 152
    00000591 70                    1470 	.db #0x70	; 112	'p'
    00000592 00                    1471 	.db #0x00	; 0
    00000593 00                    1472 	.db #0x00	; 0
    00000594 00                    1473 	.db #0x00	; 0
    00000595 70                    1474 	.db #0x70	; 112	'p'
    00000596 D8                    1475 	.db #0xd8	; 216
    00000597 08                    1476 	.db #0x08	; 8
    00000598 D8                    1477 	.db #0xd8	; 216
    00000599 70                    1478 	.db #0x70	; 112	'p'
    0000059A 00                    1479 	.db #0x00	; 0
    0000059B 00                    1480 	.db #0x00	; 0
    0000059C 00                    1481 	.db #0x00	; 0
    0000059D 70                    1482 	.db #0x70	; 112	'p'
    0000059E 98                    1483 	.db #0x98	; 152
    0000059F 88                    1484 	.db #0x88	; 136
    000005A0 D8                    1485 	.db #0xd8	; 216
    000005A1 70                    1486 	.db #0x70	; 112	'p'
    000005A2 00                    1487 	.db #0x00	; 0
    000005A3 00                    1488 	.db #0x00	; 0
    000005A4 00                    1489 	.db #0x00	; 0
    000005A5 50                    1490 	.db #0x50	; 80	'P'
    000005A6 D8                    1491 	.db #0xd8	; 216
    000005A7 88                    1492 	.db #0x88	; 136
    000005A8 D8                    1493 	.db #0xd8	; 216
    000005A9 70                    1494 	.db #0x70	; 112	'p'
    000005AA 00                    1495 	.db #0x00	; 0
    000005AB 00                    1496 	.db #0x00	; 0
    000005AC 00                    1497 	.db #0x00	; 0
    000005AD 70                    1498 	.db #0x70	; 112	'p'
    000005AE C8                    1499 	.db #0xc8	; 200
    000005AF 88                    1500 	.db #0x88	; 136
    000005B0 D8                    1501 	.db #0xd8	; 216
    000005B1 70                    1502 	.db #0x70	; 112	'p'
    000005B2 00                    1503 	.db #0x00	; 0
    000005B3 00                    1504 	.db #0x00	; 0
    000005B4 00                    1505 	.db #0x00	; 0
    000005B5 70                    1506 	.db #0x70	; 112	'p'
    000005B6 D8                    1507 	.db #0xd8	; 216
    000005B7 80                    1508 	.db #0x80	; 128
    000005B8 D8                    1509 	.db #0xd8	; 216
    000005B9 70                    1510 	.db #0x70	; 112	'p'
    000005BA 00                    1511 	.db #0x00	; 0
    000005BB 00                    1512 	.db #0x00	; 0
    000005BC 00                    1513 	.db #0x00	; 0
    000005BD 70                    1514 	.db #0x70	; 112	'p'
    000005BE D8                    1515 	.db #0xd8	; 216
    000005BF 88                    1516 	.db #0x88	; 136
    000005C0 C8                    1517 	.db #0xc8	; 200
    000005C1 70                    1518 	.db #0x70	; 112	'p'
    000005C2 00                    1519 	.db #0x00	; 0
    000005C3 00                    1520 	.db #0x00	; 0
    000005C4 00                    1521 	.db #0x00	; 0
    000005C5 D8                    1522 	.db #0xd8	; 216
    000005C6 D8                    1523 	.db #0xd8	; 216
    000005C7 D8                    1524 	.db #0xd8	; 216
    000005C8 D8                    1525 	.db #0xd8	; 216
    000005C9 D8                    1526 	.db #0xd8	; 216
    000005CA 00                    1527 	.db #0x00	; 0
    000005CB 00                    1528 	.db #0x00	; 0
    000005CC 00                    1529 	.db #0x00	; 0
    000005CD F8                    1530 	.db #0xf8	; 248
    000005CE F8                    1531 	.db #0xf8	; 248
    000005CF F8                    1532 	.db #0xf8	; 248
    000005D0 F8                    1533 	.db #0xf8	; 248
    000005D1 F8                    1534 	.db #0xf8	; 248
    000005D2 00                    1535 	.db #0x00	; 0
    000005D3 00                    1536 	.db #0x00	; 0
    000005D4 00                    1537 	.db #0x00	; 0
    000005D5 88                    1538 	.db #0x88	; 136
    000005D6 C8                    1539 	.db #0xc8	; 200
    000005D7 E8                    1540 	.db #0xe8	; 232
    000005D8 C8                    1541 	.db #0xc8	; 200
    000005D9 88                    1542 	.db #0x88	; 136
    000005DA 00                    1543 	.db #0x00	; 0
    000005DB 00                    1544 	.db #0x00	; 0
    000005DC 00                    1545 	.db #0x00	; 0
    000005DD 88                    1546 	.db #0x88	; 136
    000005DE 98                    1547 	.db #0x98	; 152
    000005DF B8                    1548 	.db #0xb8	; 184
    000005E0 98                    1549 	.db #0x98	; 152
    000005E1 88                    1550 	.db #0x88	; 136
    000005E2 00                    1551 	.db #0x00	; 0
    000005E3 00                    1552 	.db #0x00	; 0
    000005E4 00                    1553 	.db #0x00	; 0
    000005E5 90                    1554 	.db #0x90	; 144
    000005E6 D8                    1555 	.db #0xd8	; 216
    000005E7 FC                    1556 	.db #0xfc	; 252
    000005E8 D8                    1557 	.db #0xd8	; 216
    000005E9 90                    1558 	.db #0x90	; 144
    000005EA 00                    1559 	.db #0x00	; 0
    000005EB 00                    1560 	.db #0x00	; 0
    000005EC 00                    1561 	.db #0x00	; 0
    000005ED 24                    1562 	.db #0x24	; 36
    000005EE 6C                    1563 	.db #0x6c	; 108	'l'
    000005EF FC                    1564 	.db #0xfc	; 252
    000005F0 6C                    1565 	.db #0x6c	; 108	'l'
    000005F1 24                    1566 	.db #0x24	; 36
    000005F2 00                    1567 	.db #0x00	; 0
    000005F3 00                    1568 	.db #0x00	; 0
    000005F4 08                    1569 	.db #0x08	; 8
    000005F5 7C                    1570 	.db #0x7c	; 124
    000005F6 88                    1571 	.db #0x88	; 136
    000005F7 00                    1572 	.db #0x00	; 0
    000005F8 44                    1573 	.db #0x44	; 68	'D'
    000005F9 F8                    1574 	.db #0xf8	; 248
    000005FA 40                    1575 	.db #0x40	; 64
    000005FB 00                    1576 	.db #0x00	; 0
    000005FC 00                    1577 	.db #0x00	; 0
    000005FD 4C                    1578 	.db #0x4c	; 76	'L'
    000005FE A0                    1579 	.db #0xa0	; 160
    000005FF 20                    1580 	.db #0x20	; 32
    00000600 28                    1581 	.db #0x28	; 40
    00000601 9C                    1582 	.db #0x9c	; 156
    00000602 08                    1583 	.db #0x08	; 8
    00000603 00                    1584 	.db #0x00	; 0
                                   1585 	.area _INITIALIZER
                                   1586 	.area _CABS (ABS)
