                                      1 ;--------------------------------------------------------
                                      2 ; File Created by SDCC : free open source ANSI-C Compiler
                                      3 ; Version 4.2.0 #13081 (MINGW64)
                                      4 ;--------------------------------------------------------
                                      5 	.module yscc_player
                                      6 	.optsdcc -mz80
                                      7 	
                                      8 ;--------------------------------------------------------
                                      9 ; Public variables in this module
                                     10 ;--------------------------------------------------------
                                     11 	.globl _DEBUG_PRINT
                                     12 	.globl _DEBUG_LOG
                                     13 	.globl _g_YSCC_Period
                                     14 	.globl _g_YSCC_NumBlocksToPlay
                                     15 	.globl _g_YSCC_SamplePage
                                     16 	.globl _g_YSCC_SamplePos
                                     17 	.globl _g_SLTSL
                                     18 	.globl _g_GRPACY
                                     19 	.globl _g_GRPACX
                                     20 	.globl _g_LOGOPR
                                     21 	.globl _g_CMASK
                                     22 	.globl _g_CLOC
                                     23 	.globl _g_FNKSTR
                                     24 	.globl _g_ATRBYT
                                     25 	.globl _g_BDRCLR
                                     26 	.globl _g_BAKCLR
                                     27 	.globl _g_FORCLR
                                     28 	.globl _g_CSRX
                                     29 	.globl _g_CSRY
                                     30 	.globl _g_CLIKSW
                                     31 	.globl _g_MLTPAT
                                     32 	.globl _g_MLTATR
                                     33 	.globl _g_MLTCGP
                                     34 	.globl _g_MLTCOL
                                     35 	.globl _g_MLTNAM
                                     36 	.globl _g_GRPPAT
                                     37 	.globl _g_GRPATR
                                     38 	.globl _g_GRPCGP
                                     39 	.globl _g_GRPCOL
                                     40 	.globl _g_GRPNAM
                                     41 	.globl _g_T32PAT
                                     42 	.globl _g_T32ATR
                                     43 	.globl _g_T32CGP
                                     44 	.globl _g_T32COL
                                     45 	.globl _g_T32NAM
                                     46 	.globl _g_TXTPAT
                                     47 	.globl _g_TXTATR
                                     48 	.globl _g_TXTCGP
                                     49 	.globl _g_TXTCOL
                                     50 	.globl _g_TXTNAM
                                     51 	.globl _g_CLMLST
                                     52 	.globl _g_CRTCNT
                                     53 	.globl _g_LINLEN
                                     54 	.globl _g_LINL32
                                     55 	.globl _g_LINL40
                                     56 	.globl _g_BDOS
                                     57 	.globl _g_MASTER
                                     58 	.globl _g_RAMAD3
                                     59 	.globl _g_RAMAD2
                                     60 	.globl _g_RAMAD1
                                     61 	.globl _g_RAMAD0
                                     62 	.globl _g_BREAKV
                                     63 	.globl _g_DISKVE
                                     64 	.globl _g_KANJTABLE
                                     65 	.globl _g_STRSRC
                                     66 	.globl _g_SUBRID
                                     67 	.globl _g_CHAR_16
                                     68 	.globl _g_MSXMID
                                     69 	.globl _g_MSXVER
                                     70 	.globl _g_ROMVersion
                                     71 	.globl _g_BASRVN
                                     72 	.globl _g_VDP_DW
                                     73 	.globl _g_VDP_DR
                                     74 	.globl _g_CGTABL
                                     75 	.globl _g_SVFFFD
                                     76 	.globl _g_RG27SAV
                                     77 	.globl _g_RG26SAV
                                     78 	.globl _g_RG25SAV
                                     79 	.globl _g_SVFFF8
                                     80 	.globl _g_MINROM
                                     81 	.globl _g_RG23SAV
                                     82 	.globl _g_RG22SAV
                                     83 	.globl _g_RG21SAV
                                     84 	.globl _g_RG20SAV
                                     85 	.globl _g_RG19SAV
                                     86 	.globl _g_RG18SAV
                                     87 	.globl _g_RG17SAV
                                     88 	.globl _g_RG16SAV
                                     89 	.globl _g_RG15SAV
                                     90 	.globl _g_RG14SAV
                                     91 	.globl _g_RG13SAV
                                     92 	.globl _g_RG12SAV
                                     93 	.globl _g_RG11SAV
                                     94 	.globl _g_RG10SAV
                                     95 	.globl _g_RG09SAV
                                     96 	.globl _g_RG08SAV
                                     97 	.globl _g_PROCNM
                                     98 	.globl _g_SLTWRK
                                     99 	.globl _g_SLTATR
                                    100 	.globl _g_SLTTBL
                                    101 	.globl _g_EXPTBL
                                    102 	.globl _g_MNROM
                                    103 	.globl _g_DRWANG
                                    104 	.globl _g_DRWSCL
                                    105 	.globl _g_DRWFLG
                                    106 	.globl _g_GYPOS
                                    107 	.globl _g_GXPOS
                                    108 	.globl _g_BRDATR
                                    109 	.globl _g_CASPRV
                                    110 	.globl _g_OLDSCR
                                    111 	.globl _g_SCRMOD
                                    112 	.globl _g_FLBMEM
                                    113 	.globl _g_KANAMD
                                    114 	.globl _g_KANAST
                                    115 	.globl _g_CAPST
                                    116 	.globl _g_CSTYLE
                                    117 	.globl _g_CSRSW
                                    118 	.globl _g_INSFLG
                                    119 	.globl _g_ESCCNT
                                    120 	.globl _g_GRPHED
                                    121 	.globl _g_WINWID
                                    122 	.globl _g_LOWLIM
                                    123 	.globl _g_INTCNT
                                    124 	.globl _g_INTVAL
                                    125 	.globl _g_JIFFY
                                    126 	.globl _g_PADX
                                    127 	.globl _g_PADY
                                    128 	.globl _g_INTFLG
                                    129 	.globl _g_RTYCNT
                                    130 	.globl _g_TRPTBL
                                    131 	.globl _g_HIMEM
                                    132 	.globl _g_BOTTOM
                                    133 	.globl _g_PATWRK
                                    134 	.globl _g_LINWRK
                                    135 	.globl _g_KEYBUF
                                    136 	.globl _g_NEWKEY
                                    137 	.globl _g_OLDKEY
                                    138 	.globl _g_CLIKFL
                                    139 	.globl _g_ONGSBF
                                    140 	.globl _g_FNKFLG
                                    141 	.globl _g_FNKSWI
                                    142 	.globl _g_CODSAV
                                    143 	.globl _g_FSTPOS
                                    144 	.globl _g_LINTTB
                                    145 	.globl _g_BASROM
                                    146 	.globl _g_ENSTOP
                                    147 	.globl _g_VCBC
                                    148 	.globl _g_VCBB
                                    149 	.globl _g_VCBA
                                    150 	.globl _g_PLYCNT
                                    151 	.globl _g_MUSICF
                                    152 	.globl _g_QUEUEN
                                    153 	.globl _g_MCLPTR
                                    154 	.globl _g_MCLLEN
                                    155 	.globl _g_SAVVOL
                                    156 	.globl _g_VOICEN
                                    157 	.globl _g_SAVSP
                                    158 	.globl _g_PRSCNT
                                    159 	.globl _g_LSTMOD
                                    160 	.globl _g_LSTCOM
                                    161 	.globl _g_COMMSK
                                    162 	.globl _g_ESTBLS
                                    163 	.globl _g_FLAGS
                                    164 	.globl _g_ERRORS
                                    165 	.globl _g_DATCNT
                                    166 	.globl _g_DEVNUM
                                    167 	.globl _g_OLDINT
                                    168 	.globl _g_OLDSTT
                                    169 	.globl _g_MEXBIh
                                    170 	.globl _g_RSIQLN
                                    171 	.globl _g_RSFCB
                                    172 	.globl _g_TOCNT
                                    173 	.globl _g_RSTMP
                                    174 	.globl _g_YSAVE
                                    175 	.globl _g_XSAVE
                                    176 	.globl _g_NORUSE
                                    177 	.globl _g_MODE
                                    178 	.globl _g_ROMA
                                    179 	.globl _g_CHRCNT
                                    180 	.globl _g_EXBRSA
                                    181 	.globl _g_AVCSAV
                                    182 	.globl _g_ACPAGE
                                    183 	.globl _g_DPPAGE
                                    184 	.globl _g_RS2IQ
                                    185 	.globl _g_VOICCQ
                                    186 	.globl _g_VOICBQ
                                    187 	.globl _g_VOICAQ
                                    188 	.globl _g_QUEBAK
                                    189 	.globl _g_QUETAB
                                    190 	.globl _g_ASPCT2
                                    191 	.globl _g_ASPCT1
                                    192 	.globl _g_HEADER
                                    193 	.globl _g_HIGH
                                    194 	.globl _g_LOW
                                    195 	.globl _g_CS240
                                    196 	.globl _g_CS120
                                    197 	.globl _g_GETPNT
                                    198 	.globl _g_PUTPNT
                                    199 	.globl _g_REPCNT
                                    200 	.globl _g_SCNCNT
                                    201 	.globl _g_FRCNEW
                                    202 	.globl _g_QUEUES
                                    203 	.globl _g_MINUPD
                                    204 	.globl _g_MAXUPD
                                    205 	.globl _g_TRGFLG
                                    206 	.globl _g_STATFL
                                    207 	.globl _g_RG7SAV
                                    208 	.globl _g_RG6SAV
                                    209 	.globl _g_RG5SAV
                                    210 	.globl _g_RG4SAV
                                    211 	.globl _g_RG3SAV
                                    212 	.globl _g_RG2SAV
                                    213 	.globl _g_RG1SAV
                                    214 	.globl _g_RG0SAV
                                    215 	.globl _g_CNSDFG
                                    216 	.globl _g_USRTAB
                                    217 	.globl _g_CLPRIM
                                    218 	.globl _g_WRPRIM
                                    219 	.globl _g_RDPRIM
                                    220 	.globl _YSCC_Init
                                    221 	.globl _YSCC_Decode
                                    222 	.globl _YSCC_Play
                                    223 	.globl _YSCC_CopyPCMBlock
                                    224 ;--------------------------------------------------------
                                    225 ; special function registers
                                    226 ;--------------------------------------------------------
                         000000A8   227 _g_PortPrimarySlot	=	0x00a8
                         000000A9   228 _g_PortReadKeyboard	=	0x00a9
                         000000AA   229 _g_PortAccessKeyboard	=	0x00aa
                         000000AB   230 _g_PortControl	=	0x00ab
                         00000098   231 _g_VDP_DataPort	=	0x0098
                         00000099   232 _g_VDP_RegPort	=	0x0099
                         00000099   233 _g_VDP_AddrPort	=	0x0099
                         00000099   234 _g_VDP_StatPort	=	0x0099
                         000000A0   235 _g_PSG_RegPort	=	0x00a0
                         000000A1   236 _g_PSG_DataPort	=	0x00a1
                         000000A2   237 _g_PSG_StatPort	=	0x00a2
                         00000010   238 _g_PSG_Ext_RegPort	=	0x0010
                         00000011   239 _g_PSG_Ext_DataPort	=	0x0011
                         00000012   240 _g_PSG_Ext_StatPort	=	0x0012
                         0000007C   241 _g_MSXMusic_IndexPort	=	0x007c
                         0000007D   242 _g_MSXMusic_DataPort	=	0x007d
                         000000C0   243 _g_MSXAudio_IndexPort	=	0x00c0
                         000000C1   244 _g_MSXAudio_DataPort	=	0x00c1
                         000000C2   245 _g_MSXAudio_IndexPort2	=	0x00c2
                         000000C3   246 _g_MSXAudio_DataPort2	=	0x00c3
                         000000B4   247 _g_RTC_AddrPort	=	0x00b4
                         000000B5   248 _g_RTC_DataPort	=	0x00b5
                                    249 ;--------------------------------------------------------
                                    250 ; ram data
                                    251 ;--------------------------------------------------------
                                    252 	.area _DATA
                         0000F3AE   253 _g_LINL40	=	0xf3ae
                         0000F3AF   254 _g_LINL32	=	0xf3af
                         0000F3B0   255 _g_LINLEN	=	0xf3b0
                         0000F3B1   256 _g_CRTCNT	=	0xf3b1
                         0000F3B2   257 _g_CLMLST	=	0xf3b2
                         0000F3B3   258 _g_TXTNAM	=	0xf3b3
                         0000F3B5   259 _g_TXTCOL	=	0xf3b5
                         0000F3B7   260 _g_TXTCGP	=	0xf3b7
                         0000F3B9   261 _g_TXTATR	=	0xf3b9
                         0000F3BB   262 _g_TXTPAT	=	0xf3bb
                         0000F3BD   263 _g_T32NAM	=	0xf3bd
                         0000F3BF   264 _g_T32COL	=	0xf3bf
                         0000F3C1   265 _g_T32CGP	=	0xf3c1
                         0000F3C3   266 _g_T32ATR	=	0xf3c3
                         0000F3C5   267 _g_T32PAT	=	0xf3c5
                         0000F3C7   268 _g_GRPNAM	=	0xf3c7
                         0000F3C9   269 _g_GRPCOL	=	0xf3c9
                         0000F3CB   270 _g_GRPCGP	=	0xf3cb
                         0000F3CD   271 _g_GRPATR	=	0xf3cd
                         0000F3CF   272 _g_GRPPAT	=	0xf3cf
                         0000F3D1   273 _g_MLTNAM	=	0xf3d1
                         0000F3D3   274 _g_MLTCOL	=	0xf3d3
                         0000F3D5   275 _g_MLTCGP	=	0xf3d5
                         0000F3D7   276 _g_MLTATR	=	0xf3d7
                         0000F3D9   277 _g_MLTPAT	=	0xf3d9
                         0000F3DB   278 _g_CLIKSW	=	0xf3db
                         0000F3DC   279 _g_CSRY	=	0xf3dc
                         0000F3DD   280 _g_CSRX	=	0xf3dd
                         0000F3E9   281 _g_FORCLR	=	0xf3e9
                         0000F3EA   282 _g_BAKCLR	=	0xf3ea
                         0000F3EB   283 _g_BDRCLR	=	0xf3eb
                         0000F3F2   284 _g_ATRBYT	=	0xf3f2
                         0000F87F   285 _g_FNKSTR	=	0xf87f
                         0000F92A   286 _g_CLOC	=	0xf92a
                         0000F92C   287 _g_CMASK	=	0xf92c
                         0000FB02   288 _g_LOGOPR	=	0xfb02
                         0000FCB7   289 _g_GRPACX	=	0xfcb7
                         0000FCB9   290 _g_GRPACY	=	0xfcb9
                         0000FFFF   291 _g_SLTSL	=	0xffff
    00000000                        292 _g_YSCC_SamplePos::
    00000000                        293 	.ds 2
    00000002                        294 _g_YSCC_SamplePage::
    00000002                        295 	.ds 2
    00000004                        296 _g_YSCC_NumBlocksToPlay::
    00000004                        297 	.ds 2
    00000006                        298 _g_YSCC_Period::
    00000006                        299 	.ds 2
    00000008                        300 _s_YSCC_SavedSeg3:
    00000008                        301 	.ds 2
    0000000A                        302 _s_YSCC_Buf:
    0000000A                        303 	.ds 128
                                    304 ;--------------------------------------------------------
                                    305 ; ram data
                                    306 ;--------------------------------------------------------
                                    307 	.area _INITIALIZED
                                    308 ;--------------------------------------------------------
                                    309 ; absolute external ram data
                                    310 ;--------------------------------------------------------
                                    311 	.area _DABS (ABS)
                                    312 ;--------------------------------------------------------
                                    313 ; global & static initialisations
                                    314 ;--------------------------------------------------------
                                    315 	.area _HOME
                                    316 	.area _GSINIT
                                    317 	.area _GSFINAL
                                    318 	.area _GSINIT
                                    319 ;--------------------------------------------------------
                                    320 ; Home
                                    321 ;--------------------------------------------------------
                                    322 	.area _HOME
                                    323 	.area _HOME
                                    324 ;--------------------------------------------------------
                                    325 ; code
                                    326 ;--------------------------------------------------------
                                    327 	.area _CODE
                                    328 ;./libs/yscc/yscc_player.c:13: void YSCC_Init() {
                                    329 ;	---------------------------------
                                    330 ; Function YSCC_Init
                                    331 ; ---------------------------------
    00000000                        332 _YSCC_Init::
                                    333 ;./libs/yscc/yscc_player.c:14: g_YSCC_Period = 0x0749;
    00000000 21 49 07         [10]  334 	ld	hl, #0x0749
    00000003 22r06r00         [16]  335 	ld	(_g_YSCC_Period), hl
                                    336 ;E:/Dropbox/FAUSTO/SVILUPPI/MSX/CODE/C/MSXgl/engine/src/rom_mapper.h:190: g_Bank0Segment[b] = s;
    00000006 21 3F 00         [10]  337 	ld	hl, #0x003f
    00000009 22r04r00         [16]  338 	ld	((_g_Bank0Segment + 4)), hl
                                    339 ;E:/Dropbox/FAUSTO/SVILUPPI/MSX/CODE/C/MSXgl/engine/src/rom_mapper.h:191: Poke(YAMANOOTO_OFFR, (s >> 2) & 0xC0);
    0000000C 3E 0F            [ 7]  340 	ld	a, #0x0f
    0000000E E6 C0            [ 7]  341 	and	a, #0xc0
                                    342 ;E:/Dropbox/FAUSTO/SVILUPPI/MSX/CODE/C/MSXgl/engine/src/system.h:101: inline void Poke(u16 addr, u8 val) { *(u8*)addr = val; }
    00000010 32 FE 7F         [13]  343 	ld	(#0x7ffe),a
                                    344 ;E:/Dropbox/FAUSTO/SVILUPPI/MSX/CODE/C/MSXgl/engine/src/rom_mapper.h:194: else if (b == 2)	Poke(ADDR_BANK_2, s & 0xFF);
    00000013 3E 3F            [ 7]  345 	ld	a, #0x3f
                                    346 ;E:/Dropbox/FAUSTO/SVILUPPI/MSX/CODE/C/MSXgl/engine/src/system.h:101: inline void Poke(u16 addr, u8 val) { *(u8*)addr = val; }
    00000015 21 00 90         [10]  347 	ld	hl, #0x9000
    00000018 77               [ 7]  348 	ld	(hl), a
                                    349 ;./libs/yscc/yscc_player.c:44: __endasm;
    00000019 21 00 90         [10]  350 	ld	hl, #0x9000
    0000001C 36 3F            [10]  351 	ld	(hl), #0x3F
    0000001E F5               [11]  352 	push	af
    0000001F E5               [11]  353 	push	hl
    00000020 3E 20            [ 7]  354 	ld	a, #0x20
    00000022 32 E0 98         [13]  355 	ld	(0x98E0), a
    00000025 32 C0 98         [13]  356 	ld	(0x98C0), a
    00000028 AF               [ 4]  357 	xor	a
    00000029 32 8E 98         [13]  358 	ld	(0x988E), a
    0000002C 32 8F 98         [13]  359 	ld	(0x988F), a ; SCC_CH_ENABLE
    0000002F 3E 0F            [ 7]  360 	ld	a, #0x0F
    00000031 32 8A 98         [13]  361 	ld	(0x988A), a
    00000034 32 8B 98         [13]  362 	ld	(0x988B), a
    00000037 32 8C 98         [13]  363 	ld	(0x988C), a
    0000003A 32 8D 98         [13]  364 	ld	(0x988D), a
    0000003D 2Ar06r00         [16]  365 	ld	hl, (_g_YSCC_Period)
    00000040 22 80 98         [16]  366 	ld	(0x9880), hl
    00000043 22 82 98         [16]  367 	ld	(0x9882), hl
    00000046 22 84 98         [16]  368 	ld	(0x9884), hl
    00000049 22 86 98         [16]  369 	ld	(0x9886), hl
    0000004C 21 00 00         [10]  370 	ld	hl, #0
    0000004F 22 88 98         [16]  371 	ld	(0x9888), hl
    00000052 E1               [10]  372 	pop	hl
    00000053 F1               [10]  373 	pop	af
                                    374 ;./libs/yscc/yscc_player.c:45: }
    00000054 C9               [10]  375 	ret
                         0000F380   376 _g_RDPRIM	=	0xf380
                         0000F385   377 _g_WRPRIM	=	0xf385
                         0000F38C   378 _g_CLPRIM	=	0xf38c
                         0000F39A   379 _g_USRTAB	=	0xf39a
                         0000F3DE   380 _g_CNSDFG	=	0xf3de
                         0000F3DF   381 _g_RG0SAV	=	0xf3df
                         0000F3E0   382 _g_RG1SAV	=	0xf3e0
                         0000F3E1   383 _g_RG2SAV	=	0xf3e1
                         0000F3E2   384 _g_RG3SAV	=	0xf3e2
                         0000F3E3   385 _g_RG4SAV	=	0xf3e3
                         0000F3E4   386 _g_RG5SAV	=	0xf3e4
                         0000F3E5   387 _g_RG6SAV	=	0xf3e5
                         0000F3E6   388 _g_RG7SAV	=	0xf3e6
                         0000F3E7   389 _g_STATFL	=	0xf3e7
                         0000F3E8   390 _g_TRGFLG	=	0xf3e8
                         0000F3EC   391 _g_MAXUPD	=	0xf3ec
                         0000F3EF   392 _g_MINUPD	=	0xf3ef
                         0000F3F3   393 _g_QUEUES	=	0xf3f3
                         0000F3F5   394 _g_FRCNEW	=	0xf3f5
                         0000F3F6   395 _g_SCNCNT	=	0xf3f6
                         0000F3F7   396 _g_REPCNT	=	0xf3f7
                         0000F3F8   397 _g_PUTPNT	=	0xf3f8
                         0000F3FA   398 _g_GETPNT	=	0xf3fa
                         0000F3FC   399 _g_CS120	=	0xf3fc
                         0000F401   400 _g_CS240	=	0xf401
                         0000F406   401 _g_LOW	=	0xf406
                         0000F408   402 _g_HIGH	=	0xf408
                         0000F40A   403 _g_HEADER	=	0xf40a
                         0000F40B   404 _g_ASPCT1	=	0xf40b
                         0000F40D   405 _g_ASPCT2	=	0xf40d
                         0000F959   406 _g_QUETAB	=	0xf959
                         0000F971   407 _g_QUEBAK	=	0xf971
                         0000F975   408 _g_VOICAQ	=	0xf975
                         0000F9F5   409 _g_VOICBQ	=	0xf9f5
                         0000FA75   410 _g_VOICCQ	=	0xfa75
                         0000FAF5   411 _g_RS2IQ	=	0xfaf5
                         0000FAF5   412 _g_DPPAGE	=	0xfaf5
                         0000FAF6   413 _g_ACPAGE	=	0xfaf6
                         0000FAF7   414 _g_AVCSAV	=	0xfaf7
                         0000FAF8   415 _g_EXBRSA	=	0xfaf8
                         0000FAF9   416 _g_CHRCNT	=	0xfaf9
                         0000FAFA   417 _g_ROMA	=	0xfafa
                         0000FAFC   418 _g_MODE	=	0xfafc
                         0000FAFD   419 _g_NORUSE	=	0xfafd
                         0000FAFE   420 _g_XSAVE	=	0xfafe
                         0000FB00   421 _g_YSAVE	=	0xfb00
                         0000FB03   422 _g_RSTMP	=	0xfb03
                         0000FB03   423 _g_TOCNT	=	0xfb03
                         0000FB04   424 _g_RSFCB	=	0xfb04
                         0000FB06   425 _g_RSIQLN	=	0xfb06
                         0000FB07   426 _g_MEXBIh	=	0xfb07
                         0000FB0C   427 _g_OLDSTT	=	0xfb0c
                         0000FB0C   428 _g_OLDINT	=	0xfb0c
                         0000FB16   429 _g_DEVNUM	=	0xfb16
                         0000FB17   430 _g_DATCNT	=	0xfb17
                         0000FB1A   431 _g_ERRORS	=	0xfb1a
                         0000FB1B   432 _g_FLAGS	=	0xfb1b
                         0000FB1C   433 _g_ESTBLS	=	0xfb1c
                         0000FB1D   434 _g_COMMSK	=	0xfb1d
                         0000FB1E   435 _g_LSTCOM	=	0xfb1e
                         0000FB1F   436 _g_LSTMOD	=	0xfb1f
                         0000FB35   437 _g_PRSCNT	=	0xfb35
                         0000FB36   438 _g_SAVSP	=	0xfb36
                         0000FB38   439 _g_VOICEN	=	0xfb38
                         0000FB39   440 _g_SAVVOL	=	0xfb39
                         0000FB3B   441 _g_MCLLEN	=	0xfb3b
                         0000FB3C   442 _g_MCLPTR	=	0xfb3c
                         0000FB3E   443 _g_QUEUEN	=	0xfb3e
                         0000FB3F   444 _g_MUSICF	=	0xfb3f
                         0000FB40   445 _g_PLYCNT	=	0xfb40
                         0000FB41   446 _g_VCBA	=	0xfb41
                         0000FB66   447 _g_VCBB	=	0xfb66
                         0000FB8B   448 _g_VCBC	=	0xfb8b
                         0000FBB0   449 _g_ENSTOP	=	0xfbb0
                         0000FBB1   450 _g_BASROM	=	0xfbb1
                         0000FBB2   451 _g_LINTTB	=	0xfbb2
                         0000FBCA   452 _g_FSTPOS	=	0xfbca
                         0000FBCC   453 _g_CODSAV	=	0xfbcc
                         0000FBCD   454 _g_FNKSWI	=	0xfbcd
                         0000FBCE   455 _g_FNKFLG	=	0xfbce
                         0000FBD8   456 _g_ONGSBF	=	0xfbd8
                         0000FBD9   457 _g_CLIKFL	=	0xfbd9
                         0000FBDA   458 _g_OLDKEY	=	0xfbda
                         0000FBE5   459 _g_NEWKEY	=	0xfbe5
                         0000FBF0   460 _g_KEYBUF	=	0xfbf0
                         0000FC18   461 _g_LINWRK	=	0xfc18
                         0000FC40   462 _g_PATWRK	=	0xfc40
                         0000FC48   463 _g_BOTTOM	=	0xfc48
                         0000FC4A   464 _g_HIMEM	=	0xfc4a
                         0000FC4C   465 _g_TRPTBL	=	0xfc4c
                         0000FC9A   466 _g_RTYCNT	=	0xfc9a
                         0000FC9B   467 _g_INTFLG	=	0xfc9b
                         0000FC9C   468 _g_PADY	=	0xfc9c
                         0000FC9D   469 _g_PADX	=	0xfc9d
                         0000FC9E   470 _g_JIFFY	=	0xfc9e
                         0000FCA0   471 _g_INTVAL	=	0xfca0
                         0000FCA2   472 _g_INTCNT	=	0xfca2
                         0000FCA4   473 _g_LOWLIM	=	0xfca4
                         0000FCA5   474 _g_WINWID	=	0xfca5
                         0000FCA6   475 _g_GRPHED	=	0xfca6
                         0000FCA7   476 _g_ESCCNT	=	0xfca7
                         0000FCA8   477 _g_INSFLG	=	0xfca8
                         0000FCA9   478 _g_CSRSW	=	0xfca9
                         0000FCAA   479 _g_CSTYLE	=	0xfcaa
                         0000FCAB   480 _g_CAPST	=	0xfcab
                         0000FCAC   481 _g_KANAST	=	0xfcac
                         0000FCAD   482 _g_KANAMD	=	0xfcad
                         0000FCAE   483 _g_FLBMEM	=	0xfcae
                         0000FCAF   484 _g_SCRMOD	=	0xfcaf
                         0000FCB0   485 _g_OLDSCR	=	0xfcb0
                         0000FCB1   486 _g_CASPRV	=	0xfcb1
                         0000FCB2   487 _g_BRDATR	=	0xfcb2
                         0000FCB3   488 _g_GXPOS	=	0xfcb3
                         0000FCB5   489 _g_GYPOS	=	0xfcb5
                         0000FCBB   490 _g_DRWFLG	=	0xfcbb
                         0000FCBC   491 _g_DRWSCL	=	0xfcbc
                         0000FCBD   492 _g_DRWANG	=	0xfcbd
                         0000FCC1   493 _g_MNROM	=	0xfcc1
                         0000FCC1   494 _g_EXPTBL	=	0xfcc1
                         0000FCC5   495 _g_SLTTBL	=	0xfcc5
                         0000FCC9   496 _g_SLTATR	=	0xfcc9
                         0000FD09   497 _g_SLTWRK	=	0xfd09
                         0000FD89   498 _g_PROCNM	=	0xfd89
                         0000FFE7   499 _g_RG08SAV	=	0xffe7
                         0000FFE8   500 _g_RG09SAV	=	0xffe8
                         0000FFE9   501 _g_RG10SAV	=	0xffe9
                         0000FFEA   502 _g_RG11SAV	=	0xffea
                         0000FFEB   503 _g_RG12SAV	=	0xffeb
                         0000FFEC   504 _g_RG13SAV	=	0xffec
                         0000FFED   505 _g_RG14SAV	=	0xffed
                         0000FFEE   506 _g_RG15SAV	=	0xffee
                         0000FFEF   507 _g_RG16SAV	=	0xffef
                         0000FFF0   508 _g_RG17SAV	=	0xfff0
                         0000FFF1   509 _g_RG18SAV	=	0xfff1
                         0000FFF2   510 _g_RG19SAV	=	0xfff2
                         0000FFF3   511 _g_RG20SAV	=	0xfff3
                         0000FFF4   512 _g_RG21SAV	=	0xfff4
                         0000FFF5   513 _g_RG22SAV	=	0xfff5
                         0000FFF6   514 _g_RG23SAV	=	0xfff6
                         0000FFF7   515 _g_MINROM	=	0xfff7
                         0000FFF8   516 _g_SVFFF8	=	0xfff8
                         0000FFFA   517 _g_RG25SAV	=	0xfffa
                         0000FFFB   518 _g_RG26SAV	=	0xfffb
                         0000FFFC   519 _g_RG27SAV	=	0xfffc
                         0000FFFD   520 _g_SVFFFD	=	0xfffd
                         00000004   521 _g_CGTABL	=	0x0004
                         00000006   522 _g_VDP_DR	=	0x0006
                         00000007   523 _g_VDP_DW	=	0x0007
                         0000002B   524 _g_BASRVN	=	0x002b
                         0000002B   525 _g_ROMVersion	=	0x002b
                         0000002D   526 _g_MSXVER	=	0x002d
                         0000002E   527 _g_MSXMID	=	0x002e
                         00000034   528 _g_CHAR_16	=	0x0034
                         00000000   529 _g_SUBRID	=	0x0000
                         00000002   530 _g_STRSRC	=	0x0002
                         0000F30F   531 _g_KANJTABLE	=	0xf30f
                         0000F323   532 _g_DISKVE	=	0xf323
                         0000F325   533 _g_BREAKV	=	0xf325
                         0000F341   534 _g_RAMAD0	=	0xf341
                         0000F342   535 _g_RAMAD1	=	0xf342
                         0000F343   536 _g_RAMAD2	=	0xf343
                         0000F344   537 _g_RAMAD3	=	0xf344
                         0000F348   538 _g_MASTER	=	0xf348
                         0000F37D   539 _g_BDOS	=	0xf37d
                                    540 ;./libs/yscc/yscc_player.c:48: bool YSCC_Decode(){
                                    541 ;	---------------------------------
                                    542 ; Function YSCC_Decode
                                    543 ; ---------------------------------
    00000055                        544 _YSCC_Decode::
                                    545 ;./libs/yscc/yscc_player.c:49: if (g_YSCC_NumBlocksToPlay > 0) {
    00000055 3Ar05r00         [13]  546 	ld	a, (_g_YSCC_NumBlocksToPlay+1)
    00000058 FD 21r04r00      [14]  547 	ld	iy, #_g_YSCC_NumBlocksToPlay
    0000005C FD B6 00         [19]  548 	or	a, 0 (iy)
    0000005F C8               [11]  549 	ret	Z
                                    550 ;./libs/yscc/yscc_player.c:54: __endasm;
    00000060 CDr41r01         [17]  551 	call	_YSCC_CopyPCMBlock
    00000063 3E 0F            [ 7]  552 	ld	a, #0x0F
    00000065 32 8F 98         [13]  553 	ld	(0x988F), a
                                    554 ;./libs/yscc/yscc_player.c:56: g_YSCC_NumBlocksToPlay--;
    00000068 ED 4Br04r00      [20]  555 	ld	bc, (_g_YSCC_NumBlocksToPlay)
    0000006C 21r04r00         [10]  556 	ld	hl, #_g_YSCC_NumBlocksToPlay
    0000006F 79               [ 4]  557 	ld	a, c
    00000070 C6 FF            [ 7]  558 	add	a, #0xff
    00000072 77               [ 7]  559 	ld	(hl), a
    00000073 23               [ 6]  560 	inc	hl
    00000074 78               [ 4]  561 	ld	a, b
    00000075 CE FF            [ 7]  562 	adc	a, #0xff
    00000077 77               [ 7]  563 	ld	(hl), a
                                    564 ;./libs/yscc/yscc_player.c:58: if (g_YSCC_NumBlocksToPlay == 0) {
    00000078 3Ar05r00         [13]  565 	ld	a, (_g_YSCC_NumBlocksToPlay+1)
    0000007B FD B6 00         [19]  566 	or	a, 0 (iy)
    0000007E C2r88r00         [10]  567 	jp	NZ, 00102$
                                    568 ;./libs/yscc/yscc_player.c:62: __endasm;
    00000081 AF               [ 4]  569 	xor	a
    00000082 32 8F 98         [13]  570 	ld	(0x988F), a
                                    571 ;./libs/yscc/yscc_player.c:63: return TRUE;
    00000085 3E 01            [ 7]  572 	ld	a, #0x01
    00000087 C9               [10]  573 	ret
    00000088                        574 00102$:
                                    575 ;./libs/yscc/yscc_player.c:65: return FALSE;
    00000088 AF               [ 4]  576 	xor	a, a
                                    577 ;./libs/yscc/yscc_player.c:67: }
    00000089 C9               [10]  578 	ret
                                    579 ;./libs/yscc/yscc_player.c:68: void YSCC_Play(u8 start_seg, u32 byte_size) {
                                    580 ;	---------------------------------
                                    581 ; Function YSCC_Play
                                    582 ; ---------------------------------
    0000008A                        583 _YSCC_Play::
    0000008A DD E5            [15]  584 	push	ix
    0000008C DD 21 00 00      [14]  585 	ld	ix,#0
    00000090 DD 39            [15]  586 	add	ix,sp
    00000092 3B               [ 6]  587 	dec	sp
    00000093 DD 77 FF         [19]  588 	ld	-1 (ix), a
                                    589 ;./libs/yscc/yscc_player.c:69: DEBUG_PRINT("--> %U\n",byte_size);
    00000096 DD 6E 06         [19]  590 	ld	l, 6 (ix)
                                    591 ;	spillPairReg hl
                                    592 ;	spillPairReg hl
    00000099 DD 66 07         [19]  593 	ld	h, 7 (ix)
                                    594 ;	spillPairReg hl
                                    595 ;	spillPairReg hl
    0000009C E5               [11]  596 	push	hl
    0000009D DD 6E 04         [19]  597 	ld	l, 4 (ix)
                                    598 ;	spillPairReg hl
                                    599 ;	spillPairReg hl
    000000A0 DD 66 05         [19]  600 	ld	h, 5 (ix)
                                    601 ;	spillPairReg hl
                                    602 ;	spillPairReg hl
    000000A3 E5               [11]  603 	push	hl
    000000A4 21r24r01         [10]  604 	ld	hl, #___str_0
    000000A7 E5               [11]  605 	push	hl
    000000A8 CDr00r00         [17]  606 	call	_DEBUG_PRINT
    000000AB 21 06 00         [10]  607 	ld	hl, #6
    000000AE 39               [11]  608 	add	hl, sp
    000000AF F9               [ 6]  609 	ld	sp, hl
                                    610 ;./libs/yscc/yscc_player.c:70: g_YSCC_SamplePage = start_seg;
    000000B0 DD 7E FF         [19]  611 	ld	a, -1 (ix)
    000000B3 32r02r00         [13]  612 	ld	(_g_YSCC_SamplePage+0), a
    000000B6 21r03r00         [10]  613 	ld	hl, #_g_YSCC_SamplePage + 1
    000000B9 36 00            [10]  614 	ld	(hl), #0x00
                                    615 ;./libs/yscc/yscc_player.c:71: g_YSCC_SamplePos = 0;  
    000000BB 21 00 00         [10]  616 	ld	hl, #0x0000
    000000BE 22r00r00         [16]  617 	ld	(_g_YSCC_SamplePos), hl
                                    618 ;./libs/yscc/yscc_player.c:72: u16 test=(u16)((byte_size + 127) / 128);
    000000C1 DD 7E 04         [19]  619 	ld	a, 4 (ix)
    000000C4 C6 7F            [ 7]  620 	add	a, #0x7f
    000000C6 5F               [ 4]  621 	ld	e, a
    000000C7 DD 7E 05         [19]  622 	ld	a, 5 (ix)
    000000CA CE 00            [ 7]  623 	adc	a, #0x00
    000000CC 57               [ 4]  624 	ld	d, a
    000000CD DD 7E 06         [19]  625 	ld	a, 6 (ix)
    000000D0 CE 00            [ 7]  626 	adc	a, #0x00
    000000D2 6F               [ 4]  627 	ld	l, a
                                    628 ;	spillPairReg hl
                                    629 ;	spillPairReg hl
    000000D3 DD 7E 07         [19]  630 	ld	a, 7 (ix)
    000000D6 CE 00            [ 7]  631 	adc	a, #0x00
    000000D8 67               [ 4]  632 	ld	h, a
                                    633 ;	spillPairReg hl
                                    634 ;	spillPairReg hl
    000000D9 06 07            [ 7]  635 	ld	b, #0x07
    000000DB                        636 00103$:
    000000DB CB 3C            [ 8]  637 	srl	h
    000000DD CB 1D            [ 8]  638 	rr	l
    000000DF CB 1A            [ 8]  639 	rr	d
    000000E1 CB 1B            [ 8]  640 	rr	e
    000000E3 10 F6            [13]  641 	djnz	00103$
                                    642 ;./libs/yscc/yscc_player.c:73: DEBUG_LOG("oo")       ;
    000000E5 D5               [11]  643 	push	de
    000000E6 D5               [11]  644 	push	de
    000000E7 21r2Cr01         [10]  645 	ld	hl, #___str_1
    000000EA CDr00r00         [17]  646 	call	_DEBUG_LOG
    000000ED D1               [10]  647 	pop	de
    000000EE C1               [10]  648 	pop	bc
                                    649 ;./libs/yscc/yscc_player.c:74: DEBUG_PRINT("--> %i\n",test);
    000000EF D5               [11]  650 	push	de
    000000F0 C5               [11]  651 	push	bc
    000000F1 21r2Fr01         [10]  652 	ld	hl, #___str_2
    000000F4 E5               [11]  653 	push	hl
    000000F5 CDr00r00         [17]  654 	call	_DEBUG_PRINT
    000000F8 F1               [10]  655 	pop	af
    000000F9 F1               [10]  656 	pop	af
    000000FA D1               [10]  657 	pop	de
                                    658 ;./libs/yscc/yscc_player.c:75: g_YSCC_NumBlocksToPlay = (byte_size + 127) / 128;
    000000FB ED 53r04r00      [20]  659 	ld	(_g_YSCC_NumBlocksToPlay), de
                                    660 ;./libs/yscc/yscc_player.c:76: DEBUG_PRINT("-- %U %i\n",byte_size,g_YSCC_NumBlocksToPlay);
    000000FF 2Ar04r00         [16]  661 	ld	hl, (_g_YSCC_NumBlocksToPlay)
    00000102 E5               [11]  662 	push	hl
    00000103 DD 6E 06         [19]  663 	ld	l, 6 (ix)
                                    664 ;	spillPairReg hl
                                    665 ;	spillPairReg hl
    00000106 DD 66 07         [19]  666 	ld	h, 7 (ix)
                                    667 ;	spillPairReg hl
                                    668 ;	spillPairReg hl
    00000109 E5               [11]  669 	push	hl
    0000010A DD 6E 04         [19]  670 	ld	l, 4 (ix)
                                    671 ;	spillPairReg hl
                                    672 ;	spillPairReg hl
    0000010D DD 66 05         [19]  673 	ld	h, 5 (ix)
                                    674 ;	spillPairReg hl
                                    675 ;	spillPairReg hl
    00000110 E5               [11]  676 	push	hl
    00000111 21r37r01         [10]  677 	ld	hl, #___str_3
    00000114 E5               [11]  678 	push	hl
    00000115 CDr00r00         [17]  679 	call	_DEBUG_PRINT
    00000118 21 08 00         [10]  680 	ld	hl, #8
    0000011B 39               [11]  681 	add	hl, sp
    0000011C F9               [ 6]  682 	ld	sp, hl
                                    683 ;./libs/yscc/yscc_player.c:77: }
    0000011D 33               [ 6]  684 	inc	sp
    0000011E DD E1            [14]  685 	pop	ix
    00000120 E1               [10]  686 	pop	hl
    00000121 F1               [10]  687 	pop	af
    00000122 F1               [10]  688 	pop	af
    00000123 E9               [ 4]  689 	jp	(hl)
    00000124                        690 ___str_0:
    00000124 2D 2D 3E 20 25 55      691 	.ascii "--> %U"
    0000012A 0A                     692 	.db 0x0a
    0000012B 00                     693 	.db 0x00
    0000012C                        694 ___str_1:
    0000012C 6F 6F                  695 	.ascii "oo"
    0000012E 00                     696 	.db 0x00
    0000012F                        697 ___str_2:
    0000012F 2D 2D 3E 20 25 69      698 	.ascii "--> %i"
    00000135 0A                     699 	.db 0x0a
    00000136 00                     700 	.db 0x00
    00000137                        701 ___str_3:
    00000137 2D 2D 20 25 55 20 25   702 	.ascii "-- %U %i"
             69
    0000013F 0A                     703 	.db 0x0a
    00000140 00                     704 	.db 0x00
                                    705 ;./libs/yscc/yscc_player.c:79: void YSCC_CopyPCMBlock() {
                                    706 ;	---------------------------------
                                    707 ; Function YSCC_CopyPCMBlock
                                    708 ; ---------------------------------
    00000141                        709 _YSCC_CopyPCMBlock::
                                    710 ;./libs/yscc/yscc_player.c:81: DEBUG_LOG("OO");
    00000141 21r6Br02         [10]  711 	ld	hl, #___str_4
    00000144 CDr00r00         [17]  712 	call	_DEBUG_LOG
                                    713 ;E:/Dropbox/FAUSTO/SVILUPPI/MSX/CODE/C/MSXgl/engine/src/rom_mapper.h:212: inline u16 GET_BANK_SEGMENT(u8 b) { return g_Bank0Segment[b]; }
    00000147 21r06r00         [10]  714 	ld	hl, #(_g_Bank0Segment + 6)
    0000014A 7E               [ 7]  715 	ld	a, (hl)
    0000014B 23               [ 6]  716 	inc	hl
    0000014C 32r08r00         [13]  717 	ld	(_s_YSCC_SavedSeg3+0), a
    0000014F 7E               [ 7]  718 	ld	a, (hl)
    00000150 32r09r00         [13]  719 	ld	(_s_YSCC_SavedSeg3+1), a
                                    720 ;./libs/yscc/yscc_player.c:88: SET_BANK_SEGMENT(3, g_YSCC_SamplePage);
    00000153 ED 5Br02r00      [20]  721 	ld	de, (_g_YSCC_SamplePage)
    00000157 4B               [ 4]  722 	ld	c, e
    00000158 42               [ 4]  723 	ld	b, d
                                    724 ;E:/Dropbox/FAUSTO/SVILUPPI/MSX/CODE/C/MSXgl/engine/src/rom_mapper.h:190: g_Bank0Segment[b] = s;
    00000159 ED 53r06r00      [20]  725 	ld	((_g_Bank0Segment + 6)), de
                                    726 ;E:/Dropbox/FAUSTO/SVILUPPI/MSX/CODE/C/MSXgl/engine/src/rom_mapper.h:191: Poke(YAMANOOTO_OFFR, (s >> 2) & 0xC0);
    0000015D 59               [ 4]  727 	ld	e, c
    0000015E 50               [ 4]  728 	ld	d, b
    0000015F CB 3A            [ 8]  729 	srl	d
    00000161 CB 1B            [ 8]  730 	rr	e
    00000163 CB 3A            [ 8]  731 	srl	d
    00000165 CB 1B            [ 8]  732 	rr	e
    00000167 7B               [ 4]  733 	ld	a, e
    00000168 E6 C0            [ 7]  734 	and	a, #0xc0
                                    735 ;E:/Dropbox/FAUSTO/SVILUPPI/MSX/CODE/C/MSXgl/engine/src/system.h:101: inline void Poke(u16 addr, u8 val) { *(u8*)addr = val; }
    0000016A 32 FE 7F         [13]  736 	ld	(#0x7ffe),a
                                    737 ;E:/Dropbox/FAUSTO/SVILUPPI/MSX/CODE/C/MSXgl/engine/src/rom_mapper.h:195: else if (b == 3)	Poke(ADDR_BANK_3, s & 0xFF);
                                    738 ;E:/Dropbox/FAUSTO/SVILUPPI/MSX/CODE/C/MSXgl/engine/src/system.h:101: inline void Poke(u16 addr, u8 val) { *(u8*)addr = val; }
    0000016D 21 00 B0         [10]  739 	ld	hl, #0xb000
    00000170 71               [ 7]  740 	ld	(hl), c
                                    741 ;./libs/yscc/yscc_player.c:90: base_addr = 0xA000 + g_YSCC_SamplePos;
    00000171 2Ar00r00         [16]  742 	ld	hl, (_g_YSCC_SamplePos)
    00000174 4D               [ 4]  743 	ld	c, l
    00000175 7C               [ 4]  744 	ld	a, h
    00000176 C6 A0            [ 7]  745 	add	a, #0xa0
    00000178 47               [ 4]  746 	ld	b, a
                                    747 ;./libs/yscc/yscc_player.c:91: for (i = 0; i < 128; i++) {
    00000179 11 00 00         [10]  748 	ld	de, #0x0000
    0000017C                        749 00139$:
                                    750 ;./libs/yscc/yscc_player.c:92: s_YSCC_Buf[i] = *((u8*)(base_addr + i));
    0000017C 21r0Ar00         [10]  751 	ld	hl, #_s_YSCC_Buf
    0000017F 19               [11]  752 	add	hl, de
    00000180 D5               [11]  753 	push	de
    00000181 FD E1            [14]  754 	pop	iy
    00000183 FD 09            [15]  755 	add	iy, bc
    00000185 FD 7E 00         [19]  756 	ld	a, 0 (iy)
    00000188 77               [ 7]  757 	ld	(hl), a
                                    758 ;./libs/yscc/yscc_player.c:91: for (i = 0; i < 128; i++) {
    00000189 13               [ 6]  759 	inc	de
    0000018A 6B               [ 4]  760 	ld	l, e
                                    761 ;	spillPairReg hl
                                    762 ;	spillPairReg hl
    0000018B 62               [ 4]  763 	ld	h, d
                                    764 ;	spillPairReg hl
                                    765 ;	spillPairReg hl
    0000018C 7D               [ 4]  766 	ld	a, l
    0000018D D6 80            [ 7]  767 	sub	a, #0x80
    0000018F 7C               [ 4]  768 	ld	a, h
    00000190 DE 00            [ 7]  769 	sbc	a, #0x00
    00000192 38 E8            [12]  770 	jr	C, 00139$
                                    771 ;./libs/yscc/yscc_player.c:95: SET_BANK_SEGMENT(3, s_YSCC_SavedSeg3);
    00000194 ED 5Br08r00      [20]  772 	ld	de, (_s_YSCC_SavedSeg3)
    00000198 4B               [ 4]  773 	ld	c, e
    00000199 42               [ 4]  774 	ld	b, d
                                    775 ;E:/Dropbox/FAUSTO/SVILUPPI/MSX/CODE/C/MSXgl/engine/src/rom_mapper.h:190: g_Bank0Segment[b] = s;
    0000019A ED 53r06r00      [20]  776 	ld	((_g_Bank0Segment + 6)), de
                                    777 ;E:/Dropbox/FAUSTO/SVILUPPI/MSX/CODE/C/MSXgl/engine/src/rom_mapper.h:191: Poke(YAMANOOTO_OFFR, (s >> 2) & 0xC0);
    0000019E 59               [ 4]  778 	ld	e, c
    0000019F 50               [ 4]  779 	ld	d, b
    000001A0 CB 3A            [ 8]  780 	srl	d
    000001A2 CB 1B            [ 8]  781 	rr	e
    000001A4 CB 3A            [ 8]  782 	srl	d
    000001A6 CB 1B            [ 8]  783 	rr	e
    000001A8 7B               [ 4]  784 	ld	a, e
    000001A9 E6 C0            [ 7]  785 	and	a, #0xc0
                                    786 ;E:/Dropbox/FAUSTO/SVILUPPI/MSX/CODE/C/MSXgl/engine/src/system.h:101: inline void Poke(u16 addr, u8 val) { *(u8*)addr = val; }
    000001AB 32 FE 7F         [13]  787 	ld	(#0x7ffe),a
                                    788 ;E:/Dropbox/FAUSTO/SVILUPPI/MSX/CODE/C/MSXgl/engine/src/rom_mapper.h:195: else if (b == 3)	Poke(ADDR_BANK_3, s & 0xFF);
                                    789 ;E:/Dropbox/FAUSTO/SVILUPPI/MSX/CODE/C/MSXgl/engine/src/system.h:101: inline void Poke(u16 addr, u8 val) { *(u8*)addr = val; }
    000001AE 21 00 B0         [10]  790 	ld	hl, #0xb000
    000001B1 71               [ 7]  791 	ld	(hl), c
                                    792 ;./libs/yscc/yscc_player.c:150: __endasm;
                                    793 ;	--- CH1: LDIR 21 byte buf[0..20] → 0x9800, poi phase reset ---
    000001B2 21r0Ar00         [10]  794 	ld	hl, #_s_YSCC_Buf
    000001B5 11 00 98         [10]  795 	ld	de, #0x9800
    000001B8 01 15 00         [10]  796 	ld	bc, #0x0015
    000001BB ED B0            [21]  797 	ldir
    000001BD 3Ar07r00         [13]  798 	ld	a, (_g_YSCC_Period + 1)
    000001C0 32 81 98         [13]  799 	ld	(0x9881), a
                                    800 ;	--- CH2: LDIR 21 byte buf[32..52] → 0x9820, poi phase reset ---
    000001C3 21r2Ar00         [10]  801 	ld	hl, #_s_YSCC_Buf + 32
    000001C6 11 20 98         [10]  802 	ld	de, #0x9820
    000001C9 01 15 00         [10]  803 	ld	bc, #0x0015
    000001CC ED B0            [21]  804 	ldir
    000001CE 3Ar07r00         [13]  805 	ld	a, (_g_YSCC_Period + 1)
    000001D1 32 83 98         [13]  806 	ld	(0x9883), a
                                    807 ;	--- CH3: LDIR 21 byte buf[64..84] → 0x9840, poi phase reset ---
    000001D4 21r4Ar00         [10]  808 	ld	hl, #_s_YSCC_Buf + 64
    000001D7 11 40 98         [10]  809 	ld	de, #0x9840
    000001DA 01 15 00         [10]  810 	ld	bc, #0x0015
    000001DD ED B0            [21]  811 	ldir
    000001DF 3Ar07r00         [13]  812 	ld	a, (_g_YSCC_Period + 1)
    000001E2 32 85 98         [13]  813 	ld	(0x9885), a
                                    814 ;	--- CH4: LDIR 21 byte buf[96..116] → 0x9860, poi phase reset ---
    000001E5 21r6Ar00         [10]  815 	ld	hl, #_s_YSCC_Buf + 96
    000001E8 11 60 98         [10]  816 	ld	de, #0x9860
    000001EB 01 15 00         [10]  817 	ld	bc, #0x0015
    000001EE ED B0            [21]  818 	ldir
    000001F0 3Ar07r00         [13]  819 	ld	a, (_g_YSCC_Period + 1)
    000001F3 32 87 98         [13]  820 	ld	(0x9887), a
                                    821 ;	--- PASS2: ultimi 11 byte per tutti i canali ---
    000001F6 21r1Fr00         [10]  822 	ld	hl, #_s_YSCC_Buf + 21
    000001F9 11 15 98         [10]  823 	ld	de, #0x9815
    000001FC 01 0B 00         [10]  824 	ld	bc, #0x000B
    000001FF ED B0            [21]  825 	ldir
    00000201 21r3Fr00         [10]  826 	ld	hl, #_s_YSCC_Buf + 53
    00000204 11 35 98         [10]  827 	ld	de, #0x9835
    00000207 01 0B 00         [10]  828 	ld	bc, #0x000B
    0000020A ED B0            [21]  829 	ldir
    0000020C 21r5Fr00         [10]  830 	ld	hl, #_s_YSCC_Buf + 85
    0000020F 11 55 98         [10]  831 	ld	de, #0x9855
    00000212 01 0B 00         [10]  832 	ld	bc, #0x000B
    00000215 ED B0            [21]  833 	ldir
    00000217 21r7Fr00         [10]  834 	ld	hl, #_s_YSCC_Buf + 117
    0000021A 11 75 98         [10]  835 	ld	de, #0x9875
    0000021D 01 0B 00         [10]  836 	ld	bc, #0x000B
    00000220 ED B0            [21]  837 	ldir
                                    838 ;./libs/yscc/yscc_player.c:152: g_YSCC_SamplePos += 128;
    00000222 2Ar00r00         [16]  839 	ld	hl, (_g_YSCC_SamplePos)
    00000225 01 80 00         [10]  840 	ld	bc, #0x0080
    00000228 09               [11]  841 	add	hl, bc
    00000229 22r00r00         [16]  842 	ld	(_g_YSCC_SamplePos), hl
                                    843 ;./libs/yscc/yscc_player.c:153: DEBUG_PRINT("> %i %i %i\n",g_YSCC_SamplePage,g_YSCC_SamplePos,g_YSCC_NumBlocksToPlay);
    0000022C 2Ar04r00         [16]  844 	ld	hl, (_g_YSCC_NumBlocksToPlay)
    0000022F E5               [11]  845 	push	hl
    00000230 2Ar00r00         [16]  846 	ld	hl, (_g_YSCC_SamplePos)
    00000233 E5               [11]  847 	push	hl
    00000234 2Ar02r00         [16]  848 	ld	hl, (_g_YSCC_SamplePage)
    00000237 E5               [11]  849 	push	hl
    00000238 21r6Er02         [10]  850 	ld	hl, #___str_5
    0000023B E5               [11]  851 	push	hl
    0000023C CDr00r00         [17]  852 	call	_DEBUG_PRINT
    0000023F 21 08 00         [10]  853 	ld	hl, #8
    00000242 39               [11]  854 	add	hl, sp
    00000243 F9               [ 6]  855 	ld	sp, hl
                                    856 ;./libs/yscc/yscc_player.c:154: if (g_YSCC_SamplePos >= (u16)0x2000) {
    00000244 3Ar01r00         [13]  857 	ld	a, (_g_YSCC_SamplePos+1)
    00000247 D6 20            [ 7]  858 	sub	a, #0x20
    00000249 D8               [11]  859 	ret	C
                                    860 ;./libs/yscc/yscc_player.c:155: DEBUG_LOG("CAMBIO\n");
    0000024A 21r7Ar02         [10]  861 	ld	hl, #___str_6
    0000024D CDr00r00         [17]  862 	call	_DEBUG_LOG
                                    863 ;./libs/yscc/yscc_player.c:156: g_YSCC_SamplePage++;
    00000250 2Ar02r00         [16]  864 	ld	hl, (_g_YSCC_SamplePage)
    00000253 23               [ 6]  865 	inc	hl
    00000254 22r02r00         [16]  866 	ld	(_g_YSCC_SamplePage), hl
                                    867 ;./libs/yscc/yscc_player.c:157: DEBUG_PRINT("PPP> %i\n",g_YSCC_SamplePage);
    00000257 2Ar02r00         [16]  868 	ld	hl, (_g_YSCC_SamplePage)
    0000025A E5               [11]  869 	push	hl
    0000025B 21r82r02         [10]  870 	ld	hl, #___str_7
    0000025E E5               [11]  871 	push	hl
    0000025F CDr00r00         [17]  872 	call	_DEBUG_PRINT
    00000262 F1               [10]  873 	pop	af
    00000263 F1               [10]  874 	pop	af
                                    875 ;./libs/yscc/yscc_player.c:158: g_YSCC_SamplePos = 0;
    00000264 21 00 00         [10]  876 	ld	hl, #0x0000
    00000267 22r00r00         [16]  877 	ld	(_g_YSCC_SamplePos), hl
                                    878 ;./libs/yscc/yscc_player.c:160: }
    0000026A C9               [10]  879 	ret
    0000026B                        880 ___str_4:
    0000026B 4F 4F                  881 	.ascii "OO"
    0000026D 00                     882 	.db 0x00
    0000026E                        883 ___str_5:
    0000026E 3E 20 25 69 20 25 69   884 	.ascii "> %i %i %i"
             20 25 69
    00000278 0A                     885 	.db 0x0a
    00000279 00                     886 	.db 0x00
    0000027A                        887 ___str_6:
    0000027A 43 41 4D 42 49 4F      888 	.ascii "CAMBIO"
    00000280 0A                     889 	.db 0x0a
    00000281 00                     890 	.db 0x00
    00000282                        891 ___str_7:
    00000282 50 50 50 3E 20 25 69   892 	.ascii "PPP> %i"
    00000289 0A                     893 	.db 0x0a
    0000028A 00                     894 	.db 0x00
                                    895 	.area _CODE
                                    896 	.area _INITIALIZER
                                    897 	.area _CABS (ABS)
